#
# There is insufficient memory for the Java Runtime Environment to continue.
# Native memory allocation (malloc) failed to allocate 1104656 bytes. Error detail: Chunk::new
# Possible reasons:
#   The system is out of physical RAM or swap space
#   This process is running with CompressedOops enabled, and the Java Heap may be blocking the growth of the native heap
# Possible solutions:
#   Reduce memory load on the system
#   Increase physical memory or swap space
#   Check if swap backing store is full
#   Decrease Java heap size (-Xmx/-Xms)
#   Decrease number of Java threads
#   Decrease Java thread stack sizes (-Xss)
#   Set larger code cache with -XX:ReservedCodeCacheSize=
#   JVM is running with Unscaled Compressed Oops mode in which the Java heap is
#     placed in the first 4GB address space. The Java Heap base address is the
#     maximum limit for the native heap growth. Please use -XX:HeapBaseMinAddress
#     to set the Java Heap base and to place the Java Heap above 4GB virtual address.
# This output file may be truncated or incomplete.
#
#  Out of Memory Error (arena.cpp:191), pid=19392, tid=4236
#
# JRE version: OpenJDK Runtime Environment (17.0.11) (build 17.0.11+0--11852314)
# Java VM: OpenJDK 64-Bit Server VM (17.0.11+0--11852314, mixed mode, tiered, compressed oops, compressed class ptrs, g1 gc, windows-amd64)
# No core dump will be written. Minidumps are not enabled by default on client versions of Windows
#

---------------  S U M M A R Y ------------

Command Line: --add-opens=java.base/java.util=ALL-UNNAMED --add-opens=java.base/java.lang=ALL-UNNAMED --add-opens=java.base/java.lang.invoke=ALL-UNNAMED --add-opens=java.prefs/java.util.prefs=ALL-UNNAMED --add-opens=java.base/java.nio.charset=ALL-UNNAMED --add-opens=java.base/java.net=ALL-UNNAMED --add-opens=java.base/java.util.concurrent.atomic=ALL-UNNAMED -Xmx2048m -Dfile.encoding=UTF-8 -Duser.country=US -Duser.language=en -Duser.variant -javaagent:C:\Users\LENOVO\.gradle\wrapper\dists\gradle-8.7-bin\bhs2wmbdwecv87pi65oeuq5iu\gradle-8.7\lib\agents\gradle-instrumentation-agent-8.7.jar org.gradle.launcher.daemon.bootstrap.GradleDaemon 8.7

Host: AMD Ryzen 3 5300U with Radeon Graphics         , 8 cores, 5G,  Windows 11 , 64 bit Build 22621 (10.0.22621.3374)
Time: Tue Feb 25 14:19:48 2025 SE Asia Standard Time elapsed time: 10.628686 seconds (0d 0h 0m 10s)

---------------  T H R E A D  ---------------

Current thread (0x000001f63e0372f0):  JavaThread "C2 CompilerThread0" daemon [_thread_in_native, id=4236, stack(0x0000004b9b600000,0x0000004b9b700000)]


Current CompileTask:
C2:  10632 6878   !   4       java.util.jar.Attributes::read (494 bytes)

Stack: [0x0000004b9b600000,0x0000004b9b700000]
Native frames: (J=compiled Java code, j=interpreted, Vv=VM code, C=native code)
V  [jvm.dll+0x687bb9]
V  [jvm.dll+0x84142a]
V  [jvm.dll+0x8430ae]
V  [jvm.dll+0x843713]
V  [jvm.dll+0x24a35f]
V  [jvm.dll+0xac544]
V  [jvm.dll+0xacb8c]
V  [jvm.dll+0x369be2]
V  [jvm.dll+0x33416a]
V  [jvm.dll+0x33360a]
V  [jvm.dll+0x21bed1]
V  [jvm.dll+0x21b311]
V  [jvm.dll+0x1a63ed]
V  [jvm.dll+0x22b1ee]
V  [jvm.dll+0x229375]
V  [jvm.dll+0x7f5647]
V  [jvm.dll+0x7efa4a]
V  [jvm.dll+0x686a35]
C  [ucrtbase.dll+0x29333]
C  [KERNEL32.DLL+0x1257d]
C  [ntdll.dll+0x5aa48]


---------------  P R O C E S S  ---------------

Threads class SMR info:
_java_thread_list=0x000001f640c048b0, length=50, elements={
0x000001f61e04bce0, 0x000001f63e013020, 0x000001f63e017eb0, 0x000001f639e72e00,
0x000001f639e748e0, 0x000001f63e033b80, 0x000001f63e036550, 0x000001f63e0372f0,
0x000001f63e0381b0, 0x000001f63e03abc0, 0x000001f639de9f00, 0x000001f63e2b8aa0,
0x000001f63f86f100, 0x000001f63f9d3090, 0x000001f63fad48d0, 0x000001f63fb17270,
0x000001f63fb17750, 0x000001f63fb76d50, 0x000001f63fb82c80, 0x000001f63fbdc0f0,
0x000001f63fdd79c0, 0x000001f63fdd6070, 0x000001f63fdd5140, 0x000001f63fdd4720,
0x000001f63fdd7ed0, 0x000001f63fdd4c30, 0x000001f63fdd5b60, 0x000001f63fdd5650,
0x000001f63fdd6a90, 0x000001f63fdd6fa0, 0x000001f63fdd74b0, 0x000001f6412c8ff0,
0x000001f6412c34d0, 0x000001f6412c3ef0, 0x000001f6412c9500, 0x000001f6412c8ae0,
0x000001f6412c2090, 0x000001f6412c9a10, 0x000001f6412c4400, 0x000001f6412c25a0,
0x000001f6412c6770, 0x000001f6412c80c0, 0x000001f6412c5d50, 0x000001f6412c4910,
0x000001f6412c85d0, 0x000001f6412c2ab0, 0x000001f6412c76a0, 0x000001f6412c2fc0,
0x000001f6412c4e20, 0x000001f63fada9c0
}

Java Threads: ( => current thread )
  0x000001f61e04bce0 JavaThread "main" [_thread_blocked, id=20504, stack(0x0000004b9a900000,0x0000004b9aa00000)]
  0x000001f63e013020 JavaThread "Reference Handler" daemon [_thread_blocked, id=15508, stack(0x0000004b9b000000,0x0000004b9b100000)]
  0x000001f63e017eb0 JavaThread "Finalizer" daemon [_thread_blocked, id=1612, stack(0x0000004b9b100000,0x0000004b9b200000)]
  0x000001f639e72e00 JavaThread "Signal Dispatcher" daemon [_thread_blocked, id=18032, stack(0x0000004b9b200000,0x0000004b9b300000)]
  0x000001f639e748e0 JavaThread "Attach Listener" daemon [_thread_blocked, id=14940, stack(0x0000004b9b300000,0x0000004b9b400000)]
  0x000001f63e033b80 JavaThread "Service Thread" daemon [_thread_blocked, id=1692, stack(0x0000004b9b400000,0x0000004b9b500000)]
  0x000001f63e036550 JavaThread "Monitor Deflation Thread" daemon [_thread_blocked, id=7696, stack(0x0000004b9b500000,0x0000004b9b600000)]
=>0x000001f63e0372f0 JavaThread "C2 CompilerThread0" daemon [_thread_in_native, id=4236, stack(0x0000004b9b600000,0x0000004b9b700000)]
  0x000001f63e0381b0 JavaThread "C1 CompilerThread0" daemon [_thread_blocked, id=12144, stack(0x0000004b9b700000,0x0000004b9b800000)]
  0x000001f63e03abc0 JavaThread "Sweeper thread" daemon [_thread_blocked, id=14968, stack(0x0000004b9b800000,0x0000004b9b900000)]
  0x000001f639de9f00 JavaThread "Common-Cleaner" daemon [_thread_blocked, id=16468, stack(0x0000004b9b900000,0x0000004b9ba00000)]
  0x000001f63e2b8aa0 JavaThread "Notification Thread" daemon [_thread_blocked, id=15804, stack(0x0000004b9ba00000,0x0000004b9bb00000)]
  0x000001f63f86f100 JavaThread "Daemon health stats" [_thread_blocked, id=8320, stack(0x0000004b9c000000,0x0000004b9c100000)]
  0x000001f63f9d3090 JavaThread "Incoming local TCP Connector on port 54253" [_thread_in_native, id=2392, stack(0x0000004b9c100000,0x0000004b9c200000)]
  0x000001f63fad48d0 JavaThread "Daemon periodic checks" [_thread_blocked, id=22024, stack(0x0000004b9c200000,0x0000004b9c300000)]
  0x000001f63fb17270 JavaThread "Daemon" [_thread_blocked, id=2908, stack(0x0000004b9c300000,0x0000004b9c400000)]
  0x000001f63fb17750 JavaThread "Handler for socket connection from /127.0.0.1:54253 to /127.0.0.1:54254" [_thread_in_native, id=20472, stack(0x0000004b9c400000,0x0000004b9c500000)]
  0x000001f63fb76d50 JavaThread "Cancel handler" [_thread_blocked, id=14428, stack(0x0000004b9c500000,0x0000004b9c600000)]
  0x000001f63fb82c80 JavaThread "Daemon worker" [_thread_in_native, id=16624, stack(0x0000004b9c600000,0x0000004b9c700000)]
  0x000001f63fbdc0f0 JavaThread "Asynchronous log dispatcher for DefaultDaemonConnection: socket connection from /127.0.0.1:54253 to /127.0.0.1:54254" [_thread_blocked, id=8080, stack(0x0000004b9c700000,0x0000004b9c800000)]
  0x000001f63fdd79c0 JavaThread "Stdin handler" [_thread_blocked, id=16960, stack(0x0000004b9c800000,0x0000004b9c900000)]
  0x000001f63fdd6070 JavaThread "Daemon client event forwarder" [_thread_blocked, id=20944, stack(0x0000004b9c900000,0x0000004b9ca00000)]
  0x000001f63fdd5140 JavaThread "Cache worker for journal cache (C:\Users\LENOVO\.gradle\caches\journal-1)" [_thread_blocked, id=1468, stack(0x0000004b9ce00000,0x0000004b9cf00000)]
  0x000001f63fdd4720 JavaThread "File lock request listener" [_thread_in_native, id=8588, stack(0x0000004b9cf00000,0x0000004b9d000000)]
  0x000001f63fdd7ed0 JavaThread "Cache worker for file hash cache (C:\Users\LENOVO\.gradle\caches\8.7\fileHashes)" [_thread_blocked, id=3608, stack(0x0000004b9d000000,0x0000004b9d100000)]
  0x000001f63fdd4c30 JavaThread "Cache worker for file hash cache (D:\Catering Ukom\.gradle\8.7\fileHashes)" [_thread_blocked, id=20188, stack(0x0000004b9d100000,0x0000004b9d200000)]
  0x000001f63fdd5b60 JavaThread "File watcher server" daemon [_thread_in_native, id=17048, stack(0x0000004b9d200000,0x0000004b9d300000)]
  0x000001f63fdd5650 JavaThread "File watcher consumer" daemon [_thread_blocked, id=13712, stack(0x0000004b9d300000,0x0000004b9d400000)]
  0x000001f63fdd6a90 JavaThread "Cache worker for checksums cache (D:\Catering Ukom\.gradle\8.7\checksums)" [_thread_blocked, id=17296, stack(0x0000004b9d400000,0x0000004b9d500000)]
  0x000001f63fdd6fa0 JavaThread "Cache worker for cache directory md-supplier (C:\Users\LENOVO\.gradle\caches\8.7\md-supplier)" [_thread_blocked, id=2828, stack(0x0000004b9d500000,0x0000004b9d600000)]
  0x000001f63fdd74b0 JavaThread "Cache worker for cache directory md-rule (C:\Users\LENOVO\.gradle\caches\8.7\md-rule)" [_thread_blocked, id=5132, stack(0x0000004b9d600000,0x0000004b9d700000)]
  0x000001f6412c8ff0 JavaThread "Cache worker for file content cache (C:\Users\LENOVO\.gradle\caches\8.7\fileContent)" [_thread_blocked, id=21348, stack(0x0000004b9d700000,0x0000004b9d800000)]
  0x000001f6412c34d0 JavaThread "Cache worker for Build Output Cleanup Cache (D:\Catering Ukom\.gradle\buildOutputCleanup)" [_thread_blocked, id=15952, stack(0x0000004b9d900000,0x0000004b9da00000)]
  0x000001f6412c3ef0 JavaThread "Unconstrained build operations" [_thread_blocked, id=20940, stack(0x0000004b9da00000,0x0000004b9db00000)]
  0x000001f6412c9500 JavaThread "Unconstrained build operations Thread 2" [_thread_blocked, id=22080, stack(0x0000004b9db00000,0x0000004b9dc00000)]
  0x000001f6412c8ae0 JavaThread "Unconstrained build operations Thread 3" [_thread_blocked, id=19980, stack(0x0000004b9dc00000,0x0000004b9dd00000)]
  0x000001f6412c2090 JavaThread "Unconstrained build operations Thread 4" [_thread_blocked, id=11048, stack(0x0000004b9dd00000,0x0000004b9de00000)]
  0x000001f6412c9a10 JavaThread "Unconstrained build operations Thread 5" [_thread_blocked, id=6644, stack(0x0000004b9de00000,0x0000004b9df00000)]
  0x000001f6412c4400 JavaThread "Unconstrained build operations Thread 6" [_thread_blocked, id=13996, stack(0x0000004b9df00000,0x0000004b9e000000)]
  0x000001f6412c25a0 JavaThread "Unconstrained build operations Thread 7" [_thread_blocked, id=23072, stack(0x0000004b9e000000,0x0000004b9e100000)]
  0x000001f6412c6770 JavaThread "Unconstrained build operations Thread 8" [_thread_blocked, id=20264, stack(0x0000004b9e100000,0x0000004b9e200000)]
  0x000001f6412c80c0 JavaThread "Unconstrained build operations Thread 9" [_thread_blocked, id=18800, stack(0x0000004b9e200000,0x0000004b9e300000)]
  0x000001f6412c5d50 JavaThread "Unconstrained build operations Thread 10" [_thread_blocked, id=18220, stack(0x0000004b9e300000,0x0000004b9e400000)]
  0x000001f6412c4910 JavaThread "Unconstrained build operations Thread 11" [_thread_blocked, id=17820, stack(0x0000004b9e400000,0x0000004b9e500000)]
  0x000001f6412c85d0 JavaThread "Unconstrained build operations Thread 12" [_thread_blocked, id=20880, stack(0x0000004b9e500000,0x0000004b9e600000)]
  0x000001f6412c2ab0 JavaThread "Unconstrained build operations Thread 13" [_thread_blocked, id=14312, stack(0x0000004b9e600000,0x0000004b9e700000)]
  0x000001f6412c76a0 JavaThread "Unconstrained build operations Thread 14" [_thread_blocked, id=14680, stack(0x0000004b9e700000,0x0000004b9e800000)]
  0x000001f6412c2fc0 JavaThread "build event listener" [_thread_blocked, id=19532, stack(0x0000004b9e800000,0x0000004b9e900000)]
  0x000001f6412c4e20 JavaThread "Memory manager" [_thread_blocked, id=15712, stack(0x0000004b9e900000,0x0000004b9ea00000)]
  0x000001f63fada9c0 JavaThread "C2 CompilerThread1" daemon [_thread_in_native, id=15432, stack(0x0000004b9ea00000,0x0000004b9eb00000)]

Other Threads:
  0x000001f639e04460 VMThread "VM Thread" [stack: 0x0000004b9af00000,0x0000004b9b000000] [id=3864]
  0x000001f61e04cb60 WatcherThread [stack: 0x0000004b9bb00000,0x0000004b9bc00000] [id=7032]
  0x000001f61e0a8e90 GCTaskThread "GC Thread#0" [stack: 0x0000004b9aa00000,0x0000004b9ab00000] [id=2636]
  0x000001f63f157870 GCTaskThread "GC Thread#1" [stack: 0x0000004b9bc00000,0x0000004b9bd00000] [id=8776]
  0x000001f63e671ef0 GCTaskThread "GC Thread#2" [stack: 0x0000004b9bd00000,0x0000004b9be00000] [id=17128]
  0x000001f63e6721b0 GCTaskThread "GC Thread#3" [stack: 0x0000004b9be00000,0x0000004b9bf00000] [id=14280]
  0x000001f63f05f0d0 GCTaskThread "GC Thread#4" [stack: 0x0000004b9bf00000,0x0000004b9c000000] [id=14740]
  0x000001f63fe84560 GCTaskThread "GC Thread#5" [stack: 0x0000004b9ca00000,0x0000004b9cb00000] [id=21168]
  0x000001f63fe84c80 GCTaskThread "GC Thread#6" [stack: 0x0000004b9cb00000,0x0000004b9cc00000] [id=17620]
  0x000001f63fe84f40 GCTaskThread "GC Thread#7" [stack: 0x0000004b9cc00000,0x0000004b9cd00000] [id=17432]
  0x000001f61e0b9de0 ConcurrentGCThread "G1 Main Marker" [stack: 0x0000004b9ab00000,0x0000004b9ac00000] [id=6664]
  0x000001f61e0bafa0 ConcurrentGCThread "G1 Conc#0" [stack: 0x0000004b9ac00000,0x0000004b9ad00000] [id=21244]
  0x000001f63fbdbe10 ConcurrentGCThread "G1 Conc#1" [stack: 0x0000004b9cd00000,0x0000004b9ce00000] [id=20752]
  0x000001f639cb24c0 ConcurrentGCThread "G1 Refine#0" [stack: 0x0000004b9ad00000,0x0000004b9ae00000] [id=2476]
  0x000001f6412f4f90 ConcurrentGCThread "G1 Refine#1" [stack: 0x0000004b9d800000,0x0000004b9d900000] [id=18320]
  0x000001f639cb2ef0 ConcurrentGCThread "G1 Service" [stack: 0x0000004b9ae00000,0x0000004b9af00000] [id=11160]

Threads with active compile tasks:
C2 CompilerThread0    10657 6878   !   4       java.util.jar.Attributes::read (494 bytes)
C2 CompilerThread1    10657 6963  s    4       jdk.internal.loader.Resource::cachedInputStream (20 bytes)

VM state: not at safepoint (normal execution)

VM Mutex/Monitor currently owned by a thread: None

Heap address: 0x0000000080000000, size: 2048 MB, Compressed Oops mode: 32-bit

CDS archive(s) not mapped
Compressed class space mapped at: 0x0000000100000000-0x0000000140000000, reserved size: 1073741824
Narrow klass base: 0x0000000000000000, Narrow klass shift: 3, Narrow klass range: 0x140000000

GC Precious Log:
 CPUs: 8 total, 8 available
 Memory: 6005M
 Large Page Support: Disabled
 NUMA Support: Disabled
 Compressed Oops: Enabled (32-bit)
 Heap Region Size: 1M
 Heap Min Capacity: 8M
 Heap Initial Capacity: 94M
 Heap Max Capacity: 2G
 Pre-touch: Disabled
 Parallel Workers: 8
 Concurrent Workers: 2
 Concurrent Refinement Workers: 8
 Periodic GC: Disabled

Heap:
 garbage-first heap   total 145408K, used 85184K [0x0000000080000000, 0x0000000100000000)
  region size 1024K, 27 young (27648K), 1 survivors (1024K)
 Metaspace       used 67377K, committed 67968K, reserved 1114112K
  class space    used 9192K, committed 9472K, reserved 1048576K

Heap Regions: E=young(eden), S=young(survivor), O=old, HS=humongous(starts), HC=humongous(continues), CS=collection set, F=free, OA=open archive, CA=closed archive, TAMS=top-at-mark-start (previous, next)
|   0|0x0000000080000000, 0x0000000080100000, 0x0000000080100000|100%|HS|  |TAMS 0x0000000080100000, 0x0000000080000000| Complete 
|   1|0x0000000080100000, 0x0000000080200000, 0x0000000080200000|100%|HC|  |TAMS 0x0000000080200000, 0x0000000080100000| Complete 
|   2|0x0000000080200000, 0x0000000080300000, 0x0000000080300000|100%|HC|  |TAMS 0x0000000080300000, 0x0000000080200000| Complete 
|   3|0x0000000080300000, 0x0000000080400000, 0x0000000080400000|100%|HC|  |TAMS 0x0000000080400000, 0x0000000080300000| Complete 
|   4|0x0000000080400000, 0x0000000080500000, 0x0000000080500000|100%| O|  |TAMS 0x0000000080500000, 0x0000000080400000| Untracked 
|   5|0x0000000080500000, 0x0000000080600000, 0x0000000080600000|100%| O|  |TAMS 0x0000000080600000, 0x0000000080500000| Untracked 
|   6|0x0000000080600000, 0x0000000080700000, 0x0000000080700000|100%| O|  |TAMS 0x0000000080700000, 0x0000000080600000| Untracked 
|   7|0x0000000080700000, 0x0000000080800000, 0x0000000080800000|100%| O|  |TAMS 0x0000000080800000, 0x0000000080700000| Untracked 
|   8|0x0000000080800000, 0x0000000080900000, 0x0000000080900000|100%| O|  |TAMS 0x0000000080900000, 0x0000000080800000| Untracked 
|   9|0x0000000080900000, 0x0000000080a00000, 0x0000000080a00000|100%| O|  |TAMS 0x0000000080a00000, 0x0000000080900000| Untracked 
|  10|0x0000000080a00000, 0x0000000080b00000, 0x0000000080b00000|100%| O|  |TAMS 0x0000000080b00000, 0x0000000080a00000| Untracked 
|  11|0x0000000080b00000, 0x0000000080c00000, 0x0000000080c00000|100%| O|  |TAMS 0x0000000080c00000, 0x0000000080b00000| Untracked 
|  12|0x0000000080c00000, 0x0000000080d00000, 0x0000000080d00000|100%| O|  |TAMS 0x0000000080d00000, 0x0000000080c00000| Untracked 
|  13|0x0000000080d00000, 0x0000000080e00000, 0x0000000080e00000|100%| O|  |TAMS 0x0000000080e00000, 0x0000000080d00000| Untracked 
|  14|0x0000000080e00000, 0x0000000080f00000, 0x0000000080f00000|100%| O|  |TAMS 0x0000000080f00000, 0x0000000080e00000| Untracked 
|  15|0x0000000080f00000, 0x0000000081000000, 0x0000000081000000|100%| O|  |TAMS 0x0000000081000000, 0x0000000080f00000| Untracked 
|  16|0x0000000081000000, 0x0000000081100000, 0x0000000081100000|100%| O|  |TAMS 0x0000000081100000, 0x0000000081000000| Untracked 
|  17|0x0000000081100000, 0x0000000081200000, 0x0000000081200000|100%| O|  |TAMS 0x0000000081200000, 0x0000000081100000| Untracked 
|  18|0x0000000081200000, 0x0000000081300000, 0x0000000081300000|100%|HS|  |TAMS 0x0000000081200000, 0x0000000081200000| Complete 
|  19|0x0000000081300000, 0x0000000081400000, 0x0000000081400000|100%| O|  |TAMS 0x0000000081400000, 0x0000000081300000| Untracked 
|  20|0x0000000081400000, 0x0000000081500000, 0x0000000081500000|100%| O|  |TAMS 0x0000000081500000, 0x0000000081400000| Untracked 
|  21|0x0000000081500000, 0x0000000081600000, 0x0000000081600000|100%| O|  |TAMS 0x0000000081600000, 0x0000000081500000| Untracked 
|  22|0x0000000081600000, 0x0000000081700000, 0x0000000081700000|100%| O|  |TAMS 0x0000000081700000, 0x0000000081600000| Untracked 
|  23|0x0000000081700000, 0x0000000081800000, 0x0000000081800000|100%| O|  |TAMS 0x0000000081700000, 0x0000000081700000| Untracked 
|  24|0x0000000081800000, 0x0000000081900000, 0x0000000081900000|100%| O|  |TAMS 0x0000000081900000, 0x0000000081800000| Untracked 
|  25|0x0000000081900000, 0x0000000081a00000, 0x0000000081a00000|100%| O|  |TAMS 0x0000000081a00000, 0x0000000081900000| Untracked 
|  26|0x0000000081a00000, 0x0000000081b00000, 0x0000000081b00000|100%| O|  |TAMS 0x0000000081b00000, 0x0000000081a00000| Untracked 
|  27|0x0000000081b00000, 0x0000000081c00000, 0x0000000081c00000|100%| O|  |TAMS 0x0000000081c00000, 0x0000000081b00000| Untracked 
|  28|0x0000000081c00000, 0x0000000081d00000, 0x0000000081d00000|100%| O|  |TAMS 0x0000000081d00000, 0x0000000081c00000| Untracked 
|  29|0x0000000081d00000, 0x0000000081e00000, 0x0000000081e00000|100%| O|  |TAMS 0x0000000081e00000, 0x0000000081d00000| Untracked 
|  30|0x0000000081e00000, 0x0000000081f00000, 0x0000000081f00000|100%|HS|  |TAMS 0x0000000081f00000, 0x0000000081e00000| Complete 
|  31|0x0000000081f00000, 0x0000000082000000, 0x0000000082000000|100%| O|  |TAMS 0x0000000082000000, 0x0000000081f00000| Untracked 
|  32|0x0000000082000000, 0x0000000082100000, 0x0000000082100000|100%| O|  |TAMS 0x0000000082100000, 0x0000000082000000| Untracked 
|  33|0x0000000082100000, 0x0000000082200000, 0x0000000082200000|100%| O|  |TAMS 0x0000000082200000, 0x0000000082100000| Untracked 
|  34|0x0000000082200000, 0x0000000082300000, 0x0000000082300000|100%| O|  |TAMS 0x0000000082300000, 0x0000000082200000| Untracked 
|  35|0x0000000082300000, 0x0000000082400000, 0x0000000082400000|100%| O|  |TAMS 0x0000000082400000, 0x0000000082300000| Untracked 
|  36|0x0000000082400000, 0x0000000082500000, 0x0000000082500000|100%| O|  |TAMS 0x0000000082500000, 0x0000000082400000| Untracked 
|  37|0x0000000082500000, 0x0000000082600000, 0x0000000082600000|100%| O|  |TAMS 0x0000000082600000, 0x0000000082500000| Untracked 
|  38|0x0000000082600000, 0x0000000082700000, 0x0000000082700000|100%| O|  |TAMS 0x0000000082700000, 0x0000000082600000| Untracked 
|  39|0x0000000082700000, 0x0000000082800000, 0x0000000082800000|100%|HS|  |TAMS 0x0000000082800000, 0x0000000082700000| Complete 
|  40|0x0000000082800000, 0x0000000082900000, 0x0000000082900000|100%|HS|  |TAMS 0x0000000082900000, 0x0000000082800000| Complete 
|  41|0x0000000082900000, 0x0000000082a00000, 0x0000000082a00000|100%|HS|  |TAMS 0x0000000082a00000, 0x0000000082900000| Complete 
|  42|0x0000000082a00000, 0x0000000082b00000, 0x0000000082b00000|100%|HS|  |TAMS 0x0000000082b00000, 0x0000000082a00000| Complete 
|  43|0x0000000082b00000, 0x0000000082c00000, 0x0000000082c00000|100%| O|  |TAMS 0x0000000082c00000, 0x0000000082b00000| Untracked 
|  44|0x0000000082c00000, 0x0000000082d00000, 0x0000000082d00000|100%|HS|  |TAMS 0x0000000082d00000, 0x0000000082c00000| Complete 
|  45|0x0000000082d00000, 0x0000000082e00000, 0x0000000082e00000|100%| O|  |TAMS 0x0000000082e00000, 0x0000000082d00000| Untracked 
|  46|0x0000000082e00000, 0x0000000082f00000, 0x0000000082f00000|100%| O|  |TAMS 0x0000000082f00000, 0x0000000082e00000| Untracked 
|  47|0x0000000082f00000, 0x0000000083000000, 0x0000000083000000|100%| O|  |TAMS 0x0000000083000000, 0x0000000082f00000| Untracked 
|  48|0x0000000083000000, 0x0000000083100000, 0x0000000083100000|100%| O|  |TAMS 0x0000000083100000, 0x0000000083000000| Untracked 
|  49|0x0000000083100000, 0x0000000083200000, 0x0000000083200000|100%| O|  |TAMS 0x0000000083200000, 0x0000000083100000| Untracked 
|  50|0x0000000083200000, 0x0000000083300000, 0x0000000083300000|100%| O|  |TAMS 0x0000000083300000, 0x0000000083200000| Untracked 
|  51|0x0000000083300000, 0x0000000083400000, 0x0000000083400000|100%| O|  |TAMS 0x0000000083400000, 0x0000000083300000| Untracked 
|  52|0x0000000083400000, 0x0000000083500000, 0x0000000083500000|100%| O|  |TAMS 0x0000000083489000, 0x0000000083400000| Untracked 
|  53|0x0000000083500000, 0x00000000835dea00, 0x0000000083600000| 86%| O|  |TAMS 0x0000000083500000, 0x0000000083500000| Untracked 
|  54|0x0000000083600000, 0x0000000083700000, 0x0000000083700000|100%|HS|  |TAMS 0x0000000083600000, 0x0000000083600000| Complete 
|  55|0x0000000083700000, 0x0000000083800000, 0x0000000083800000|100%|HS|  |TAMS 0x0000000083700000, 0x0000000083700000| Complete 
|  56|0x0000000083800000, 0x0000000083900000, 0x0000000083900000|100%|HS|  |TAMS 0x0000000083800000, 0x0000000083800000| Complete 
|  57|0x0000000083900000, 0x0000000083a00000, 0x0000000083a00000|100%|HS|  |TAMS 0x0000000083900000, 0x0000000083900000| Complete 
|  58|0x0000000083a00000, 0x0000000083a00000, 0x0000000083b00000|  0%| F|  |TAMS 0x0000000083a00000, 0x0000000083a00000| Untracked 
|  59|0x0000000083b00000, 0x0000000083b00000, 0x0000000083c00000|  0%| F|  |TAMS 0x0000000083b00000, 0x0000000083b00000| Untracked 
|  60|0x0000000083c00000, 0x0000000083c00000, 0x0000000083d00000|  0%| F|  |TAMS 0x0000000083c00000, 0x0000000083c00000| Untracked 
|  61|0x0000000083d00000, 0x0000000083d00000, 0x0000000083e00000|  0%| F|  |TAMS 0x0000000083d00000, 0x0000000083d00000| Untracked 
|  62|0x0000000083e00000, 0x0000000083e00000, 0x0000000083f00000|  0%| F|  |TAMS 0x0000000083e00000, 0x0000000083e00000| Untracked 
|  63|0x0000000083f00000, 0x0000000083f00000, 0x0000000084000000|  0%| F|  |TAMS 0x0000000083f00000, 0x0000000083f00000| Untracked 
|  64|0x0000000084000000, 0x0000000084000000, 0x0000000084100000|  0%| F|  |TAMS 0x0000000084000000, 0x0000000084000000| Untracked 
|  65|0x0000000084100000, 0x0000000084100000, 0x0000000084200000|  0%| F|  |TAMS 0x0000000084100000, 0x0000000084100000| Untracked 
|  66|0x0000000084200000, 0x0000000084200000, 0x0000000084300000|  0%| F|  |TAMS 0x0000000084200000, 0x0000000084200000| Untracked 
|  67|0x0000000084300000, 0x0000000084300000, 0x0000000084400000|  0%| F|  |TAMS 0x0000000084300000, 0x0000000084300000| Untracked 
|  68|0x0000000084400000, 0x0000000084400000, 0x0000000084500000|  0%| F|  |TAMS 0x0000000084400000, 0x0000000084400000| Untracked 
|  69|0x0000000084500000, 0x0000000084500000, 0x0000000084600000|  0%| F|  |TAMS 0x0000000084500000, 0x0000000084500000| Untracked 
|  70|0x0000000084600000, 0x0000000084600000, 0x0000000084700000|  0%| F|  |TAMS 0x0000000084600000, 0x0000000084600000| Untracked 
|  71|0x0000000084700000, 0x0000000084700000, 0x0000000084800000|  0%| F|  |TAMS 0x0000000084700000, 0x0000000084700000| Untracked 
|  72|0x0000000084800000, 0x0000000084800000, 0x0000000084900000|  0%| F|  |TAMS 0x0000000084800000, 0x0000000084800000| Untracked 
|  73|0x0000000084900000, 0x0000000084900000, 0x0000000084a00000|  0%| F|  |TAMS 0x0000000084900000, 0x0000000084900000| Untracked 
|  74|0x0000000084a00000, 0x0000000084a00000, 0x0000000084b00000|  0%| F|  |TAMS 0x0000000084a00000, 0x0000000084a00000| Untracked 
|  75|0x0000000084b00000, 0x0000000084b00000, 0x0000000084c00000|  0%| F|  |TAMS 0x0000000084b00000, 0x0000000084b00000| Untracked 
|  76|0x0000000084c00000, 0x0000000084c00000, 0x0000000084d00000|  0%| F|  |TAMS 0x0000000084c00000, 0x0000000084c00000| Untracked 
|  77|0x0000000084d00000, 0x0000000084d00000, 0x0000000084e00000|  0%| F|  |TAMS 0x0000000084d00000, 0x0000000084d00000| Untracked 
|  78|0x0000000084e00000, 0x0000000084e00000, 0x0000000084f00000|  0%| F|  |TAMS 0x0000000084e00000, 0x0000000084e00000| Untracked 
|  79|0x0000000084f00000, 0x0000000084f00000, 0x0000000085000000|  0%| F|  |TAMS 0x0000000084f00000, 0x0000000084f00000| Untracked 
|  80|0x0000000085000000, 0x0000000085000000, 0x0000000085100000|  0%| F|  |TAMS 0x0000000085000000, 0x0000000085000000| Untracked 
|  81|0x0000000085100000, 0x0000000085100000, 0x0000000085200000|  0%| F|  |TAMS 0x0000000085100000, 0x0000000085100000| Untracked 
|  82|0x0000000085200000, 0x0000000085200000, 0x0000000085300000|  0%| F|  |TAMS 0x0000000085200000, 0x0000000085200000| Untracked 
|  83|0x0000000085300000, 0x0000000085300000, 0x0000000085400000|  0%| F|  |TAMS 0x0000000085300000, 0x0000000085300000| Untracked 
|  84|0x0000000085400000, 0x0000000085400000, 0x0000000085500000|  0%| F|  |TAMS 0x0000000085400000, 0x0000000085400000| Untracked 
|  85|0x0000000085500000, 0x0000000085500000, 0x0000000085600000|  0%| F|  |TAMS 0x0000000085500000, 0x0000000085500000| Untracked 
|  86|0x0000000085600000, 0x0000000085600000, 0x0000000085700000|  0%| F|  |TAMS 0x0000000085600000, 0x0000000085600000| Untracked 
|  87|0x0000000085700000, 0x0000000085700000, 0x0000000085800000|  0%| F|  |TAMS 0x0000000085700000, 0x0000000085700000| Untracked 
|  88|0x0000000085800000, 0x0000000085800000, 0x0000000085900000|  0%| F|  |TAMS 0x0000000085800000, 0x0000000085800000| Untracked 
|  89|0x0000000085900000, 0x0000000085900000, 0x0000000085a00000|  0%| F|  |TAMS 0x0000000085900000, 0x0000000085900000| Untracked 
|  90|0x0000000085a00000, 0x0000000085a00000, 0x0000000085b00000|  0%| F|  |TAMS 0x0000000085a00000, 0x0000000085a00000| Untracked 
|  91|0x0000000085b00000, 0x0000000085b00000, 0x0000000085c00000|  0%| F|  |TAMS 0x0000000085b00000, 0x0000000085b00000| Untracked 
|  92|0x0000000085c00000, 0x0000000085c00000, 0x0000000085d00000|  0%| F|  |TAMS 0x0000000085c00000, 0x0000000085c00000| Untracked 
|  93|0x0000000085d00000, 0x0000000085d00000, 0x0000000085e00000|  0%| F|  |TAMS 0x0000000085d00000, 0x0000000085d00000| Untracked 
|  94|0x0000000085e00000, 0x0000000085e00000, 0x0000000085f00000|  0%| F|  |TAMS 0x0000000085e00000, 0x0000000085e00000| Untracked 
|  95|0x0000000085f00000, 0x0000000085f00000, 0x0000000086000000|  0%| F|  |TAMS 0x0000000085f00000, 0x0000000085f00000| Untracked 
|  96|0x0000000086000000, 0x0000000086000000, 0x0000000086100000|  0%| F|  |TAMS 0x0000000086000000, 0x0000000086000000| Untracked 
|  97|0x0000000086100000, 0x0000000086100000, 0x0000000086200000|  0%| F|  |TAMS 0x0000000086100000, 0x0000000086100000| Untracked 
|  98|0x0000000086200000, 0x0000000086200000, 0x0000000086300000|  0%| F|  |TAMS 0x0000000086200000, 0x0000000086200000| Untracked 
|  99|0x0000000086300000, 0x0000000086300000, 0x0000000086400000|  0%| F|  |TAMS 0x0000000086300000, 0x0000000086300000| Untracked 
| 100|0x0000000086400000, 0x0000000086400000, 0x0000000086500000|  0%| F|  |TAMS 0x0000000086400000, 0x0000000086400000| Untracked 
| 101|0x0000000086500000, 0x0000000086500000, 0x0000000086600000|  0%| F|  |TAMS 0x0000000086500000, 0x0000000086500000| Untracked 
| 102|0x0000000086600000, 0x0000000086600000, 0x0000000086700000|  0%| F|  |TAMS 0x0000000086600000, 0x0000000086600000| Untracked 
| 103|0x0000000086700000, 0x0000000086700000, 0x0000000086800000|  0%| F|  |TAMS 0x0000000086700000, 0x0000000086700000| Untracked 
| 104|0x0000000086800000, 0x0000000086800000, 0x0000000086900000|  0%| F|  |TAMS 0x0000000086800000, 0x0000000086800000| Untracked 
| 105|0x0000000086900000, 0x0000000086900000, 0x0000000086a00000|  0%| F|  |TAMS 0x0000000086900000, 0x0000000086900000| Untracked 
| 106|0x0000000086a00000, 0x0000000086a00000, 0x0000000086b00000|  0%| F|  |TAMS 0x0000000086a00000, 0x0000000086a00000| Untracked 
| 107|0x0000000086b00000, 0x0000000086b00000, 0x0000000086c00000|  0%| F|  |TAMS 0x0000000086b00000, 0x0000000086b00000| Untracked 
| 108|0x0000000086c00000, 0x0000000086c00000, 0x0000000086d00000|  0%| F|  |TAMS 0x0000000086c00000, 0x0000000086c00000| Untracked 
| 109|0x0000000086d00000, 0x0000000086d00000, 0x0000000086e00000|  0%| F|  |TAMS 0x0000000086d00000, 0x0000000086d00000| Untracked 
| 110|0x0000000086e00000, 0x0000000086e00000, 0x0000000086f00000|  0%| F|  |TAMS 0x0000000086e00000, 0x0000000086e00000| Untracked 
| 111|0x0000000086f00000, 0x0000000086f00000, 0x0000000087000000|  0%| F|  |TAMS 0x0000000086f00000, 0x0000000086f00000| Untracked 
| 112|0x0000000087000000, 0x0000000087000000, 0x0000000087100000|  0%| F|  |TAMS 0x0000000087000000, 0x0000000087000000| Untracked 
| 113|0x0000000087100000, 0x0000000087100000, 0x0000000087200000|  0%| F|  |TAMS 0x0000000087100000, 0x0000000087100000| Untracked 
| 114|0x0000000087200000, 0x0000000087200000, 0x0000000087300000|  0%| F|  |TAMS 0x0000000087200000, 0x0000000087200000| Untracked 
| 115|0x0000000087300000, 0x00000000873bcaa0, 0x0000000087400000| 73%| E|  |TAMS 0x0000000087300000, 0x0000000087300000| Complete 
| 116|0x0000000087400000, 0x0000000087500000, 0x0000000087500000|100%| E|CS|TAMS 0x0000000087400000, 0x0000000087400000| Complete 
| 117|0x0000000087500000, 0x0000000087600000, 0x0000000087600000|100%| E|CS|TAMS 0x0000000087500000, 0x0000000087500000| Complete 
| 118|0x0000000087600000, 0x0000000087700000, 0x0000000087700000|100%| E|CS|TAMS 0x0000000087600000, 0x0000000087600000| Complete 
| 119|0x0000000087700000, 0x0000000087800000, 0x0000000087800000|100%| E|CS|TAMS 0x0000000087700000, 0x0000000087700000| Complete 
| 120|0x0000000087800000, 0x0000000087900000, 0x0000000087900000|100%| E|CS|TAMS 0x0000000087800000, 0x0000000087800000| Complete 
| 121|0x0000000087900000, 0x0000000087a00000, 0x0000000087a00000|100%| E|CS|TAMS 0x0000000087900000, 0x0000000087900000| Complete 
| 122|0x0000000087a00000, 0x0000000087b00000, 0x0000000087b00000|100%| E|CS|TAMS 0x0000000087a00000, 0x0000000087a00000| Complete 
| 123|0x0000000087b00000, 0x0000000087c00000, 0x0000000087c00000|100%| E|CS|TAMS 0x0000000087b00000, 0x0000000087b00000| Complete 
| 124|0x0000000087c00000, 0x0000000087d00000, 0x0000000087d00000|100%| E|CS|TAMS 0x0000000087c00000, 0x0000000087c00000| Complete 
| 125|0x0000000087d00000, 0x0000000087e00000, 0x0000000087e00000|100%| E|CS|TAMS 0x0000000087d00000, 0x0000000087d00000| Complete 
| 126|0x0000000087e00000, 0x0000000087f00000, 0x0000000087f00000|100%| E|CS|TAMS 0x0000000087e00000, 0x0000000087e00000| Complete 
| 127|0x0000000087f00000, 0x0000000088000000, 0x0000000088000000|100%| E|CS|TAMS 0x0000000087f00000, 0x0000000087f00000| Complete 
| 128|0x0000000088000000, 0x0000000088100000, 0x0000000088100000|100%| E|CS|TAMS 0x0000000088000000, 0x0000000088000000| Complete 
| 129|0x0000000088100000, 0x0000000088200000, 0x0000000088200000|100%| E|CS|TAMS 0x0000000088100000, 0x0000000088100000| Complete 
| 130|0x0000000088200000, 0x0000000088300000, 0x0000000088300000|100%| E|CS|TAMS 0x0000000088200000, 0x0000000088200000| Complete 
| 131|0x0000000088300000, 0x0000000088400000, 0x0000000088400000|100%| E|CS|TAMS 0x0000000088300000, 0x0000000088300000| Complete 
| 132|0x0000000088400000, 0x0000000088500000, 0x0000000088500000|100%| E|CS|TAMS 0x0000000088400000, 0x0000000088400000| Complete 
| 133|0x0000000088500000, 0x0000000088600000, 0x0000000088600000|100%| E|CS|TAMS 0x0000000088500000, 0x0000000088500000| Complete 
| 134|0x0000000088600000, 0x0000000088700000, 0x0000000088700000|100%| E|CS|TAMS 0x0000000088600000, 0x0000000088600000| Complete 
| 135|0x0000000088700000, 0x0000000088800000, 0x0000000088800000|100%| E|CS|TAMS 0x0000000088700000, 0x0000000088700000| Complete 
| 136|0x0000000088800000, 0x00000000888518e0, 0x0000000088900000| 31%| S|CS|TAMS 0x0000000088800000, 0x0000000088800000| Complete 
| 137|0x0000000088900000, 0x0000000088a00000, 0x0000000088a00000|100%| E|CS|TAMS 0x0000000088900000, 0x0000000088900000| Complete 
| 138|0x0000000088a00000, 0x0000000088b00000, 0x0000000088b00000|100%| E|CS|TAMS 0x0000000088a00000, 0x0000000088a00000| Complete 
| 139|0x0000000088b00000, 0x0000000088c00000, 0x0000000088c00000|100%| E|CS|TAMS 0x0000000088b00000, 0x0000000088b00000| Complete 
| 140|0x0000000088c00000, 0x0000000088d00000, 0x0000000088d00000|100%| E|CS|TAMS 0x0000000088c00000, 0x0000000088c00000| Complete 
| 141|0x0000000088d00000, 0x0000000088e00000, 0x0000000088e00000|100%| E|CS|TAMS 0x0000000088d00000, 0x0000000088d00000| Complete 

Card table byte_map: [0x000001f632b70000,0x000001f632f70000] _byte_map_base: 0x000001f632770000

Marking Bits (Prev, Next): (CMBitMap*) 0x000001f61e0a94f0, (CMBitMap*) 0x000001f61e0a94b0
 Prev Bits: [0x000001f635370000, 0x000001f637370000)
 Next Bits: [0x000001f633370000, 0x000001f635370000)

Polling page: 0x000001f61e100000

Metaspace:

Usage:
  Non-class:     56.84 MB used.
      Class:      8.98 MB used.
       Both:     65.82 MB used.

Virtual space:
  Non-class space:       64.00 MB reserved,      57.12 MB ( 89%) committed,  1 nodes.
      Class space:        1.00 GB reserved,       9.25 MB ( <1%) committed,  1 nodes.
             Both:        1.06 GB reserved,      66.38 MB (  6%) committed. 

Chunk freelists:
   Non-Class:  6.22 MB
       Class:  6.56 MB
        Both:  12.78 MB

MaxMetaspaceSize: unlimited
CompressedClassSpaceSize: 1.00 GB
Initial GC threshold: 21.00 MB
Current GC threshold: 99.19 MB
CDS: off
MetaspaceReclaimPolicy: balanced
 - commit_granule_bytes: 65536.
 - commit_granule_words: 8192.
 - virtual_space_node_default_size: 8388608.
 - enlarge_chunks_in_place: 1.
 - new_chunks_are_fully_committed: 0.
 - uncommit_free_chunks: 1.
 - use_allocation_guard: 0.
 - handle_deallocations: 1.


Internal statistics:

num_allocs_failed_limit: 6.
num_arena_births: 770.
num_arena_deaths: 0.
num_vsnodes_births: 2.
num_vsnodes_deaths: 0.
num_space_committed: 1062.
num_space_uncommitted: 0.
num_chunks_returned_to_freelist: 6.
num_chunks_taken_from_freelist: 3115.
num_chunk_merges: 6.
num_chunk_splits: 2034.
num_chunks_enlarged: 1346.
num_inconsistent_stats: 0.

CodeHeap 'non-profiled nmethods': size=120000Kb used=2551Kb max_used=3342Kb free=117449Kb
 bounds [0x000001f62a7c0000, 0x000001f62ab10000, 0x000001f631cf0000]
CodeHeap 'profiled nmethods': size=120000Kb used=11213Kb max_used=12974Kb free=108786Kb
 bounds [0x000001f622cf0000, 0x000001f6239a0000, 0x000001f62a220000]
CodeHeap 'non-nmethods': size=5760Kb used=1649Kb max_used=1689Kb free=4111Kb
 bounds [0x000001f62a220000, 0x000001f62a490000, 0x000001f62a7c0000]
 total_blobs=6853 nmethods=6122 adapters=642
 compilation: enabled
              stopped_count=0, restarted_count=0
 full_count=0

Compilation events (20 events):
Event: 10.533 Thread 0x000001f63e0381b0 6957       3       java.util.jar.JarFile::getEntry (35 bytes)
Event: 10.534 Thread 0x000001f63e0381b0 nmethod 6957 0x000001f622dd9790 code [0x000001f622dd9980, 0x000001f622dd9df8]
Event: 10.542 Thread 0x000001f63e0381b0 6958       3       java.security.ProtectionDomain$Key::<init> (5 bytes)
Event: 10.542 Thread 0x000001f63e0381b0 nmethod 6958 0x000001f622ffcc10 code [0x000001f622ffcda0, 0x000001f622ffcef8]
Event: 10.554 Thread 0x000001f63e0381b0 6959       3       java.util.LinkedHashMap::get (29 bytes)
Event: 10.554 Thread 0x000001f63e0381b0 nmethod 6959 0x000001f6230f4f10 code [0x000001f6230f50c0, 0x000001f6230f52f8]
Event: 10.563 Thread 0x000001f63e0381b0 6960       2       java.lang.ClassLoader::defineClass (43 bytes)
Event: 10.564 Thread 0x000001f63e0381b0 nmethod 6960 0x000001f623236c90 code [0x000001f623236e60, 0x000001f6232370b8]
Event: 10.564 Thread 0x000001f63e0381b0 6961       2       java.lang.ClassLoader::defineClassSourceLocation (28 bytes)
Event: 10.564 Thread 0x000001f63e0381b0 nmethod 6961 0x000001f622ef5790 code [0x000001f622ef5940, 0x000001f622ef5aa8]
Event: 10.570 Thread 0x000001f63e0381b0 6962       3       java.lang.ClassLoader::postDefineClass (39 bytes)
Event: 10.571 Thread 0x000001f63e0381b0 nmethod 6962 0x000001f6232c6f10 code [0x000001f6232c7100, 0x000001f6232c7418]
Event: 10.571 Thread 0x000001f63e0381b0 6964       2       java.util.jar.JarFile::maybeInstantiateVerifier (42 bytes)
Event: 10.572 Thread 0x000001f63e0381b0 nmethod 6964 0x000001f622f19710 code [0x000001f622f198c0, 0x000001f622f19a98]
Event: 10.588 Thread 0x000001f63e0381b0 6965   !   2       jdk.internal.loader.Resource::getBytes (244 bytes)
Event: 10.589 Thread 0x000001f63e0381b0 nmethod 6965 0x000001f6230d5710 code [0x000001f6230d5980, 0x000001f6230d6348]
Event: 10.596 Thread 0x000001f63e0381b0 6966       2       jdk.internal.loader.URLClassPath$JarLoader$2::getInputStream (15 bytes)
Event: 10.596 Thread 0x000001f63e0381b0 nmethod 6966 0x000001f6236f2310 code [0x000001f6236f24a0, 0x000001f6236f25e8]
Event: 10.600 Thread 0x000001f63e0381b0 6967       2       java.security.CodeSource::<init> (52 bytes)
Event: 10.600 Thread 0x000001f63e0381b0 nmethod 6967 0x000001f62322ad90 code [0x000001f62322af40, 0x000001f62322b298]

GC Heap History (20 events):
Event: 8.372 GC heap before
{Heap before GC invocations=20 (full 0):
 garbage-first heap   total 73728K, used 56227K [0x0000000080000000, 0x0000000100000000)
  region size 1024K, 21 young (21504K), 4 survivors (4096K)
 Metaspace       used 56394K, committed 56896K, reserved 1114112K
  class space    used 7735K, committed 8000K, reserved 1048576K
}
Event: 8.374 GC heap after
{Heap after GC invocations=21 (full 0):
 garbage-first heap   total 73728K, used 40749K [0x0000000080000000, 0x0000000100000000)
  region size 1024K, 3 young (3072K), 3 survivors (3072K)
 Metaspace       used 56394K, committed 56896K, reserved 1114112K
  class space    used 7735K, committed 8000K, reserved 1048576K
}
Event: 8.481 GC heap before
{Heap before GC invocations=21 (full 0):
 garbage-first heap   total 73728K, used 48941K [0x0000000080000000, 0x0000000100000000)
  region size 1024K, 13 young (13312K), 3 survivors (3072K)
 Metaspace       used 56693K, committed 57280K, reserved 1114112K
  class space    used 7772K, committed 8064K, reserved 1048576K
}
Event: 8.483 GC heap after
{Heap after GC invocations=22 (full 0):
 garbage-first heap   total 73728K, used 41568K [0x0000000080000000, 0x0000000100000000)
  region size 1024K, 2 young (2048K), 2 survivors (2048K)
 Metaspace       used 56693K, committed 57280K, reserved 1114112K
  class space    used 7772K, committed 8064K, reserved 1048576K
}
Event: 8.779 GC heap before
{Heap before GC invocations=23 (full 0):
 garbage-first heap   total 75776K, used 62048K [0x0000000080000000, 0x0000000100000000)
  region size 1024K, 17 young (17408K), 2 survivors (2048K)
 Metaspace       used 57436K, committed 58048K, reserved 1114112K
  class space    used 7902K, committed 8192K, reserved 1048576K
}
Event: 8.781 GC heap after
{Heap after GC invocations=24 (full 0):
 garbage-first heap   total 75776K, used 51584K [0x0000000080000000, 0x0000000100000000)
  region size 1024K, 3 young (3072K), 3 survivors (3072K)
 Metaspace       used 57436K, committed 58048K, reserved 1114112K
  class space    used 7902K, committed 8192K, reserved 1048576K
}
Event: 8.796 GC heap before
{Heap before GC invocations=24 (full 0):
 garbage-first heap   total 75776K, used 52608K [0x0000000080000000, 0x0000000100000000)
  region size 1024K, 4 young (4096K), 3 survivors (3072K)
 Metaspace       used 57509K, committed 58048K, reserved 1114112K
  class space    used 7917K, committed 8192K, reserved 1048576K
}
Event: 8.798 GC heap after
{Heap after GC invocations=25 (full 0):
 garbage-first heap   total 75776K, used 51155K [0x0000000080000000, 0x0000000100000000)
  region size 1024K, 1 young (1024K), 1 survivors (1024K)
 Metaspace       used 57509K, committed 58048K, reserved 1114112K
  class space    used 7917K, committed 8192K, reserved 1048576K
}
Event: 8.914 GC heap before
{Heap before GC invocations=25 (full 0):
 garbage-first heap   total 75776K, used 58323K [0x0000000080000000, 0x0000000100000000)
  region size 1024K, 9 young (9216K), 1 survivors (1024K)
 Metaspace       used 58099K, committed 58688K, reserved 1114112K
  class space    used 7982K, committed 8256K, reserved 1048576K
}
Event: 8.915 GC heap after
{Heap after GC invocations=26 (full 0):
 garbage-first heap   total 75776K, used 51249K [0x0000000080000000, 0x0000000100000000)
  region size 1024K, 1 young (1024K), 1 survivors (1024K)
 Metaspace       used 58099K, committed 58688K, reserved 1114112K
  class space    used 7982K, committed 8256K, reserved 1048576K
}
Event: 9.053 GC heap before
{Heap before GC invocations=27 (full 0):
 garbage-first heap   total 92160K, used 60465K [0x0000000080000000, 0x0000000100000000)
  region size 1024K, 10 young (10240K), 1 survivors (1024K)
 Metaspace       used 58693K, committed 59264K, reserved 1114112K
  class space    used 8056K, committed 8320K, reserved 1048576K
}
Event: 9.054 GC heap after
{Heap after GC invocations=28 (full 0):
 garbage-first heap   total 92160K, used 53048K [0x0000000080000000, 0x0000000100000000)
  region size 1024K, 2 young (2048K), 2 survivors (2048K)
 Metaspace       used 58693K, committed 59264K, reserved 1114112K
  class space    used 8056K, committed 8320K, reserved 1048576K
}
Event: 9.087 GC heap before
{Heap before GC invocations=28 (full 0):
 garbage-first heap   total 92160K, used 54072K [0x0000000080000000, 0x0000000100000000)
  region size 1024K, 4 young (4096K), 2 survivors (2048K)
 Metaspace       used 58908K, committed 59520K, reserved 1114112K
  class space    used 8084K, committed 8384K, reserved 1048576K
}
Event: 9.089 GC heap after
{Heap after GC invocations=29 (full 0):
 garbage-first heap   total 92160K, used 52677K [0x0000000080000000, 0x0000000100000000)
  region size 1024K, 1 young (1024K), 1 survivors (1024K)
 Metaspace       used 58908K, committed 59520K, reserved 1114112K
  class space    used 8084K, committed 8384K, reserved 1048576K
}
Event: 9.324 GC heap before
{Heap before GC invocations=29 (full 0):
 garbage-first heap   total 92160K, used 68037K [0x0000000080000000, 0x0000000100000000)
  region size 1024K, 17 young (17408K), 1 survivors (1024K)
 Metaspace       used 60237K, committed 60864K, reserved 1114112K
  class space    used 8270K, committed 8576K, reserved 1048576K
}
Event: 9.326 GC heap after
{Heap after GC invocations=30 (full 0):
 garbage-first heap   total 145408K, used 52959K [0x0000000080000000, 0x0000000100000000)
  region size 1024K, 1 young (1024K), 1 survivors (1024K)
 Metaspace       used 60237K, committed 60864K, reserved 1114112K
  class space    used 8270K, committed 8576K, reserved 1048576K
}
Event: 10.172 GC heap before
{Heap before GC invocations=31 (full 0):
 garbage-first heap   total 145408K, used 98015K [0x0000000080000000, 0x0000000100000000)
  region size 1024K, 45 young (46080K), 1 survivors (1024K)
 Metaspace       used 64930K, committed 65536K, reserved 1114112K
  class space    used 8861K, committed 9152K, reserved 1048576K
}
Event: 10.175 GC heap after
{Heap after GC invocations=32 (full 0):
 garbage-first heap   total 145408K, used 54257K [0x0000000080000000, 0x0000000100000000)
  region size 1024K, 2 young (2048K), 2 survivors (2048K)
 Metaspace       used 64930K, committed 65536K, reserved 1114112K
  class space    used 8861K, committed 9152K, reserved 1048576K
}
Event: 10.275 GC heap before
{Heap before GC invocations=32 (full 0):
 garbage-first heap   total 145408K, used 59377K [0x0000000080000000, 0x0000000100000000)
  region size 1024K, 7 young (7168K), 2 survivors (2048K)
 Metaspace       used 65385K, committed 65984K, reserved 1114112K
  class space    used 8929K, committed 9216K, reserved 1048576K
}
Event: 10.278 GC heap after
{Heap after GC invocations=33 (full 0):
 garbage-first heap   total 145408K, used 54464K [0x0000000080000000, 0x0000000100000000)
  region size 1024K, 1 young (1024K), 1 survivors (1024K)
 Metaspace       used 65385K, committed 65984K, reserved 1114112K
  class space    used 8929K, committed 9216K, reserved 1048576K
}

Dll operation events (3 events):
Event: 0.010 Loaded shared library C:\Program Files\Android\Android Studio\jbr\bin\java.dll
Event: 0.115 Loaded shared library C:\Program Files\Android\Android Studio\jbr\bin\zip.dll
Event: 0.456 Loaded shared library C:\Program Files\Android\Android Studio\jbr\bin\verify.dll

Deoptimization events (20 events):
Event: 10.450 Thread 0x000001f63fb82c80 Uncommon trap: trap_request=0xffffff45 fr.pc=0x000001f62a903af4 relative=0x0000000000000074
Event: 10.450 Thread 0x000001f63fb82c80 Uncommon trap: reason=unstable_if action=reinterpret pc=0x000001f62a903af4 method=java.security.CodeSource.getCertificates()[Ljava/security/cert/Certificate; @ 22 c2
Event: 10.450 Thread 0x000001f63fb82c80 DEOPT PACKING pc=0x000001f62a903af4 sp=0x0000004b9c6f2780
Event: 10.450 Thread 0x000001f63fb82c80 DEOPT UNPACKING pc=0x000001f62a2769a3 sp=0x0000004b9c6f2708 mode 2
Event: 10.453 Thread 0x000001f63fb82c80 Uncommon trap: trap_request=0xffffff45 fr.pc=0x000001f62a999980 relative=0x00000000000001e0
Event: 10.453 Thread 0x000001f63fb82c80 Uncommon trap: reason=unstable_if action=reinterpret pc=0x000001f62a999980 method=java.security.CodeSource.matchCerts(Ljava/security/CodeSource;Z)Z @ 11 c2
Event: 10.453 Thread 0x000001f63fb82c80 DEOPT PACKING pc=0x000001f62a999980 sp=0x0000004b9c6f0f00
Event: 10.453 Thread 0x000001f63fb82c80 DEOPT UNPACKING pc=0x000001f62a2769a3 sp=0x0000004b9c6f0e10 mode 2
Event: 10.453 Thread 0x000001f63fb82c80 Uncommon trap: trap_request=0xffffff45 fr.pc=0x000001f62a9f3ee4 relative=0x0000000000001124
Event: 10.453 Thread 0x000001f63fb82c80 Uncommon trap: reason=unstable_if action=reinterpret pc=0x000001f62a9f3ee4 method=java.security.CodeSource.getCertificates()[Ljava/security/cert/Certificate; @ 4 c2
Event: 10.453 Thread 0x000001f63fb82c80 DEOPT PACKING pc=0x000001f62a9f3ee4 sp=0x0000004b9c6f0f30
Event: 10.453 Thread 0x000001f63fb82c80 DEOPT UNPACKING pc=0x000001f62a2769a3 sp=0x0000004b9c6f0ec8 mode 2
Event: 10.454 Thread 0x000001f63fb82c80 Uncommon trap: trap_request=0xffffff45 fr.pc=0x000001f62a817124 relative=0x00000000000008a4
Event: 10.454 Thread 0x000001f63fb82c80 Uncommon trap: reason=unstable_if action=reinterpret pc=0x000001f62a817124 method=java.util.jar.JarFile.getEntry(Ljava/lang/String;)Ljava/util/zip/ZipEntry; @ 15 c2
Event: 10.454 Thread 0x000001f63fb82c80 DEOPT PACKING pc=0x000001f62a817124 sp=0x0000004b9c6f2a20
Event: 10.454 Thread 0x000001f63fb82c80 DEOPT UNPACKING pc=0x000001f62a2769a3 sp=0x0000004b9c6f2a08 mode 2
Event: 10.481 Thread 0x000001f63fb82c80 Uncommon trap: trap_request=0xffffff45 fr.pc=0x000001f62aab97c4 relative=0x00000000000002a4
Event: 10.481 Thread 0x000001f63fb82c80 Uncommon trap: reason=unstable_if action=reinterpret pc=0x000001f62aab97c4 method=java.util.LinkedHashMap.get(Ljava/lang/Object;)Ljava/lang/Object; @ 16 c2
Event: 10.481 Thread 0x000001f63fb82c80 DEOPT PACKING pc=0x000001f62aab97c4 sp=0x0000004b9c6f2210
Event: 10.481 Thread 0x000001f63fb82c80 DEOPT UNPACKING pc=0x000001f62a2769a3 sp=0x0000004b9c6f21c8 mode 2

Classes unloaded (0 events):
No events

Classes redefined (0 events):
No events

Internal exceptions (20 events):
Event: 7.636 Thread 0x000001f63fb82c80 Exception <a 'java/lang/NoSuchMethodError'{0x0000000083000b10}: 'java.lang.Object java.lang.invoke.DirectMethodHandle$Holder.invokeSpecial(java.lang.Object, java.lang.Object, java.lang.Object, java.lang.Object, java.lang.Object, long)'> (0x0000000083000b10) 
thrown [s\src\hotspot\share\interpreter\linkResolver.cpp, line 771]
Event: 7.638 Thread 0x000001f63fb82c80 Exception <a 'java/lang/NoSuchMethodError'{0x0000000083023bc8}: 'void java.lang.invoke.DirectMethodHandle$Holder.invokeStatic(java.lang.Object, java.lang.Object, java.lang.Object, int, java.lang.Object)'> (0x0000000083023bc8) 
thrown [s\src\hotspot\share\interpreter\linkResolver.cpp, line 771]
Event: 8.116 Thread 0x000001f63fb82c80 Exception <a 'java/lang/NoSuchMethodError'{0x0000000083a88f90}: 'java.lang.Object java.lang.invoke.DirectMethodHandle$Holder.newInvokeSpecial(java.lang.Object, java.lang.Object, java.lang.Object, java.lang.Object, int, java.lang.Object)'> (0x0000000083a88f90) 
thrown [s\src\hotspot\share\interpreter\linkResolver.cpp, line 771]
Event: 8.117 Thread 0x000001f63fb82c80 Exception <a 'java/lang/NoSuchMethodError'{0x0000000083a8e2e8}: 'java.lang.Object java.lang.invoke.Invokers$Holder.linkToTargetMethod(java.lang.Object, java.lang.Object, java.lang.Object, int, java.lang.Object, java.lang.Object)'> (0x0000000083a8e2e8) 
thrown [s\src\hotspot\share\interpreter\linkResolver.cpp, line 771]
Event: 8.414 Thread 0x000001f63fb82c80 Exception <a 'java/lang/NoSuchMethodError'{0x0000000084381150}: 'long java.lang.invoke.DirectMethodHandle$Holder.invokeVirtual(java.lang.Object, java.lang.Object)'> (0x0000000084381150) 
thrown [s\src\hotspot\share\interpreter\linkResolver.cpp, line 771]
Event: 8.417 Thread 0x000001f63fdd6070 Exception <a 'java/lang/NoSuchMethodError'{0x00000000843b2438}: static Lorg/gradle/internal/build/event/types/DefaultOperationFinishedProgressEvent;.<clinit>()V> (0x00000000843b2438) 
thrown [s\src\hotspot\share\prims\jni.cpp, line 1127]
Event: 8.420 Thread 0x000001f63fdd6070 Exception <a 'java/lang/NoSuchMethodError'{0x0000000084206df0}: static Lorg/gradle/internal/build/event/types/DefaultProjectConfigurationSuccessResult;.<clinit>()V> (0x0000000084206df0) 
thrown [s\src\hotspot\share\prims\jni.cpp, line 1127]
Event: 8.421 Thread 0x000001f63fdd6070 Exception <a 'java/lang/NoSuchMethodError'{0x000000008420b5a8}: static Lorg/gradle/internal/build/event/types/AbstractProjectConfigurationResult;.<clinit>()V> (0x000000008420b5a8) 
thrown [s\src\hotspot\share\prims\jni.cpp, line 1127]
Event: 8.421 Thread 0x000001f63fdd6070 Exception <a 'java/lang/NoSuchMethodError'{0x000000008420ccf0}: static Lorg/gradle/internal/build/event/types/AbstractOperationResult;.<clinit>()V> (0x000000008420ccf0) 
thrown [s\src\hotspot\share\prims\jni.cpp, line 1127]
Event: 8.421 Thread 0x000001f63fdd6070 Exception <a 'java/lang/NoSuchMethodError'{0x000000008420e140}: static Lorg/gradle/internal/build/event/types/AbstractResult;.<clinit>()V> (0x000000008420e140) 
thrown [s\src\hotspot\share\prims\jni.cpp, line 1127]
Event: 8.423 Thread 0x000001f63fdd6070 Exception <a 'java/lang/NoSuchMethodError'{0x00000000842510a0}: static Lorg/gradle/internal/build/event/types/DefaultPluginApplicationResult;.<clinit>()V> (0x00000000842510a0) 
thrown [s\src\hotspot\share\prims\jni.cpp, line 1127]
Event: 8.424 Thread 0x000001f63fdd6070 Exception <a 'java/lang/NoSuchMethodError'{0x000000008425da90}: static Lorg/gradle/internal/build/event/types/DefaultBinaryPluginIdentifier;.<clinit>()V> (0x000000008425da90) 
thrown [s\src\hotspot\share\prims\jni.cpp, line 1127]
Event: 8.427 Thread 0x000001f63fdd6070 Exception <a 'java/lang/NoSuchMethodError'{0x00000000842a8520}: static Lorg/gradle/internal/build/event/types/DefaultScriptPluginIdentifier;.<clinit>()V> (0x00000000842a8520) 
thrown [s\src\hotspot\share\prims\jni.cpp, line 1127]
Event: 8.519 Thread 0x000001f63fb82c80 Exception <a 'java/lang/NoSuchMethodError'{0x000000008571c750}: 'void java.lang.invoke.Invokers$Holder.invoke_MT(java.lang.Object, java.lang.Object, java.lang.Object, java.lang.Object)'> (0x000000008571c750) 
thrown [s\src\hotspot\share\interpreter\linkResolver.cpp, line 771]
Event: 8.525 Thread 0x000001f63fb82c80 Exception <a 'java/lang/NoSuchMethodError'{0x000000008579d030}: 'java.lang.Object java.lang.invoke.DirectMethodHandle$Holder.invokeSpecial(java.lang.Object, java.lang.Object, java.lang.Object, int, java.lang.Object, java.lang.Object)'> (0x000000008579d030) 
thrown [s\src\hotspot\share\interpreter\linkResolver.cpp, line 771]
Event: 8.693 Thread 0x000001f63fb82c80 Exception <a 'java/lang/ClassNotFoundException'{0x0000000083f163e0}: sun/misc/SharedSecrets> (0x0000000083f163e0) 
thrown [s\src\hotspot\share\classfile\systemDictionary.cpp, line 256]
Event: 8.693 Thread 0x000001f63fb82c80 Exception <a 'java/lang/ClassNotFoundException'{0x0000000083f179b8}: org/gradle/api/internal/plugins/DefaultObjectConfigurationActionBeanInfo> (0x0000000083f179b8) 
thrown [s\src\hotspot\share\classfile\systemDictionary.cpp, line 256]
Event: 8.694 Thread 0x000001f63fb82c80 Exception <a 'java/lang/ClassNotFoundException'{0x0000000083f2dbd8}: org/gradle/api/internal/plugins/DefaultObjectConfigurationActionCustomizer> (0x0000000083f2dbd8) 
thrown [s\src\hotspot\share\classfile\systemDictionary.cpp, line 256]
Event: 10.377 Thread 0x000001f63fb82c80 Implicit null exception at 0x000001f62a959f0c to 0x000001f62a95a03e
Event: 10.530 Thread 0x000001f63fb82c80 Exception <a 'sun/nio/fs/WindowsException'{0x0000000087a4d240}> (0x0000000087a4d240) 
thrown [s\src\hotspot\share\prims\jni.cpp, line 531]

VM Operations (20 events):
Event: 9.324 Executing VM operation: G1CollectForAllocation
Event: 9.326 Executing VM operation: G1CollectForAllocation done
Event: 9.354 Executing VM operation: G1PauseRemark
Event: 9.357 Executing VM operation: G1PauseRemark done
Event: 9.370 Executing VM operation: G1PauseCleanup
Event: 9.370 Executing VM operation: G1PauseCleanup done
Event: 9.854 Executing VM operation: HandshakeAllThreads
Event: 9.854 Executing VM operation: HandshakeAllThreads done
Event: 10.014 Executing VM operation: HandshakeAllThreads
Event: 10.014 Executing VM operation: HandshakeAllThreads done
Event: 10.035 Executing VM operation: HandshakeAllThreads
Event: 10.035 Executing VM operation: HandshakeAllThreads done
Event: 10.172 Executing VM operation: G1CollectForAllocation
Event: 10.175 Executing VM operation: G1CollectForAllocation done
Event: 10.275 Executing VM operation: G1CollectForAllocation
Event: 10.278 Executing VM operation: G1CollectForAllocation done
Event: 10.331 Executing VM operation: HandshakeAllThreads
Event: 10.331 Executing VM operation: HandshakeAllThreads done
Event: 10.391 Executing VM operation: HandshakeAllThreads
Event: 10.391 Executing VM operation: HandshakeAllThreads done

Events (20 events):
Event: 10.443 loading class java/security/interfaces/XECKey
Event: 10.443 loading class java/security/interfaces/XECKey done
Event: 10.443 loading class sun/security/util/KeyUtil
Event: 10.443 loading class sun/security/util/KeyUtil done
Event: 10.444 loading class sun/security/util/Length
Event: 10.444 loading class sun/security/util/Length done
Event: 10.444 loading class javax/crypto/SecretKey
Event: 10.444 loading class javax/crypto/SecretKey done
Event: 10.445 loading class java/util/Base64
Event: 10.445 loading class java/util/Base64 done
Event: 10.446 loading class java/util/Base64$Decoder
Event: 10.446 loading class java/util/Base64$Decoder done
Event: 10.446 loading class java/util/Base64$Encoder
Event: 10.446 loading class java/util/Base64$Encoder done
Event: 10.447 loading class java/util/jar/JarVerifier$VerifierStream
Event: 10.447 loading class java/util/jar/JarVerifier$VerifierStream done
Event: 10.448 loading class sun/security/util/ManifestEntryVerifier$SunProviderHolder
Event: 10.448 loading class sun/security/util/ManifestEntryVerifier$SunProviderHolder done
Event: 10.527 loading class java/security/KeyStore$ProtectionParameter
Event: 10.527 loading class java/security/KeyStore$ProtectionParameter done


Dynamic libraries:
0x00007ff6375b0000 - 0x00007ff6375ba000 	C:\Program Files\Android\Android Studio\jbr\bin\java.exe
0x00007fffe4890000 - 0x00007fffe4aa6000 	C:\WINDOWS\SYSTEM32\ntdll.dll
0x00007fffe4020000 - 0x00007fffe40e4000 	C:\WINDOWS\System32\KERNEL32.DLL
0x00007fffe1d10000 - 0x00007fffe20b7000 	C:\WINDOWS\System32\KERNELBASE.dll
0x00007fffe2470000 - 0x00007fffe2581000 	C:\WINDOWS\System32\ucrtbase.dll
0x00007fffd2f20000 - 0x00007fffd2f3b000 	C:\Program Files\Android\Android Studio\jbr\bin\VCRUNTIME140.dll
0x00007fff9c2b0000 - 0x00007fff9c2c7000 	C:\Program Files\Android\Android Studio\jbr\bin\jli.dll
0x00007fffe33a0000 - 0x00007fffe354e000 	C:\WINDOWS\System32\USER32.dll
0x00007fffcb0d0000 - 0x00007fffcb363000 	C:\WINDOWS\WinSxS\amd64_microsoft.windows.common-controls_6595b64144ccf1df_6.0.22621.3235_none_270f74e173860f98\COMCTL32.dll
0x00007fffe2590000 - 0x00007fffe25b6000 	C:\WINDOWS\System32\win32u.dll
0x00007fffe2b60000 - 0x00007fffe2c07000 	C:\WINDOWS\System32\msvcrt.dll
0x00007fffe41f0000 - 0x00007fffe4219000 	C:\WINDOWS\System32\GDI32.dll
0x00007fffe2350000 - 0x00007fffe2469000 	C:\WINDOWS\System32\gdi32full.dll
0x00007fffe2230000 - 0x00007fffe22ca000 	C:\WINDOWS\System32\msvcp_win.dll
0x00007fffe2720000 - 0x00007fffe2751000 	C:\WINDOWS\System32\IMM32.DLL
0x00007fffd9d40000 - 0x00007fffd9d4c000 	C:\Program Files\Android\Android Studio\jbr\bin\vcruntime140_1.dll
0x00007fff665d0000 - 0x00007fff6665d000 	C:\Program Files\Android\Android Studio\jbr\bin\msvcp140.dll
0x00007fff5adc0000 - 0x00007fff5ba43000 	C:\Program Files\Android\Android Studio\jbr\bin\server\jvm.dll
0x00007fffe2aa0000 - 0x00007fffe2b52000 	C:\WINDOWS\System32\ADVAPI32.dll
0x00007fffe29d0000 - 0x00007fffe2a78000 	C:\WINDOWS\System32\sechost.dll
0x00007fffe1c70000 - 0x00007fffe1c98000 	C:\WINDOWS\System32\bcrypt.dll
0x00007fffe2c30000 - 0x00007fffe2d45000 	C:\WINDOWS\System32\RPCRT4.dll
0x00007fffe18d0000 - 0x00007fffe191d000 	C:\WINDOWS\SYSTEM32\POWRPROF.dll
0x00007fffc02d0000 - 0x00007fffc02d9000 	C:\WINDOWS\SYSTEM32\WSOCK32.dll
0x00007fffe47d0000 - 0x00007fffe4841000 	C:\WINDOWS\System32\WS2_32.dll
0x00007fffd9a50000 - 0x00007fffd9a84000 	C:\WINDOWS\SYSTEM32\WINMM.dll
0x00007fffd89f0000 - 0x00007fffd89fa000 	C:\WINDOWS\SYSTEM32\VERSION.dll
0x00007fffe18b0000 - 0x00007fffe18c3000 	C:\WINDOWS\SYSTEM32\UMPDC.dll
0x00007fffe0bd0000 - 0x00007fffe0be8000 	C:\WINDOWS\SYSTEM32\kernel.appcore.dll
0x00007fffde290000 - 0x00007fffde29a000 	C:\Program Files\Android\Android Studio\jbr\bin\jimage.dll
0x00007fffdf2f0000 - 0x00007fffdf523000 	C:\WINDOWS\SYSTEM32\DBGHELP.DLL
0x00007fffe4440000 - 0x00007fffe47c8000 	C:\WINDOWS\System32\combase.dll
0x00007fffe3e40000 - 0x00007fffe3f17000 	C:\WINDOWS\System32\OLEAUT32.dll
0x00007fffcc590000 - 0x00007fffcc5c2000 	C:\WINDOWS\SYSTEM32\dbgcore.DLL
0x00007fffe22d0000 - 0x00007fffe2349000 	C:\WINDOWS\System32\bcryptPrimitives.dll
0x00007fffb1780000 - 0x00007fffb178e000 	C:\Program Files\Android\Android Studio\jbr\bin\instrument.dll
0x00007fff9aed0000 - 0x00007fff9aef5000 	C:\Program Files\Android\Android Studio\jbr\bin\java.dll
0x00007fffaccb0000 - 0x00007fffaccc8000 	C:\Program Files\Android\Android Studio\jbr\bin\zip.dll
0x00007fffe3550000 - 0x00007fffe3dac000 	C:\WINDOWS\System32\SHELL32.dll
0x00007fffdfac0000 - 0x00007fffe03b9000 	C:\WINDOWS\SYSTEM32\windows.storage.dll
0x00007fffdf980000 - 0x00007fffdfabe000 	C:\WINDOWS\SYSTEM32\wintypes.dll
0x00007fffe40f0000 - 0x00007fffe41e3000 	C:\WINDOWS\System32\SHCORE.dll
0x00007fffe2e40000 - 0x00007fffe2e9e000 	C:\WINDOWS\System32\shlwapi.dll
0x00007fffe1ae0000 - 0x00007fffe1b01000 	C:\WINDOWS\SYSTEM32\profapi.dll
0x00007fffa55d0000 - 0x00007fffa55e9000 	C:\Program Files\Android\Android Studio\jbr\bin\net.dll
0x00007fffdb830000 - 0x00007fffdb966000 	C:\WINDOWS\SYSTEM32\WINHTTP.dll
0x00007fffe1060000 - 0x00007fffe10c9000 	C:\WINDOWS\system32\mswsock.dll
0x00007fff9c910000 - 0x00007fff9c926000 	C:\Program Files\Android\Android Studio\jbr\bin\nio.dll
0x00007fffb1f00000 - 0x00007fffb1f10000 	C:\Program Files\Android\Android Studio\jbr\bin\verify.dll
0x00007fffcd110000 - 0x00007fffcd137000 	C:\Users\LENOVO\.gradle\native\c067742578af261105cb4f569cf0c3c89f3d7b1fecec35dd04571415982c5e48\windows-amd64\native-platform.dll
0x00007fff4f5f0000 - 0x00007fff4f734000 	C:\Users\LENOVO\.gradle\native\38dada09dfb8b06ba9b0570ebf7e218e3eb74d4ef43ca46872605cf95ebc2f47\windows-amd64\native-platform-file-events.dll
0x00007fffb3670000 - 0x00007fffb3679000 	C:\Program Files\Android\Android Studio\jbr\bin\management.dll
0x00007fffb2980000 - 0x00007fffb298b000 	C:\Program Files\Android\Android Studio\jbr\bin\management_ext.dll
0x00007fffe2e10000 - 0x00007fffe2e18000 	C:\WINDOWS\System32\PSAPI.DLL
0x00007fffe12c0000 - 0x00007fffe12db000 	C:\WINDOWS\SYSTEM32\CRYPTSP.dll
0x00007fffe0b20000 - 0x00007fffe0b55000 	C:\WINDOWS\system32\rsaenh.dll
0x00007fffe1160000 - 0x00007fffe1188000 	C:\WINDOWS\SYSTEM32\USERENV.dll
0x00007fffe12e0000 - 0x00007fffe12ec000 	C:\WINDOWS\SYSTEM32\CRYPTBASE.dll
0x00007fffe0660000 - 0x00007fffe068d000 	C:\WINDOWS\SYSTEM32\IPHLPAPI.DLL
0x00007fffe2e30000 - 0x00007fffe2e39000 	C:\WINDOWS\System32\NSI.dll
0x00007fffdbf00000 - 0x00007fffdbf19000 	C:\WINDOWS\SYSTEM32\dhcpcsvc6.DLL
0x00007fffdb7d0000 - 0x00007fffdb7ef000 	C:\WINDOWS\SYSTEM32\dhcpcsvc.DLL
0x00007fffe0690000 - 0x00007fffe0789000 	C:\WINDOWS\SYSTEM32\DNSAPI.dll
0x00007fffb3ad0000 - 0x00007fffb3ad9000 	C:\Program Files\Android\Android Studio\jbr\bin\extnet.dll
0x00007fffdce40000 - 0x00007fffdce48000 	C:\WINDOWS\system32\wshunix.dll

dbghelp: loaded successfully - version: 4.0.5 - missing functions: none
symbol engine: initialized successfully - sym options: 0x614 - pdb path: .;C:\Program Files\Android\Android Studio\jbr\bin;C:\WINDOWS\SYSTEM32;C:\WINDOWS\WinSxS\amd64_microsoft.windows.common-controls_6595b64144ccf1df_6.0.22621.3235_none_270f74e173860f98;C:\Program Files\Android\Android Studio\jbr\bin\server;C:\Users\LENOVO\.gradle\native\c067742578af261105cb4f569cf0c3c89f3d7b1fecec35dd04571415982c5e48\windows-amd64;C:\Users\LENOVO\.gradle\native\38dada09dfb8b06ba9b0570ebf7e218e3eb74d4ef43ca46872605cf95ebc2f47\windows-amd64

VM Arguments:
jvm_args: --add-opens=java.base/java.util=ALL-UNNAMED --add-opens=java.base/java.lang=ALL-UNNAMED --add-opens=java.base/java.lang.invoke=ALL-UNNAMED --add-opens=java.prefs/java.util.prefs=ALL-UNNAMED --add-opens=java.base/java.nio.charset=ALL-UNNAMED --add-opens=java.base/java.net=ALL-UNNAMED --add-opens=java.base/java.util.concurrent.atomic=ALL-UNNAMED -Xmx2048m -Dfile.encoding=UTF-8 -Duser.country=US -Duser.language=en -Duser.variant -javaagent:C:\Users\LENOVO\.gradle\wrapper\dists\gradle-8.7-bin\bhs2wmbdwecv87pi65oeuq5iu\gradle-8.7\lib\agents\gradle-instrumentation-agent-8.7.jar 
java_command: org.gradle.launcher.daemon.bootstrap.GradleDaemon 8.7
java_class_path (initial): C:\Users\LENOVO\.gradle\wrapper\dists\gradle-8.7-bin\bhs2wmbdwecv87pi65oeuq5iu\gradle-8.7\lib\gradle-launcher-8.7.jar
Launcher Type: SUN_STANDARD

[Global flags]
     intx CICompilerCount                          = 4                                         {product} {ergonomic}
     uint ConcGCThreads                            = 2                                         {product} {ergonomic}
     uint G1ConcRefinementThreads                  = 8                                         {product} {ergonomic}
   size_t G1HeapRegionSize                         = 1048576                                   {product} {ergonomic}
    uintx GCDrainStackTargetSize                   = 64                                        {product} {ergonomic}
   size_t InitialHeapSize                          = 98566144                                  {product} {ergonomic}
   size_t MarkStackSize                            = 4194304                                   {product} {ergonomic}
   size_t MaxHeapSize                              = 2147483648                                {product} {command line}
   size_t MaxNewSize                               = 1287651328                                {product} {ergonomic}
   size_t MinHeapDeltaBytes                        = 1048576                                   {product} {ergonomic}
   size_t MinHeapSize                              = 8388608                                   {product} {ergonomic}
    uintx NonNMethodCodeHeapSize                   = 5839372                                {pd product} {ergonomic}
    uintx NonProfiledCodeHeapSize                  = 122909434                              {pd product} {ergonomic}
    uintx ProfiledCodeHeapSize                     = 122909434                              {pd product} {ergonomic}
    uintx ReservedCodeCacheSize                    = 251658240                              {pd product} {ergonomic}
     bool SegmentedCodeCache                       = true                                      {product} {ergonomic}
   size_t SoftMaxHeapSize                          = 2147483648                             {manageable} {ergonomic}
     bool UseCompressedClassPointers               = true                           {product lp64_product} {ergonomic}
     bool UseCompressedOops                        = true                           {product lp64_product} {ergonomic}
     bool UseG1GC                                  = true                                      {product} {ergonomic}
     bool UseLargePagesIndividualAllocation        = false                                  {pd product} {ergonomic}

Logging:
Log output configuration:
 #0: stdout all=warning uptime,level,tags
 #1: stderr all=off uptime,level,tags

Environment Variables:
PATH=C:\Program Files\Common Files\Oracle\Java\javapath;C:\Program Files (x86)\Common Files\Oracle\Java\javapath;C:\WINDOWS\system32;C:\WINDOWS;C:\WINDOWS\System32\Wbem;C:\WINDOWS\System32\WindowsPowerShell\v1.0\;C:\WINDOWS\System32\OpenSSH\;C:\xampp\php;C:\ProgramData\ComposerSetup\bin;C:\Program Files\Git\cmd;C:\Program Files\nodejs\;C:\Program Files\dotnet\;C:\Microsoft VS Code\bin;C:\Users\LENOVO\AppData\Local\Microsoft\WindowsApps;C:\Microsoft VS Code\bin;C:\Users\LENOVO\AppData\Local\GitHubDesktop\bin;C:\Users\LENOVO\AppData\Roaming\Composer\vendor\bin;C:\Users\LENOVO\AppData\Roaming\npm;C:\Users\LENOVO\Downloads\Microsoft VS Code\bin
USERNAME=LENOVO
OS=Windows_NT
PROCESSOR_IDENTIFIER=AMD64 Family 23 Model 104 Stepping 1, AuthenticAMD
TMP=C:\Users\LENOVO\AppData\Local\Temp
TEMP=C:\Users\LENOVO\AppData\Local\Temp



Periodic native trim disabled

JNI global refs:
JNI global refs: 26, weak refs: 2

JNI global refs memory usage: 843, weak refs: 841

Process memory usage:
Resident Set Size: 331100K (5% of 6150136K total physical memory with 450632K free physical memory)

OOME stack traces (most recent first):
Classloader memory used:
Loader org.gradle.internal.classloader.VisitableURLClassLoader                         : 3632K
Loader bootstrap                                                                       : 2691K
Loader org.gradle.initialization.MixInLegacyTypesClassLoader                           : 1210K
Loader org.gradle.internal.classloader.VisitableURLClassLoader$InstrumentingVisitableURLClassLoader: 758K
Loader jdk.internal.loader.ClassLoaders$PlatformClassLoader                            : 65605B
Loader jdk.internal.reflect.DelegatingClassLoader                                      : 31394B
Loader jdk.internal.loader.ClassLoaders$AppClassLoader                                 : 28714B
Loader org.gradle.internal.classloader.VisitableURLClassLoader                         : 16718B

Classes loaded by more than one classloader:
Class Program                                                                         : loaded 4 times (x 72B)
Class com.google.common.collect.Iterators$MergingIterator                             : loaded 2 times (x 79B)
Class [Lcom.google.common.collect.AbstractMapEntry;                                   : loaded 2 times (x 67B)
Class com.google.common.collect.SingletonImmutableList                                : loaded 2 times (x 167B)
Class com.google.common.cache.CacheLoader$SupplierToCacheLoader                       : loaded 2 times (x 73B)
Class org.gradle.internal.classpath.ClassPath                                         : loaded 2 times (x 68B)
Class com.google.common.cache.RemovalListener                                         : loaded 2 times (x 68B)
Class org.gradle.api.internal.classpath.DefaultModuleRegistry                         : loaded 2 times (x 84B)
Class Settings_gradle$1$1                                                             : loaded 2 times (x 72B)
Class com.google.common.collect.ListMultimap                                          : loaded 2 times (x 68B)
Class com.google.common.base.CharMatcher$JavaDigit                                    : loaded 2 times (x 109B)
Class com.google.common.base.CharMatcher$Digit                                        : loaded 2 times (x 110B)
Class com.google.common.collect.AbstractMultimap                                      : loaded 2 times (x 121B)
Class com.google.common.cache.CacheBuilder$OneWeigher                                 : loaded 2 times (x 80B)
Class org.gradle.api.Action                                                           : loaded 2 times (x 68B)
Class com.google.common.collect.ImmutableEntry                                        : loaded 2 times (x 80B)
Class com.google.common.collect.Lists$StringAsImmutableList                           : loaded 2 times (x 167B)
Class com.google.common.base.CharMatcher                                              : loaded 2 times (x 109B)
Class com.google.common.base.CharMatcher$IsNot                                        : loaded 2 times (x 109B)
Class com.google.common.base.Splitter                                                 : loaded 2 times (x 70B)
Class [Lcom.google.common.cache.Weigher;                                              : loaded 2 times (x 67B)
Class com.google.common.collect.Iterators$ArrayItr                                    : loaded 2 times (x 95B)
Class com.google.common.cache.LocalCache$Segment                                      : loaded 2 times (x 152B)
Class org.gradle.api.internal.DefaultClassPathProvider                                : loaded 2 times (x 74B)
Class org.gradle.internal.installation.GradleInstallation$1                           : loaded 2 times (x 73B)
Class org.objectweb.asm.Type                                                          : loaded 2 times (x 70B)
Class com.google.common.base.CharMatcher$BitSetMatcher                                : loaded 2 times (x 110B)
Class com.google.common.collect.ImmutableMap$IteratorBasedImmutableMap                : loaded 2 times (x 123B)
Class com.google.common.collect.ImmutableMap                                          : loaded 2 times (x 118B)
Class com.google.common.base.Converter                                                : loaded 2 times (x 88B)
Class com.google.common.collect.ImmutableSet$EmptySetBuilderImpl                      : loaded 2 times (x 74B)
Class com.google.common.base.Equivalence                                              : loaded 2 times (x 80B)
Class com.google.common.cache.LocalCache$EntryFactory$1                               : loaded 2 times (x 81B)
Class com.google.common.cache.LocalCache$EntryFactory$2                               : loaded 2 times (x 81B)
Class com.google.common.cache.LocalCache$EntryFactory$3                               : loaded 2 times (x 81B)
Class com.google.common.cache.LocalCache$EntryFactory$4                               : loaded 2 times (x 81B)
Class com.google.common.cache.LocalCache$EntryFactory$5                               : loaded 2 times (x 81B)
Class com.google.common.cache.LocalCache$EntryFactory$6                               : loaded 2 times (x 81B)
Class com.google.common.cache.LocalCache$EntryFactory$7                               : loaded 2 times (x 81B)
Class com.google.common.cache.LocalCache$EntryFactory$8                               : loaded 2 times (x 81B)
Class com.google.common.base.Predicate                                                : loaded 2 times (x 68B)
Class org.gradle.internal.classloader.FilteringClassLoader                            : loaded 2 times (x 103B)
Class com.google.common.collect.RegularImmutableSet                                   : loaded 2 times (x 146B)
Class [Lcom.google.common.cache.LocalCache$Strength;                                  : loaded 2 times (x 67B)
Class org.gradle.internal.classpath.DefaultClassPath$ImmutableUniqueList$Builder      : loaded 2 times (x 73B)
Class com.google.common.collect.Maps$8                                                : loaded 2 times (x 80B)
Class [Lcom.google.common.cache.CacheBuilder$NullListener;                            : loaded 2 times (x 67B)
Class com.google.common.base.PatternCompiler                                          : loaded 2 times (x 68B)
Class com.google.common.base.CharMatcher$InRange                                      : loaded 2 times (x 109B)
Class com.google.common.collect.BiMap                                                 : loaded 2 times (x 68B)
Class com.google.common.collect.Lists                                                 : loaded 2 times (x 69B)
Class com.google.common.math.IntMath$1                                                : loaded 2 times (x 69B)
Class org.gradle.internal.classloader.ClassLoaderVisitor                              : loaded 2 times (x 74B)
Class com.google.common.cache.CacheBuilder$NullListener                               : loaded 2 times (x 80B)
Class com.google.common.math.MathPreconditions                                        : loaded 2 times (x 69B)
Class org.gradle.internal.service.DefaultServiceLocator                               : loaded 2 times (x 81B)
Class org.gradle.internal.service.UnknownServiceException                             : loaded 2 times (x 81B)
Class com.google.common.collect.ArrayListMultimap                                     : loaded 2 times (x 170B)
Class com.google.common.base.Strings                                                  : loaded 2 times (x 69B)
Class com.google.common.cache.CacheLoader$InvalidCacheLoadException                   : loaded 2 times (x 80B)
Class org.gradle.internal.classloader.DefaultClassLoaderFactory                       : loaded 2 times (x 80B)
Class com.google.common.collect.UnmodifiableIterator                                  : loaded 2 times (x 78B)
Class com.google.common.base.Platform$JdkPatternCompiler                              : loaded 2 times (x 73B)
Class com.google.common.cache.LocalCache$LoadingValueReference                        : loaded 2 times (x 94B)
Class com.google.common.base.CharMatcher$SingleWidth                                  : loaded 2 times (x 110B)
Class com.google.common.collect.Hashing                                               : loaded 2 times (x 69B)
Class com.google.common.base.JdkPattern                                               : loaded 2 times (x 73B)
Class com.google.common.collect.Multimap                                              : loaded 2 times (x 68B)
Class com.google.common.base.FunctionalEquivalence                                    : loaded 2 times (x 81B)
Class com.google.common.cache.LocalCache$1                                            : loaded 2 times (x 87B)
Class com.google.common.cache.LocalCache$2                                            : loaded 2 times (x 140B)
Class com.google.common.collect.RegularImmutableBiMap                                 : loaded 2 times (x 146B)
Class org.gradle.internal.classloader.VisitableURLClassLoader$Spec                    : loaded 2 times (x 72B)
Class org.gradle.api.GradleException                                                  : loaded 2 times (x 80B)
Class com.google.common.base.CharMatcher$JavaLetterOrDigit                            : loaded 2 times (x 109B)
Class org.gradle.api.internal.classpath.ModuleRegistry                                : loaded 2 times (x 68B)
Class com.google.common.cache.CacheBuilder                                            : loaded 2 times (x 70B)
Class com.google.common.collect.ImmutableCollection                                   : loaded 2 times (x 123B)
Class com.google.common.base.PairwiseEquivalence                                      : loaded 2 times (x 81B)
Class com.google.common.base.Ticker                                                   : loaded 2 times (x 70B)
Class org.gradle.api.internal.ClassPathProvider                                       : loaded 2 times (x 68B)
Class com.google.common.collect.RegularImmutableMap$Values                            : loaded 2 times (x 167B)
Class org.gradle.internal.classloader.ClasspathUtil$1                                 : loaded 2 times (x 74B)
Class com.google.common.collect.ImmutableEnumMap                                      : loaded 2 times (x 123B)
Class com.google.common.collect.ImmutableList$ReverseImmutableList                    : loaded 2 times (x 168B)
Class com.google.common.cache.AbstractCache$StatsCounter                              : loaded 2 times (x 68B)
Class com.google.common.cache.LocalCache$Strength$1                                   : loaded 2 times (x 79B)
Class com.google.common.cache.LocalCache$Strength$2                                   : loaded 2 times (x 79B)
Class com.google.common.cache.LocalCache$Strength$3                                   : loaded 2 times (x 79B)
Class org.gradle.internal.classloader.ClassLoaderFactory                              : loaded 2 times (x 68B)
Class com.google.common.collect.ObjectArrays                                          : loaded 2 times (x 69B)
Class com.google.common.collect.Iterators$10                                          : loaded 2 times (x 79B)
Class com.google.common.collect.ImmutableList                                         : loaded 2 times (x 166B)
Class org.gradle.api.internal.classpath.ManifestUtil                                  : loaded 2 times (x 69B)
Class org.gradle.api.specs.Spec                                                       : loaded 2 times (x 68B)
Class com.google.common.cache.CacheLoader$UnsupportedLoadingOperationException        : loaded 2 times (x 80B)
Class com.google.common.base.CharMatcher$Whitespace                                   : loaded 2 times (x 110B)
Class com.google.common.util.concurrent.ListenableFuture                              : loaded 2 times (x 68B)
Class com.google.common.collect.Iterators$1                                           : loaded 2 times (x 79B)
Class com.google.common.collect.Iterators$4                                           : loaded 2 times (x 80B)
Class com.google.common.collect.RegularImmutableMap$BucketOverflowException           : loaded 2 times (x 80B)
Class com.google.common.collect.Iterators$5                                           : loaded 2 times (x 80B)
Class com.google.common.base.Equivalence$Equals                                       : loaded 2 times (x 80B)
Class com.google.common.base.Preconditions                                            : loaded 2 times (x 69B)
Class com.google.common.base.Function                                                 : loaded 2 times (x 68B)
Class com.google.common.collect.Iterators$9                                           : loaded 2 times (x 79B)
Class org.gradle.internal.IoActions                                                   : loaded 2 times (x 69B)
Class com.google.common.cache.ReferenceEntry                                          : loaded 2 times (x 68B)
Class com.google.common.collect.RegularImmutableMap$KeySet                            : loaded 2 times (x 148B)
Class com.google.common.collect.CollectPreconditions                                  : loaded 2 times (x 69B)
Class com.google.common.collect.Maps                                                  : loaded 2 times (x 69B)
Class com.google.common.collect.RegularImmutableMap                                   : loaded 2 times (x 119B)
Class com.google.common.collect.AbstractIndexedListIterator                           : loaded 2 times (x 94B)
Class com.google.common.base.CharMatcher$None                                         : loaded 2 times (x 110B)
Class org.gradle.api.internal.classpath.EffectiveClassPath                            : loaded 2 times (x 88B)
Class com.google.common.collect.UnmodifiableListIterator                              : loaded 2 times (x 93B)
Class com.google.common.cache.CacheLoader$FunctionToCacheLoader                       : loaded 2 times (x 73B)
Class com.google.common.cache.CacheBuilder$1                                          : loaded 2 times (x 83B)
Class com.google.common.cache.CacheBuilder$2                                          : loaded 2 times (x 70B)
Class com.google.common.collect.ImmutableList$1                                       : loaded 2 times (x 95B)
Class com.google.common.base.Splitter$Strategy                                        : loaded 2 times (x 68B)
Class com.google.common.collect.ImmutableMapEntrySet$RegularEntrySet                  : loaded 2 times (x 149B)
Class [Lcom.google.common.cache.RemovalListener;                                      : loaded 2 times (x 67B)
Class [Lcom.google.common.collect.ImmutableMapEntry;                                  : loaded 2 times (x 67B)
Class org.gradle.internal.installation.CurrentGradleInstallation                      : loaded 2 times (x 71B)
Class org.gradle.internal.agents.InstrumentingClassLoader                             : loaded 2 times (x 68B)
Class org.gradle.internal.installation.CurrentGradleInstallationLocator               : loaded 2 times (x 69B)
Class [Lcom.google.common.cache.LocalCache$Segment;                                   : loaded 2 times (x 67B)
Class org.gradle.api.internal.classpath.Module                                        : loaded 2 times (x 68B)
Class com.google.common.base.Splitter$1$1                                             : loaded 2 times (x 84B)
Class com.google.common.collect.ImmutableSet$JdkBackedSetBuilderImpl                  : loaded 2 times (x 74B)
Class com.google.common.collect.ImmutableSet$RegularSetBuilderImpl                    : loaded 2 times (x 75B)
Class org.gradle.internal.service.CachingServiceLocator                               : loaded 2 times (x 80B)
Class [Lcom.google.common.collect.ImmutableEntry;                                     : loaded 2 times (x 67B)
Class org.gradle.internal.classpath.DefaultClassPath                                  : loaded 2 times (x 88B)
Class com.google.common.base.Splitter$SplittingIterator                               : loaded 2 times (x 82B)
Class com.google.common.cache.LocalCache$LocalManualCache$1                           : loaded 2 times (x 73B)
Class Build_gradle$1                                                                  : loaded 2 times (x 76B)
Class [Lcom.google.common.cache.LocalCache$EntryFactory;                              : loaded 2 times (x 67B)
Class com.google.common.base.CharMatcher$Is                                           : loaded 2 times (x 109B)
Class com.google.common.base.Platform                                                 : loaded 2 times (x 69B)
Class com.google.common.collect.RegularImmutableAsList                                : loaded 2 times (x 176B)
Class com.google.common.collect.PeekingIterator                                       : loaded 2 times (x 68B)
Class com.google.common.collect.ImmutableMapEntrySet                                  : loaded 2 times (x 149B)
Class com.google.common.cache.CacheLoader                                             : loaded 2 times (x 72B)
Class com.google.common.collect.ImmutableBiMapFauxverideShim                          : loaded 2 times (x 118B)
Class com.google.common.cache.Cache                                                   : loaded 2 times (x 68B)
Class org.gradle.internal.classloader.SystemClassLoaderSpec                           : loaded 2 times (x 69B)
Class com.google.common.collect.SingletonImmutableSet                                 : loaded 2 times (x 144B)
Class [Lcom.google.common.base.AbstractIterator$State;                                : loaded 2 times (x 67B)
Class com.google.common.collect.ImmutableMap$Builder                                  : loaded 2 times (x 80B)
Class com.google.common.base.AbstractIterator                                         : loaded 2 times (x 78B)
Class com.google.common.base.AbstractIterator$1                                       : loaded 2 times (x 69B)
Class [Lcom.google.common.cache.CacheBuilder$OneWeigher;                              : loaded 2 times (x 67B)
Class com.google.common.collect.Iterators                                             : loaded 2 times (x 69B)
Class com.google.common.base.CharMatcher$1                                            : loaded 2 times (x 111B)
Class com.google.common.base.CharMatcher$Ascii                                        : loaded 2 times (x 110B)
Class com.google.common.cache.LocalCache$ComputingValueReference                      : loaded 2 times (x 94B)
Class org.gradle.api.UncheckedIOException                                             : loaded 2 times (x 80B)
Class com.google.common.base.CharMatcher$And                                          : loaded 2 times (x 110B)
Class com.google.common.collect.IndexedImmutableSet                                   : loaded 2 times (x 148B)
Class com.google.common.collect.AbstractListMultimap                                  : loaded 2 times (x 170B)
Class com.google.common.base.CharMatcher$Any                                          : loaded 2 times (x 110B)
Class org.gradle.internal.installation.GradleInstallation                             : loaded 2 times (x 73B)
Class com.google.common.cache.LocalCache$Strength                                     : loaded 2 times (x 79B)
Class com.google.common.collect.ArrayListMultimapGwtSerializationDependencies         : loaded 2 times (x 170B)
Class com.google.common.base.CharMatcher$RangesMatcher                                : loaded 2 times (x 110B)
Class com.google.common.collect.ImmutableList$SubList                                 : loaded 2 times (x 168B)
Class com.google.common.cache.LocalCache$ValueReference                               : loaded 2 times (x 68B)
Class org.gradle.internal.classloader.ClasspathUtil                                   : loaded 2 times (x 69B)
Class com.google.common.base.Splitter$1                                               : loaded 2 times (x 75B)
Class com.google.common.base.Ticker$1                                                 : loaded 2 times (x 70B)
Class com.google.common.collect.Maps$BiMapConverter                                   : loaded 2 times (x 88B)
Class org.gradle.api.internal.DefaultClassPathRegistry                                : loaded 2 times (x 74B)
Class com.google.common.collect.ImmutableSet$SetBuilderImpl                           : loaded 2 times (x 74B)
Class org.gradle.api.internal.classpath.DefaultModuleRegistry$DefaultModule           : loaded 2 times (x 84B)
Class com.google.common.base.CharMatcher$JavaIsoControl                               : loaded 2 times (x 110B)
Class com.google.common.collect.ImmutableMap$1                                        : loaded 2 times (x 79B)
Class com.google.common.base.CharMatcher$Or                                           : loaded 2 times (x 110B)
Class org.gradle.kotlin.dsl.VersionCatalogAccessorsKt                                 : loaded 2 times (x 69B)
Class com.google.common.base.Suppliers$SupplierOfInstance                             : loaded 2 times (x 77B)
Class com.google.common.collect.Iterables                                             : loaded 2 times (x 69B)
Class com.google.common.base.CharMatcher$JavaLowerCase                                : loaded 2 times (x 109B)
Class org.gradle.api.internal.classpath.UnknownModuleException                        : loaded 2 times (x 80B)
Class com.google.common.collect.Maps$EntryTransformer                                 : loaded 2 times (x 68B)
Class com.google.common.collect.ImmutableCollection$Builder                           : loaded 2 times (x 74B)
Class com.google.common.collect.SingletonImmutableBiMap                               : loaded 2 times (x 141B)
Class com.google.common.base.CommonPattern                                            : loaded 2 times (x 72B)
Class com.google.common.base.Suppliers                                                : loaded 2 times (x 69B)
Class com.google.common.cache.LoadingCache                                            : loaded 2 times (x 68B)
Class org.gradle.internal.service.ServiceLookupException                              : loaded 2 times (x 80B)
Class org.gradle.cache.GlobalCache                                                    : loaded 2 times (x 68B)
Class com.google.common.base.CharMatcher$NegatedFastMatcher                           : loaded 2 times (x 111B)
Class [Lorg.gradle.api.internal.ClassPathProvider;                                    : loaded 2 times (x 67B)
Class org.gradle.util.internal.GUtil                                                  : loaded 2 times (x 69B)
Class com.google.common.math.IntMath                                                  : loaded 2 times (x 69B)
Class com.google.common.collect.AbstractIterator                                      : loaded 2 times (x 80B)
Class org.gradle.internal.classloader.ClassLoaderSpec                                 : loaded 2 times (x 69B)
Class com.google.common.base.NullnessCasts                                            : loaded 2 times (x 69B)
Class com.google.common.cache.LocalCache$LocalManualCache                             : loaded 2 times (x 97B)
Class com.google.common.collect.AbstractMapEntry                                      : loaded 2 times (x 79B)
Class com.google.common.base.CharMatcher$Negated                                      : loaded 2 times (x 111B)
Class com.google.common.cache.CacheLoader$1                                           : loaded 2 times (x 73B)
Class com.google.common.collect.ImmutableSet$Builder                                  : loaded 2 times (x 83B)
Class com.google.common.base.CharMatcher$ForPredicate                                 : loaded 2 times (x 110B)
Class com.google.common.collect.ImmutableMap$MapViewOfValuesAsSingletonSets           : loaded 2 times (x 123B)
Class com.google.common.base.MoreObjects                                              : loaded 2 times (x 69B)
Class com.google.common.collect.SortedMapDifference                                   : loaded 2 times (x 68B)
Class com.google.common.cache.CacheStats                                              : loaded 2 times (x 69B)
Class org.gradle.internal.classloader.VisitableURLClassLoader                         : loaded 2 times (x 115B)
Class com.google.common.cache.LocalCache$LocalLoadingCache                            : loaded 2 times (x 132B)
Class com.google.common.base.Supplier                                                 : loaded 2 times (x 68B)
Class com.google.common.collect.ImmutableBiMap                                        : loaded 2 times (x 141B)
Class org.gradle.internal.Cast                                                        : loaded 2 times (x 69B)
Class Build_gradle                                                                    : loaded 2 times (x 70B)
Class org.gradle.api.internal.ClassPathRegistry                                       : loaded 2 times (x 68B)
Class com.google.common.cache.LocalCache$EntryFactory                                 : loaded 2 times (x 81B)
Class com.google.common.util.concurrent.UncheckedExecutionException                   : loaded 2 times (x 80B)
Class com.google.common.collect.ImmutableSet                                          : loaded 2 times (x 143B)
Class org.gradle.internal.classloader.VisitableURLClassLoader$InstrumentingVisitableURLClassLoader: loaded 2 times (x 121B)
Class org.gradle.internal.classloader.ClassLoaderHierarchy                            : loaded 2 times (x 68B)
Class [Lorg.objectweb.asm.Type;                                                       : loaded 2 times (x 67B)
Class com.google.common.base.AbstractIterator$State                                   : loaded 2 times (x 77B)
Class com.google.common.cache.Weigher                                                 : loaded 2 times (x 68B)
Class com.google.common.base.CharMatcher$NamedFastMatcher                             : loaded 2 times (x 110B)
Class org.gradle.internal.InternalTransformer                                         : loaded 2 times (x 68B)
Class org.gradle.internal.service.ServiceLocator                                      : loaded 2 times (x 68B)
Class Settings_gradle$1                                                               : loaded 2 times (x 72B)
Class com.google.common.collect.ImmutableMapEntry                                     : loaded 2 times (x 83B)
Class com.google.common.base.CharMatcher$Invisible                                    : loaded 2 times (x 110B)
Class com.google.common.base.CharMatcher$FastMatcher                                  : loaded 2 times (x 109B)
Class org.gradle.internal.classpath.DefaultClassPath$ImmutableUniqueList              : loaded 2 times (x 159B)
Class com.google.common.base.CharMatcher$JavaLetter                                   : loaded 2 times (x 109B)
Class org.gradle.internal.classpath.TransformedClassPath                              : loaded 2 times (x 94B)
Class com.google.common.collect.MapDifference                                         : loaded 2 times (x 68B)
Class Settings_gradle                                                                 : loaded 2 times (x 126B)
Class com.google.common.collect.Platform                                              : loaded 2 times (x 69B)
Class com.google.common.collect.ImmutableAsList                                       : loaded 2 times (x 169B)
Class com.google.common.util.concurrent.ExecutionError                                : loaded 2 times (x 80B)
Class com.google.common.base.Equivalence$Identity                                     : loaded 2 times (x 80B)
Class com.google.common.base.CharMatcher$AnyOf                                        : loaded 2 times (x 110B)
Class com.google.common.base.CharMatcher$IsEither                                     : loaded 2 times (x 109B)
Class com.google.common.cache.LocalCache                                              : loaded 2 times (x 185B)
Class com.google.common.collect.RegularImmutableList                                  : loaded 2 times (x 172B)
Class com.google.common.base.CharMatcher$JavaUpperCase                                : loaded 2 times (x 109B)
Class com.google.common.collect.Multiset                                              : loaded 2 times (x 68B)
Class com.google.common.collect.ImmutableSet$CachingAsList                            : loaded 2 times (x 145B)
Class com.google.common.collect.ImmutableMapEntry$NonTerminalImmutableMapEntry        : loaded 2 times (x 83B)
Class com.google.common.collect.AbstractMapBasedMultimap                              : loaded 2 times (x 137B)


---------------  S Y S T E M  ---------------

OS:
 Windows 11 , 64 bit Build 22621 (10.0.22621.3374)
OS uptime: 0 days 4:35 hours
Hyper-V role detected

CPU: total 8 (initial active 8) (8 cores per cpu, 2 threads per core) family 23 model 104 stepping 1 microcode 0x0, cx8, cmov, fxsr, ht, mmx, 3dnowpref, sse, sse2, sse3, ssse3, sse4a, sse4.1, sse4.2, popcnt, lzcnt, tsc, tscinvbit, avx, avx2, aes, clmul, bmi1, bmi2, adx, sha, fma, vzeroupper, clflush, clflushopt, hv
Processor Information for processor 0
  Max Mhz: 2600, Current Mhz: 2600, Mhz Limit: 2600
Processor Information for processor 1
  Max Mhz: 2600, Current Mhz: 2080, Mhz Limit: 2600
Processor Information for processor 2
  Max Mhz: 2600, Current Mhz: 2600, Mhz Limit: 2600
Processor Information for processor 3
  Max Mhz: 2600, Current Mhz: 2600, Mhz Limit: 2600
Processor Information for processor 4
  Max Mhz: 2600, Current Mhz: 2600, Mhz Limit: 2600
Processor Information for processor 5
  Max Mhz: 2600, Current Mhz: 2080, Mhz Limit: 2600
Processor Information for processor 6
  Max Mhz: 2600, Current Mhz: 2080, Mhz Limit: 2600
Processor Information for processor 7
  Max Mhz: 2600, Current Mhz: 2600, Mhz Limit: 2600

Memory: 4k page, system-wide physical 6005M (440M free)
TotalPageFile size 17331M (AvailPageFile size 6M)
current process WorkingSet (physical memory assigned to process): 323M, peak: 324M
current process commit charge ("private bytes"): 365M, peak: 367M

vm_info: OpenJDK 64-Bit Server VM (17.0.11+0--11852314) for windows-amd64 JRE (17.0.11+0--11852314), built on May 16 2024 21:29:20 by "androidbuild" with MS VC++ 16.10 / 16.11 (VS2019)

END.
