#
# There is insufficient memory for the Java Runtime Environment to continue.
# Native memory allocation (malloc) failed to allocate 2384816 bytes. Error detail: Chunk::new
# Possible reasons:
#   The system is out of physical RAM or swap space
#   This process is running with CompressedOops enabled, and the Java Heap may be blocking the growth of the native heap
# Possible solutions:
#   Reduce memory load on the system
#   Increase physical memory or swap space
#   Check if swap backing store is full
#   Decrease Java heap size (-Xmx/-Xms)
#   Decrease number of Java threads
#   Decrease Java thread stack sizes (-Xss)
#   Set larger code cache with -XX:ReservedCodeCacheSize=
#   JVM is running with Unscaled Compressed Oops mode in which the Java heap is
#     placed in the first 4GB address space. The Java Heap base address is the
#     maximum limit for the native heap growth. Please use -XX:HeapBaseMinAddress
#     to set the Java Heap base and to place the Java Heap above 4GB virtual address.
# This output file may be truncated or incomplete.
#
#  Out of Memory Error (arena.cpp:191), pid=15508, tid=4016
#
# JRE version: OpenJDK Runtime Environment (17.0.11) (build 17.0.11+0--11852314)
# Java VM: OpenJDK 64-Bit Server VM (17.0.11+0--11852314, mixed mode, tiered, compressed oops, compressed class ptrs, g1 gc, windows-amd64)
# No core dump will be written. Minidumps are not enabled by default on client versions of Windows
#

---------------  S U M M A R Y ------------

Command Line: --add-opens=java.base/java.util=ALL-UNNAMED --add-opens=java.base/java.lang=ALL-UNNAMED --add-opens=java.base/java.lang.invoke=ALL-UNNAMED --add-opens=java.prefs/java.util.prefs=ALL-UNNAMED --add-opens=java.base/java.nio.charset=ALL-UNNAMED --add-opens=java.base/java.net=ALL-UNNAMED --add-opens=java.base/java.util.concurrent.atomic=ALL-UNNAMED -Xmx2048m -Dfile.encoding=UTF-8 -Duser.country=US -Duser.language=en -Duser.variant -javaagent:C:\Users\LENOVO\.gradle\wrapper\dists\gradle-8.7-bin\bhs2wmbdwecv87pi65oeuq5iu\gradle-8.7\lib\agents\gradle-instrumentation-agent-8.7.jar org.gradle.launcher.daemon.bootstrap.GradleDaemon 8.7

Host: AMD Ryzen 3 5300U with Radeon Graphics         , 8 cores, 5G,  Windows 11 , 64 bit Build 22621 (10.0.22621.3374)
Time: Tue Feb 25 14:21:11 2025 SE Asia Standard Time elapsed time: 8.518821 seconds (0d 0h 0m 8s)

---------------  T H R E A D  ---------------

Current thread (0x00000214f10b9590):  JavaThread "C2 CompilerThread0" daemon [_thread_in_native, id=4016, stack(0x000000783e200000,0x000000783e300000)]


Current CompileTask:
C2:   8518 6775   !   4       java.net.URLClassLoader::findClass (47 bytes)

Stack: [0x000000783e200000,0x000000783e300000]
Native frames: (J=compiled Java code, j=interpreted, Vv=VM code, C=native code)
V  [jvm.dll+0x687bb9]
V  [jvm.dll+0x84142a]
V  [jvm.dll+0x8430ae]
V  [jvm.dll+0x843713]
V  [jvm.dll+0x24a35f]
V  [jvm.dll+0xac544]
V  [jvm.dll+0xacb8c]
V  [jvm.dll+0x369c37]
V  [jvm.dll+0x33416a]
V  [jvm.dll+0x33360a]
V  [jvm.dll+0x21bed1]
V  [jvm.dll+0x21b311]
V  [jvm.dll+0x1a63ed]
V  [jvm.dll+0x22b1ee]
V  [jvm.dll+0x229375]
V  [jvm.dll+0x7f5647]
V  [jvm.dll+0x7efa4a]
V  [jvm.dll+0x686a35]
C  [ucrtbase.dll+0x29333]
C  [KERNEL32.DLL+0x1257d]
C  [ntdll.dll+0x5aa48]


---------------  P R O C E S S  ---------------

Threads class SMR info:
_java_thread_list=0x00000214fa177050, length=49, elements={
0x00000214d70c9de0, 0x00000214f1092010, 0x00000214f1092e90, 0x00000214f10b3010,
0x00000214f10b4c50, 0x00000214f10b5e20, 0x00000214f10b87f0, 0x00000214f10b9590,
0x00000214f10c5550, 0x00000214f10c5f50, 0x00000214f11caf30, 0x00000214f13e7520,
0x00000214f1421200, 0x00000214f7dd7010, 0x00000214f7731020, 0x00000214f7400b90,
0x00000214f6aa4fd0, 0x00000214f7251020, 0x00000214f6974970, 0x00000214f6be4360,
0x00000214f7b1aee0, 0x00000214f7b1c830, 0x00000214f7b1b3f0, 0x00000214f7b1cd40,
0x00000214f7b1be10, 0x00000214f7b1d250, 0x00000214f7b1b900, 0x00000214f7b1dc70,
0x00000214f7b1c320, 0x00000214f7b1a4c0, 0x00000214f7b1a9d0, 0x00000214f7c23aa0,
0x00000214f7c1f8d0, 0x00000214f7c22b70, 0x00000214f7c253f0, 0x00000214f7c249d0,
0x00000214f7c24ee0, 0x00000214f7c23fb0, 0x00000214f7c22660, 0x00000214f7c1fde0,
0x00000214f7c202f0, 0x00000214f7c23590, 0x00000214f7c20800, 0x00000214f7c20d10,
0x00000214f7c21220, 0x00000214f7c1f3c0, 0x00000214f7c21730, 0x00000214f7c21c40,
0x00000214f7c1eeb0
}

Java Threads: ( => current thread )
  0x00000214d70c9de0 JavaThread "main" [_thread_blocked, id=10944, stack(0x000000783d500000,0x000000783d600000)]
  0x00000214f1092010 JavaThread "Reference Handler" daemon [_thread_blocked, id=20472, stack(0x000000783dc00000,0x000000783dd00000)]
  0x00000214f1092e90 JavaThread "Finalizer" daemon [_thread_blocked, id=21532, stack(0x000000783dd00000,0x000000783de00000)]
  0x00000214f10b3010 JavaThread "Signal Dispatcher" daemon [_thread_blocked, id=19524, stack(0x000000783de00000,0x000000783df00000)]
  0x00000214f10b4c50 JavaThread "Attach Listener" daemon [_thread_blocked, id=20220, stack(0x000000783df00000,0x000000783e000000)]
  0x00000214f10b5e20 JavaThread "Service Thread" daemon [_thread_blocked, id=17204, stack(0x000000783e000000,0x000000783e100000)]
  0x00000214f10b87f0 JavaThread "Monitor Deflation Thread" daemon [_thread_blocked, id=2060, stack(0x000000783e100000,0x000000783e200000)]
=>0x00000214f10b9590 JavaThread "C2 CompilerThread0" daemon [_thread_in_native, id=4016, stack(0x000000783e200000,0x000000783e300000)]
  0x00000214f10c5550 JavaThread "C1 CompilerThread0" daemon [_thread_blocked, id=7752, stack(0x000000783e300000,0x000000783e400000)]
  0x00000214f10c5f50 JavaThread "Sweeper thread" daemon [_thread_blocked, id=22604, stack(0x000000783e400000,0x000000783e500000)]
  0x00000214f11caf30 JavaThread "Common-Cleaner" daemon [_thread_blocked, id=18128, stack(0x000000783e500000,0x000000783e600000)]
  0x00000214f13e7520 JavaThread "Notification Thread" daemon [_thread_blocked, id=1132, stack(0x000000783e600000,0x000000783e700000)]
  0x00000214f1421200 JavaThread "C2 CompilerThread1" daemon [_thread_blocked, id=12572, stack(0x000000783e800000,0x000000783e900000)]
  0x00000214f7dd7010 JavaThread "Daemon health stats" [_thread_blocked, id=17756, stack(0x000000783ed00000,0x000000783ee00000)]
  0x00000214f7731020 JavaThread "Incoming local TCP Connector on port 54290" [_thread_in_native, id=20776, stack(0x000000783ee00000,0x000000783ef00000)]
  0x00000214f7400b90 JavaThread "Daemon periodic checks" [_thread_blocked, id=10408, stack(0x000000783ef00000,0x000000783f000000)]
  0x00000214f6aa4fd0 JavaThread "Daemon" [_thread_blocked, id=22224, stack(0x000000783f000000,0x000000783f100000)]
  0x00000214f7251020 JavaThread "Handler for socket connection from /127.0.0.1:54290 to /127.0.0.1:54291" [_thread_in_native, id=5536, stack(0x000000783f100000,0x000000783f200000)]
  0x00000214f6974970 JavaThread "Cancel handler" [_thread_blocked, id=17200, stack(0x000000783f200000,0x000000783f300000)]
  0x00000214f6be4360 JavaThread "Daemon worker" [_thread_in_Java, id=7368, stack(0x000000783f300000,0x000000783f400000)]
  0x00000214f7b1aee0 JavaThread "Asynchronous log dispatcher for DefaultDaemonConnection: socket connection from /127.0.0.1:54290 to /127.0.0.1:54291" [_thread_blocked, id=17128, stack(0x000000783f400000,0x000000783f500000)]
  0x00000214f7b1c830 JavaThread "Stdin handler" [_thread_blocked, id=8776, stack(0x000000783f500000,0x000000783f600000)]
  0x00000214f7b1b3f0 JavaThread "Daemon client event forwarder" [_thread_blocked, id=14280, stack(0x000000783f600000,0x000000783f700000)]
  0x00000214f7b1cd40 JavaThread "Cache worker for journal cache (C:\Users\LENOVO\.gradle\caches\journal-1)" [_thread_blocked, id=15504, stack(0x000000783fb00000,0x000000783fc00000)]
  0x00000214f7b1be10 JavaThread "File lock request listener" [_thread_in_native, id=17440, stack(0x000000783fc00000,0x000000783fd00000)]
  0x00000214f7b1d250 JavaThread "Cache worker for file hash cache (C:\Users\LENOVO\.gradle\caches\8.7\fileHashes)" [_thread_blocked, id=17188, stack(0x000000783fd00000,0x000000783fe00000)]
  0x00000214f7b1b900 JavaThread "Cache worker for file hash cache (D:\Catering Ukom\.gradle\8.7\fileHashes)" [_thread_blocked, id=13524, stack(0x000000783fe00000,0x000000783ff00000)]
  0x00000214f7b1dc70 JavaThread "File watcher server" daemon [_thread_in_native, id=16076, stack(0x000000783ff00000,0x0000007840000000)]
  0x00000214f7b1c320 JavaThread "File watcher consumer" daemon [_thread_blocked, id=3196, stack(0x0000007840000000,0x0000007840100000)]
  0x00000214f7b1a4c0 JavaThread "Cache worker for checksums cache (D:\Catering Ukom\.gradle\8.7\checksums)" [_thread_blocked, id=8324, stack(0x0000007840100000,0x0000007840200000)]
  0x00000214f7b1a9d0 JavaThread "Cache worker for cache directory md-supplier (C:\Users\LENOVO\.gradle\caches\8.7\md-supplier)" [_thread_blocked, id=22900, stack(0x0000007840200000,0x0000007840300000)]
  0x00000214f7c23aa0 JavaThread "Cache worker for cache directory md-rule (C:\Users\LENOVO\.gradle\caches\8.7\md-rule)" [_thread_blocked, id=5384, stack(0x0000007840300000,0x0000007840400000)]
  0x00000214f7c1f8d0 JavaThread "Cache worker for file content cache (C:\Users\LENOVO\.gradle\caches\8.7\fileContent)" [_thread_blocked, id=11244, stack(0x0000007840400000,0x0000007840500000)]
  0x00000214f7c22b70 JavaThread "Cache worker for Build Output Cleanup Cache (D:\Catering Ukom\.gradle\buildOutputCleanup)" [_thread_blocked, id=12076, stack(0x0000007840600000,0x0000007840700000)]
  0x00000214f7c253f0 JavaThread "Unconstrained build operations" [_thread_blocked, id=8716, stack(0x0000007840700000,0x0000007840800000)]
  0x00000214f7c249d0 JavaThread "Unconstrained build operations Thread 2" [_thread_blocked, id=9028, stack(0x0000007840800000,0x0000007840900000)]
  0x00000214f7c24ee0 JavaThread "Unconstrained build operations Thread 3" [_thread_blocked, id=3876, stack(0x0000007840900000,0x0000007840a00000)]
  0x00000214f7c23fb0 JavaThread "Unconstrained build operations Thread 4" [_thread_blocked, id=9360, stack(0x0000007840a00000,0x0000007840b00000)]
  0x00000214f7c22660 JavaThread "Unconstrained build operations Thread 5" [_thread_blocked, id=18512, stack(0x0000007840b00000,0x0000007840c00000)]
  0x00000214f7c1fde0 JavaThread "Unconstrained build operations Thread 6" [_thread_blocked, id=1216, stack(0x0000007840c00000,0x0000007840d00000)]
  0x00000214f7c202f0 JavaThread "Unconstrained build operations Thread 7" [_thread_blocked, id=23404, stack(0x0000007840d00000,0x0000007840e00000)]
  0x00000214f7c23590 JavaThread "Unconstrained build operations Thread 8" [_thread_blocked, id=18876, stack(0x0000007840e00000,0x0000007840f00000)]
  0x00000214f7c20800 JavaThread "Unconstrained build operations Thread 9" [_thread_blocked, id=23180, stack(0x0000007840f00000,0x0000007841000000)]
  0x00000214f7c20d10 JavaThread "Unconstrained build operations Thread 10" [_thread_blocked, id=10448, stack(0x0000007841000000,0x0000007841100000)]
  0x00000214f7c21220 JavaThread "Unconstrained build operations Thread 11" [_thread_blocked, id=15432, stack(0x0000007841100000,0x0000007841200000)]
  0x00000214f7c1f3c0 JavaThread "Unconstrained build operations Thread 12" [_thread_blocked, id=15712, stack(0x0000007841200000,0x0000007841300000)]
  0x00000214f7c21730 JavaThread "Unconstrained build operations Thread 13" [_thread_blocked, id=19532, stack(0x0000007841300000,0x0000007841400000)]
  0x00000214f7c21c40 JavaThread "Unconstrained build operations Thread 14" [_thread_blocked, id=20264, stack(0x0000007841400000,0x0000007841500000)]
  0x00000214f7c1eeb0 JavaThread "build event listener" [_thread_blocked, id=11584, stack(0x0000007841500000,0x0000007841600000)]

Other Threads:
  0x00000214f0ed56f0 VMThread "VM Thread" [stack: 0x000000783db00000,0x000000783dc00000] [id=16588]
  0x00000214f13d0020 WatcherThread [stack: 0x000000783e700000,0x000000783e800000] [id=13184]
  0x00000214d7124f80 GCTaskThread "GC Thread#0" [stack: 0x000000783d600000,0x000000783d700000] [id=15804]
  0x00000214f647ca90 GCTaskThread "GC Thread#1" [stack: 0x000000783e900000,0x000000783ea00000] [id=23548]
  0x00000214f63f5230 GCTaskThread "GC Thread#2" [stack: 0x000000783ea00000,0x000000783eb00000] [id=16800]
  0x00000214f1596650 GCTaskThread "GC Thread#3" [stack: 0x000000783eb00000,0x000000783ec00000] [id=5664]
  0x00000214f642d420 GCTaskThread "GC Thread#4" [stack: 0x000000783ec00000,0x000000783ed00000] [id=21936]
  0x00000214f739b660 GCTaskThread "GC Thread#5" [stack: 0x000000783f700000,0x000000783f800000] [id=7420]
  0x00000214f739bbe0 GCTaskThread "GC Thread#6" [stack: 0x000000783f800000,0x000000783f900000] [id=18680]
  0x00000214f739ab60 GCTaskThread "GC Thread#7" [stack: 0x000000783f900000,0x000000783fa00000] [id=18136]
  0x00000214d71366e0 ConcurrentGCThread "G1 Main Marker" [stack: 0x000000783d700000,0x000000783d800000] [id=7968]
  0x00000214d7137100 ConcurrentGCThread "G1 Conc#0" [stack: 0x000000783d800000,0x000000783d900000] [id=23372]
  0x00000214f739b920 ConcurrentGCThread "G1 Conc#1" [stack: 0x000000783fa00000,0x000000783fb00000] [id=7568]
  0x00000214d717df30 ConcurrentGCThread "G1 Refine#0" [stack: 0x000000783d900000,0x000000783da00000] [id=15648]
  0x00000214f91998d0 ConcurrentGCThread "G1 Refine#1" [stack: 0x0000007840500000,0x0000007840600000] [id=8744]
  0x00000214d717e960 ConcurrentGCThread "G1 Service" [stack: 0x000000783da00000,0x000000783db00000] [id=21536]

Threads with active compile tasks:
C2 CompilerThread0     8535 6775   !   4       java.net.URLClassLoader::findClass (47 bytes)

VM state: not at safepoint (normal execution)

VM Mutex/Monitor currently owned by a thread:  ([mutex/lock_event])
[0x00000214d70c9380] MethodCompileQueue_lock - owner thread: 0x00000214f6be4360

Heap address: 0x0000000080000000, size: 2048 MB, Compressed Oops mode: 32-bit

CDS archive(s) not mapped
Compressed class space mapped at: 0x0000000100000000-0x0000000140000000, reserved size: 1073741824
Narrow klass base: 0x0000000000000000, Narrow klass shift: 3, Narrow klass range: 0x140000000

GC Precious Log:
 CPUs: 8 total, 8 available
 Memory: 6005M
 Large Page Support: Disabled
 NUMA Support: Disabled
 Compressed Oops: Enabled (32-bit)
 Heap Region Size: 1M
 Heap Min Capacity: 8M
 Heap Initial Capacity: 94M
 Heap Max Capacity: 2G
 Pre-touch: Disabled
 Parallel Workers: 8
 Concurrent Workers: 2
 Concurrent Refinement Workers: 8
 Periodic GC: Disabled

Heap:
 garbage-first heap   total 99328K, used 67790K [0x0000000080000000, 0x0000000100000000)
  region size 1024K, 14 young (14336K), 1 survivors (1024K)
 Metaspace       used 63003K, committed 63616K, reserved 1114112K
  class space    used 8563K, committed 8832K, reserved 1048576K

Heap Regions: E=young(eden), S=young(survivor), O=old, HS=humongous(starts), HC=humongous(continues), CS=collection set, F=free, OA=open archive, CA=closed archive, TAMS=top-at-mark-start (previous, next)
|   0|0x0000000080000000, 0x0000000080100000, 0x0000000080100000|100%|HS|  |TAMS 0x0000000080100000, 0x0000000080000000| Complete 
|   1|0x0000000080100000, 0x0000000080200000, 0x0000000080200000|100%|HC|  |TAMS 0x0000000080200000, 0x0000000080100000| Complete 
|   2|0x0000000080200000, 0x0000000080300000, 0x0000000080300000|100%|HC|  |TAMS 0x0000000080300000, 0x0000000080200000| Complete 
|   3|0x0000000080300000, 0x0000000080400000, 0x0000000080400000|100%|HC|  |TAMS 0x0000000080400000, 0x0000000080300000| Complete 
|   4|0x0000000080400000, 0x0000000080500000, 0x0000000080500000|100%| O|  |TAMS 0x0000000080500000, 0x0000000080400000| Untracked 
|   5|0x0000000080500000, 0x0000000080600000, 0x0000000080600000|100%| O|  |TAMS 0x0000000080600000, 0x0000000080500000| Untracked 
|   6|0x0000000080600000, 0x0000000080700000, 0x0000000080700000|100%| O|  |TAMS 0x0000000080700000, 0x0000000080600000| Untracked 
|   7|0x0000000080700000, 0x0000000080800000, 0x0000000080800000|100%| O|  |TAMS 0x0000000080800000, 0x0000000080700000| Untracked 
|   8|0x0000000080800000, 0x0000000080900000, 0x0000000080900000|100%| O|  |TAMS 0x0000000080900000, 0x0000000080800000| Untracked 
|   9|0x0000000080900000, 0x0000000080a00000, 0x0000000080a00000|100%| O|  |TAMS 0x0000000080a00000, 0x0000000080900000| Untracked 
|  10|0x0000000080a00000, 0x0000000080b00000, 0x0000000080b00000|100%| O|  |TAMS 0x0000000080b00000, 0x0000000080a00000| Untracked 
|  11|0x0000000080b00000, 0x0000000080c00000, 0x0000000080c00000|100%| O|  |TAMS 0x0000000080c00000, 0x0000000080b00000| Untracked 
|  12|0x0000000080c00000, 0x0000000080d00000, 0x0000000080d00000|100%| O|  |TAMS 0x0000000080d00000, 0x0000000080c00000| Untracked 
|  13|0x0000000080d00000, 0x0000000080e00000, 0x0000000080e00000|100%| O|  |TAMS 0x0000000080e00000, 0x0000000080d00000| Untracked 
|  14|0x0000000080e00000, 0x0000000080f00000, 0x0000000080f00000|100%| O|  |TAMS 0x0000000080f00000, 0x0000000080e00000| Untracked 
|  15|0x0000000080f00000, 0x0000000081000000, 0x0000000081000000|100%| O|  |TAMS 0x0000000081000000, 0x0000000080f00000| Untracked 
|  16|0x0000000081000000, 0x0000000081100000, 0x0000000081100000|100%| O|  |TAMS 0x0000000081100000, 0x0000000081000000| Untracked 
|  17|0x0000000081100000, 0x0000000081200000, 0x0000000081200000|100%| O|  |TAMS 0x0000000081200000, 0x0000000081100000| Untracked 
|  18|0x0000000081200000, 0x0000000081300000, 0x0000000081300000|100%| O|  |TAMS 0x0000000081300000, 0x0000000081200000| Untracked 
|  19|0x0000000081300000, 0x0000000081400000, 0x0000000081400000|100%| O|  |TAMS 0x0000000081300000, 0x0000000081300000| Untracked 
|  20|0x0000000081400000, 0x0000000081500000, 0x0000000081500000|100%| O|  |TAMS 0x0000000081500000, 0x0000000081400000| Untracked 
|  21|0x0000000081500000, 0x0000000081600000, 0x0000000081600000|100%| O|  |TAMS 0x0000000081600000, 0x0000000081500000| Untracked 
|  22|0x0000000081600000, 0x0000000081700000, 0x0000000081700000|100%| O|  |TAMS 0x0000000081700000, 0x0000000081600000| Untracked 
|  23|0x0000000081700000, 0x0000000081800000, 0x0000000081800000|100%| O|  |TAMS 0x0000000081800000, 0x0000000081700000| Untracked 
|  24|0x0000000081800000, 0x0000000081900000, 0x0000000081900000|100%| O|  |TAMS 0x0000000081900000, 0x0000000081800000| Untracked 
|  25|0x0000000081900000, 0x0000000081a00000, 0x0000000081a00000|100%| O|  |TAMS 0x0000000081a00000, 0x0000000081900000| Untracked 
|  26|0x0000000081a00000, 0x0000000081b00000, 0x0000000081b00000|100%| O|  |TAMS 0x0000000081b00000, 0x0000000081a00000| Untracked 
|  27|0x0000000081b00000, 0x0000000081c00000, 0x0000000081c00000|100%| O|  |TAMS 0x0000000081c00000, 0x0000000081b00000| Untracked 
|  28|0x0000000081c00000, 0x0000000081d00000, 0x0000000081d00000|100%| O|  |TAMS 0x0000000081d00000, 0x0000000081c00000| Untracked 
|  29|0x0000000081d00000, 0x0000000081e00000, 0x0000000081e00000|100%| O|  |TAMS 0x0000000081e00000, 0x0000000081d00000| Untracked 
|  30|0x0000000081e00000, 0x0000000081f00000, 0x0000000081f00000|100%| O|  |TAMS 0x0000000081f00000, 0x0000000081e00000| Untracked 
|  31|0x0000000081f00000, 0x0000000082000000, 0x0000000082000000|100%| O|  |TAMS 0x0000000082000000, 0x0000000081f00000| Untracked 
|  32|0x0000000082000000, 0x0000000082100000, 0x0000000082100000|100%| O|  |TAMS 0x0000000082100000, 0x0000000082000000| Untracked 
|  33|0x0000000082100000, 0x0000000082100000, 0x0000000082200000|  0%| F|  |TAMS 0x0000000082100000, 0x0000000082100000| Untracked 
|  34|0x0000000082200000, 0x0000000082300000, 0x0000000082300000|100%| O|  |TAMS 0x0000000082300000, 0x0000000082200000| Untracked 
|  35|0x0000000082300000, 0x0000000082400000, 0x0000000082400000|100%| O|  |TAMS 0x0000000082400000, 0x0000000082300000| Untracked 
|  36|0x0000000082400000, 0x0000000082500000, 0x0000000082500000|100%|HS|  |TAMS 0x0000000082500000, 0x0000000082400000| Complete 
|  37|0x0000000082500000, 0x0000000082600000, 0x0000000082600000|100%|HS|  |TAMS 0x0000000082600000, 0x0000000082500000| Complete 
|  38|0x0000000082600000, 0x0000000082700000, 0x0000000082700000|100%|HS|  |TAMS 0x0000000082700000, 0x0000000082600000| Complete 
|  39|0x0000000082700000, 0x0000000082800000, 0x0000000082800000|100%|HS|  |TAMS 0x0000000082800000, 0x0000000082700000| Complete 
|  40|0x0000000082800000, 0x0000000082900000, 0x0000000082900000|100%| O|  |TAMS 0x0000000082900000, 0x0000000082800000| Untracked 
|  41|0x0000000082900000, 0x0000000082a00000, 0x0000000082a00000|100%| O|  |TAMS 0x0000000082a00000, 0x0000000082900000| Untracked 
|  42|0x0000000082a00000, 0x0000000082b00000, 0x0000000082b00000|100%| O|  |TAMS 0x0000000082b00000, 0x0000000082a00000| Untracked 
|  43|0x0000000082b00000, 0x0000000082c00000, 0x0000000082c00000|100%| O|  |TAMS 0x0000000082c00000, 0x0000000082b00000| Untracked 
|  44|0x0000000082c00000, 0x0000000082d00000, 0x0000000082d00000|100%| O|  |TAMS 0x0000000082d00000, 0x0000000082c00000| Untracked 
|  45|0x0000000082d00000, 0x0000000082e00000, 0x0000000082e00000|100%| O|  |TAMS 0x0000000082e00000, 0x0000000082d00000| Untracked 
|  46|0x0000000082e00000, 0x0000000082f00000, 0x0000000082f00000|100%|HS|  |TAMS 0x0000000082f00000, 0x0000000082e00000| Complete 
|  47|0x0000000082f00000, 0x0000000083000000, 0x0000000083000000|100%|HS|  |TAMS 0x0000000083000000, 0x0000000082f00000| Complete 
|  48|0x0000000083000000, 0x0000000083100000, 0x0000000083100000|100%| O|  |TAMS 0x0000000083100000, 0x0000000083000000| Untracked 
|  49|0x0000000083100000, 0x0000000083200000, 0x0000000083200000|100%| O|  |TAMS 0x0000000083200000, 0x0000000083100000| Untracked 
|  50|0x0000000083200000, 0x0000000083300000, 0x0000000083300000|100%| O|  |TAMS 0x0000000083300000, 0x0000000083200000| Untracked 
|  51|0x0000000083300000, 0x0000000083400000, 0x0000000083400000|100%| O|  |TAMS 0x0000000083400000, 0x0000000083300000| Untracked 
|  52|0x0000000083400000, 0x0000000083500000, 0x0000000083500000|100%| O|  |TAMS 0x0000000083500000, 0x0000000083400000| Untracked 
|  53|0x0000000083500000, 0x0000000083600000, 0x0000000083600000|100%| O|  |TAMS 0x0000000083600000, 0x0000000083500000| Untracked 
|  54|0x0000000083600000, 0x0000000083700000, 0x0000000083700000|100%| O|  |TAMS 0x00000000836b2000, 0x0000000083600000| Untracked 
|  55|0x0000000083700000, 0x0000000083711600, 0x0000000083800000|  6%| O|  |TAMS 0x0000000083700000, 0x0000000083700000| Untracked 
|  56|0x0000000083800000, 0x0000000083800000, 0x0000000083900000|  0%| F|  |TAMS 0x0000000083800000, 0x0000000083800000| Untracked 
|  57|0x0000000083900000, 0x0000000083900000, 0x0000000083a00000|  0%| F|  |TAMS 0x0000000083900000, 0x0000000083900000| Untracked 
|  58|0x0000000083a00000, 0x0000000083a00000, 0x0000000083b00000|  0%| F|  |TAMS 0x0000000083a00000, 0x0000000083a00000| Untracked 
|  59|0x0000000083b00000, 0x0000000083b00000, 0x0000000083c00000|  0%| F|  |TAMS 0x0000000083b00000, 0x0000000083b00000| Untracked 
|  60|0x0000000083c00000, 0x0000000083c00000, 0x0000000083d00000|  0%| F|  |TAMS 0x0000000083c00000, 0x0000000083c00000| Untracked 
|  61|0x0000000083d00000, 0x0000000083d00000, 0x0000000083e00000|  0%| F|  |TAMS 0x0000000083d00000, 0x0000000083d00000| Untracked 
|  62|0x0000000083e00000, 0x0000000083e00000, 0x0000000083f00000|  0%| F|  |TAMS 0x0000000083e00000, 0x0000000083e00000| Untracked 
|  63|0x0000000083f00000, 0x0000000083f00000, 0x0000000084000000|  0%| F|  |TAMS 0x0000000083f00000, 0x0000000083f00000| Untracked 
|  64|0x0000000084000000, 0x0000000084000000, 0x0000000084100000|  0%| F|  |TAMS 0x0000000084000000, 0x0000000084000000| Untracked 
|  65|0x0000000084100000, 0x0000000084100000, 0x0000000084200000|  0%| F|  |TAMS 0x0000000084100000, 0x0000000084100000| Untracked 
|  66|0x0000000084200000, 0x0000000084200000, 0x0000000084300000|  0%| F|  |TAMS 0x0000000084200000, 0x0000000084200000| Untracked 
|  67|0x0000000084300000, 0x0000000084300000, 0x0000000084400000|  0%| F|  |TAMS 0x0000000084300000, 0x0000000084300000| Untracked 
|  68|0x0000000084400000, 0x0000000084400000, 0x0000000084500000|  0%| F|  |TAMS 0x0000000084400000, 0x0000000084400000| Untracked 
|  69|0x0000000084500000, 0x0000000084500000, 0x0000000084600000|  0%| F|  |TAMS 0x0000000084500000, 0x0000000084500000| Untracked 
|  70|0x0000000084600000, 0x0000000084600000, 0x0000000084700000|  0%| F|  |TAMS 0x0000000084600000, 0x0000000084600000| Untracked 
|  71|0x0000000084700000, 0x0000000084700000, 0x0000000084800000|  0%| F|  |TAMS 0x0000000084700000, 0x0000000084700000| Untracked 
|  72|0x0000000084800000, 0x0000000084800000, 0x0000000084900000|  0%| F|  |TAMS 0x0000000084800000, 0x0000000084800000| Untracked 
|  73|0x0000000084900000, 0x0000000084900000, 0x0000000084a00000|  0%| F|  |TAMS 0x0000000084900000, 0x0000000084900000| Untracked 
|  74|0x0000000084a00000, 0x0000000084a00000, 0x0000000084b00000|  0%| F|  |TAMS 0x0000000084a00000, 0x0000000084a00000| Untracked 
|  75|0x0000000084b00000, 0x0000000084b00000, 0x0000000084c00000|  0%| F|  |TAMS 0x0000000084b00000, 0x0000000084b00000| Untracked 
|  76|0x0000000084c00000, 0x0000000084c00000, 0x0000000084d00000|  0%| F|  |TAMS 0x0000000084c00000, 0x0000000084c00000| Untracked 
|  77|0x0000000084d00000, 0x0000000084d00000, 0x0000000084e00000|  0%| F|  |TAMS 0x0000000084d00000, 0x0000000084d00000| Untracked 
|  78|0x0000000084e00000, 0x0000000084e00000, 0x0000000084f00000|  0%| F|  |TAMS 0x0000000084e00000, 0x0000000084e00000| Untracked 
|  79|0x0000000084f00000, 0x0000000084f00000, 0x0000000085000000|  0%| F|  |TAMS 0x0000000084f00000, 0x0000000084f00000| Untracked 
|  80|0x0000000085000000, 0x0000000085000000, 0x0000000085100000|  0%| F|  |TAMS 0x0000000085000000, 0x0000000085000000| Untracked 
|  81|0x0000000085100000, 0x0000000085100000, 0x0000000085200000|  0%| F|  |TAMS 0x0000000085100000, 0x0000000085100000| Untracked 
|  82|0x0000000085200000, 0x0000000085200000, 0x0000000085300000|  0%| F|  |TAMS 0x0000000085200000, 0x0000000085200000| Untracked 
|  83|0x0000000085300000, 0x000000008536d9d0, 0x0000000085400000| 42%| E|  |TAMS 0x0000000085300000, 0x0000000085300000| Complete 
|  84|0x0000000085400000, 0x0000000085500000, 0x0000000085500000|100%| E|CS|TAMS 0x0000000085400000, 0x0000000085400000| Complete 
|  85|0x0000000085500000, 0x0000000085600000, 0x0000000085600000|100%| E|CS|TAMS 0x0000000085500000, 0x0000000085500000| Complete 
|  86|0x0000000085600000, 0x0000000085700000, 0x0000000085700000|100%| E|CS|TAMS 0x0000000085600000, 0x0000000085600000| Complete 
|  87|0x0000000085700000, 0x0000000085800000, 0x0000000085800000|100%| E|CS|TAMS 0x0000000085700000, 0x0000000085700000| Complete 
|  88|0x0000000085800000, 0x0000000085900000, 0x0000000085900000|100%| E|CS|TAMS 0x0000000085800000, 0x0000000085800000| Complete 
|  89|0x0000000085900000, 0x0000000085a00000, 0x0000000085a00000|100%| E|CS|TAMS 0x0000000085900000, 0x0000000085900000| Complete 
|  90|0x0000000085a00000, 0x0000000085b00000, 0x0000000085b00000|100%| E|CS|TAMS 0x0000000085a00000, 0x0000000085a00000| Complete 
|  91|0x0000000085b00000, 0x0000000085c00000, 0x0000000085c00000|100%| E|CS|TAMS 0x0000000085b00000, 0x0000000085b00000| Complete 
|  92|0x0000000085c00000, 0x0000000085d00000, 0x0000000085d00000|100%| E|CS|TAMS 0x0000000085c00000, 0x0000000085c00000| Complete 
|  93|0x0000000085d00000, 0x0000000085e00000, 0x0000000085e00000|100%| E|CS|TAMS 0x0000000085d00000, 0x0000000085d00000| Complete 
|  94|0x0000000085e00000, 0x0000000085e22468, 0x0000000085f00000| 13%| S|CS|TAMS 0x0000000085e00000, 0x0000000085e00000| Complete 
|  95|0x0000000085f00000, 0x0000000086000000, 0x0000000086000000|100%| E|CS|TAMS 0x0000000085f00000, 0x0000000085f00000| Complete 
|  96|0x0000000086000000, 0x0000000086100000, 0x0000000086100000|100%| E|CS|TAMS 0x0000000086000000, 0x0000000086000000| Complete 

Card table byte_map: [0x00000214e9cd0000,0x00000214ea0d0000] _byte_map_base: 0x00000214e98d0000

Marking Bits (Prev, Next): (CMBitMap*) 0x00000214d7125db0, (CMBitMap*) 0x00000214d7125df0
 Prev Bits: [0x00000214ea4d0000, 0x00000214ec4d0000)
 Next Bits: [0x00000214ec4d0000, 0x00000214ee4d0000)

Polling page: 0x00000214d5030000

Metaspace:

Usage:
  Non-class:     53.17 MB used.
      Class:      8.36 MB used.
       Both:     61.53 MB used.

Virtual space:
  Non-class space:       64.00 MB reserved,      53.50 MB ( 84%) committed,  1 nodes.
      Class space:        1.00 GB reserved,       8.62 MB ( <1%) committed,  1 nodes.
             Both:        1.06 GB reserved,      62.12 MB (  6%) committed. 

Chunk freelists:
   Non-Class:  9.91 MB
       Class:  7.28 MB
        Both:  17.19 MB

MaxMetaspaceSize: unlimited
CompressedClassSpaceSize: 1.00 GB
Initial GC threshold: 21.00 MB
Current GC threshold: 98.56 MB
CDS: off
MetaspaceReclaimPolicy: balanced
 - commit_granule_bytes: 65536.
 - commit_granule_words: 8192.
 - virtual_space_node_default_size: 8388608.
 - enlarge_chunks_in_place: 1.
 - new_chunks_are_fully_committed: 0.
 - uncommit_free_chunks: 1.
 - use_allocation_guard: 0.
 - handle_deallocations: 1.


Internal statistics:

num_allocs_failed_limit: 6.
num_arena_births: 740.
num_arena_deaths: 0.
num_vsnodes_births: 2.
num_vsnodes_deaths: 0.
num_space_committed: 994.
num_space_uncommitted: 0.
num_chunks_returned_to_freelist: 6.
num_chunks_taken_from_freelist: 2927.
num_chunk_merges: 6.
num_chunk_splits: 1918.
num_chunks_enlarged: 1290.
num_inconsistent_stats: 0.

CodeHeap 'non-profiled nmethods': size=120000Kb used=3081Kb max_used=3081Kb free=116918Kb
 bounds [0x00000214e2070000, 0x00000214e2380000, 0x00000214e95a0000]
CodeHeap 'profiled nmethods': size=120000Kb used=11123Kb max_used=11123Kb free=108876Kb
 bounds [0x00000214da5a0000, 0x00000214db080000, 0x00000214e1ad0000]
CodeHeap 'non-nmethods': size=5760Kb used=1636Kb max_used=1684Kb free=4123Kb
 bounds [0x00000214e1ad0000, 0x00000214e1d40000, 0x00000214e2070000]
 total_blobs=6756 nmethods=6044 adapters=624
 compilation: enabled
              stopped_count=0, restarted_count=0
 full_count=0

Compilation events (20 events):
Event: 8.331 Thread 0x00000214f10c5550 nmethod 6778 0x00000214db07a590 code [0x00000214db07a7a0, 0x00000214db07ad98]
Event: 8.332 Thread 0x00000214f10c5550 6779  s    3       org.gradle.internal.classloader.VisitableURLClassLoader::getUserData (48 bytes)
Event: 8.332 Thread 0x00000214f10c5550 nmethod 6779 0x00000214db07b190 code [0x00000214db07b380, 0x00000214db07b958]
Event: 8.368 Thread 0x00000214f1421200 nmethod 6740 0x00000214e2360e90 code [0x00000214e23612a0, 0x00000214e2366640]
Event: 8.368 Thread 0x00000214f1421200 6776       4       java.net.URLClassLoader$1::<init> (15 bytes)
Event: 8.369 Thread 0x00000214f1421200 nmethod 6776 0x00000214e2369210 code [0x00000214e2369380, 0x00000214e23695b8]
Event: 8.369 Thread 0x00000214f1421200 6756       4       java.io.File::isInvalid (47 bytes)
Event: 8.371 Thread 0x00000214f1421200 nmethod 6756 0x00000214e2369610 code [0x00000214e23697a0, 0x00000214e2369a38]
Event: 8.371 Thread 0x00000214f1421200 6780       4       jdk.internal.ref.PhantomCleanable::clean (16 bytes)
Event: 8.374 Thread 0x00000214f1421200 nmethod 6780 0x00000214e2369c10 code [0x00000214e2369da0, 0x00000214e236a308]
Event: 8.374 Thread 0x00000214f1421200 6763       4       org.gradle.internal.reflect.MethodSet::add (50 bytes)
Event: 8.462 Thread 0x00000214f1421200 nmethod 6763 0x00000214e236a510 code [0x00000214e236a7e0, 0x00000214e236d650]
Event: 8.464 Thread 0x00000214f1421200 6781       4       java.lang.ClassLoader::getDefinedPackage (36 bytes)
Event: 8.484 Thread 0x00000214f1421200 nmethod 6781 0x00000214e236ee90 code [0x00000214e236f0a0, 0x00000214e2370088]
Event: 8.488 Thread 0x00000214f1421200 6782       4       jdk.internal.org.objectweb.asm.Attribute::computeAttributesSize (62 bytes)
Event: 8.489 Thread 0x00000214f1421200 nmethod 6782 0x00000214e2370b10 code [0x00000214e2370c80, 0x00000214e2370d58]
Event: 8.495 Thread 0x00000214f10c5550 6783       3       java.util.Collections::eq (22 bytes)
Event: 8.495 Thread 0x00000214f10c5550 nmethod 6783 0x00000214db07bb10 code [0x00000214db07bcc0, 0x00000214db07bf28]
Event: 8.513 Thread 0x00000214f10c5550 6784       3       java.lang.invoke.MethodHandle::bindArgumentL (10 bytes)
Event: 8.513 Thread 0x00000214f10c5550 nmethod 6784 0x00000214db07c010 code [0x00000214db07c200, 0x00000214db07c868]

GC Heap History (20 events):
Event: 5.469 GC heap before
{Heap before GC invocations=11 (full 0):
 garbage-first heap   total 75776K, used 56545K [0x0000000080000000, 0x0000000100000000)
  region size 1024K, 29 young (29696K), 2 survivors (2048K)
 Metaspace       used 45867K, committed 46336K, reserved 1114112K
  class space    used 6224K, committed 6464K, reserved 1048576K
}
Event: 5.473 GC heap after
{Heap after GC invocations=12 (full 0):
 garbage-first heap   total 91136K, used 31848K [0x0000000080000000, 0x0000000100000000)
  region size 1024K, 4 young (4096K), 4 survivors (4096K)
 Metaspace       used 45867K, committed 46336K, reserved 1114112K
  class space    used 6224K, committed 6464K, reserved 1048576K
}
Event: 6.063 GC heap before
{Heap before GC invocations=12 (full 0):
 garbage-first heap   total 91136K, used 69736K [0x0000000080000000, 0x0000000100000000)
  region size 1024K, 41 young (41984K), 4 survivors (4096K)
 Metaspace       used 50829K, committed 51328K, reserved 1114112K
  class space    used 7009K, committed 7232K, reserved 1048576K
}
Event: 6.067 GC heap after
{Heap after GC invocations=13 (full 0):
 garbage-first heap   total 91136K, used 34086K [0x0000000080000000, 0x0000000100000000)
  region size 1024K, 5 young (5120K), 5 survivors (5120K)
 Metaspace       used 50829K, committed 51328K, reserved 1114112K
  class space    used 7009K, committed 7232K, reserved 1048576K
}
Event: 6.801 GC heap before
{Heap before GC invocations=13 (full 0):
 garbage-first heap   total 91136K, used 71974K [0x0000000080000000, 0x0000000100000000)
  region size 1024K, 41 young (41984K), 5 survivors (5120K)
 Metaspace       used 55502K, committed 56000K, reserved 1114112K
  class space    used 7627K, committed 7872K, reserved 1048576K
}
Event: 6.806 GC heap after
{Heap after GC invocations=14 (full 0):
 garbage-first heap   total 91136K, used 36829K [0x0000000080000000, 0x0000000100000000)
  region size 1024K, 5 young (5120K), 5 survivors (5120K)
 Metaspace       used 55502K, committed 56000K, reserved 1114112K
  class space    used 7627K, committed 7872K, reserved 1048576K
}
Event: 7.298 GC heap before
{Heap before GC invocations=14 (full 0):
 garbage-first heap   total 91136K, used 71645K [0x0000000080000000, 0x0000000100000000)
  region size 1024K, 39 young (39936K), 5 survivors (5120K)
 Metaspace       used 56496K, committed 57024K, reserved 1114112K
  class space    used 7738K, committed 8000K, reserved 1048576K
}
Event: 7.304 GC heap after
{Heap after GC invocations=15 (full 0):
 garbage-first heap   total 91136K, used 40368K [0x0000000080000000, 0x0000000100000000)
  region size 1024K, 5 young (5120K), 5 survivors (5120K)
 Metaspace       used 56496K, committed 57024K, reserved 1114112K
  class space    used 7738K, committed 8000K, reserved 1048576K
}
Event: 7.584 GC heap before
{Heap before GC invocations=15 (full 0):
 garbage-first heap   total 91136K, used 64944K [0x0000000080000000, 0x0000000100000000)
  region size 1024K, 27 young (27648K), 5 survivors (5120K)
 Metaspace       used 57173K, committed 57728K, reserved 1114112K
  class space    used 7839K, committed 8128K, reserved 1048576K
}
Event: 7.589 GC heap after
{Heap after GC invocations=16 (full 0):
 garbage-first heap   total 91136K, used 49793K [0x0000000080000000, 0x0000000100000000)
  region size 1024K, 5 young (5120K), 5 survivors (5120K)
 Metaspace       used 57173K, committed 57728K, reserved 1114112K
  class space    used 7839K, committed 8128K, reserved 1048576K
}
Event: 7.855 GC heap before
{Heap before GC invocations=17 (full 0):
 garbage-first heap   total 91136K, used 72321K [0x0000000080000000, 0x0000000100000000)
  region size 1024K, 24 young (24576K), 5 survivors (5120K)
 Metaspace       used 58364K, committed 58880K, reserved 1114112K
  class space    used 8004K, committed 8256K, reserved 1048576K
}
Event: 7.858 GC heap after
{Heap after GC invocations=18 (full 0):
 garbage-first heap   total 91136K, used 55329K [0x0000000080000000, 0x0000000100000000)
  region size 1024K, 3 young (3072K), 3 survivors (3072K)
 Metaspace       used 58364K, committed 58880K, reserved 1114112K
  class space    used 8004K, committed 8256K, reserved 1048576K
}
Event: 7.868 GC heap before
{Heap before GC invocations=18 (full 0):
 garbage-first heap   total 91136K, used 56353K [0x0000000080000000, 0x0000000100000000)
  region size 1024K, 4 young (4096K), 3 survivors (3072K)
 Metaspace       used 58411K, committed 59008K, reserved 1114112K
  class space    used 8016K, committed 8320K, reserved 1048576K
}
Event: 7.870 GC heap after
{Heap after GC invocations=19 (full 0):
 garbage-first heap   total 91136K, used 55284K [0x0000000080000000, 0x0000000100000000)
  region size 1024K, 1 young (1024K), 1 survivors (1024K)
 Metaspace       used 58411K, committed 59008K, reserved 1114112K
  class space    used 8016K, committed 8320K, reserved 1048576K
}
Event: 8.091 GC heap before
{Heap before GC invocations=19 (full 0):
 garbage-first heap   total 91136K, used 70644K [0x0000000080000000, 0x0000000100000000)
  region size 1024K, 17 young (17408K), 1 survivors (1024K)
 Metaspace       used 59740K, committed 60416K, reserved 1114112K
  class space    used 8199K, committed 8512K, reserved 1048576K
}
Event: 8.092 GC heap after
{Heap after GC invocations=20 (full 0):
 garbage-first heap   total 91136K, used 55474K [0x0000000080000000, 0x0000000100000000)
  region size 1024K, 1 young (1024K), 1 survivors (1024K)
 Metaspace       used 59740K, committed 60416K, reserved 1114112K
  class space    used 8199K, committed 8512K, reserved 1048576K
}
Event: 8.337 GC heap before
{Heap before GC invocations=21 (full 0):
 garbage-first heap   total 99328K, used 71858K [0x0000000080000000, 0x0000000100000000)
  region size 1024K, 18 young (18432K), 1 survivors (1024K)
 Metaspace       used 61165K, committed 61760K, reserved 1114112K
  class space    used 8382K, committed 8704K, reserved 1048576K
}
Event: 8.339 GC heap after
{Heap after GC invocations=22 (full 0):
 garbage-first heap   total 99328K, used 56239K [0x0000000080000000, 0x0000000100000000)
  region size 1024K, 2 young (2048K), 2 survivors (2048K)
 Metaspace       used 61165K, committed 61760K, reserved 1114112K
  class space    used 8382K, committed 8704K, reserved 1048576K
}
Event: 8.359 GC heap before
{Heap before GC invocations=22 (full 0):
 garbage-first heap   total 99328K, used 58287K [0x0000000080000000, 0x0000000100000000)
  region size 1024K, 4 young (4096K), 2 survivors (2048K)
 Metaspace       used 61475K, committed 62080K, reserved 1114112K
  class space    used 8397K, committed 8704K, reserved 1048576K
}
Event: 8.361 GC heap after
{Heap after GC invocations=23 (full 0):
 garbage-first heap   total 99328K, used 55502K [0x0000000080000000, 0x0000000100000000)
  region size 1024K, 1 young (1024K), 1 survivors (1024K)
 Metaspace       used 61475K, committed 62080K, reserved 1114112K
  class space    used 8397K, committed 8704K, reserved 1048576K
}

Dll operation events (3 events):
Event: 0.009 Loaded shared library C:\Program Files\Android\Android Studio\jbr\bin\java.dll
Event: 0.132 Loaded shared library C:\Program Files\Android\Android Studio\jbr\bin\zip.dll
Event: 0.567 Loaded shared library C:\Program Files\Android\Android Studio\jbr\bin\verify.dll

Deoptimization events (20 events):
Event: 8.279 Thread 0x00000214f6be4360 Uncommon trap: trap_request=0xffffff45 fr.pc=0x00000214e233cd54 relative=0x0000000000000454
Event: 8.279 Thread 0x00000214f6be4360 Uncommon trap: reason=unstable_if action=reinterpret pc=0x00000214e233cd54 method=org.gradle.internal.service.DefaultServiceRegistry$OwnServices.getService(Ljava/lang/reflect/Type;)Lorg/gradle/internal/service/Service; @ 27 c2
Event: 8.279 Thread 0x00000214f6be4360 DEOPT PACKING pc=0x00000214e233cd54 sp=0x000000783f3f76c0
Event: 8.279 Thread 0x00000214f6be4360 DEOPT UNPACKING pc=0x00000214e1b269a3 sp=0x000000783f3f7638 mode 2
Event: 8.281 Thread 0x00000214f6be4360 Uncommon trap: trap_request=0xffffffbe fr.pc=0x00000214e235772c relative=0x00000000000006ec
Event: 8.281 Thread 0x00000214f6be4360 Uncommon trap: reason=profile_predicate action=maybe_recompile pc=0x00000214e235772c method=java.lang.PublicMethods$MethodList.filter([Ljava/lang/reflect/Method;Ljava/lang/String;[Ljava/lang/Class;Z)Ljava/lang/PublicMethods$MethodList; @ 21 c2
Event: 8.281 Thread 0x00000214f6be4360 DEOPT PACKING pc=0x00000214e235772c sp=0x000000783f3f6000
Event: 8.281 Thread 0x00000214f6be4360 DEOPT UNPACKING pc=0x00000214e1b269a3 sp=0x000000783f3f5fb8 mode 2
Event: 8.281 Thread 0x00000214f6be4360 Uncommon trap: trap_request=0xffffffbe fr.pc=0x00000214e235772c relative=0x00000000000006ec
Event: 8.281 Thread 0x00000214f6be4360 Uncommon trap: reason=profile_predicate action=maybe_recompile pc=0x00000214e235772c method=java.lang.PublicMethods$MethodList.filter([Ljava/lang/reflect/Method;Ljava/lang/String;[Ljava/lang/Class;Z)Ljava/lang/PublicMethods$MethodList; @ 21 c2
Event: 8.281 Thread 0x00000214f6be4360 DEOPT PACKING pc=0x00000214e235772c sp=0x000000783f3f6000
Event: 8.281 Thread 0x00000214f6be4360 DEOPT UNPACKING pc=0x00000214e1b269a3 sp=0x000000783f3f5fb8 mode 2
Event: 8.288 Thread 0x00000214f6be4360 Uncommon trap: trap_request=0xffffffbe fr.pc=0x00000214e235772c relative=0x00000000000006ec
Event: 8.288 Thread 0x00000214f6be4360 Uncommon trap: reason=profile_predicate action=maybe_recompile pc=0x00000214e235772c method=java.lang.PublicMethods$MethodList.filter([Ljava/lang/reflect/Method;Ljava/lang/String;[Ljava/lang/Class;Z)Ljava/lang/PublicMethods$MethodList; @ 21 c2
Event: 8.288 Thread 0x00000214f6be4360 DEOPT PACKING pc=0x00000214e235772c sp=0x000000783f3f6fb0
Event: 8.288 Thread 0x00000214f6be4360 DEOPT UNPACKING pc=0x00000214e1b269a3 sp=0x000000783f3f6f68 mode 2
Event: 8.288 Thread 0x00000214f6be4360 Uncommon trap: trap_request=0xffffffbe fr.pc=0x00000214e235772c relative=0x00000000000006ec
Event: 8.288 Thread 0x00000214f6be4360 Uncommon trap: reason=profile_predicate action=maybe_recompile pc=0x00000214e235772c method=java.lang.PublicMethods$MethodList.filter([Ljava/lang/reflect/Method;Ljava/lang/String;[Ljava/lang/Class;Z)Ljava/lang/PublicMethods$MethodList; @ 21 c2
Event: 8.288 Thread 0x00000214f6be4360 DEOPT PACKING pc=0x00000214e235772c sp=0x000000783f3f6fb0
Event: 8.288 Thread 0x00000214f6be4360 DEOPT UNPACKING pc=0x00000214e1b269a3 sp=0x000000783f3f6f68 mode 2

Classes unloaded (0 events):
No events

Classes redefined (0 events):
No events

Internal exceptions (20 events):
Event: 6.671 Thread 0x00000214f6be4360 Exception <a 'java/lang/NoSuchMethodError'{0x0000000083ae23c0}: 'java.lang.Object java.lang.invoke.DirectMethodHandle$Holder.invokeSpecial(java.lang.Object, java.lang.Object, java.lang.Object, java.lang.Object, java.lang.Object, long)'> (0x0000000083ae23c0) 
thrown [s\src\hotspot\share\interpreter\linkResolver.cpp, line 771]
Event: 6.672 Thread 0x00000214f6be4360 Exception <a 'java/lang/NoSuchMethodError'{0x0000000083905688}: 'void java.lang.invoke.DirectMethodHandle$Holder.invokeStatic(java.lang.Object, java.lang.Object, java.lang.Object, int, java.lang.Object)'> (0x0000000083905688) 
thrown [s\src\hotspot\share\interpreter\linkResolver.cpp, line 771]
Event: 7.052 Thread 0x00000214f6be4360 Exception <a 'java/lang/NoSuchMethodError'{0x0000000084d89a38}: 'java.lang.Object java.lang.invoke.DirectMethodHandle$Holder.newInvokeSpecial(java.lang.Object, java.lang.Object, java.lang.Object, java.lang.Object, int, java.lang.Object)'> (0x0000000084d89a38) 
thrown [s\src\hotspot\share\interpreter\linkResolver.cpp, line 771]
Event: 7.052 Thread 0x00000214f6be4360 Exception <a 'java/lang/NoSuchMethodError'{0x0000000084d8ed90}: 'java.lang.Object java.lang.invoke.Invokers$Holder.linkToTargetMethod(java.lang.Object, java.lang.Object, java.lang.Object, int, java.lang.Object, java.lang.Object)'> (0x0000000084d8ed90) 
thrown [s\src\hotspot\share\interpreter\linkResolver.cpp, line 771]
Event: 7.377 Thread 0x00000214f6be4360 Exception <a 'java/lang/NoSuchMethodError'{0x0000000085016d70}: 'long java.lang.invoke.DirectMethodHandle$Holder.invokeVirtual(java.lang.Object, java.lang.Object)'> (0x0000000085016d70) 
thrown [s\src\hotspot\share\interpreter\linkResolver.cpp, line 771]
Event: 7.380 Thread 0x00000214f7b1b3f0 Exception <a 'java/lang/NoSuchMethodError'{0x0000000085075108}: static Lorg/gradle/internal/build/event/types/DefaultOperationFinishedProgressEvent;.<clinit>()V> (0x0000000085075108) 
thrown [s\src\hotspot\share\prims\jni.cpp, line 1127]
Event: 7.383 Thread 0x00000214f7b1b3f0 Exception <a 'java/lang/NoSuchMethodError'{0x000000008509cc38}: static Lorg/gradle/internal/build/event/types/DefaultProjectConfigurationSuccessResult;.<clinit>()V> (0x000000008509cc38) 
thrown [s\src\hotspot\share\prims\jni.cpp, line 1127]
Event: 7.383 Thread 0x00000214f7b1b3f0 Exception <a 'java/lang/NoSuchMethodError'{0x00000000850a0f48}: static Lorg/gradle/internal/build/event/types/AbstractProjectConfigurationResult;.<clinit>()V> (0x00000000850a0f48) 
thrown [s\src\hotspot\share\prims\jni.cpp, line 1127]
Event: 7.383 Thread 0x00000214f7b1b3f0 Exception <a 'java/lang/NoSuchMethodError'{0x00000000850a2440}: static Lorg/gradle/internal/build/event/types/AbstractOperationResult;.<clinit>()V> (0x00000000850a2440) 
thrown [s\src\hotspot\share\prims\jni.cpp, line 1127]
Event: 7.383 Thread 0x00000214f7b1b3f0 Exception <a 'java/lang/NoSuchMethodError'{0x00000000850a3658}: static Lorg/gradle/internal/build/event/types/AbstractResult;.<clinit>()V> (0x00000000850a3658) 
thrown [s\src\hotspot\share\prims\jni.cpp, line 1127]
Event: 7.385 Thread 0x00000214f7b1b3f0 Exception <a 'java/lang/NoSuchMethodError'{0x00000000850ba440}: static Lorg/gradle/internal/build/event/types/DefaultPluginApplicationResult;.<clinit>()V> (0x00000000850ba440) 
thrown [s\src\hotspot\share\prims\jni.cpp, line 1127]
Event: 7.385 Thread 0x00000214f7b1b3f0 Exception <a 'java/lang/NoSuchMethodError'{0x0000000084f03520}: static Lorg/gradle/internal/build/event/types/DefaultBinaryPluginIdentifier;.<clinit>()V> (0x0000000084f03520) 
thrown [s\src\hotspot\share\prims\jni.cpp, line 1127]
Event: 7.388 Thread 0x00000214f7b1b3f0 Exception <a 'java/lang/NoSuchMethodError'{0x0000000084f34cc8}: static Lorg/gradle/internal/build/event/types/DefaultScriptPluginIdentifier;.<clinit>()V> (0x0000000084f34cc8) 
thrown [s\src\hotspot\share\prims\jni.cpp, line 1127]
Event: 7.433 Thread 0x00000214f6be4360 Implicit null exception at 0x00000214e20c1212 to 0x00000214e20c1874
Event: 7.433 Thread 0x00000214f6be4360 Implicit null exception at 0x00000214e20ab694 to 0x00000214e20abd5c
Event: 7.473 Thread 0x00000214f6be4360 Exception <a 'java/lang/NoSuchMethodError'{0x0000000084a20000}: 'void java.lang.invoke.Invokers$Holder.invoke_MT(java.lang.Object, java.lang.Object, java.lang.Object, java.lang.Object)'> (0x0000000084a20000) 
thrown [s\src\hotspot\share\interpreter\linkResolver.cpp, line 771]
Event: 7.480 Thread 0x00000214f6be4360 Exception <a 'java/lang/NoSuchMethodError'{0x0000000084a9d9a8}: 'java.lang.Object java.lang.invoke.DirectMethodHandle$Holder.invokeSpecial(java.lang.Object, java.lang.Object, java.lang.Object, int, java.lang.Object, java.lang.Object)'> (0x0000000084a9d9a8) 
thrown [s\src\hotspot\share\interpreter\linkResolver.cpp, line 771]
Event: 7.647 Thread 0x00000214f6be4360 Exception <a 'java/lang/ClassNotFoundException'{0x0000000085adcd30}: sun/misc/SharedSecrets> (0x0000000085adcd30) 
thrown [s\src\hotspot\share\classfile\systemDictionary.cpp, line 256]
Event: 7.647 Thread 0x00000214f6be4360 Exception <a 'java/lang/ClassNotFoundException'{0x0000000085ade308}: org/gradle/api/internal/plugins/DefaultObjectConfigurationActionBeanInfo> (0x0000000085ade308) 
thrown [s\src\hotspot\share\classfile\systemDictionary.cpp, line 256]
Event: 7.648 Thread 0x00000214f6be4360 Exception <a 'java/lang/ClassNotFoundException'{0x00000000856084a8}: org/gradle/api/internal/plugins/DefaultObjectConfigurationActionCustomizer> (0x00000000856084a8) 
thrown [s\src\hotspot\share\classfile\systemDictionary.cpp, line 256]

VM Operations (20 events):
Event: 7.583 Executing VM operation: G1TryInitiateConcMark
Event: 7.589 Executing VM operation: G1TryInitiateConcMark done
Event: 7.613 Executing VM operation: G1PauseRemark
Event: 7.615 Executing VM operation: G1PauseRemark done
Event: 7.627 Executing VM operation: G1PauseCleanup
Event: 7.627 Executing VM operation: G1PauseCleanup done
Event: 7.855 Executing VM operation: G1CollectForAllocation
Event: 7.858 Executing VM operation: G1CollectForAllocation done
Event: 7.868 Executing VM operation: G1CollectForAllocation
Event: 7.870 Executing VM operation: G1CollectForAllocation done
Event: 8.090 Executing VM operation: G1CollectForAllocation
Event: 8.092 Executing VM operation: G1CollectForAllocation done
Event: 8.117 Executing VM operation: G1PauseRemark
Event: 8.119 Executing VM operation: G1PauseRemark done
Event: 8.131 Executing VM operation: G1PauseCleanup
Event: 8.131 Executing VM operation: G1PauseCleanup done
Event: 8.337 Executing VM operation: G1CollectForAllocation
Event: 8.339 Executing VM operation: G1CollectForAllocation done
Event: 8.359 Executing VM operation: G1CollectForAllocation
Event: 8.361 Executing VM operation: G1CollectForAllocation done

Events (20 events):
Event: 8.515 loading class java/time/format/DateTimeFormatterBuilder$DateTimePrinterParser
Event: 8.516 loading class java/time/format/DateTimeFormatterBuilder$DateTimePrinterParser done
Event: 8.516 loading class java/time/format/DateTimeFormatterBuilder$NumberPrinterParser done
Event: 8.516 loading class java/time/format/DateTimeFormatterBuilder$CharLiteralPrinterParser
Event: 8.516 loading class java/time/format/DateTimeFormatterBuilder$CharLiteralPrinterParser done
Event: 8.516 loading class java/time/format/DateTimeFormatterBuilder$CompositePrinterParser
Event: 8.516 loading class java/time/format/DateTimeFormatterBuilder$CompositePrinterParser done
Event: 8.516 loading class java/time/format/DecimalStyle
Event: 8.516 loading class java/time/format/DecimalStyle done
Event: 8.516 loading class java/time/format/DateTimeFormatterBuilder$SettingsParser
Event: 8.516 loading class java/time/format/DateTimeFormatterBuilder$SettingsParser done
Event: 8.517 loading class java/time/format/DateTimeFormatterBuilder$OffsetIdPrinterParser
Event: 8.517 loading class java/time/format/DateTimeFormatterBuilder$OffsetIdPrinterParser done
Event: 8.517 loading class java/time/format/DateTimeFormatterBuilder$FractionPrinterParser
Event: 8.517 loading class java/time/format/DateTimeFormatterBuilder$FractionPrinterParser done
Event: 8.517 loading class java/time/format/DateTimeFormatterBuilder$ZoneIdPrinterParser
Event: 8.517 loading class java/time/format/DateTimeFormatterBuilder$ZoneIdPrinterParser done
Event: 8.517 loading class java/time/format/DateTimeFormatterBuilder$StringLiteralPrinterParser
Event: 8.517 loading class java/time/format/DateTimeFormatterBuilder$StringLiteralPrinterParser done
Event: 8.517 loading class java/time/format/DateTimeFormatterBuilder$InstantPrinterParser


Dynamic libraries:
0x00007ff7091a0000 - 0x00007ff7091aa000 	C:\Program Files\Android\Android Studio\jbr\bin\java.exe
0x00007fffe4890000 - 0x00007fffe4aa6000 	C:\WINDOWS\SYSTEM32\ntdll.dll
0x00007fffe4020000 - 0x00007fffe40e4000 	C:\WINDOWS\System32\KERNEL32.DLL
0x00007fffe1d10000 - 0x00007fffe20b7000 	C:\WINDOWS\System32\KERNELBASE.dll
0x00007fffe2470000 - 0x00007fffe2581000 	C:\WINDOWS\System32\ucrtbase.dll
0x00007fff9c2b0000 - 0x00007fff9c2c7000 	C:\Program Files\Android\Android Studio\jbr\bin\jli.dll
0x00007fffdcee0000 - 0x00007fffdcefb000 	C:\Program Files\Android\Android Studio\jbr\bin\VCRUNTIME140.dll
0x00007fffe33a0000 - 0x00007fffe354e000 	C:\WINDOWS\System32\USER32.dll
0x00007fffe2590000 - 0x00007fffe25b6000 	C:\WINDOWS\System32\win32u.dll
0x00007fffcb0d0000 - 0x00007fffcb363000 	C:\WINDOWS\WinSxS\amd64_microsoft.windows.common-controls_6595b64144ccf1df_6.0.22621.3235_none_270f74e173860f98\COMCTL32.dll
0x00007fffe41f0000 - 0x00007fffe4219000 	C:\WINDOWS\System32\GDI32.dll
0x00007fffe2b60000 - 0x00007fffe2c07000 	C:\WINDOWS\System32\msvcrt.dll
0x00007fffe2350000 - 0x00007fffe2469000 	C:\WINDOWS\System32\gdi32full.dll
0x00007fffe2230000 - 0x00007fffe22ca000 	C:\WINDOWS\System32\msvcp_win.dll
0x00007fffe2720000 - 0x00007fffe2751000 	C:\WINDOWS\System32\IMM32.DLL
0x00007fffde280000 - 0x00007fffde28c000 	C:\Program Files\Android\Android Studio\jbr\bin\vcruntime140_1.dll
0x00007fffa9730000 - 0x00007fffa97bd000 	C:\Program Files\Android\Android Studio\jbr\bin\msvcp140.dll
0x00007fff5adc0000 - 0x00007fff5ba43000 	C:\Program Files\Android\Android Studio\jbr\bin\server\jvm.dll
0x00007fffe2aa0000 - 0x00007fffe2b52000 	C:\WINDOWS\System32\ADVAPI32.dll
0x00007fffe29d0000 - 0x00007fffe2a78000 	C:\WINDOWS\System32\sechost.dll
0x00007fffe1c70000 - 0x00007fffe1c98000 	C:\WINDOWS\System32\bcrypt.dll
0x00007fffe2c30000 - 0x00007fffe2d45000 	C:\WINDOWS\System32\RPCRT4.dll
0x00007fffe18d0000 - 0x00007fffe191d000 	C:\WINDOWS\SYSTEM32\POWRPROF.dll
0x00007fffc02d0000 - 0x00007fffc02d9000 	C:\WINDOWS\SYSTEM32\WSOCK32.dll
0x00007fffd9a50000 - 0x00007fffd9a84000 	C:\WINDOWS\SYSTEM32\WINMM.dll
0x00007fffd89f0000 - 0x00007fffd89fa000 	C:\WINDOWS\SYSTEM32\VERSION.dll
0x00007fffe47d0000 - 0x00007fffe4841000 	C:\WINDOWS\System32\WS2_32.dll
0x00007fffe18b0000 - 0x00007fffe18c3000 	C:\WINDOWS\SYSTEM32\UMPDC.dll
0x00007fffe0bd0000 - 0x00007fffe0be8000 	C:\WINDOWS\SYSTEM32\kernel.appcore.dll
0x00007fffde290000 - 0x00007fffde29a000 	C:\Program Files\Android\Android Studio\jbr\bin\jimage.dll
0x00007fffdf2f0000 - 0x00007fffdf523000 	C:\WINDOWS\SYSTEM32\DBGHELP.DLL
0x00007fffe4440000 - 0x00007fffe47c8000 	C:\WINDOWS\System32\combase.dll
0x00007fffe3e40000 - 0x00007fffe3f17000 	C:\WINDOWS\System32\OLEAUT32.dll
0x00007fffcc590000 - 0x00007fffcc5c2000 	C:\WINDOWS\SYSTEM32\dbgcore.DLL
0x00007fffe22d0000 - 0x00007fffe2349000 	C:\WINDOWS\System32\bcryptPrimitives.dll
0x00007fffb1780000 - 0x00007fffb178e000 	C:\Program Files\Android\Android Studio\jbr\bin\instrument.dll
0x00007fff9aed0000 - 0x00007fff9aef5000 	C:\Program Files\Android\Android Studio\jbr\bin\java.dll
0x00007fffaccb0000 - 0x00007fffaccc8000 	C:\Program Files\Android\Android Studio\jbr\bin\zip.dll
0x00007fffe3550000 - 0x00007fffe3dac000 	C:\WINDOWS\System32\SHELL32.dll
0x00007fffdfac0000 - 0x00007fffe03b9000 	C:\WINDOWS\SYSTEM32\windows.storage.dll
0x00007fffdf980000 - 0x00007fffdfabe000 	C:\WINDOWS\SYSTEM32\wintypes.dll
0x00007fffe40f0000 - 0x00007fffe41e3000 	C:\WINDOWS\System32\SHCORE.dll
0x00007fffe2e40000 - 0x00007fffe2e9e000 	C:\WINDOWS\System32\shlwapi.dll
0x00007fffe1ae0000 - 0x00007fffe1b01000 	C:\WINDOWS\SYSTEM32\profapi.dll
0x00007fffa55d0000 - 0x00007fffa55e9000 	C:\Program Files\Android\Android Studio\jbr\bin\net.dll
0x00007fffdb830000 - 0x00007fffdb966000 	C:\WINDOWS\SYSTEM32\WINHTTP.dll
0x00007fffe1060000 - 0x00007fffe10c9000 	C:\WINDOWS\system32\mswsock.dll
0x00007fff9c910000 - 0x00007fff9c926000 	C:\Program Files\Android\Android Studio\jbr\bin\nio.dll
0x00007fffb1f00000 - 0x00007fffb1f10000 	C:\Program Files\Android\Android Studio\jbr\bin\verify.dll
0x00007fffcd110000 - 0x00007fffcd137000 	C:\Users\LENOVO\.gradle\native\c067742578af261105cb4f569cf0c3c89f3d7b1fecec35dd04571415982c5e48\windows-amd64\native-platform.dll
0x00007fff66a70000 - 0x00007fff66bb4000 	C:\Users\LENOVO\.gradle\native\38dada09dfb8b06ba9b0570ebf7e218e3eb74d4ef43ca46872605cf95ebc2f47\windows-amd64\native-platform-file-events.dll
0x00007fffb3670000 - 0x00007fffb3679000 	C:\Program Files\Android\Android Studio\jbr\bin\management.dll
0x00007fffb2980000 - 0x00007fffb298b000 	C:\Program Files\Android\Android Studio\jbr\bin\management_ext.dll
0x00007fffe2e10000 - 0x00007fffe2e18000 	C:\WINDOWS\System32\PSAPI.DLL
0x00007fffe12c0000 - 0x00007fffe12db000 	C:\WINDOWS\SYSTEM32\CRYPTSP.dll
0x00007fffe0b20000 - 0x00007fffe0b55000 	C:\WINDOWS\system32\rsaenh.dll
0x00007fffe1160000 - 0x00007fffe1188000 	C:\WINDOWS\SYSTEM32\USERENV.dll
0x00007fffe12e0000 - 0x00007fffe12ec000 	C:\WINDOWS\SYSTEM32\CRYPTBASE.dll
0x00007fffe0660000 - 0x00007fffe068d000 	C:\WINDOWS\SYSTEM32\IPHLPAPI.DLL
0x00007fffe2e30000 - 0x00007fffe2e39000 	C:\WINDOWS\System32\NSI.dll
0x00007fffdbf00000 - 0x00007fffdbf19000 	C:\WINDOWS\SYSTEM32\dhcpcsvc6.DLL
0x00007fffdb7d0000 - 0x00007fffdb7ef000 	C:\WINDOWS\SYSTEM32\dhcpcsvc.DLL
0x00007fffe0690000 - 0x00007fffe0789000 	C:\WINDOWS\SYSTEM32\DNSAPI.dll
0x00007fffb3ad0000 - 0x00007fffb3ad9000 	C:\Program Files\Android\Android Studio\jbr\bin\extnet.dll
0x00007fffdce40000 - 0x00007fffdce48000 	C:\WINDOWS\system32\wshunix.dll

dbghelp: loaded successfully - version: 4.0.5 - missing functions: none
symbol engine: initialized successfully - sym options: 0x614 - pdb path: .;C:\Program Files\Android\Android Studio\jbr\bin;C:\WINDOWS\SYSTEM32;C:\WINDOWS\WinSxS\amd64_microsoft.windows.common-controls_6595b64144ccf1df_6.0.22621.3235_none_270f74e173860f98;C:\Program Files\Android\Android Studio\jbr\bin\server;C:\Users\LENOVO\.gradle\native\c067742578af261105cb4f569cf0c3c89f3d7b1fecec35dd04571415982c5e48\windows-amd64;C:\Users\LENOVO\.gradle\native\38dada09dfb8b06ba9b0570ebf7e218e3eb74d4ef43ca46872605cf95ebc2f47\windows-amd64

VM Arguments:
jvm_args: --add-opens=java.base/java.util=ALL-UNNAMED --add-opens=java.base/java.lang=ALL-UNNAMED --add-opens=java.base/java.lang.invoke=ALL-UNNAMED --add-opens=java.prefs/java.util.prefs=ALL-UNNAMED --add-opens=java.base/java.nio.charset=ALL-UNNAMED --add-opens=java.base/java.net=ALL-UNNAMED --add-opens=java.base/java.util.concurrent.atomic=ALL-UNNAMED -Xmx2048m -Dfile.encoding=UTF-8 -Duser.country=US -Duser.language=en -Duser.variant -javaagent:C:\Users\LENOVO\.gradle\wrapper\dists\gradle-8.7-bin\bhs2wmbdwecv87pi65oeuq5iu\gradle-8.7\lib\agents\gradle-instrumentation-agent-8.7.jar 
java_command: org.gradle.launcher.daemon.bootstrap.GradleDaemon 8.7
java_class_path (initial): C:\Users\LENOVO\.gradle\wrapper\dists\gradle-8.7-bin\bhs2wmbdwecv87pi65oeuq5iu\gradle-8.7\lib\gradle-launcher-8.7.jar
Launcher Type: SUN_STANDARD

[Global flags]
     intx CICompilerCount                          = 4                                         {product} {ergonomic}
     uint ConcGCThreads                            = 2                                         {product} {ergonomic}
     uint G1ConcRefinementThreads                  = 8                                         {product} {ergonomic}
   size_t G1HeapRegionSize                         = 1048576                                   {product} {ergonomic}
    uintx GCDrainStackTargetSize                   = 64                                        {product} {ergonomic}
   size_t InitialHeapSize                          = 98566144                                  {product} {ergonomic}
   size_t MarkStackSize                            = 4194304                                   {product} {ergonomic}
   size_t MaxHeapSize                              = 2147483648                                {product} {command line}
   size_t MaxNewSize                               = 1287651328                                {product} {ergonomic}
   size_t MinHeapDeltaBytes                        = 1048576                                   {product} {ergonomic}
   size_t MinHeapSize                              = 8388608                                   {product} {ergonomic}
    uintx NonNMethodCodeHeapSize                   = 5839372                                {pd product} {ergonomic}
    uintx NonProfiledCodeHeapSize                  = 122909434                              {pd product} {ergonomic}
    uintx ProfiledCodeHeapSize                     = 122909434                              {pd product} {ergonomic}
    uintx ReservedCodeCacheSize                    = 251658240                              {pd product} {ergonomic}
     bool SegmentedCodeCache                       = true                                      {product} {ergonomic}
   size_t SoftMaxHeapSize                          = 2147483648                             {manageable} {ergonomic}
     bool UseCompressedClassPointers               = true                           {product lp64_product} {ergonomic}
     bool UseCompressedOops                        = true                           {product lp64_product} {ergonomic}
     bool UseG1GC                                  = true                                      {product} {ergonomic}
     bool UseLargePagesIndividualAllocation        = false                                  {pd product} {ergonomic}

Logging:
Log output configuration:
 #0: stdout all=warning uptime,level,tags
 #1: stderr all=off uptime,level,tags

Environment Variables:
PATH=C:\Program Files\Common Files\Oracle\Java\javapath;C:\Program Files (x86)\Common Files\Oracle\Java\javapath;C:\WINDOWS\system32;C:\WINDOWS;C:\WINDOWS\System32\Wbem;C:\WINDOWS\System32\WindowsPowerShell\v1.0\;C:\WINDOWS\System32\OpenSSH\;C:\xampp\php;C:\ProgramData\ComposerSetup\bin;C:\Program Files\Git\cmd;C:\Program Files\nodejs\;C:\Program Files\dotnet\;C:\Microsoft VS Code\bin;C:\Users\LENOVO\AppData\Local\Microsoft\WindowsApps;C:\Microsoft VS Code\bin;C:\Users\LENOVO\AppData\Local\GitHubDesktop\bin;C:\Users\LENOVO\AppData\Roaming\Composer\vendor\bin;C:\Users\LENOVO\AppData\Roaming\npm;C:\Users\LENOVO\Downloads\Microsoft VS Code\bin
USERNAME=LENOVO
OS=Windows_NT
PROCESSOR_IDENTIFIER=AMD64 Family 23 Model 104 Stepping 1, AuthenticAMD
TMP=C:\Users\LENOVO\AppData\Local\Temp
TEMP=C:\Users\LENOVO\AppData\Local\Temp



Periodic native trim disabled

JNI global refs:
JNI global refs: 27, weak refs: 1

JNI global refs memory usage: 843, weak refs: 841

Process memory usage:
Resident Set Size: 295760K (4% of 6150136K total physical memory with 317744K free physical memory)

OOME stack traces (most recent first):
Classloader memory used:
Loader org.gradle.internal.classloader.VisitableURLClassLoader                         : 3532K
Loader bootstrap                                                                       : 2496K
Loader org.gradle.initialization.MixInLegacyTypesClassLoader                           : 1103K
Loader org.gradle.internal.classloader.VisitableURLClassLoader$InstrumentingVisitableURLClassLoader: 610K
Loader jdk.internal.loader.ClassLoaders$PlatformClassLoader                            : 65555B
Loader jdk.internal.reflect.DelegatingClassLoader                                      : 28780B
Loader jdk.internal.loader.ClassLoaders$AppClassLoader                                 : 28747B
Loader org.gradle.internal.classloader.VisitableURLClassLoader                         : 16753B

Classes loaded by more than one classloader:
Class Program                                                                         : loaded 4 times (x 72B)
Class com.google.common.collect.Iterators$MergingIterator                             : loaded 2 times (x 79B)
Class [Lcom.google.common.collect.AbstractMapEntry;                                   : loaded 2 times (x 67B)
Class com.google.common.collect.SingletonImmutableList                                : loaded 2 times (x 167B)
Class com.google.common.cache.CacheLoader$SupplierToCacheLoader                       : loaded 2 times (x 73B)
Class org.gradle.internal.classpath.ClassPath                                         : loaded 2 times (x 68B)
Class com.google.common.cache.RemovalListener                                         : loaded 2 times (x 68B)
Class org.gradle.api.internal.classpath.DefaultModuleRegistry                         : loaded 2 times (x 84B)
Class Settings_gradle$1$1                                                             : loaded 2 times (x 72B)
Class com.google.common.collect.ListMultimap                                          : loaded 2 times (x 68B)
Class com.google.common.base.CharMatcher$JavaDigit                                    : loaded 2 times (x 109B)
Class com.google.common.base.CharMatcher$Digit                                        : loaded 2 times (x 110B)
Class com.google.common.collect.AbstractMultimap                                      : loaded 2 times (x 121B)
Class com.google.common.cache.CacheBuilder$OneWeigher                                 : loaded 2 times (x 80B)
Class org.gradle.api.Action                                                           : loaded 2 times (x 68B)
Class com.google.common.collect.ImmutableEntry                                        : loaded 2 times (x 80B)
Class com.google.common.collect.Lists$StringAsImmutableList                           : loaded 2 times (x 167B)
Class com.google.common.base.CharMatcher                                              : loaded 2 times (x 109B)
Class com.google.common.base.CharMatcher$IsNot                                        : loaded 2 times (x 109B)
Class com.google.common.base.Splitter                                                 : loaded 2 times (x 70B)
Class [Lcom.google.common.cache.Weigher;                                              : loaded 2 times (x 67B)
Class com.google.common.collect.Iterators$ArrayItr                                    : loaded 2 times (x 95B)
Class com.google.common.cache.LocalCache$Segment                                      : loaded 2 times (x 152B)
Class org.gradle.api.internal.DefaultClassPathProvider                                : loaded 2 times (x 74B)
Class org.gradle.internal.installation.GradleInstallation$1                           : loaded 2 times (x 73B)
Class com.google.common.base.CharMatcher$BitSetMatcher                                : loaded 2 times (x 110B)
Class com.google.common.collect.ImmutableMap$IteratorBasedImmutableMap                : loaded 2 times (x 123B)
Class com.google.common.collect.ImmutableMap                                          : loaded 2 times (x 118B)
Class com.google.common.base.Converter                                                : loaded 2 times (x 88B)
Class com.google.common.collect.ImmutableSet$EmptySetBuilderImpl                      : loaded 2 times (x 74B)
Class com.google.common.base.Equivalence                                              : loaded 2 times (x 80B)
Class com.google.common.cache.LocalCache$EntryFactory$1                               : loaded 2 times (x 81B)
Class com.google.common.cache.LocalCache$EntryFactory$2                               : loaded 2 times (x 81B)
Class com.google.common.cache.LocalCache$EntryFactory$3                               : loaded 2 times (x 81B)
Class com.google.common.cache.LocalCache$EntryFactory$4                               : loaded 2 times (x 81B)
Class com.google.common.cache.LocalCache$EntryFactory$5                               : loaded 2 times (x 81B)
Class com.google.common.cache.LocalCache$EntryFactory$6                               : loaded 2 times (x 81B)
Class com.google.common.cache.LocalCache$EntryFactory$7                               : loaded 2 times (x 81B)
Class com.google.common.cache.LocalCache$EntryFactory$8                               : loaded 2 times (x 81B)
Class com.google.common.base.Predicate                                                : loaded 2 times (x 68B)
Class org.gradle.internal.classloader.FilteringClassLoader                            : loaded 2 times (x 103B)
Class com.google.common.collect.RegularImmutableSet                                   : loaded 2 times (x 146B)
Class [Lcom.google.common.cache.LocalCache$Strength;                                  : loaded 2 times (x 67B)
Class org.gradle.internal.classpath.DefaultClassPath$ImmutableUniqueList$Builder      : loaded 2 times (x 73B)
Class com.google.common.collect.Maps$8                                                : loaded 2 times (x 80B)
Class [Lcom.google.common.cache.CacheBuilder$NullListener;                            : loaded 2 times (x 67B)
Class com.google.common.base.PatternCompiler                                          : loaded 2 times (x 68B)
Class com.google.common.base.CharMatcher$InRange                                      : loaded 2 times (x 109B)
Class com.google.common.collect.BiMap                                                 : loaded 2 times (x 68B)
Class com.google.common.collect.Lists                                                 : loaded 2 times (x 69B)
Class com.google.common.math.IntMath$1                                                : loaded 2 times (x 69B)
Class org.gradle.internal.classloader.ClassLoaderVisitor                              : loaded 2 times (x 74B)
Class com.google.common.cache.CacheBuilder$NullListener                               : loaded 2 times (x 80B)
Class com.google.common.math.MathPreconditions                                        : loaded 2 times (x 69B)
Class org.gradle.internal.service.DefaultServiceLocator                               : loaded 2 times (x 81B)
Class org.gradle.internal.service.UnknownServiceException                             : loaded 2 times (x 81B)
Class com.google.common.collect.ArrayListMultimap                                     : loaded 2 times (x 170B)
Class com.google.common.base.Strings                                                  : loaded 2 times (x 69B)
Class com.google.common.cache.CacheLoader$InvalidCacheLoadException                   : loaded 2 times (x 80B)
Class org.gradle.internal.classloader.DefaultClassLoaderFactory                       : loaded 2 times (x 80B)
Class com.google.common.collect.UnmodifiableIterator                                  : loaded 2 times (x 78B)
Class com.google.common.base.Platform$JdkPatternCompiler                              : loaded 2 times (x 73B)
Class com.google.common.cache.LocalCache$LoadingValueReference                        : loaded 2 times (x 94B)
Class com.google.common.base.CharMatcher$SingleWidth                                  : loaded 2 times (x 110B)
Class com.google.common.collect.Hashing                                               : loaded 2 times (x 69B)
Class com.google.common.base.JdkPattern                                               : loaded 2 times (x 73B)
Class com.google.common.collect.Multimap                                              : loaded 2 times (x 68B)
Class com.google.common.base.FunctionalEquivalence                                    : loaded 2 times (x 81B)
Class com.google.common.cache.LocalCache$1                                            : loaded 2 times (x 87B)
Class com.google.common.cache.LocalCache$2                                            : loaded 2 times (x 140B)
Class org.gradle.internal.classloader.VisitableURLClassLoader$Spec                    : loaded 2 times (x 72B)
Class org.gradle.api.GradleException                                                  : loaded 2 times (x 80B)
Class com.google.common.base.CharMatcher$JavaLetterOrDigit                            : loaded 2 times (x 109B)
Class org.gradle.api.internal.classpath.ModuleRegistry                                : loaded 2 times (x 68B)
Class com.google.common.cache.CacheBuilder                                            : loaded 2 times (x 70B)
Class com.google.common.collect.ImmutableCollection                                   : loaded 2 times (x 123B)
Class com.google.common.base.PairwiseEquivalence                                      : loaded 2 times (x 81B)
Class com.google.common.base.Ticker                                                   : loaded 2 times (x 70B)
Class org.gradle.api.internal.ClassPathProvider                                       : loaded 2 times (x 68B)
Class com.google.common.collect.RegularImmutableMap$Values                            : loaded 2 times (x 167B)
Class org.gradle.internal.classloader.ClasspathUtil$1                                 : loaded 2 times (x 74B)
Class com.google.common.collect.ImmutableEnumMap                                      : loaded 2 times (x 123B)
Class com.google.common.collect.ImmutableList$ReverseImmutableList                    : loaded 2 times (x 168B)
Class com.google.common.cache.AbstractCache$StatsCounter                              : loaded 2 times (x 68B)
Class com.google.common.cache.LocalCache$Strength$1                                   : loaded 2 times (x 79B)
Class com.google.common.cache.LocalCache$Strength$2                                   : loaded 2 times (x 79B)
Class com.google.common.cache.LocalCache$Strength$3                                   : loaded 2 times (x 79B)
Class org.gradle.internal.classloader.ClassLoaderFactory                              : loaded 2 times (x 68B)
Class com.google.common.collect.ObjectArrays                                          : loaded 2 times (x 69B)
Class com.google.common.collect.Iterators$10                                          : loaded 2 times (x 79B)
Class com.google.common.collect.ImmutableList                                         : loaded 2 times (x 166B)
Class org.gradle.api.internal.classpath.ManifestUtil                                  : loaded 2 times (x 69B)
Class org.gradle.api.specs.Spec                                                       : loaded 2 times (x 68B)
Class com.google.common.cache.CacheLoader$UnsupportedLoadingOperationException        : loaded 2 times (x 80B)
Class com.google.common.base.CharMatcher$Whitespace                                   : loaded 2 times (x 110B)
Class com.google.common.collect.Iterators$1                                           : loaded 2 times (x 79B)
Class com.google.common.collect.Iterators$4                                           : loaded 2 times (x 80B)
Class com.google.common.collect.RegularImmutableMap$BucketOverflowException           : loaded 2 times (x 80B)
Class com.google.common.collect.Iterators$5                                           : loaded 2 times (x 80B)
Class com.google.common.base.Equivalence$Equals                                       : loaded 2 times (x 80B)
Class com.google.common.base.Preconditions                                            : loaded 2 times (x 69B)
Class com.google.common.base.Function                                                 : loaded 2 times (x 68B)
Class com.google.common.collect.Iterators$9                                           : loaded 2 times (x 79B)
Class org.gradle.internal.IoActions                                                   : loaded 2 times (x 69B)
Class com.google.common.cache.ReferenceEntry                                          : loaded 2 times (x 68B)
Class com.google.common.collect.RegularImmutableMap$KeySet                            : loaded 2 times (x 148B)
Class com.google.common.collect.CollectPreconditions                                  : loaded 2 times (x 69B)
Class com.google.common.collect.Maps                                                  : loaded 2 times (x 69B)
Class com.google.common.collect.RegularImmutableMap                                   : loaded 2 times (x 119B)
Class com.google.common.collect.AbstractIndexedListIterator                           : loaded 2 times (x 94B)
Class com.google.common.base.CharMatcher$None                                         : loaded 2 times (x 110B)
Class org.gradle.api.internal.classpath.EffectiveClassPath                            : loaded 2 times (x 88B)
Class com.google.common.collect.UnmodifiableListIterator                              : loaded 2 times (x 93B)
Class com.google.common.cache.CacheLoader$FunctionToCacheLoader                       : loaded 2 times (x 73B)
Class com.google.common.cache.CacheBuilder$1                                          : loaded 2 times (x 83B)
Class com.google.common.cache.CacheBuilder$2                                          : loaded 2 times (x 70B)
Class com.google.common.collect.ImmutableList$1                                       : loaded 2 times (x 95B)
Class com.google.common.base.Splitter$Strategy                                        : loaded 2 times (x 68B)
Class com.google.common.collect.ImmutableMapEntrySet$RegularEntrySet                  : loaded 2 times (x 149B)
Class [Lcom.google.common.cache.RemovalListener;                                      : loaded 2 times (x 67B)
Class [Lcom.google.common.collect.ImmutableMapEntry;                                  : loaded 2 times (x 67B)
Class org.gradle.internal.installation.CurrentGradleInstallation                      : loaded 2 times (x 71B)
Class org.gradle.internal.agents.InstrumentingClassLoader                             : loaded 2 times (x 68B)
Class org.gradle.internal.installation.CurrentGradleInstallationLocator               : loaded 2 times (x 69B)
Class [Lcom.google.common.cache.LocalCache$Segment;                                   : loaded 2 times (x 67B)
Class org.gradle.api.internal.classpath.Module                                        : loaded 2 times (x 68B)
Class com.google.common.base.Splitter$1$1                                             : loaded 2 times (x 84B)
Class com.google.common.collect.ImmutableSet$JdkBackedSetBuilderImpl                  : loaded 2 times (x 74B)
Class com.google.common.collect.ImmutableSet$RegularSetBuilderImpl                    : loaded 2 times (x 75B)
Class org.gradle.internal.service.CachingServiceLocator                               : loaded 2 times (x 80B)
Class [Lcom.google.common.collect.ImmutableEntry;                                     : loaded 2 times (x 67B)
Class org.gradle.internal.classpath.DefaultClassPath                                  : loaded 2 times (x 88B)
Class com.google.common.base.Splitter$SplittingIterator                               : loaded 2 times (x 82B)
Class com.google.common.cache.LocalCache$LocalManualCache$1                           : loaded 2 times (x 73B)
Class Build_gradle$1                                                                  : loaded 2 times (x 76B)
Class [Lcom.google.common.cache.LocalCache$EntryFactory;                              : loaded 2 times (x 67B)
Class com.google.common.base.CharMatcher$Is                                           : loaded 2 times (x 109B)
Class com.google.common.base.Platform                                                 : loaded 2 times (x 69B)
Class com.google.common.collect.RegularImmutableAsList                                : loaded 2 times (x 176B)
Class com.google.common.collect.PeekingIterator                                       : loaded 2 times (x 68B)
Class com.google.common.collect.ImmutableMapEntrySet                                  : loaded 2 times (x 149B)
Class com.google.common.cache.CacheLoader                                             : loaded 2 times (x 72B)
Class com.google.common.collect.ImmutableBiMapFauxverideShim                          : loaded 2 times (x 118B)
Class com.google.common.cache.Cache                                                   : loaded 2 times (x 68B)
Class org.gradle.internal.classloader.SystemClassLoaderSpec                           : loaded 2 times (x 69B)
Class com.google.common.collect.SingletonImmutableSet                                 : loaded 2 times (x 144B)
Class [Lcom.google.common.base.AbstractIterator$State;                                : loaded 2 times (x 67B)
Class com.google.common.collect.ImmutableMap$Builder                                  : loaded 2 times (x 80B)
Class com.google.common.base.AbstractIterator                                         : loaded 2 times (x 78B)
Class com.google.common.base.AbstractIterator$1                                       : loaded 2 times (x 69B)
Class [Lcom.google.common.cache.CacheBuilder$OneWeigher;                              : loaded 2 times (x 67B)
Class com.google.common.collect.Iterators                                             : loaded 2 times (x 69B)
Class com.google.common.base.CharMatcher$1                                            : loaded 2 times (x 111B)
Class com.google.common.base.CharMatcher$Ascii                                        : loaded 2 times (x 110B)
Class com.google.common.cache.LocalCache$ComputingValueReference                      : loaded 2 times (x 94B)
Class org.gradle.api.UncheckedIOException                                             : loaded 2 times (x 80B)
Class com.google.common.base.CharMatcher$And                                          : loaded 2 times (x 110B)
Class com.google.common.collect.IndexedImmutableSet                                   : loaded 2 times (x 148B)
Class com.google.common.collect.AbstractListMultimap                                  : loaded 2 times (x 170B)
Class com.google.common.base.CharMatcher$Any                                          : loaded 2 times (x 110B)
Class org.gradle.internal.installation.GradleInstallation                             : loaded 2 times (x 73B)
Class com.google.common.cache.LocalCache$Strength                                     : loaded 2 times (x 79B)
Class com.google.common.collect.ArrayListMultimapGwtSerializationDependencies         : loaded 2 times (x 170B)
Class com.google.common.base.CharMatcher$RangesMatcher                                : loaded 2 times (x 110B)
Class com.google.common.collect.ImmutableList$SubList                                 : loaded 2 times (x 168B)
Class com.google.common.cache.LocalCache$ValueReference                               : loaded 2 times (x 68B)
Class org.gradle.internal.classloader.ClasspathUtil                                   : loaded 2 times (x 69B)
Class com.google.common.base.Splitter$1                                               : loaded 2 times (x 75B)
Class com.google.common.base.Ticker$1                                                 : loaded 2 times (x 70B)
Class com.google.common.collect.Maps$BiMapConverter                                   : loaded 2 times (x 88B)
Class org.gradle.api.internal.DefaultClassPathRegistry                                : loaded 2 times (x 74B)
Class com.google.common.collect.ImmutableSet$SetBuilderImpl                           : loaded 2 times (x 74B)
Class org.gradle.api.internal.classpath.DefaultModuleRegistry$DefaultModule           : loaded 2 times (x 84B)
Class com.google.common.base.CharMatcher$JavaIsoControl                               : loaded 2 times (x 110B)
Class com.google.common.collect.ImmutableMap$1                                        : loaded 2 times (x 79B)
Class com.google.common.base.CharMatcher$Or                                           : loaded 2 times (x 110B)
Class org.gradle.kotlin.dsl.VersionCatalogAccessorsKt                                 : loaded 2 times (x 69B)
Class com.google.common.base.Suppliers$SupplierOfInstance                             : loaded 2 times (x 77B)
Class com.google.common.collect.Iterables                                             : loaded 2 times (x 69B)
Class com.google.common.base.CharMatcher$JavaLowerCase                                : loaded 2 times (x 109B)
Class org.gradle.api.internal.classpath.UnknownModuleException                        : loaded 2 times (x 80B)
Class com.google.common.collect.Maps$EntryTransformer                                 : loaded 2 times (x 68B)
Class com.google.common.collect.ImmutableCollection$Builder                           : loaded 2 times (x 74B)
Class com.google.common.base.CommonPattern                                            : loaded 2 times (x 72B)
Class com.google.common.base.Suppliers                                                : loaded 2 times (x 69B)
Class com.google.common.cache.LoadingCache                                            : loaded 2 times (x 68B)
Class org.gradle.internal.service.ServiceLookupException                              : loaded 2 times (x 80B)
Class org.gradle.cache.GlobalCache                                                    : loaded 2 times (x 68B)
Class com.google.common.base.CharMatcher$NegatedFastMatcher                           : loaded 2 times (x 111B)
Class [Lorg.gradle.api.internal.ClassPathProvider;                                    : loaded 2 times (x 67B)
Class org.gradle.util.internal.GUtil                                                  : loaded 2 times (x 69B)
Class com.google.common.math.IntMath                                                  : loaded 2 times (x 69B)
Class com.google.common.collect.AbstractIterator                                      : loaded 2 times (x 80B)
Class org.gradle.internal.classloader.ClassLoaderSpec                                 : loaded 2 times (x 69B)
Class com.google.common.base.NullnessCasts                                            : loaded 2 times (x 69B)
Class com.google.common.cache.LocalCache$LocalManualCache                             : loaded 2 times (x 97B)
Class com.google.common.collect.AbstractMapEntry                                      : loaded 2 times (x 79B)
Class com.google.common.base.CharMatcher$Negated                                      : loaded 2 times (x 111B)
Class com.google.common.cache.CacheLoader$1                                           : loaded 2 times (x 73B)
Class com.google.common.collect.ImmutableSet$Builder                                  : loaded 2 times (x 83B)
Class com.google.common.base.CharMatcher$ForPredicate                                 : loaded 2 times (x 110B)
Class com.google.common.collect.ImmutableMap$MapViewOfValuesAsSingletonSets           : loaded 2 times (x 123B)
Class com.google.common.base.MoreObjects                                              : loaded 2 times (x 69B)
Class com.google.common.collect.SortedMapDifference                                   : loaded 2 times (x 68B)
Class com.google.common.cache.CacheStats                                              : loaded 2 times (x 69B)
Class org.gradle.internal.classloader.VisitableURLClassLoader                         : loaded 2 times (x 115B)
Class com.google.common.cache.LocalCache$LocalLoadingCache                            : loaded 2 times (x 132B)
Class com.google.common.base.Supplier                                                 : loaded 2 times (x 68B)
Class com.google.common.collect.ImmutableBiMap                                        : loaded 2 times (x 141B)
Class org.gradle.internal.Cast                                                        : loaded 2 times (x 69B)
Class Build_gradle                                                                    : loaded 2 times (x 70B)
Class org.gradle.api.internal.ClassPathRegistry                                       : loaded 2 times (x 68B)
Class com.google.common.cache.LocalCache$EntryFactory                                 : loaded 2 times (x 81B)
Class com.google.common.util.concurrent.UncheckedExecutionException                   : loaded 2 times (x 80B)
Class com.google.common.collect.ImmutableSet                                          : loaded 2 times (x 143B)
Class org.gradle.internal.classloader.VisitableURLClassLoader$InstrumentingVisitableURLClassLoader: loaded 2 times (x 121B)
Class org.gradle.internal.classloader.ClassLoaderHierarchy                            : loaded 2 times (x 68B)
Class com.google.common.base.AbstractIterator$State                                   : loaded 2 times (x 77B)
Class com.google.common.cache.Weigher                                                 : loaded 2 times (x 68B)
Class com.google.common.base.CharMatcher$NamedFastMatcher                             : loaded 2 times (x 110B)
Class org.gradle.internal.InternalTransformer                                         : loaded 2 times (x 68B)
Class org.gradle.internal.service.ServiceLocator                                      : loaded 2 times (x 68B)
Class Settings_gradle$1                                                               : loaded 2 times (x 72B)
Class com.google.common.collect.ImmutableMapEntry                                     : loaded 2 times (x 83B)
Class com.google.common.base.CharMatcher$Invisible                                    : loaded 2 times (x 110B)
Class com.google.common.base.CharMatcher$FastMatcher                                  : loaded 2 times (x 109B)
Class org.gradle.internal.classpath.DefaultClassPath$ImmutableUniqueList              : loaded 2 times (x 159B)
Class com.google.common.base.CharMatcher$JavaLetter                                   : loaded 2 times (x 109B)
Class org.gradle.internal.classpath.TransformedClassPath                              : loaded 2 times (x 94B)
Class com.google.common.collect.MapDifference                                         : loaded 2 times (x 68B)
Class Settings_gradle                                                                 : loaded 2 times (x 126B)
Class com.google.common.collect.Platform                                              : loaded 2 times (x 69B)
Class com.google.common.collect.ImmutableAsList                                       : loaded 2 times (x 169B)
Class com.google.common.util.concurrent.ExecutionError                                : loaded 2 times (x 80B)
Class com.google.common.base.Equivalence$Identity                                     : loaded 2 times (x 80B)
Class com.google.common.base.CharMatcher$AnyOf                                        : loaded 2 times (x 110B)
Class com.google.common.base.CharMatcher$IsEither                                     : loaded 2 times (x 109B)
Class com.google.common.cache.LocalCache                                              : loaded 2 times (x 185B)
Class com.google.common.collect.RegularImmutableList                                  : loaded 2 times (x 172B)
Class com.google.common.base.CharMatcher$JavaUpperCase                                : loaded 2 times (x 109B)
Class com.google.common.collect.Multiset                                              : loaded 2 times (x 68B)
Class com.google.common.collect.ImmutableSet$CachingAsList                            : loaded 2 times (x 145B)
Class com.google.common.collect.ImmutableMapEntry$NonTerminalImmutableMapEntry        : loaded 2 times (x 83B)
Class com.google.common.collect.AbstractMapBasedMultimap                              : loaded 2 times (x 137B)


---------------  S Y S T E M  ---------------

OS:
 Windows 11 , 64 bit Build 22621 (10.0.22621.3374)
OS uptime: 0 days 4:37 hours
Hyper-V role detected

CPU: total 8 (initial active 8) (8 cores per cpu, 2 threads per core) family 23 model 104 stepping 1 microcode 0x0, cx8, cmov, fxsr, ht, mmx, 3dnowpref, sse, sse2, sse3, ssse3, sse4a, sse4.1, sse4.2, popcnt, lzcnt, tsc, tscinvbit, avx, avx2, aes, clmul, bmi1, bmi2, adx, sha, fma, vzeroupper, clflush, clflushopt, hv
Processor Information for processor 0
  Max Mhz: 2600, Current Mhz: 2080, Mhz Limit: 2600
Processor Information for processor 1
  Max Mhz: 2600, Current Mhz: 2600, Mhz Limit: 2600
Processor Information for processor 2
  Max Mhz: 2600, Current Mhz: 2600, Mhz Limit: 2600
Processor Information for processor 3
  Max Mhz: 2600, Current Mhz: 2080, Mhz Limit: 2600
Processor Information for processor 4
  Max Mhz: 2600, Current Mhz: 2600, Mhz Limit: 2600
Processor Information for processor 5
  Max Mhz: 2600, Current Mhz: 2080, Mhz Limit: 2600
Processor Information for processor 6
  Max Mhz: 2600, Current Mhz: 2600, Mhz Limit: 2600
Processor Information for processor 7
  Max Mhz: 2600, Current Mhz: 2080, Mhz Limit: 2600

Memory: 4k page, system-wide physical 6005M (310M free)
TotalPageFile size 17331M (AvailPageFile size 7M)
current process WorkingSet (physical memory assigned to process): 288M, peak: 288M
current process commit charge ("private bytes"): 323M, peak: 326M

vm_info: OpenJDK 64-Bit Server VM (17.0.11+0--11852314) for windows-amd64 JRE (17.0.11+0--11852314), built on May 16 2024 21:29:20 by "androidbuild" with MS VC++ 16.10 / 16.11 (VS2019)

END.
