#
# There is insufficient memory for the Java Runtime Environment to continue.
# Native memory allocation (malloc) failed to allocate 1001632 bytes. Error detail: Chunk::new
# Possible reasons:
#   The system is out of physical RAM or swap space
#   This process is running with CompressedOops enabled, and the Java Heap may be blocking the growth of the native heap
# Possible solutions:
#   Reduce memory load on the system
#   Increase physical memory or swap space
#   Check if swap backing store is full
#   Decrease Java heap size (-Xmx/-Xms)
#   Decrease number of Java threads
#   Decrease Java thread stack sizes (-Xss)
#   Set larger code cache with -XX:ReservedCodeCacheSize=
#   JVM is running with Unscaled Compressed Oops mode in which the Java heap is
#     placed in the first 4GB address space. The Java Heap base address is the
#     maximum limit for the native heap growth. Please use -XX:HeapBaseMinAddress
#     to set the Java Heap base and to place the Java Heap above 4GB virtual address.
# This output file may be truncated or incomplete.
#
#  Out of Memory Error (arena.cpp:191), pid=3748, tid=3864
#
# JRE version: OpenJDK Runtime Environment (17.0.11) (build 17.0.11+0--11852314)
# Java VM: OpenJDK 64-Bit Server VM (17.0.11+0--11852314, mixed mode, tiered, compressed oops, compressed class ptrs, g1 gc, windows-amd64)
# No core dump will be written. Minidumps are not enabled by default on client versions of Windows
#

---------------  S U M M A R Y ------------

Command Line: --add-opens=java.base/java.util=ALL-UNNAMED --add-opens=java.base/java.lang=ALL-UNNAMED --add-opens=java.base/java.lang.invoke=ALL-UNNAMED --add-opens=java.prefs/java.util.prefs=ALL-UNNAMED --add-opens=java.base/java.nio.charset=ALL-UNNAMED --add-opens=java.base/java.net=ALL-UNNAMED --add-opens=java.base/java.util.concurrent.atomic=ALL-UNNAMED -Xmx2048m -Dfile.encoding=UTF-8 -Duser.country=US -Duser.language=en -Duser.variant -javaagent:C:\Users\LENOVO\.gradle\wrapper\dists\gradle-8.7-bin\bhs2wmbdwecv87pi65oeuq5iu\gradle-8.7\lib\agents\gradle-instrumentation-agent-8.7.jar org.gradle.launcher.daemon.bootstrap.GradleDaemon 8.7

Host: AMD Ryzen 3 5300U with Radeon Graphics         , 8 cores, 5G,  Windows 11 , 64 bit Build 22621 (10.0.22621.3374)
Time: Tue Feb 25 14:22:08 2025 SE Asia Standard Time elapsed time: 6.046727 seconds (0d 0h 0m 6s)

---------------  T H R E A D  ---------------

Current thread (0x0000024e15030cb0):  JavaThread "C2 CompilerThread0" daemon [_thread_in_native, id=3864, stack(0x00000079fee00000,0x00000079fef00000)]


Current CompileTask:
C2:   6047 4121   !   4       jdk.internal.loader.BuiltinClassLoader::loadClassOrNull (143 bytes)

Stack: [0x00000079fee00000,0x00000079fef00000]
Native frames: (J=compiled Java code, j=interpreted, Vv=VM code, C=native code)
V  [jvm.dll+0x687bb9]
V  [jvm.dll+0x84142a]
V  [jvm.dll+0x8430ae]
V  [jvm.dll+0x843713]
V  [jvm.dll+0x24a35f]
V  [jvm.dll+0xac544]
V  [jvm.dll+0xacb8c]
V  [jvm.dll+0x369c37]
V  [jvm.dll+0x33416a]
V  [jvm.dll+0x33360a]
V  [jvm.dll+0x21bed1]
V  [jvm.dll+0x21b311]
V  [jvm.dll+0x1a63ed]
V  [jvm.dll+0x22b1ee]
V  [jvm.dll+0x229375]
V  [jvm.dll+0x7f5647]
V  [jvm.dll+0x7efa4a]
V  [jvm.dll+0x686a35]
C  [ucrtbase.dll+0x29333]
C  [KERNEL32.DLL+0x1257d]
C  [ntdll.dll+0x5aa48]


---------------  P R O C E S S  ---------------

Threads class SMR info:
_java_thread_list=0x0000024e189cd920, length=33, elements={
0x0000024e76c6af20, 0x0000024e7fafd020, 0x0000024e7fafe6c0, 0x0000024e150177f0,
0x0000024e150184c0, 0x0000024e15018e80, 0x0000024e1502ac80, 0x0000024e15030cb0,
0x0000024e1502bae0, 0x0000024e15034210, 0x0000024e150e00f0, 0x0000024e1527e080,
0x0000024e17811520, 0x0000024e1675bb80, 0x0000024e162b3790, 0x0000024e1757c0a0,
0x0000024e17150750, 0x0000024e16642840, 0x0000024e16403270, 0x0000024e16c8d5f0,
0x0000024e16c8db00, 0x0000024e16c8c1b0, 0x0000024e16c8d0e0, 0x0000024e16c8cbd0,
0x0000024e178a0be0, 0x0000024e17137840, 0x0000024e1789e870, 0x0000024e1789f7a0,
0x0000024e178a3460, 0x0000024e1789e360, 0x0000024e1789bff0, 0x0000024e178a06d0,
0x0000024e178a2a40
}

Java Threads: ( => current thread )
  0x0000024e76c6af20 JavaThread "main" [_thread_blocked, id=15116, stack(0x00000079fe100000,0x00000079fe200000)]
  0x0000024e7fafd020 JavaThread "Reference Handler" daemon [_thread_blocked, id=13692, stack(0x00000079fe800000,0x00000079fe900000)]
  0x0000024e7fafe6c0 JavaThread "Finalizer" daemon [_thread_blocked, id=2128, stack(0x00000079fe900000,0x00000079fea00000)]
  0x0000024e150177f0 JavaThread "Signal Dispatcher" daemon [_thread_blocked, id=9540, stack(0x00000079fea00000,0x00000079feb00000)]
  0x0000024e150184c0 JavaThread "Attach Listener" daemon [_thread_blocked, id=21104, stack(0x00000079feb00000,0x00000079fec00000)]
  0x0000024e15018e80 JavaThread "Service Thread" daemon [_thread_blocked, id=9256, stack(0x00000079fec00000,0x00000079fed00000)]
  0x0000024e1502ac80 JavaThread "Monitor Deflation Thread" daemon [_thread_blocked, id=13508, stack(0x00000079fed00000,0x00000079fee00000)]
=>0x0000024e15030cb0 JavaThread "C2 CompilerThread0" daemon [_thread_in_native, id=3864, stack(0x00000079fee00000,0x00000079fef00000)]
  0x0000024e1502bae0 JavaThread "C1 CompilerThread0" daemon [_thread_blocked, id=5680, stack(0x00000079fef00000,0x00000079ff000000)]
  0x0000024e15034210 JavaThread "Sweeper thread" daemon [_thread_blocked, id=1412, stack(0x00000079ff000000,0x00000079ff100000)]
  0x0000024e150e00f0 JavaThread "Common-Cleaner" daemon [_thread_blocked, id=18660, stack(0x00000079ff100000,0x00000079ff200000)]
  0x0000024e1527e080 JavaThread "Notification Thread" daemon [_thread_blocked, id=9020, stack(0x00000079ff200000,0x00000079ff300000)]
  0x0000024e17811520 JavaThread "Daemon health stats" [_thread_blocked, id=23508, stack(0x00000079ff900000,0x00000079ffa00000)]
  0x0000024e1675bb80 JavaThread "Incoming local TCP Connector on port 54310" [_thread_in_native, id=3032, stack(0x00000079ffa00000,0x00000079ffb00000)]
  0x0000024e162b3790 JavaThread "Daemon periodic checks" [_thread_blocked, id=2864, stack(0x00000079ffb00000,0x00000079ffc00000)]
  0x0000024e1757c0a0 JavaThread "Daemon" [_thread_blocked, id=15980, stack(0x00000079ffc00000,0x00000079ffd00000)]
  0x0000024e17150750 JavaThread "Handler for socket connection from /127.0.0.1:54310 to /127.0.0.1:54311" [_thread_in_native, id=4652, stack(0x00000079ffd00000,0x00000079ffe00000)]
  0x0000024e16642840 JavaThread "Cancel handler" [_thread_blocked, id=7960, stack(0x00000079ffe00000,0x00000079fff00000)]
  0x0000024e16403270 JavaThread "Daemon worker" [_thread_in_Java, id=6360, stack(0x00000079fff00000,0x0000007a00000000)]
  0x0000024e16c8d5f0 JavaThread "Asynchronous log dispatcher for DefaultDaemonConnection: socket connection from /127.0.0.1:54310 to /127.0.0.1:54311" [_thread_blocked, id=18144, stack(0x0000007980000000,0x0000007980100000)]
  0x0000024e16c8db00 JavaThread "Stdin handler" [_thread_blocked, id=14420, stack(0x0000007980100000,0x0000007980200000)]
  0x0000024e16c8c1b0 JavaThread "Daemon client event forwarder" [_thread_blocked, id=10708, stack(0x0000007980200000,0x0000007980300000)]
  0x0000024e16c8d0e0 JavaThread "Cache worker for journal cache (C:\Users\LENOVO\.gradle\caches\journal-1)" [_thread_blocked, id=19720, stack(0x0000007980700000,0x0000007980800000)]
  0x0000024e16c8cbd0 JavaThread "File lock request listener" [_thread_in_native, id=15472, stack(0x0000007980800000,0x0000007980900000)]
  0x0000024e178a0be0 JavaThread "Cache worker for file hash cache (C:\Users\LENOVO\.gradle\caches\8.7\fileHashes)" [_thread_blocked, id=14840, stack(0x0000007980900000,0x0000007980a00000)]
  0x0000024e17137840 JavaThread "C2 CompilerThread1" daemon [_thread_in_native, id=3056, stack(0x0000007980a00000,0x0000007980b00000)]
  0x0000024e1789e870 JavaThread "Cache worker for file hash cache (D:\Catering Ukom\.gradle\8.7\fileHashes)" [_thread_blocked, id=14776, stack(0x0000007980b00000,0x0000007980c00000)]
  0x0000024e1789f7a0 JavaThread "File watcher server" daemon [_thread_in_native, id=8396, stack(0x0000007980c00000,0x0000007980d00000)]
  0x0000024e178a3460 JavaThread "File watcher consumer" daemon [_thread_blocked, id=2248, stack(0x0000007980d00000,0x0000007980e00000)]
  0x0000024e1789e360 JavaThread "Cache worker for checksums cache (D:\Catering Ukom\.gradle\8.7\checksums)" [_thread_blocked, id=4200, stack(0x0000007980e00000,0x0000007980f00000)]
  0x0000024e1789bff0 JavaThread "Cache worker for cache directory md-supplier (C:\Users\LENOVO\.gradle\caches\8.7\md-supplier)" [_thread_blocked, id=23396, stack(0x0000007980f00000,0x0000007981000000)]
  0x0000024e178a06d0 JavaThread "Cache worker for cache directory md-rule (C:\Users\LENOVO\.gradle\caches\8.7\md-rule)" [_thread_blocked, id=12828, stack(0x0000007981000000,0x0000007981100000)]
  0x0000024e178a2a40 JavaThread "Cache worker for file content cache (C:\Users\LENOVO\.gradle\caches\8.7\fileContent)" [_thread_blocked, id=20852, stack(0x0000007981100000,0x0000007981200000)]

Other Threads:
  0x0000024e7fadbc60 VMThread "VM Thread" [stack: 0x00000079fe700000,0x00000079fe800000] [id=17500]
  0x0000024e15269eb0 WatcherThread [stack: 0x00000079ff300000,0x00000079ff400000] [id=18440]
  0x0000024e76cc95f0 GCTaskThread "GC Thread#0" [stack: 0x00000079fe200000,0x00000079fe300000] [id=15220]
  0x0000024e15bdb520 GCTaskThread "GC Thread#1" [stack: 0x00000079ff500000,0x00000079ff600000] [id=19108]
  0x0000024e162b7030 GCTaskThread "GC Thread#2" [stack: 0x00000079ff600000,0x00000079ff700000] [id=7012]
  0x0000024e1637ac80 GCTaskThread "GC Thread#3" [stack: 0x00000079ff700000,0x00000079ff800000] [id=8340]
  0x0000024e16272790 GCTaskThread "GC Thread#4" [stack: 0x00000079ff800000,0x00000079ff900000] [id=17496]
  0x0000024e16403750 GCTaskThread "GC Thread#5" [stack: 0x0000007980300000,0x0000007980400000] [id=21284]
  0x0000024e166f8320 GCTaskThread "GC Thread#6" [stack: 0x0000007980400000,0x0000007980500000] [id=18576]
  0x0000024e16c935c0 GCTaskThread "GC Thread#7" [stack: 0x0000007980500000,0x0000007980600000] [id=10940]
  0x0000024e76cda440 ConcurrentGCThread "G1 Main Marker" [stack: 0x00000079fe300000,0x00000079fe400000] [id=1596]
  0x0000024e76cdad60 ConcurrentGCThread "G1 Conc#0" [stack: 0x00000079fe400000,0x00000079fe500000] [id=7712]
  0x0000024e170d6ea0 ConcurrentGCThread "G1 Conc#1" [stack: 0x0000007980600000,0x0000007980700000] [id=10484]
  0x0000024e76d1e150 ConcurrentGCThread "G1 Refine#0" [stack: 0x00000079fe500000,0x00000079fe600000] [id=2260]
  0x0000024e76d1ea80 ConcurrentGCThread "G1 Service" [stack: 0x00000079fe600000,0x00000079fe700000] [id=18344]

Threads with active compile tasks:
C2 CompilerThread0     6095 4121   !   4       jdk.internal.loader.BuiltinClassLoader::loadClassOrNull (143 bytes)
C2 CompilerThread1     6095 4131       4       jdk.internal.loader.BuiltinClassLoader::loadClass (22 bytes)

VM state: not at safepoint (normal execution)

VM Mutex/Monitor currently owned by a thread: None

Heap address: 0x0000000080000000, size: 2048 MB, Compressed Oops mode: 32-bit

CDS archive(s) not mapped
Compressed class space mapped at: 0x0000000100000000-0x0000000140000000, reserved size: 1073741824
Narrow klass base: 0x0000000000000000, Narrow klass shift: 3, Narrow klass range: 0x140000000

GC Precious Log:
 CPUs: 8 total, 8 available
 Memory: 6005M
 Large Page Support: Disabled
 NUMA Support: Disabled
 Compressed Oops: Enabled (32-bit)
 Heap Region Size: 1M
 Heap Min Capacity: 8M
 Heap Initial Capacity: 94M
 Heap Max Capacity: 2G
 Pre-touch: Disabled
 Parallel Workers: 8
 Concurrent Workers: 2
 Concurrent Refinement Workers: 8
 Periodic GC: Disabled

Heap:
 garbage-first heap   total 106496K, used 62566K [0x0000000080000000, 0x0000000100000000)
  region size 1024K, 35 young (35840K), 2 survivors (2048K)
 Metaspace       used 47112K, committed 47552K, reserved 1114112K
  class space    used 6413K, committed 6656K, reserved 1048576K

Heap Regions: E=young(eden), S=young(survivor), O=old, HS=humongous(starts), HC=humongous(continues), CS=collection set, F=free, OA=open archive, CA=closed archive, TAMS=top-at-mark-start (previous, next)
|   0|0x0000000080000000, 0x0000000080100000, 0x0000000080100000|100%|HS|  |TAMS 0x0000000080100000, 0x0000000080000000| Complete 
|   1|0x0000000080100000, 0x0000000080200000, 0x0000000080200000|100%|HC|  |TAMS 0x0000000080200000, 0x0000000080100000| Complete 
|   2|0x0000000080200000, 0x0000000080300000, 0x0000000080300000|100%|HC|  |TAMS 0x0000000080300000, 0x0000000080200000| Complete 
|   3|0x0000000080300000, 0x0000000080400000, 0x0000000080400000|100%|HC|  |TAMS 0x0000000080400000, 0x0000000080300000| Complete 
|   4|0x0000000080400000, 0x0000000080500000, 0x0000000080500000|100%| O|  |TAMS 0x0000000080500000, 0x0000000080400000| Untracked 
|   5|0x0000000080500000, 0x0000000080600000, 0x0000000080600000|100%| O|  |TAMS 0x0000000080600000, 0x0000000080500000| Untracked 
|   6|0x0000000080600000, 0x0000000080700000, 0x0000000080700000|100%| O|  |TAMS 0x0000000080700000, 0x0000000080600000| Untracked 
|   7|0x0000000080700000, 0x0000000080800000, 0x0000000080800000|100%| O|  |TAMS 0x0000000080800000, 0x0000000080700000| Untracked 
|   8|0x0000000080800000, 0x0000000080900000, 0x0000000080900000|100%| O|  |TAMS 0x0000000080900000, 0x0000000080800000| Untracked 
|   9|0x0000000080900000, 0x0000000080a00000, 0x0000000080a00000|100%| O|  |TAMS 0x0000000080a00000, 0x0000000080900000| Untracked 
|  10|0x0000000080a00000, 0x0000000080b00000, 0x0000000080b00000|100%| O|  |TAMS 0x0000000080b00000, 0x0000000080a00000| Untracked 
|  11|0x0000000080b00000, 0x0000000080c00000, 0x0000000080c00000|100%| O|  |TAMS 0x0000000080c00000, 0x0000000080b00000| Untracked 
|  12|0x0000000080c00000, 0x0000000080d00000, 0x0000000080d00000|100%| O|  |TAMS 0x0000000080d00000, 0x0000000080c00000| Untracked 
|  13|0x0000000080d00000, 0x0000000080e00000, 0x0000000080e00000|100%| O|  |TAMS 0x0000000080e00000, 0x0000000080d00000| Untracked 
|  14|0x0000000080e00000, 0x0000000080f00000, 0x0000000080f00000|100%| O|  |TAMS 0x0000000080f00000, 0x0000000080e00000| Untracked 
|  15|0x0000000080f00000, 0x0000000081000000, 0x0000000081000000|100%| O|  |TAMS 0x0000000081000000, 0x0000000080f00000| Untracked 
|  16|0x0000000081000000, 0x0000000081100000, 0x0000000081100000|100%| O|  |TAMS 0x0000000081100000, 0x0000000081000000| Untracked 
|  17|0x0000000081100000, 0x0000000081200000, 0x0000000081200000|100%| O|  |TAMS 0x0000000081200000, 0x0000000081100000| Untracked 
|  18|0x0000000081200000, 0x0000000081300000, 0x0000000081300000|100%| O|  |TAMS 0x0000000081300000, 0x0000000081200000| Untracked 
|  19|0x0000000081300000, 0x0000000081400000, 0x0000000081400000|100%| O|  |TAMS 0x0000000081300000, 0x0000000081300000| Untracked 
|  20|0x0000000081400000, 0x0000000081500000, 0x0000000081500000|100%| O|  |TAMS 0x0000000081500000, 0x0000000081400000| Untracked 
|  21|0x0000000081500000, 0x0000000081600000, 0x0000000081600000|100%| O|  |TAMS 0x0000000081600000, 0x0000000081500000| Untracked 
|  22|0x0000000081600000, 0x0000000081700000, 0x0000000081700000|100%| O|  |TAMS 0x000000008163b200, 0x0000000081600000| Untracked 
|  23|0x0000000081700000, 0x0000000081800000, 0x0000000081800000|100%| O|  |TAMS 0x0000000081700000, 0x0000000081700000| Untracked 
|  24|0x0000000081800000, 0x0000000081900000, 0x0000000081900000|100%| O|  |TAMS 0x0000000081800000, 0x0000000081800000| Untracked 
|  25|0x0000000081900000, 0x0000000081a00000, 0x0000000081a00000|100%| O|  |TAMS 0x0000000081900000, 0x0000000081900000| Untracked 
|  26|0x0000000081a00000, 0x0000000081b00000, 0x0000000081b00000|100%| O|  |TAMS 0x0000000081a00000, 0x0000000081a00000| Untracked 
|  27|0x0000000081b00000, 0x0000000081bb0c00, 0x0000000081c00000| 69%| O|  |TAMS 0x0000000081b00000, 0x0000000081b00000| Untracked 
|  28|0x0000000081c00000, 0x0000000081c00000, 0x0000000081d00000|  0%| F|  |TAMS 0x0000000081c00000, 0x0000000081c00000| Untracked 
|  29|0x0000000081d00000, 0x0000000081d00000, 0x0000000081e00000|  0%| F|  |TAMS 0x0000000081d00000, 0x0000000081d00000| Untracked 
|  30|0x0000000081e00000, 0x0000000081e00000, 0x0000000081f00000|  0%| F|  |TAMS 0x0000000081e00000, 0x0000000081e00000| Untracked 
|  31|0x0000000081f00000, 0x0000000081f00000, 0x0000000082000000|  0%| F|  |TAMS 0x0000000081f00000, 0x0000000081f00000| Untracked 
|  32|0x0000000082000000, 0x0000000082000000, 0x0000000082100000|  0%| F|  |TAMS 0x0000000082000000, 0x0000000082000000| Untracked 
|  33|0x0000000082100000, 0x0000000082100000, 0x0000000082200000|  0%| F|  |TAMS 0x0000000082100000, 0x0000000082100000| Untracked 
|  34|0x0000000082200000, 0x0000000082200000, 0x0000000082300000|  0%| F|  |TAMS 0x0000000082200000, 0x0000000082200000| Untracked 
|  35|0x0000000082300000, 0x0000000082300000, 0x0000000082400000|  0%| F|  |TAMS 0x0000000082300000, 0x0000000082300000| Untracked 
|  36|0x0000000082400000, 0x0000000082400000, 0x0000000082500000|  0%| F|  |TAMS 0x0000000082400000, 0x0000000082400000| Untracked 
|  37|0x0000000082500000, 0x0000000082500000, 0x0000000082600000|  0%| F|  |TAMS 0x0000000082500000, 0x0000000082500000| Untracked 
|  38|0x0000000082600000, 0x0000000082600000, 0x0000000082700000|  0%| F|  |TAMS 0x0000000082600000, 0x0000000082600000| Untracked 
|  39|0x0000000082700000, 0x0000000082700000, 0x0000000082800000|  0%| F|  |TAMS 0x0000000082700000, 0x0000000082700000| Untracked 
|  40|0x0000000082800000, 0x0000000082800000, 0x0000000082900000|  0%| F|  |TAMS 0x0000000082800000, 0x0000000082800000| Untracked 
|  41|0x0000000082900000, 0x0000000082900000, 0x0000000082a00000|  0%| F|  |TAMS 0x0000000082900000, 0x0000000082900000| Untracked 
|  42|0x0000000082a00000, 0x0000000082a00000, 0x0000000082b00000|  0%| F|  |TAMS 0x0000000082a00000, 0x0000000082a00000| Untracked 
|  43|0x0000000082b00000, 0x0000000082b00000, 0x0000000082c00000|  0%| F|  |TAMS 0x0000000082b00000, 0x0000000082b00000| Untracked 
|  44|0x0000000082c00000, 0x0000000082c68e00, 0x0000000082d00000| 40%| S|CS|TAMS 0x0000000082c00000, 0x0000000082c00000| Complete 
|  45|0x0000000082d00000, 0x0000000082e00000, 0x0000000082e00000|100%| S|CS|TAMS 0x0000000082d00000, 0x0000000082d00000| Complete 
|  46|0x0000000082e00000, 0x0000000082e00000, 0x0000000082f00000|  0%| F|  |TAMS 0x0000000082e00000, 0x0000000082e00000| Untracked 
|  47|0x0000000082f00000, 0x0000000082f00000, 0x0000000083000000|  0%| F|  |TAMS 0x0000000082f00000, 0x0000000082f00000| Untracked 
|  48|0x0000000083000000, 0x0000000083000000, 0x0000000083100000|  0%| F|  |TAMS 0x0000000083000000, 0x0000000083000000| Untracked 
|  49|0x0000000083100000, 0x0000000083100000, 0x0000000083200000|  0%| F|  |TAMS 0x0000000083100000, 0x0000000083100000| Untracked 
|  50|0x0000000083200000, 0x0000000083200000, 0x0000000083300000|  0%| F|  |TAMS 0x0000000083200000, 0x0000000083200000| Untracked 
|  51|0x0000000083300000, 0x0000000083300000, 0x0000000083400000|  0%| F|  |TAMS 0x0000000083300000, 0x0000000083300000| Untracked 
|  52|0x0000000083400000, 0x0000000083400000, 0x0000000083500000|  0%| F|  |TAMS 0x0000000083400000, 0x0000000083400000| Untracked 
|  53|0x0000000083500000, 0x0000000083500000, 0x0000000083600000|  0%| F|  |TAMS 0x0000000083500000, 0x0000000083500000| Untracked 
|  54|0x0000000083600000, 0x0000000083600000, 0x0000000083700000|  0%| F|  |TAMS 0x0000000083600000, 0x0000000083600000| Untracked 
|  55|0x0000000083700000, 0x0000000083700000, 0x0000000083800000|  0%| F|  |TAMS 0x0000000083700000, 0x0000000083700000| Untracked 
|  56|0x0000000083800000, 0x0000000083800000, 0x0000000083900000|  0%| F|  |TAMS 0x0000000083800000, 0x0000000083800000| Untracked 
|  57|0x0000000083900000, 0x0000000083900000, 0x0000000083a00000|  0%| F|  |TAMS 0x0000000083900000, 0x0000000083900000| Untracked 
|  58|0x0000000083a00000, 0x0000000083a00000, 0x0000000083b00000|  0%| F|  |TAMS 0x0000000083a00000, 0x0000000083a00000| Untracked 
|  59|0x0000000083b00000, 0x0000000083b00000, 0x0000000083c00000|  0%| F|  |TAMS 0x0000000083b00000, 0x0000000083b00000| Untracked 
|  60|0x0000000083c00000, 0x0000000083c00000, 0x0000000083d00000|  0%| F|  |TAMS 0x0000000083c00000, 0x0000000083c00000| Untracked 
|  61|0x0000000083d00000, 0x0000000083d00000, 0x0000000083e00000|  0%| F|  |TAMS 0x0000000083d00000, 0x0000000083d00000| Untracked 
|  62|0x0000000083e00000, 0x0000000083e00000, 0x0000000083f00000|  0%| F|  |TAMS 0x0000000083e00000, 0x0000000083e00000| Untracked 
|  63|0x0000000083f00000, 0x0000000083f00000, 0x0000000084000000|  0%| F|  |TAMS 0x0000000083f00000, 0x0000000083f00000| Untracked 
|  64|0x0000000084000000, 0x0000000084000000, 0x0000000084100000|  0%| F|  |TAMS 0x0000000084000000, 0x0000000084000000| Untracked 
|  65|0x0000000084100000, 0x0000000084100000, 0x0000000084200000|  0%| F|  |TAMS 0x0000000084100000, 0x0000000084100000| Untracked 
|  66|0x0000000084200000, 0x0000000084200000, 0x0000000084300000|  0%| F|  |TAMS 0x0000000084200000, 0x0000000084200000| Untracked 
|  67|0x0000000084300000, 0x0000000084300000, 0x0000000084400000|  0%| F|  |TAMS 0x0000000084300000, 0x0000000084300000| Untracked 
|  68|0x0000000084400000, 0x0000000084400000, 0x0000000084500000|  0%| F|  |TAMS 0x0000000084400000, 0x0000000084400000| Untracked 
|  69|0x0000000084500000, 0x0000000084500000, 0x0000000084600000|  0%| F|  |TAMS 0x0000000084500000, 0x0000000084500000| Untracked 
|  70|0x0000000084600000, 0x0000000084680800, 0x0000000084700000| 50%| E|  |TAMS 0x0000000084600000, 0x0000000084600000| Complete 
|  71|0x0000000084700000, 0x0000000084800000, 0x0000000084800000|100%| E|CS|TAMS 0x0000000084700000, 0x0000000084700000| Complete 
|  72|0x0000000084800000, 0x0000000084900000, 0x0000000084900000|100%| E|CS|TAMS 0x0000000084800000, 0x0000000084800000| Complete 
|  73|0x0000000084900000, 0x0000000084a00000, 0x0000000084a00000|100%| E|CS|TAMS 0x0000000084900000, 0x0000000084900000| Complete 
|  74|0x0000000084a00000, 0x0000000084b00000, 0x0000000084b00000|100%| E|CS|TAMS 0x0000000084a00000, 0x0000000084a00000| Complete 
|  75|0x0000000084b00000, 0x0000000084c00000, 0x0000000084c00000|100%| E|CS|TAMS 0x0000000084b00000, 0x0000000084b00000| Complete 
|  76|0x0000000084c00000, 0x0000000084d00000, 0x0000000084d00000|100%| E|CS|TAMS 0x0000000084c00000, 0x0000000084c00000| Complete 
|  77|0x0000000084d00000, 0x0000000084e00000, 0x0000000084e00000|100%| E|CS|TAMS 0x0000000084d00000, 0x0000000084d00000| Complete 
|  78|0x0000000084e00000, 0x0000000084f00000, 0x0000000084f00000|100%| E|CS|TAMS 0x0000000084e00000, 0x0000000084e00000| Complete 
|  79|0x0000000084f00000, 0x0000000085000000, 0x0000000085000000|100%| E|CS|TAMS 0x0000000084f00000, 0x0000000084f00000| Complete 
|  80|0x0000000085000000, 0x0000000085100000, 0x0000000085100000|100%| E|CS|TAMS 0x0000000085000000, 0x0000000085000000| Complete 
|  81|0x0000000085100000, 0x0000000085200000, 0x0000000085200000|100%| E|CS|TAMS 0x0000000085100000, 0x0000000085100000| Complete 
|  82|0x0000000085200000, 0x0000000085300000, 0x0000000085300000|100%| E|CS|TAMS 0x0000000085200000, 0x0000000085200000| Complete 
|  83|0x0000000085300000, 0x0000000085400000, 0x0000000085400000|100%| E|CS|TAMS 0x0000000085300000, 0x0000000085300000| Complete 
|  84|0x0000000085400000, 0x0000000085500000, 0x0000000085500000|100%| E|CS|TAMS 0x0000000085400000, 0x0000000085400000| Complete 
|  85|0x0000000085500000, 0x0000000085600000, 0x0000000085600000|100%| E|CS|TAMS 0x0000000085500000, 0x0000000085500000| Complete 
|  86|0x0000000085600000, 0x0000000085700000, 0x0000000085700000|100%| E|CS|TAMS 0x0000000085600000, 0x0000000085600000| Complete 
|  87|0x0000000085700000, 0x0000000085800000, 0x0000000085800000|100%| E|CS|TAMS 0x0000000085700000, 0x0000000085700000| Complete 
|  88|0x0000000085800000, 0x0000000085900000, 0x0000000085900000|100%| E|CS|TAMS 0x0000000085800000, 0x0000000085800000| Complete 
|  89|0x0000000085900000, 0x0000000085a00000, 0x0000000085a00000|100%| E|CS|TAMS 0x0000000085900000, 0x0000000085900000| Complete 
|  90|0x0000000085a00000, 0x0000000085b00000, 0x0000000085b00000|100%| E|CS|TAMS 0x0000000085a00000, 0x0000000085a00000| Complete 
|  91|0x0000000085b00000, 0x0000000085c00000, 0x0000000085c00000|100%| E|CS|TAMS 0x0000000085b00000, 0x0000000085b00000| Complete 
|  92|0x0000000085c00000, 0x0000000085d00000, 0x0000000085d00000|100%| E|CS|TAMS 0x0000000085c00000, 0x0000000085c00000| Complete 
|  93|0x0000000085d00000, 0x0000000085e00000, 0x0000000085e00000|100%| E|CS|TAMS 0x0000000085d00000, 0x0000000085d00000| Complete 
|  94|0x0000000085e00000, 0x0000000085f00000, 0x0000000085f00000|100%| E|CS|TAMS 0x0000000085e00000, 0x0000000085e00000| Complete 
|  95|0x0000000085f00000, 0x0000000086000000, 0x0000000086000000|100%| E|CS|TAMS 0x0000000085f00000, 0x0000000085f00000| Complete 
|  96|0x0000000086000000, 0x0000000086100000, 0x0000000086100000|100%| E|CS|TAMS 0x0000000086000000, 0x0000000086000000| Complete 
|  97|0x0000000086100000, 0x0000000086200000, 0x0000000086200000|100%| E|CS|TAMS 0x0000000086100000, 0x0000000086100000| Complete 
|  98|0x0000000086200000, 0x0000000086300000, 0x0000000086300000|100%| E|CS|TAMS 0x0000000086200000, 0x0000000086200000| Complete 
|  99|0x0000000086300000, 0x0000000086400000, 0x0000000086400000|100%| E|CS|TAMS 0x0000000086300000, 0x0000000086300000| Complete 
| 100|0x0000000086400000, 0x0000000086500000, 0x0000000086500000|100%| E|CS|TAMS 0x0000000086400000, 0x0000000086400000| Complete 
| 101|0x0000000086500000, 0x0000000086600000, 0x0000000086600000|100%| E|CS|TAMS 0x0000000086500000, 0x0000000086500000| Complete 
| 102|0x0000000086600000, 0x0000000086700000, 0x0000000086700000|100%| E|CS|TAMS 0x0000000086600000, 0x0000000086600000| Complete 
| 103|0x0000000086700000, 0x0000000086800000, 0x0000000086800000|100%| E|CS|TAMS 0x0000000086700000, 0x0000000086700000| Complete 

Card table byte_map: [0x0000024e7a870000,0x0000024e7ac70000] _byte_map_base: 0x0000024e7a470000

Marking Bits (Prev, Next): (CMBitMap*) 0x0000024e76cc9b10, (CMBitMap*) 0x0000024e76cc9b50
 Prev Bits: [0x0000024e7b070000, 0x0000024e7d070000)
 Next Bits: [0x0000024e7d070000, 0x0000024e7f070000)

Polling page: 0x0000024e76420000

Metaspace:

Usage:
  Non-class:     39.75 MB used.
      Class:      6.27 MB used.
       Both:     46.02 MB used.

Virtual space:
  Non-class space:       64.00 MB reserved,      39.94 MB ( 62%) committed,  1 nodes.
      Class space:        1.00 GB reserved,       6.50 MB ( <1%) committed,  1 nodes.
             Both:        1.06 GB reserved,      46.44 MB (  4%) committed. 

Chunk freelists:
   Non-Class:  7.81 MB
       Class:  9.36 MB
        Both:  17.17 MB

MaxMetaspaceSize: unlimited
CompressedClassSpaceSize: 1.00 GB
Initial GC threshold: 21.00 MB
Current GC threshold: 59.00 MB
CDS: off
MetaspaceReclaimPolicy: balanced
 - commit_granule_bytes: 65536.
 - commit_granule_words: 8192.
 - virtual_space_node_default_size: 8388608.
 - enlarge_chunks_in_place: 1.
 - new_chunks_are_fully_committed: 0.
 - uncommit_free_chunks: 1.
 - use_allocation_guard: 0.
 - handle_deallocations: 1.


Internal statistics:

num_allocs_failed_limit: 6.
num_arena_births: 464.
num_arena_deaths: 0.
num_vsnodes_births: 2.
num_vsnodes_deaths: 0.
num_space_committed: 743.
num_space_uncommitted: 0.
num_chunks_returned_to_freelist: 6.
num_chunks_taken_from_freelist: 1914.
num_chunk_merges: 3.
num_chunk_splits: 1257.
num_chunks_enlarged: 864.
num_inconsistent_stats: 0.

CodeHeap 'non-profiled nmethods': size=120000Kb used=2484Kb max_used=2484Kb free=117515Kb
 bounds [0x0000024e07ad0000, 0x0000024e07d40000, 0x0000024e0f000000]
CodeHeap 'profiled nmethods': size=120000Kb used=8464Kb max_used=8464Kb free=111535Kb
 bounds [0x0000024e00000000, 0x0000024e00850000, 0x0000024e07530000]
CodeHeap 'non-nmethods': size=5760Kb used=1603Kb max_used=1655Kb free=4156Kb
 bounds [0x0000024e07530000, 0x0000024e077a0000, 0x0000024e07ad0000]
 total_blobs=4798 nmethods=4131 adapters=579
 compilation: enabled
              stopped_count=0, restarted_count=0
 full_count=0

Compilation events (20 events):
Event: 6.019 Thread 0x0000024e1502bae0 4134       3       org.objectweb.asm.SymbolTable::addConstantMethodHandle (197 bytes)
Event: 6.020 Thread 0x0000024e1502bae0 nmethod 4134 0x0000024e0083e710 code [0x0000024e0083e9a0, 0x0000024e0083f338]
Event: 6.020 Thread 0x0000024e1502bae0 4135       3       org.gradle.model.internal.asm.MethodVisitorScope::_DUP (7 bytes)
Event: 6.020 Thread 0x0000024e1502bae0 nmethod 4135 0x0000024e0083f910 code [0x0000024e0083fac0, 0x0000024e0083fd28]
Event: 6.021 Thread 0x0000024e1502bae0 4136       3       org.gradle.model.internal.asm.MethodVisitorScope::_ASTORE (8 bytes)
Event: 6.021 Thread 0x0000024e1502bae0 nmethod 4136 0x0000024e0083fe10 code [0x0000024e0083ffc0, 0x0000024e00840228]
Event: 6.024 Thread 0x0000024e1502bae0 4137       3       org.gradle.internal.service.DefaultServiceRegistry$OwnServices::getAll (46 bytes)
Event: 6.024 Thread 0x0000024e1502bae0 nmethod 4137 0x0000024e00840310 code [0x0000024e00840540, 0x0000024e00840e08]
Event: 6.025 Thread 0x0000024e1502bae0 4138       3       java.lang.reflect.Constructor::hasGenericInformation (13 bytes)
Event: 6.025 Thread 0x0000024e1502bae0 nmethod 4138 0x0000024e00841090 code [0x0000024e00841220, 0x0000024e00841398]
Event: 6.025 Thread 0x0000024e1502bae0 4139       3       org.gradle.cache.internal.DefaultCrossBuildInMemoryCacheFactory$AbstractCrossBuildInMemoryCache::getIfPresentWithoutLock (43 bytes)
Event: 6.025 Thread 0x0000024e1502bae0 nmethod 4139 0x0000024e00841410 code [0x0000024e008415e0, 0x0000024e00841a28]
Event: 6.032 Thread 0x0000024e1502bae0 4140       3       java.lang.invoke.MethodHandleImpl$IntrinsicMethodHandle::<init> (25 bytes)
Event: 6.033 Thread 0x0000024e1502bae0 nmethod 4140 0x0000024e00841b90 code [0x0000024e00841d60, 0x0000024e00842398]
Event: 6.033 Thread 0x0000024e1502bae0 4141       3       java.net.URI::match (56 bytes)
Event: 6.033 Thread 0x0000024e1502bae0 nmethod 4141 0x0000024e00842510 code [0x0000024e008426c0, 0x0000024e008429b8]
Event: 6.033 Thread 0x0000024e1502bae0 4142       1       java.util.TreeMap::size (5 bytes)
Event: 6.033 Thread 0x0000024e1502bae0 nmethod 4142 0x0000024e07d3cb10 code [0x0000024e07d3cca0, 0x0000024e07d3cd78]
Event: 6.039 Thread 0x0000024e1502bae0 4143       3       java.nio.MappedByteBuffer::position (6 bytes)
Event: 6.039 Thread 0x0000024e1502bae0 nmethod 4143 0x0000024e00842a90 code [0x0000024e00842c40, 0x0000024e00842e48]

GC Heap History (20 events):
Event: 0.716 GC heap before
{Heap before GC invocations=0 (full 0):
 garbage-first heap   total 96256K, used 26624K [0x0000000080000000, 0x0000000100000000)
  region size 1024K, 23 young (23552K), 0 survivors (0K)
 Metaspace       used 10432K, committed 10560K, reserved 1114112K
  class space    used 1078K, committed 1152K, reserved 1048576K
}
Event: 0.722 GC heap after
{Heap after GC invocations=1 (full 0):
 garbage-first heap   total 96256K, used 10496K [0x0000000080000000, 0x0000000100000000)
  region size 1024K, 3 young (3072K), 3 survivors (3072K)
 Metaspace       used 10432K, committed 10560K, reserved 1114112K
  class space    used 1078K, committed 1152K, reserved 1048576K
}
Event: 1.404 GC heap before
{Heap before GC invocations=1 (full 0):
 garbage-first heap   total 96256K, used 39168K [0x0000000080000000, 0x0000000100000000)
  region size 1024K, 31 young (31744K), 3 survivors (3072K)
 Metaspace       used 11455K, committed 11648K, reserved 1114112K
  class space    used 1196K, committed 1280K, reserved 1048576K
}
Event: 1.409 GC heap after
{Heap after GC invocations=2 (full 0):
 garbage-first heap   total 96256K, used 11427K [0x0000000080000000, 0x0000000100000000)
  region size 1024K, 1 young (1024K), 1 survivors (1024K)
 Metaspace       used 11455K, committed 11648K, reserved 1114112K
  class space    used 1196K, committed 1280K, reserved 1048576K
}
Event: 2.428 GC heap before
{Heap before GC invocations=2 (full 0):
 garbage-first heap   total 96256K, used 59555K [0x0000000080000000, 0x0000000100000000)
  region size 1024K, 47 young (48128K), 1 survivors (1024K)
 Metaspace       used 20892K, committed 21184K, reserved 1114112K
  class space    used 2454K, committed 2624K, reserved 1048576K
}
Event: 2.433 GC heap after
{Heap after GC invocations=3 (full 0):
 garbage-first heap   total 96256K, used 19062K [0x0000000080000000, 0x0000000100000000)
  region size 1024K, 6 young (6144K), 6 survivors (6144K)
 Metaspace       used 20892K, committed 21184K, reserved 1114112K
  class space    used 2454K, committed 2624K, reserved 1048576K
}
Event: 2.457 GC heap before
{Heap before GC invocations=3 (full 0):
 garbage-first heap   total 96256K, used 19062K [0x0000000080000000, 0x0000000100000000)
  region size 1024K, 8 young (8192K), 6 survivors (6144K)
 Metaspace       used 21271K, committed 21504K, reserved 1114112K
  class space    used 2498K, committed 2624K, reserved 1048576K
}
Event: 2.460 GC heap after
{Heap after GC invocations=4 (full 0):
 garbage-first heap   total 96256K, used 20040K [0x0000000080000000, 0x0000000100000000)
  region size 1024K, 1 young (1024K), 1 survivors (1024K)
 Metaspace       used 21271K, committed 21504K, reserved 1114112K
  class space    used 2498K, committed 2624K, reserved 1048576K
}
Event: 3.118 GC heap before
{Heap before GC invocations=5 (full 0):
 garbage-first heap   total 75776K, used 61000K [0x0000000080000000, 0x0000000100000000)
  region size 1024K, 42 young (43008K), 1 survivors (1024K)
 Metaspace       used 27584K, committed 27840K, reserved 1114112K
  class space    used 3572K, committed 3712K, reserved 1048576K
}
Event: 3.121 GC heap after
{Heap after GC invocations=6 (full 0):
 garbage-first heap   total 75776K, used 21935K [0x0000000080000000, 0x0000000100000000)
  region size 1024K, 3 young (3072K), 3 survivors (3072K)
 Metaspace       used 27584K, committed 27840K, reserved 1114112K
  class space    used 3572K, committed 3712K, reserved 1048576K
}
Event: 3.139 GC heap before
{Heap before GC invocations=6 (full 0):
 garbage-first heap   total 75776K, used 22959K [0x0000000080000000, 0x0000000100000000)
  region size 1024K, 4 young (4096K), 3 survivors (3072K)
 Metaspace       used 27689K, committed 27968K, reserved 1114112K
  class space    used 3595K, committed 3712K, reserved 1048576K
}
Event: 3.141 GC heap after
{Heap after GC invocations=7 (full 0):
 garbage-first heap   total 75776K, used 22038K [0x0000000080000000, 0x0000000100000000)
  region size 1024K, 1 young (1024K), 1 survivors (1024K)
 Metaspace       used 27689K, committed 27968K, reserved 1114112K
  class space    used 3595K, committed 3712K, reserved 1048576K
}
Event: 3.657 GC heap before
{Heap before GC invocations=7 (full 0):
 garbage-first heap   total 75776K, used 54806K [0x0000000080000000, 0x0000000100000000)
  region size 1024K, 33 young (33792K), 1 survivors (1024K)
 Metaspace       used 32040K, committed 32384K, reserved 1114112K
  class space    used 4318K, committed 4480K, reserved 1048576K
}
Event: 3.659 GC heap after
{Heap after GC invocations=8 (full 0):
 garbage-first heap   total 75776K, used 23556K [0x0000000080000000, 0x0000000100000000)
  region size 1024K, 2 young (2048K), 2 survivors (2048K)
 Metaspace       used 32040K, committed 32384K, reserved 1114112K
  class space    used 4318K, committed 4480K, reserved 1048576K
}
Event: 4.103 GC heap before
{Heap before GC invocations=8 (full 0):
 garbage-first heap   total 75776K, used 50180K [0x0000000080000000, 0x0000000100000000)
  region size 1024K, 29 young (29696K), 2 survivors (2048K)
 Metaspace       used 35808K, committed 36096K, reserved 1114112K
  class space    used 4885K, committed 5056K, reserved 1048576K
}
Event: 4.106 GC heap after
{Heap after GC invocations=9 (full 0):
 garbage-first heap   total 75776K, used 24654K [0x0000000080000000, 0x0000000100000000)
  region size 1024K, 3 young (3072K), 3 survivors (3072K)
 Metaspace       used 35808K, committed 36096K, reserved 1114112K
  class space    used 4885K, committed 5056K, reserved 1048576K
}
Event: 4.641 GC heap before
{Heap before GC invocations=10 (full 0):
 garbage-first heap   total 75776K, used 57422K [0x0000000080000000, 0x0000000100000000)
  region size 1024K, 36 young (36864K), 3 survivors (3072K)
 Metaspace       used 41298K, committed 41664K, reserved 1114112K
  class space    used 5472K, committed 5632K, reserved 1048576K
}
Event: 4.647 GC heap after
{Heap after GC invocations=11 (full 0):
 garbage-first heap   total 75776K, used 29144K [0x0000000080000000, 0x0000000100000000)
  region size 1024K, 5 young (5120K), 5 survivors (5120K)
 Metaspace       used 41298K, committed 41664K, reserved 1114112K
  class space    used 5472K, committed 5632K, reserved 1048576K
}
Event: 4.952 GC heap before
{Heap before GC invocations=11 (full 0):
 garbage-first heap   total 75776K, used 57816K [0x0000000080000000, 0x0000000100000000)
  region size 1024K, 33 young (33792K), 5 survivors (5120K)
 Metaspace       used 42931K, committed 43328K, reserved 1114112K
  class space    used 5722K, committed 5888K, reserved 1048576K
}
Event: 4.957 GC heap after
{Heap after GC invocations=12 (full 0):
 garbage-first heap   total 106496K, used 29798K [0x0000000080000000, 0x0000000100000000)
  region size 1024K, 2 young (2048K), 2 survivors (2048K)
 Metaspace       used 42931K, committed 43328K, reserved 1114112K
  class space    used 5722K, committed 5888K, reserved 1048576K
}

Dll operation events (3 events):
Event: 0.009 Loaded shared library C:\Program Files\Android\Android Studio\jbr\bin\java.dll
Event: 0.111 Loaded shared library C:\Program Files\Android\Android Studio\jbr\bin\zip.dll
Event: 0.456 Loaded shared library C:\Program Files\Android\Android Studio\jbr\bin\verify.dll

Deoptimization events (20 events):
Event: 5.924 Thread 0x0000024e16403270 Uncommon trap: trap_request=0xffffffde fr.pc=0x0000024e07cc3500 relative=0x0000000000000060
Event: 5.924 Thread 0x0000024e16403270 Uncommon trap: reason=class_check action=maybe_recompile pc=0x0000024e07cc3500 method=java.util.stream.StreamOpFlag.fromCharacteristics(Ljava/util/Spliterator;)I @ 14 c2
Event: 5.924 Thread 0x0000024e16403270 DEOPT PACKING pc=0x0000024e07cc3500 sp=0x00000079ffff98b0
Event: 5.924 Thread 0x0000024e16403270 DEOPT UNPACKING pc=0x0000024e075869a3 sp=0x00000079ffff9848 mode 2
Event: 5.963 Thread 0x0000024e16403270 Uncommon trap: trap_request=0xffffffde fr.pc=0x0000024e07c36f18 relative=0x0000000000000078
Event: 5.963 Thread 0x0000024e16403270 Uncommon trap: reason=class_check action=maybe_recompile pc=0x0000024e07c36f18 method=java.util.Collections$SetFromMap.remove(Ljava/lang/Object;)Z @ 5 c2
Event: 5.963 Thread 0x0000024e16403270 DEOPT PACKING pc=0x0000024e07c36f18 sp=0x00000079ffffadf0
Event: 5.963 Thread 0x0000024e16403270 DEOPT UNPACKING pc=0x0000024e075869a3 sp=0x00000079ffffad88 mode 2
Event: 5.994 Thread 0x0000024e16403270 Uncommon trap: trap_request=0xffffffc6 fr.pc=0x0000024e07cfc13c relative=0x000000000000265c
Event: 5.994 Thread 0x0000024e16403270 Uncommon trap: reason=bimorphic_or_optimized_type_check action=maybe_recompile pc=0x0000024e07cfc13c method=java.util.regex.Pattern$CharProperty.study(Ljava/util/regex/Pattern$TreeInfo;)Z @ 25 c2
Event: 5.994 Thread 0x0000024e16403270 DEOPT PACKING pc=0x0000024e07cfc13c sp=0x00000079ffff9a90
Event: 5.994 Thread 0x0000024e16403270 DEOPT UNPACKING pc=0x0000024e075869a3 sp=0x00000079ffff9988 mode 2
Event: 6.028 Thread 0x0000024e16403270 Uncommon trap: trap_request=0xffffff45 fr.pc=0x0000024e07b3bb74 relative=0x00000000000001d4
Event: 6.028 Thread 0x0000024e16403270 Uncommon trap: reason=unstable_if action=reinterpret pc=0x0000024e07b3bb74 method=java.net.URI$Parser.scan(IILjava/lang/String;)I @ 26 c2
Event: 6.028 Thread 0x0000024e16403270 DEOPT PACKING pc=0x0000024e07b3bb74 sp=0x00000079ffff9fb0
Event: 6.028 Thread 0x0000024e16403270 DEOPT UNPACKING pc=0x0000024e075869a3 sp=0x00000079ffff9f40 mode 2
Event: 6.028 Thread 0x0000024e16403270 Uncommon trap: trap_request=0xffffff45 fr.pc=0x0000024e07af64c0 relative=0x00000000000000c0
Event: 6.028 Thread 0x0000024e16403270 Uncommon trap: reason=unstable_if action=reinterpret pc=0x0000024e07af64c0 method=java.net.URI.match(CJJ)Z @ 45 c2
Event: 6.028 Thread 0x0000024e16403270 DEOPT PACKING pc=0x0000024e07af64c0 sp=0x00000079ffff9c50
Event: 6.028 Thread 0x0000024e16403270 DEOPT UNPACKING pc=0x0000024e075869a3 sp=0x00000079ffff9bd8 mode 2

Classes unloaded (0 events):
No events

Classes redefined (0 events):
No events

Internal exceptions (20 events):
Event: 4.760 Thread 0x0000024e16403270 Exception <a 'java/lang/NoSuchMethodError'{0x00000000840bb420}: 'java.lang.Object java.lang.invoke.DirectMethodHandle$Holder.invokeStatic(java.lang.Object, java.lang.Object, java.lang.Object, java.lang.Object, java.lang.Object, java.lang.Object, java.lang.Object, java.lang.Object, java.lang.Object, java.lang.Object, java.lang.Object, java.lang.Object, java.lang.Object, java.lang.Object, java.lang.Object, java.lang.Object, java.lang.Object, java.lang.Object, java.lang.Object, java.lang.Object, java.lang.Obj
Event: 4.763 Thread 0x0000024e16403270 Exception <a 'java/lang/NoSuchMethodError'{0x00000000840e99d8}: 'java.lang.Object java.lang.invoke.DirectMethodHandle$Holder.invokeStatic(java.lang.Object, java.lang.Object, java.lang.Object, java.lang.Object, java.lang.Object, java.lang.Object, java.lang.Object, java.lang.Object, java.lang.Object, java.lang.Object, java.lang.Object, java.lang.Object, java.lang.Object, java.lang.Object, java.lang.Object, java.lang.Object, java.lang.Object, java.lang.Object, java.lang.Object, java.lang.Object, java.lang.Obj
Event: 4.765 Thread 0x0000024e16403270 Exception <a 'java/lang/NoSuchMethodError'{0x0000000083f18fc0}: 'java.lang.Object java.lang.invoke.DirectMethodHandle$Holder.invokeStatic(java.lang.Object, java.lang.Object, java.lang.Object, java.lang.Object, java.lang.Object, java.lang.Object, java.lang.Object, java.lang.Object, java.lang.Object, java.lang.Object, java.lang.Object, java.lang.Object, java.lang.Object, java.lang.Object, java.lang.Object, java.lang.Object, java.lang.Object, java.lang.Object, java.lang.Object, java.lang.Object, java.lang.Obj
Event: 4.767 Thread 0x0000024e16403270 Exception <a 'java/lang/NoSuchMethodError'{0x0000000083f49db8}: 'java.lang.Object java.lang.invoke.DirectMethodHandle$Holder.invokeStatic(java.lang.Object, java.lang.Object, java.lang.Object, java.lang.Object, java.lang.Object, java.lang.Object, java.lang.Object, java.lang.Object, java.lang.Object, java.lang.Object, java.lang.Object, java.lang.Object, java.lang.Object, java.lang.Object, java.lang.Object, java.lang.Object, java.lang.Object, java.lang.Object, java.lang.Object, java.lang.Object, java.lang.Obj
Event: 4.769 Thread 0x0000024e16403270 Exception <a 'java/lang/NoSuchMethodError'{0x0000000083f7c248}: 'java.lang.Object java.lang.invoke.DirectMethodHandle$Holder.invokeStatic(java.lang.Object, java.lang.Object, java.lang.Object, java.lang.Object, java.lang.Object, java.lang.Object, java.lang.Object, java.lang.Object, java.lang.Object, java.lang.Object, java.lang.Object, java.lang.Object, java.lang.Object, java.lang.Object, java.lang.Object, java.lang.Object, java.lang.Object, java.lang.Object, java.lang.Object, java.lang.Object, java.lang.Obj
Event: 4.916 Thread 0x0000024e16403270 Exception <a 'java/lang/IncompatibleClassChangeError'{0x0000000082f6a480}: Found class java.lang.Object, but interface was expected> (0x0000000082f6a480) 
thrown [s\src\hotspot\share\interpreter\linkResolver.cpp, line 838]
Event: 4.931 Thread 0x0000024e16403270 Exception <a 'java/lang/NoSuchMethodError'{0x0000000082e290e0}: 'java.lang.Object java.lang.invoke.DirectMethodHandle$Holder.newInvokeSpecial(java.lang.Object, java.lang.Object, long)'> (0x0000000082e290e0) 
thrown [s\src\hotspot\share\interpreter\linkResolver.cpp, line 771]
Event: 4.932 Thread 0x0000024e16403270 Exception <a 'java/lang/NoSuchMethodError'{0x0000000082e2d998}: 'java.lang.Object java.lang.invoke.Invokers$Holder.linkToTargetMethod(java.lang.Object, long, java.lang.Object)'> (0x0000000082e2d998) 
thrown [s\src\hotspot\share\interpreter\linkResolver.cpp, line 771]
Event: 4.978 Thread 0x0000024e16403270 Exception <a 'java/lang/NoSuchMethodError'{0x00000000867e78a8}: 'int java.lang.invoke.DirectMethodHandle$Holder.invokeInterface(java.lang.Object, java.lang.Object)'> (0x00000000867e78a8) 
thrown [s\src\hotspot\share\interpreter\linkResolver.cpp, line 771]
Event: 5.094 Thread 0x0000024e16403270 Exception <a 'java/lang/NoSuchMethodError'{0x00000000864f2b88}: 'java.lang.Object java.lang.invoke.DirectMethodHandle$Holder.invokeVirtual(java.lang.Object, java.lang.Object, int)'> (0x00000000864f2b88) 
thrown [s\src\hotspot\share\interpreter\linkResolver.cpp, line 771]
Event: 5.151 Thread 0x0000024e16403270 Exception <a 'java/lang/NoSuchMethodError'{0x00000000861b8b20}: 'java.lang.Object java.lang.invoke.DirectMethodHandle$Holder.newInvokeSpecial(java.lang.Object, java.lang.Object, java.lang.Object, java.lang.Object, int)'> (0x00000000861b8b20) 
thrown [s\src\hotspot\share\interpreter\linkResolver.cpp, line 771]
Event: 5.152 Thread 0x0000024e16403270 Exception <a 'java/lang/NoSuchMethodError'{0x00000000861bdba0}: 'java.lang.Object java.lang.invoke.DirectMethodHandle$Holder.invokeSpecial(java.lang.Object, java.lang.Object, java.lang.Object, java.lang.Object, java.lang.Object, int)'> (0x00000000861bdba0) 
thrown [s\src\hotspot\share\interpreter\linkResolver.cpp, line 771]
Event: 5.152 Thread 0x0000024e16403270 Exception <a 'java/lang/NoSuchMethodError'{0x00000000861c25d0}: 'java.lang.Object java.lang.invoke.Invokers$Holder.linkToTargetMethod(java.lang.Object, java.lang.Object, java.lang.Object, int, java.lang.Object)'> (0x00000000861c25d0) 
thrown [s\src\hotspot\share\interpreter\linkResolver.cpp, line 771]
Event: 5.217 Thread 0x0000024e16403270 Exception <a 'java/lang/NoSuchMethodError'{0x0000000085f910f8}: 'int java.lang.invoke.DirectMethodHandle$Holder.invokeInterface(java.lang.Object, java.lang.Object, java.lang.Object, java.lang.Object)'> (0x0000000085f910f8) 
thrown [s\src\hotspot\share\interpreter\linkResolver.cpp, line 771]
Event: 5.364 Thread 0x0000024e16403270 Implicit null exception at 0x0000024e07c702ec to 0x0000024e07c70394
Event: 5.540 Thread 0x0000024e16403270 Exception <a 'java/lang/NoSuchMethodError'{0x00000000852398e8}: 'void java.lang.invoke.DirectMethodHandle$Holder.invokeInterface(java.lang.Object, java.lang.Object)'> (0x00000000852398e8) 
thrown [s\src\hotspot\share\interpreter\linkResolver.cpp, line 771]
Event: 5.548 Thread 0x0000024e16403270 Exception <a 'java/lang/IncompatibleClassChangeError'{0x0000000085244d18}: Found class java.lang.Object, but interface was expected> (0x0000000085244d18) 
thrown [s\src\hotspot\share\interpreter\linkResolver.cpp, line 838]
Event: 5.648 Thread 0x0000024e16403270 Exception <a 'java/lang/NoSuchMethodError'{0x00000000850d4d30}: 'java.lang.Object java.lang.invoke.DirectMethodHandle$Holder.newInvokeSpecial(java.lang.Object, int, java.lang.Object)'> (0x00000000850d4d30) 
thrown [s\src\hotspot\share\interpreter\linkResolver.cpp, line 771]
Event: 5.803 Thread 0x0000024e16403270 Exception <a 'java/lang/NoSuchMethodError'{0x0000000084e7df18}: 'java.lang.Object java.lang.invoke.DirectMethodHandle$Holder.newInvokeSpecial(java.lang.Object, java.lang.Object, int, java.lang.Object)'> (0x0000000084e7df18) 
thrown [s\src\hotspot\share\interpreter\linkResolver.cpp, line 771]
Event: 5.804 Thread 0x0000024e16403270 Exception <a 'java/lang/NoSuchMethodError'{0x0000000084e82d18}: 'java.lang.Object java.lang.invoke.DirectMethodHandle$Holder.invokeSpecial(java.lang.Object, java.lang.Object, java.lang.Object, int, java.lang.Object)'> (0x0000000084e82d18) 
thrown [s\src\hotspot\share\interpreter\linkResolver.cpp, line 771]

VM Operations (20 events):
Event: 4.641 Executing VM operation: G1CollectForAllocation
Event: 4.647 Executing VM operation: G1CollectForAllocation done
Event: 4.919 Executing VM operation: HandshakeAllThreads
Event: 4.919 Executing VM operation: HandshakeAllThreads done
Event: 4.950 Executing VM operation: HandshakeAllThreads
Event: 4.950 Executing VM operation: HandshakeAllThreads done
Event: 4.951 Executing VM operation: HandshakeAllThreads
Event: 4.951 Executing VM operation: HandshakeAllThreads done
Event: 4.952 Executing VM operation: G1CollectForAllocation
Event: 4.957 Executing VM operation: G1CollectForAllocation done
Event: 5.201 Executing VM operation: HandshakeAllThreads
Event: 5.201 Executing VM operation: HandshakeAllThreads done
Event: 5.209 Executing VM operation: HandshakeAllThreads
Event: 5.209 Executing VM operation: HandshakeAllThreads done
Event: 5.216 Executing VM operation: HandshakeAllThreads
Event: 5.216 Executing VM operation: HandshakeAllThreads done
Event: 5.325 Executing VM operation: HandshakeAllThreads
Event: 5.325 Executing VM operation: HandshakeAllThreads done
Event: 5.874 Executing VM operation: HandshakeAllThreads
Event: 5.874 Executing VM operation: HandshakeAllThreads done

Events (20 events):
Event: 5.877 loading class java/util/stream/DistinctOps$1$2
Event: 5.877 loading class java/util/stream/DistinctOps$1$2 done
Event: 5.883 loading class java/util/stream/SortedOps
Event: 5.883 loading class java/util/stream/SortedOps done
Event: 5.884 loading class java/util/stream/SortedOps$OfRef
Event: 5.884 loading class java/util/stream/SortedOps$OfRef done
Event: 5.884 loading class java/util/stream/SortedOps$SizedRefSortingSink
Event: 5.885 loading class java/util/stream/SortedOps$AbstractRefSortingSink
Event: 5.885 loading class java/util/stream/SortedOps$AbstractRefSortingSink done
Event: 5.885 loading class java/util/stream/SortedOps$SizedRefSortingSink done
Event: 5.932 loading class jdk/internal/math/FDBigInteger
Event: 5.933 loading class jdk/internal/math/FDBigInteger done
Event: 5.949 loading class java/util/zip/GZIPInputStream
Event: 5.949 loading class java/util/zip/GZIPInputStream done
Event: 5.949 loading class java/util/zip/GZIPOutputStream
Event: 5.949 loading class java/util/zip/GZIPOutputStream done
Event: 6.037 loading class java/io/DeleteOnExitHook
Event: 6.037 loading class java/io/DeleteOnExitHook done
Event: 6.037 loading class java/io/DeleteOnExitHook$1
Event: 6.037 loading class java/io/DeleteOnExitHook$1 done


Dynamic libraries:
0x00007ff7b8aa0000 - 0x00007ff7b8aaa000 	C:\Program Files\Android\Android Studio\jbr\bin\java.exe
0x00007fffe4890000 - 0x00007fffe4aa6000 	C:\WINDOWS\SYSTEM32\ntdll.dll
0x00007fffe4020000 - 0x00007fffe40e4000 	C:\WINDOWS\System32\KERNEL32.DLL
0x00007fffe1d10000 - 0x00007fffe20b7000 	C:\WINDOWS\System32\KERNELBASE.dll
0x00007fffe2470000 - 0x00007fffe2581000 	C:\WINDOWS\System32\ucrtbase.dll
0x00007fffdcee0000 - 0x00007fffdcefb000 	C:\Program Files\Android\Android Studio\jbr\bin\VCRUNTIME140.dll
0x00007fff9c2b0000 - 0x00007fff9c2c7000 	C:\Program Files\Android\Android Studio\jbr\bin\jli.dll
0x00007fffe33a0000 - 0x00007fffe354e000 	C:\WINDOWS\System32\USER32.dll
0x00007fffe2590000 - 0x00007fffe25b6000 	C:\WINDOWS\System32\win32u.dll
0x00007fffcb0d0000 - 0x00007fffcb363000 	C:\WINDOWS\WinSxS\amd64_microsoft.windows.common-controls_6595b64144ccf1df_6.0.22621.3235_none_270f74e173860f98\COMCTL32.dll
0x00007fffe2b60000 - 0x00007fffe2c07000 	C:\WINDOWS\System32\msvcrt.dll
0x00007fffe41f0000 - 0x00007fffe4219000 	C:\WINDOWS\System32\GDI32.dll
0x00007fffe2350000 - 0x00007fffe2469000 	C:\WINDOWS\System32\gdi32full.dll
0x00007fffe2230000 - 0x00007fffe22ca000 	C:\WINDOWS\System32\msvcp_win.dll
0x00007fffe2720000 - 0x00007fffe2751000 	C:\WINDOWS\System32\IMM32.DLL
0x00007fffde280000 - 0x00007fffde28c000 	C:\Program Files\Android\Android Studio\jbr\bin\vcruntime140_1.dll
0x00007fffa9730000 - 0x00007fffa97bd000 	C:\Program Files\Android\Android Studio\jbr\bin\msvcp140.dll
0x00007fff5adc0000 - 0x00007fff5ba43000 	C:\Program Files\Android\Android Studio\jbr\bin\server\jvm.dll
0x00007fffe2aa0000 - 0x00007fffe2b52000 	C:\WINDOWS\System32\ADVAPI32.dll
0x00007fffe29d0000 - 0x00007fffe2a78000 	C:\WINDOWS\System32\sechost.dll
0x00007fffe1c70000 - 0x00007fffe1c98000 	C:\WINDOWS\System32\bcrypt.dll
0x00007fffe2c30000 - 0x00007fffe2d45000 	C:\WINDOWS\System32\RPCRT4.dll
0x00007fffd89f0000 - 0x00007fffd89fa000 	C:\WINDOWS\SYSTEM32\VERSION.dll
0x00007fffc02d0000 - 0x00007fffc02d9000 	C:\WINDOWS\SYSTEM32\WSOCK32.dll
0x00007fffe47d0000 - 0x00007fffe4841000 	C:\WINDOWS\System32\WS2_32.dll
0x00007fffe18d0000 - 0x00007fffe191d000 	C:\WINDOWS\SYSTEM32\POWRPROF.dll
0x00007fffd9a50000 - 0x00007fffd9a84000 	C:\WINDOWS\SYSTEM32\WINMM.dll
0x00007fffe18b0000 - 0x00007fffe18c3000 	C:\WINDOWS\SYSTEM32\UMPDC.dll
0x00007fffe0bd0000 - 0x00007fffe0be8000 	C:\WINDOWS\SYSTEM32\kernel.appcore.dll
0x00007fffde290000 - 0x00007fffde29a000 	C:\Program Files\Android\Android Studio\jbr\bin\jimage.dll
0x00007fffdf2f0000 - 0x00007fffdf523000 	C:\WINDOWS\SYSTEM32\DBGHELP.DLL
0x00007fffe4440000 - 0x00007fffe47c8000 	C:\WINDOWS\System32\combase.dll
0x00007fffe3e40000 - 0x00007fffe3f17000 	C:\WINDOWS\System32\OLEAUT32.dll
0x00007fffcc590000 - 0x00007fffcc5c2000 	C:\WINDOWS\SYSTEM32\dbgcore.DLL
0x00007fffe22d0000 - 0x00007fffe2349000 	C:\WINDOWS\System32\bcryptPrimitives.dll
0x00007fffb1780000 - 0x00007fffb178e000 	C:\Program Files\Android\Android Studio\jbr\bin\instrument.dll
0x00007fff9aed0000 - 0x00007fff9aef5000 	C:\Program Files\Android\Android Studio\jbr\bin\java.dll
0x00007fffaccb0000 - 0x00007fffaccc8000 	C:\Program Files\Android\Android Studio\jbr\bin\zip.dll
0x00007fffe3550000 - 0x00007fffe3dac000 	C:\WINDOWS\System32\SHELL32.dll
0x00007fffdfac0000 - 0x00007fffe03b9000 	C:\WINDOWS\SYSTEM32\windows.storage.dll
0x00007fffdf980000 - 0x00007fffdfabe000 	C:\WINDOWS\SYSTEM32\wintypes.dll
0x00007fffe40f0000 - 0x00007fffe41e3000 	C:\WINDOWS\System32\SHCORE.dll
0x00007fffe2e40000 - 0x00007fffe2e9e000 	C:\WINDOWS\System32\shlwapi.dll
0x00007fffe1ae0000 - 0x00007fffe1b01000 	C:\WINDOWS\SYSTEM32\profapi.dll
0x00007fffa55d0000 - 0x00007fffa55e9000 	C:\Program Files\Android\Android Studio\jbr\bin\net.dll
0x00007fffdb830000 - 0x00007fffdb966000 	C:\WINDOWS\SYSTEM32\WINHTTP.dll
0x00007fffe1060000 - 0x00007fffe10c9000 	C:\WINDOWS\system32\mswsock.dll
0x00007fff9c910000 - 0x00007fff9c926000 	C:\Program Files\Android\Android Studio\jbr\bin\nio.dll
0x00007fffb1f00000 - 0x00007fffb1f10000 	C:\Program Files\Android\Android Studio\jbr\bin\verify.dll
0x00007fffcd110000 - 0x00007fffcd137000 	C:\Users\LENOVO\.gradle\native\c067742578af261105cb4f569cf0c3c89f3d7b1fecec35dd04571415982c5e48\windows-amd64\native-platform.dll
0x00007fff8fde0000 - 0x00007fff8ff24000 	C:\Users\LENOVO\.gradle\native\38dada09dfb8b06ba9b0570ebf7e218e3eb74d4ef43ca46872605cf95ebc2f47\windows-amd64\native-platform-file-events.dll
0x00007fffb3670000 - 0x00007fffb3679000 	C:\Program Files\Android\Android Studio\jbr\bin\management.dll
0x00007fffb2980000 - 0x00007fffb298b000 	C:\Program Files\Android\Android Studio\jbr\bin\management_ext.dll
0x00007fffe2e10000 - 0x00007fffe2e18000 	C:\WINDOWS\System32\PSAPI.DLL
0x00007fffe12c0000 - 0x00007fffe12db000 	C:\WINDOWS\SYSTEM32\CRYPTSP.dll
0x00007fffe0b20000 - 0x00007fffe0b55000 	C:\WINDOWS\system32\rsaenh.dll
0x00007fffe1160000 - 0x00007fffe1188000 	C:\WINDOWS\SYSTEM32\USERENV.dll
0x00007fffe12e0000 - 0x00007fffe12ec000 	C:\WINDOWS\SYSTEM32\CRYPTBASE.dll
0x00007fffe0660000 - 0x00007fffe068d000 	C:\WINDOWS\SYSTEM32\IPHLPAPI.DLL
0x00007fffe2e30000 - 0x00007fffe2e39000 	C:\WINDOWS\System32\NSI.dll
0x00007fffdbf00000 - 0x00007fffdbf19000 	C:\WINDOWS\SYSTEM32\dhcpcsvc6.DLL
0x00007fffdb7d0000 - 0x00007fffdb7ef000 	C:\WINDOWS\SYSTEM32\dhcpcsvc.DLL
0x00007fffe0690000 - 0x00007fffe0789000 	C:\WINDOWS\SYSTEM32\DNSAPI.dll
0x00007fffb3ad0000 - 0x00007fffb3ad9000 	C:\Program Files\Android\Android Studio\jbr\bin\extnet.dll
0x00007fffdce40000 - 0x00007fffdce48000 	C:\WINDOWS\system32\wshunix.dll

dbghelp: loaded successfully - version: 4.0.5 - missing functions: none
symbol engine: initialized successfully - sym options: 0x614 - pdb path: .;C:\Program Files\Android\Android Studio\jbr\bin;C:\WINDOWS\SYSTEM32;C:\WINDOWS\WinSxS\amd64_microsoft.windows.common-controls_6595b64144ccf1df_6.0.22621.3235_none_270f74e173860f98;C:\Program Files\Android\Android Studio\jbr\bin\server;C:\Users\LENOVO\.gradle\native\c067742578af261105cb4f569cf0c3c89f3d7b1fecec35dd04571415982c5e48\windows-amd64;C:\Users\LENOVO\.gradle\native\38dada09dfb8b06ba9b0570ebf7e218e3eb74d4ef43ca46872605cf95ebc2f47\windows-amd64

VM Arguments:
jvm_args: --add-opens=java.base/java.util=ALL-UNNAMED --add-opens=java.base/java.lang=ALL-UNNAMED --add-opens=java.base/java.lang.invoke=ALL-UNNAMED --add-opens=java.prefs/java.util.prefs=ALL-UNNAMED --add-opens=java.base/java.nio.charset=ALL-UNNAMED --add-opens=java.base/java.net=ALL-UNNAMED --add-opens=java.base/java.util.concurrent.atomic=ALL-UNNAMED -Xmx2048m -Dfile.encoding=UTF-8 -Duser.country=US -Duser.language=en -Duser.variant -javaagent:C:\Users\LENOVO\.gradle\wrapper\dists\gradle-8.7-bin\bhs2wmbdwecv87pi65oeuq5iu\gradle-8.7\lib\agents\gradle-instrumentation-agent-8.7.jar 
java_command: org.gradle.launcher.daemon.bootstrap.GradleDaemon 8.7
java_class_path (initial): C:\Users\LENOVO\.gradle\wrapper\dists\gradle-8.7-bin\bhs2wmbdwecv87pi65oeuq5iu\gradle-8.7\lib\gradle-launcher-8.7.jar
Launcher Type: SUN_STANDARD

[Global flags]
     intx CICompilerCount                          = 4                                         {product} {ergonomic}
     uint ConcGCThreads                            = 2                                         {product} {ergonomic}
     uint G1ConcRefinementThreads                  = 8                                         {product} {ergonomic}
   size_t G1HeapRegionSize                         = 1048576                                   {product} {ergonomic}
    uintx GCDrainStackTargetSize                   = 64                                        {product} {ergonomic}
   size_t InitialHeapSize                          = 98566144                                  {product} {ergonomic}
   size_t MarkStackSize                            = 4194304                                   {product} {ergonomic}
   size_t MaxHeapSize                              = 2147483648                                {product} {command line}
   size_t MaxNewSize                               = 1287651328                                {product} {ergonomic}
   size_t MinHeapDeltaBytes                        = 1048576                                   {product} {ergonomic}
   size_t MinHeapSize                              = 8388608                                   {product} {ergonomic}
    uintx NonNMethodCodeHeapSize                   = 5839372                                {pd product} {ergonomic}
    uintx NonProfiledCodeHeapSize                  = 122909434                              {pd product} {ergonomic}
    uintx ProfiledCodeHeapSize                     = 122909434                              {pd product} {ergonomic}
    uintx ReservedCodeCacheSize                    = 251658240                              {pd product} {ergonomic}
     bool SegmentedCodeCache                       = true                                      {product} {ergonomic}
   size_t SoftMaxHeapSize                          = 2147483648                             {manageable} {ergonomic}
     bool UseCompressedClassPointers               = true                           {product lp64_product} {ergonomic}
     bool UseCompressedOops                        = true                           {product lp64_product} {ergonomic}
     bool UseG1GC                                  = true                                      {product} {ergonomic}
     bool UseLargePagesIndividualAllocation        = false                                  {pd product} {ergonomic}

Logging:
Log output configuration:
 #0: stdout all=warning uptime,level,tags
 #1: stderr all=off uptime,level,tags

Environment Variables:
PATH=C:\Program Files\Common Files\Oracle\Java\javapath;C:\Program Files (x86)\Common Files\Oracle\Java\javapath;C:\WINDOWS\system32;C:\WINDOWS;C:\WINDOWS\System32\Wbem;C:\WINDOWS\System32\WindowsPowerShell\v1.0\;C:\WINDOWS\System32\OpenSSH\;C:\xampp\php;C:\ProgramData\ComposerSetup\bin;C:\Program Files\Git\cmd;C:\Program Files\nodejs\;C:\Program Files\dotnet\;C:\Microsoft VS Code\bin;C:\Users\LENOVO\AppData\Local\Microsoft\WindowsApps;C:\Microsoft VS Code\bin;C:\Users\LENOVO\AppData\Local\GitHubDesktop\bin;C:\Users\LENOVO\AppData\Roaming\Composer\vendor\bin;C:\Users\LENOVO\AppData\Roaming\npm;C:\Users\LENOVO\Downloads\Microsoft VS Code\bin
USERNAME=LENOVO
OS=Windows_NT
PROCESSOR_IDENTIFIER=AMD64 Family 23 Model 104 Stepping 1, AuthenticAMD
TMP=C:\Users\LENOVO\AppData\Local\Temp
TEMP=C:\Users\LENOVO\AppData\Local\Temp



Periodic native trim disabled

JNI global refs:
JNI global refs: 27, weak refs: 1

JNI global refs memory usage: 843, weak refs: 841

Process memory usage:
Resident Set Size: 256464K (4% of 6150136K total physical memory with 274516K free physical memory)

OOME stack traces (most recent first):
Classloader memory used:
Loader org.gradle.internal.classloader.VisitableURLClassLoader                         : 2784K
Loader bootstrap                                                                       : 2341K
Loader org.gradle.initialization.MixInLegacyTypesClassLoader                           : 669K
Loader jdk.internal.loader.ClassLoaders$PlatformClassLoader                            : 65599B
Loader jdk.internal.loader.ClassLoaders$AppClassLoader                                 : 28715B
Loader jdk.internal.reflect.DelegatingClassLoader                                      : 4428B
Loader org.gradle.internal.classloader.VisitableURLClassLoader                         : 3673B

Classes loaded by more than one classloader:
Class org.gradle.internal.installation.GradleInstallation                             : loaded 2 times (x 73B)
Class org.gradle.internal.classpath.ClassPath                                         : loaded 2 times (x 68B)
Class org.gradle.api.internal.classpath.DefaultModuleRegistry                         : loaded 2 times (x 84B)
Class Settings_gradle$1$1                                                             : loaded 2 times (x 72B)
Class org.gradle.api.Action                                                           : loaded 2 times (x 68B)
Class org.gradle.api.internal.DefaultClassPathProvider                                : loaded 2 times (x 74B)
Class org.gradle.internal.installation.GradleInstallation$1                           : loaded 2 times (x 73B)
Class org.gradle.internal.classloader.FilteringClassLoader                            : loaded 2 times (x 103B)
Class org.gradle.internal.classpath.DefaultClassPath$ImmutableUniqueList$Builder      : loaded 2 times (x 73B)
Class org.gradle.internal.classloader.ClassLoaderVisitor                              : loaded 2 times (x 74B)
Class org.gradle.internal.service.DefaultServiceLocator                               : loaded 2 times (x 81B)
Class org.gradle.internal.service.UnknownServiceException                             : loaded 2 times (x 81B)
Class org.gradle.internal.classloader.DefaultClassLoaderFactory                       : loaded 2 times (x 80B)
Class org.gradle.internal.classloader.VisitableURLClassLoader$Spec                    : loaded 2 times (x 72B)
Class org.gradle.api.GradleException                                                  : loaded 2 times (x 80B)
Class org.gradle.api.internal.classpath.ModuleRegistry                                : loaded 2 times (x 68B)
Class org.gradle.api.internal.ClassPathProvider                                       : loaded 2 times (x 68B)
Class org.gradle.internal.classloader.ClasspathUtil$1                                 : loaded 2 times (x 74B)
Class org.gradle.internal.classloader.ClassLoaderFactory                              : loaded 2 times (x 68B)
Class org.gradle.api.internal.classpath.ManifestUtil                                  : loaded 2 times (x 69B)
Class org.gradle.api.specs.Spec                                                       : loaded 2 times (x 68B)
Class org.gradle.internal.IoActions                                                   : loaded 2 times (x 69B)
Class org.gradle.api.internal.classpath.EffectiveClassPath                            : loaded 2 times (x 88B)
Class org.gradle.internal.installation.CurrentGradleInstallation                      : loaded 2 times (x 71B)
Class org.gradle.internal.agents.InstrumentingClassLoader                             : loaded 2 times (x 68B)
Class org.gradle.internal.installation.CurrentGradleInstallationLocator               : loaded 2 times (x 69B)
Class org.gradle.api.internal.classpath.Module                                        : loaded 2 times (x 68B)
Class org.gradle.internal.service.CachingServiceLocator                               : loaded 2 times (x 80B)
Class org.gradle.internal.classpath.DefaultClassPath                                  : loaded 2 times (x 88B)
Class org.gradle.internal.classloader.SystemClassLoaderSpec                           : loaded 2 times (x 69B)
Class org.gradle.api.UncheckedIOException                                             : loaded 2 times (x 80B)
Class Program                                                                         : loaded 2 times (x 70B)
Class org.gradle.internal.classloader.ClasspathUtil                                   : loaded 2 times (x 69B)
Class org.gradle.api.internal.DefaultClassPathRegistry                                : loaded 2 times (x 74B)
Class org.gradle.api.internal.classpath.DefaultModuleRegistry$DefaultModule           : loaded 2 times (x 84B)
Class org.gradle.api.internal.classpath.UnknownModuleException                        : loaded 2 times (x 80B)
Class org.gradle.internal.service.ServiceLookupException                              : loaded 2 times (x 80B)
Class org.gradle.cache.GlobalCache                                                    : loaded 2 times (x 68B)
Class [Lorg.gradle.api.internal.ClassPathProvider;                                    : loaded 2 times (x 67B)
Class org.gradle.util.internal.GUtil                                                  : loaded 2 times (x 69B)
Class org.gradle.internal.classloader.ClassLoaderSpec                                 : loaded 2 times (x 69B)
Class org.gradle.internal.classloader.VisitableURLClassLoader                         : loaded 2 times (x 115B)
Class org.gradle.internal.Cast                                                        : loaded 2 times (x 69B)
Class org.gradle.api.internal.ClassPathRegistry                                       : loaded 2 times (x 68B)
Class org.gradle.internal.classloader.VisitableURLClassLoader$InstrumentingVisitableURLClassLoader: loaded 2 times (x 121B)
Class org.gradle.internal.classloader.ClassLoaderHierarchy                            : loaded 2 times (x 68B)
Class org.gradle.internal.InternalTransformer                                         : loaded 2 times (x 68B)
Class org.gradle.internal.service.ServiceLocator                                      : loaded 2 times (x 68B)
Class Settings_gradle$1                                                               : loaded 2 times (x 72B)
Class org.gradle.internal.classpath.DefaultClassPath$ImmutableUniqueList              : loaded 2 times (x 159B)
Class org.gradle.internal.classpath.TransformedClassPath                              : loaded 2 times (x 94B)
Class Settings_gradle                                                                 : loaded 2 times (x 126B)


---------------  S Y S T E M  ---------------

OS:
 Windows 11 , 64 bit Build 22621 (10.0.22621.3374)
OS uptime: 0 days 4:38 hours
Hyper-V role detected

CPU: total 8 (initial active 8) (8 cores per cpu, 2 threads per core) family 23 model 104 stepping 1 microcode 0x0, cx8, cmov, fxsr, ht, mmx, 3dnowpref, sse, sse2, sse3, ssse3, sse4a, sse4.1, sse4.2, popcnt, lzcnt, tsc, tscinvbit, avx, avx2, aes, clmul, bmi1, bmi2, adx, sha, fma, vzeroupper, clflush, clflushopt, hv
Processor Information for all 8 processors :
  Max Mhz: 2600, Current Mhz: 2600, Mhz Limit: 2600

Memory: 4k page, system-wide physical 6005M (260M free)
TotalPageFile size 17331M (AvailPageFile size 20M)
current process WorkingSet (physical memory assigned to process): 250M, peak: 250M
current process commit charge ("private bytes"): 289M, peak: 299M

vm_info: OpenJDK 64-Bit Server VM (17.0.11+0--11852314) for windows-amd64 JRE (17.0.11+0--11852314), built on May 16 2024 21:29:20 by "androidbuild" with MS VC++ 16.10 / 16.11 (VS2019)

END.
