#
# There is insufficient memory for the Java Runtime Environment to continue.
# Native memory allocation (malloc) failed to allocate 32744 bytes. Error detail: ChunkPool::allocate
# Possible reasons:
#   The system is out of physical RAM or swap space
#   This process is running with CompressedOops enabled, and the Java Heap may be blocking the growth of the native heap
# Possible solutions:
#   Reduce memory load on the system
#   Increase physical memory or swap space
#   Check if swap backing store is full
#   Decrease Java heap size (-Xmx/-Xms)
#   Decrease number of Java threads
#   Decrease Java thread stack sizes (-Xss)
#   Set larger code cache with -XX:ReservedCodeCacheSize=
#   JVM is running with Unscaled Compressed Oops mode in which the Java heap is
#     placed in the first 4GB address space. The Java Heap base address is the
#     maximum limit for the native heap growth. Please use -XX:HeapBaseMinAddress
#     to set the Java Heap base and to place the Java Heap above 4GB virtual address.
# This output file may be truncated or incomplete.
#
#  Out of Memory Error (arena.cpp:79), pid=17848, tid=4200
#
# JRE version: OpenJDK Runtime Environment (17.0.11) (build 17.0.11+0--11852314)
# Java VM: OpenJDK 64-Bit Server VM (17.0.11+0--11852314, mixed mode, tiered, compressed oops, compressed class ptrs, g1 gc, windows-amd64)
# No core dump will be written. Minidumps are not enabled by default on client versions of Windows
#

---------------  S U M M A R Y ------------

Command Line: --add-opens=java.base/java.util=ALL-UNNAMED --add-opens=java.base/java.lang=ALL-UNNAMED --add-opens=java.base/java.lang.invoke=ALL-UNNAMED --add-opens=java.prefs/java.util.prefs=ALL-UNNAMED --add-opens=java.base/java.nio.charset=ALL-UNNAMED --add-opens=java.base/java.net=ALL-UNNAMED --add-opens=java.base/java.util.concurrent.atomic=ALL-UNNAMED -Xmx2048m -Dfile.encoding=UTF-8 -Duser.country=US -Duser.language=en -Duser.variant -javaagent:C:\Users\LENOVO\.gradle\wrapper\dists\gradle-8.7-bin\bhs2wmbdwecv87pi65oeuq5iu\gradle-8.7\lib\agents\gradle-instrumentation-agent-8.7.jar org.gradle.launcher.daemon.bootstrap.GradleDaemon 8.7

Host: AMD Ryzen 3 5300U with Radeon Graphics         , 8 cores, 5G,  Windows 11 , 64 bit Build 22621 (10.0.22621.3374)
Time: Tue Feb 25 14:21:29 2025 SE Asia Standard Time elapsed time: 3.511911 seconds (0d 0h 0m 3s)

---------------  T H R E A D  ---------------

Current thread (0x000001cf2911cb60):  JavaThread "C2 CompilerThread2" daemon [_thread_in_native, id=4200, stack(0x0000001227400000,0x0000001227500000)]


Current CompileTask:
C2:   3511 2489   !   4       java.net.URL::<init> (543 bytes)

Stack: [0x0000001227400000,0x0000001227500000]
Native frames: (J=compiled Java code, j=interpreted, Vv=VM code, C=native code)
V  [jvm.dll+0x687bb9]
V  [jvm.dll+0x84142a]
V  [jvm.dll+0x8430ae]
V  [jvm.dll+0x843713]
V  [jvm.dll+0x24a35f]
V  [jvm.dll+0xac741]
V  [jvm.dll+0xacb8c]
V  [jvm.dll+0xac64b]
V  [jvm.dll+0x829bec]
V  [jvm.dll+0x57e743]
V  [jvm.dll+0x57df17]
V  [jvm.dll+0x57d52e]
V  [jvm.dll+0x57d4f5]
V  [jvm.dll+0x57d541]
V  [jvm.dll+0x57d541]
V  [jvm.dll+0x57d541]
V  [jvm.dll+0x57d541]
V  [jvm.dll+0x57d541]
V  [jvm.dll+0x57d541]
V  [jvm.dll+0x57d541]
V  [jvm.dll+0x57d541]
V  [jvm.dll+0x58f40f]
V  [jvm.dll+0x2247e2]
V  [jvm.dll+0x21da52]
V  [jvm.dll+0x21b201]
V  [jvm.dll+0x1a63ed]
V  [jvm.dll+0x22b1ee]
V  [jvm.dll+0x229375]
V  [jvm.dll+0x7f5647]
V  [jvm.dll+0x7efa4a]
V  [jvm.dll+0x686a35]
C  [ucrtbase.dll+0x29333]
C  [KERNEL32.DLL+0x1257d]
C  [ntdll.dll+0x5aa48]


---------------  P R O C E S S  ---------------

Threads class SMR info:
_java_thread_list=0x000001cf28344770, length=28, elements={
0x000001cf06fdb0c0, 0x000001cf20e79020, 0x000001cf20e7deb0, 0x000001cf25018050,
0x000001cf25018a20, 0x000001cf250296e0, 0x000001cf2502c5b0, 0x000001cf2502d2a0,
0x000001cf2502fba0, 0x000001cf250331d0, 0x000001cf2510a700, 0x000001cf252332d0,
0x000001cf268ef020, 0x000001cf27a90ff0, 0x000001cf26c41440, 0x000001cf270b5010,
0x000001cf266b6000, 0x000001cf275ab230, 0x000001cf25588f10, 0x000001cf2558a860,
0x000001cf25589420, 0x000001cf2558ad70, 0x000001cf25587fe0, 0x000001cf25589930,
0x000001cf25589e40, 0x000001cf2558a350, 0x000001cf2911cb60, 0x000001cf26daee20
}

Java Threads: ( => current thread )
  0x000001cf06fdb0c0 JavaThread "main" [_thread_blocked, id=19436, stack(0x0000001224b00000,0x0000001224c00000)]
  0x000001cf20e79020 JavaThread "Reference Handler" daemon [_thread_blocked, id=6360, stack(0x0000001225200000,0x0000001225300000)]
  0x000001cf20e7deb0 JavaThread "Finalizer" daemon [_thread_blocked, id=20860, stack(0x0000001225300000,0x0000001225400000)]
  0x000001cf25018050 JavaThread "Signal Dispatcher" daemon [_thread_blocked, id=16912, stack(0x0000001225400000,0x0000001225500000)]
  0x000001cf25018a20 JavaThread "Attach Listener" daemon [_thread_blocked, id=18144, stack(0x0000001225500000,0x0000001225600000)]
  0x000001cf250296e0 JavaThread "Service Thread" daemon [_thread_blocked, id=14420, stack(0x0000001225600000,0x0000001225700000)]
  0x000001cf2502c5b0 JavaThread "Monitor Deflation Thread" daemon [_thread_blocked, id=10708, stack(0x0000001225700000,0x0000001225800000)]
  0x000001cf2502d2a0 JavaThread "C2 CompilerThread0" daemon [_thread_in_native, id=21284, stack(0x0000001225800000,0x0000001225900000)]
  0x000001cf2502fba0 JavaThread "C1 CompilerThread0" daemon [_thread_blocked, id=18576, stack(0x0000001225900000,0x0000001225a00000)]
  0x000001cf250331d0 JavaThread "Sweeper thread" daemon [_thread_blocked, id=10940, stack(0x0000001225a00000,0x0000001225b00000)]
  0x000001cf2510a700 JavaThread "Common-Cleaner" daemon [_thread_blocked, id=10484, stack(0x0000001225b00000,0x0000001225c00000)]
  0x000001cf252332d0 JavaThread "Notification Thread" daemon [_thread_blocked, id=19720, stack(0x0000001225c00000,0x0000001225d00000)]
  0x000001cf268ef020 JavaThread "C2 CompilerThread1" daemon [_thread_in_native, id=8432, stack(0x0000001226200000,0x0000001226300000)]
  0x000001cf27a90ff0 JavaThread "Daemon health stats" [_thread_blocked, id=8320, stack(0x0000001226300000,0x0000001226400000)]
  0x000001cf26c41440 JavaThread "Incoming local TCP Connector on port 54306" [_thread_in_native, id=10460, stack(0x0000001226400000,0x0000001226500000)]
  0x000001cf270b5010 JavaThread "Daemon periodic checks" [_thread_blocked, id=15848, stack(0x0000001226500000,0x0000001226600000)]
  0x000001cf266b6000 JavaThread "Daemon" [_thread_blocked, id=6208, stack(0x0000001226600000,0x0000001226700000)]
  0x000001cf275ab230 JavaThread "Handler for socket connection from /127.0.0.1:54306 to /127.0.0.1:54307" [_thread_in_native, id=23420, stack(0x0000001226700000,0x0000001226800000)]
  0x000001cf25588f10 JavaThread "Cancel handler" [_thread_blocked, id=20252, stack(0x0000001226800000,0x0000001226900000)]
  0x000001cf2558a860 JavaThread "Daemon worker" [_thread_in_vm, id=2812, stack(0x0000001226900000,0x0000001226a00000)]
  0x000001cf25589420 JavaThread "Asynchronous log dispatcher for DefaultDaemonConnection: socket connection from /127.0.0.1:54306 to /127.0.0.1:54307" [_thread_blocked, id=14776, stack(0x0000001226a00000,0x0000001226b00000)]
  0x000001cf2558ad70 JavaThread "Stdin handler" [_thread_blocked, id=9392, stack(0x0000001226b00000,0x0000001226c00000)]
  0x000001cf25587fe0 JavaThread "Daemon client event forwarder" [_thread_blocked, id=11876, stack(0x0000001226c00000,0x0000001226d00000)]
  0x000001cf25589930 JavaThread "Cache worker for journal cache (C:\Users\LENOVO\.gradle\caches\journal-1)" [_thread_blocked, id=16624, stack(0x0000001227100000,0x0000001227200000)]
  0x000001cf25589e40 JavaThread "File lock request listener" [_thread_in_native, id=13832, stack(0x0000001227200000,0x0000001227300000)]
  0x000001cf2558a350 JavaThread "Cache worker for file hash cache (C:\Users\LENOVO\.gradle\caches\8.7\fileHashes)" [_thread_blocked, id=11248, stack(0x0000001227300000,0x0000001227400000)]
=>0x000001cf2911cb60 JavaThread "C2 CompilerThread2" daemon [_thread_in_native, id=4200, stack(0x0000001227400000,0x0000001227500000)]
  0x000001cf26daee20 JavaThread "Cache worker for file hash cache (D:\Catering Ukom\.gradle\8.7\fileHashes)" [_thread_blocked, id=20256, stack(0x0000001227500000,0x0000001227600000)]

Other Threads:
  0x000001cf20e56430 VMThread "VM Thread" [stack: 0x0000001225100000,0x0000001225200000] [id=7960]
  0x000001cf06fdbf40 WatcherThread [stack: 0x0000001225d00000,0x0000001225e00000] [id=15472]
  0x000001cf07036260 GCTaskThread "GC Thread#0" [stack: 0x0000001224c00000,0x0000001224d00000] [id=18992]
  0x000001cf257bc7f0 GCTaskThread "GC Thread#1" [stack: 0x0000001225f00000,0x0000001226000000] [id=14840]
  0x000001cf25fbd7c0 GCTaskThread "GC Thread#2" [stack: 0x0000001226000000,0x0000001226100000] [id=15028]
  0x000001cf26085c80 GCTaskThread "GC Thread#3" [stack: 0x0000001226100000,0x0000001226200000] [id=22120]
  0x000001cf2554d9e0 GCTaskThread "GC Thread#4" [stack: 0x0000001225e00000,0x0000001225f00000] [id=3056]
  0x000001cf278dacf0 GCTaskThread "GC Thread#5" [stack: 0x0000001226d00000,0x0000001226e00000] [id=12836]
  0x000001cf26d5d2d0 GCTaskThread "GC Thread#6" [stack: 0x0000001226e00000,0x0000001226f00000] [id=15336]
  0x000001cf26d46b40 GCTaskThread "GC Thread#7" [stack: 0x0000001226f00000,0x0000001227000000] [id=21436]
  0x000001cf070471b0 ConcurrentGCThread "G1 Main Marker" [stack: 0x0000001224d00000,0x0000001224e00000] [id=3032]
  0x000001cf07048370 ConcurrentGCThread "G1 Conc#0" [stack: 0x0000001224e00000,0x0000001224f00000] [id=2864]
  0x000001cf2636e0c0 ConcurrentGCThread "G1 Conc#1" [stack: 0x0000001227000000,0x0000001227100000] [id=8084]
  0x000001cf20cb24c0 ConcurrentGCThread "G1 Refine#0" [stack: 0x0000001224f00000,0x0000001225000000] [id=15980]
  0x000001cf20cb2ef0 ConcurrentGCThread "G1 Service" [stack: 0x0000001225000000,0x0000001225100000] [id=4652]

Threads with active compile tasks:
C2 CompilerThread0     3528 2371       4       java.net.URLClassLoader$1::run (5 bytes)
C2 CompilerThread1     3528 2532       4       java.lang.AbstractStringBuilder::appendChars (130 bytes)
C2 CompilerThread2     3528 2489   !   4       java.net.URL::<init> (543 bytes)

VM state: not at safepoint (normal execution)

VM Mutex/Monitor currently owned by a thread: None

Heap address: 0x0000000080000000, size: 2048 MB, Compressed Oops mode: 32-bit

CDS archive(s) not mapped
Compressed class space mapped at: 0x0000000100000000-0x0000000140000000, reserved size: 1073741824
Narrow klass base: 0x0000000000000000, Narrow klass shift: 3, Narrow klass range: 0x140000000

GC Precious Log:
 CPUs: 8 total, 8 available
 Memory: 6005M
 Large Page Support: Disabled
 NUMA Support: Disabled
 Compressed Oops: Enabled (32-bit)
 Heap Region Size: 1M
 Heap Min Capacity: 8M
 Heap Initial Capacity: 94M
 Heap Max Capacity: 2G
 Pre-touch: Disabled
 Parallel Workers: 8
 Concurrent Workers: 2
 Concurrent Refinement Workers: 8
 Periodic GC: Disabled

Heap:
 garbage-first heap   total 71680K, used 37678K [0x0000000080000000, 0x0000000100000000)
  region size 1024K, 21 young (21504K), 3 survivors (3072K)
 Metaspace       used 29519K, committed 29760K, reserved 1114112K
  class space    used 3884K, committed 3968K, reserved 1048576K

Heap Regions: E=young(eden), S=young(survivor), O=old, HS=humongous(starts), HC=humongous(continues), CS=collection set, F=free, OA=open archive, CA=closed archive, TAMS=top-at-mark-start (previous, next)
|   0|0x0000000080000000, 0x0000000080100000, 0x0000000080100000|100%|HS|  |TAMS 0x0000000080100000, 0x0000000080000000| Complete 
|   1|0x0000000080100000, 0x0000000080200000, 0x0000000080200000|100%|HC|  |TAMS 0x0000000080200000, 0x0000000080100000| Complete 
|   2|0x0000000080200000, 0x0000000080300000, 0x0000000080300000|100%|HC|  |TAMS 0x0000000080300000, 0x0000000080200000| Complete 
|   3|0x0000000080300000, 0x0000000080400000, 0x0000000080400000|100%|HC|  |TAMS 0x0000000080400000, 0x0000000080300000| Complete 
|   4|0x0000000080400000, 0x0000000080500000, 0x0000000080500000|100%| O|  |TAMS 0x0000000080500000, 0x0000000080400000| Untracked 
|   5|0x0000000080500000, 0x0000000080600000, 0x0000000080600000|100%| O|  |TAMS 0x0000000080600000, 0x0000000080500000| Untracked 
|   6|0x0000000080600000, 0x0000000080700000, 0x0000000080700000|100%| O|  |TAMS 0x0000000080700000, 0x0000000080600000| Untracked 
|   7|0x0000000080700000, 0x0000000080800000, 0x0000000080800000|100%| O|  |TAMS 0x0000000080800000, 0x0000000080700000| Untracked 
|   8|0x0000000080800000, 0x0000000080900000, 0x0000000080900000|100%| O|  |TAMS 0x0000000080900000, 0x0000000080800000| Untracked 
|   9|0x0000000080900000, 0x0000000080a00000, 0x0000000080a00000|100%| O|  |TAMS 0x0000000080a00000, 0x0000000080900000| Untracked 
|  10|0x0000000080a00000, 0x0000000080b00000, 0x0000000080b00000|100%| O|  |TAMS 0x0000000080b00000, 0x0000000080a00000| Untracked 
|  11|0x0000000080b00000, 0x0000000080c00000, 0x0000000080c00000|100%| O|  |TAMS 0x0000000080b00000, 0x0000000080b00000| Untracked 
|  12|0x0000000080c00000, 0x0000000080d00000, 0x0000000080d00000|100%| O|  |TAMS 0x0000000080d00000, 0x0000000080c00000| Untracked 
|  13|0x0000000080d00000, 0x0000000080e00000, 0x0000000080e00000|100%| O|  |TAMS 0x0000000080d89800, 0x0000000080d00000| Untracked 
|  14|0x0000000080e00000, 0x0000000080f00000, 0x0000000080f00000|100%| O|  |TAMS 0x0000000080e00000, 0x0000000080e00000| Untracked 
|  15|0x0000000080f00000, 0x0000000081000000, 0x0000000081000000|100%| O|  |TAMS 0x0000000080f00000, 0x0000000080f00000| Untracked 
|  16|0x0000000081000000, 0x0000000081100000, 0x0000000081100000|100%| O|  |TAMS 0x0000000081000000, 0x0000000081000000| Untracked 
|  17|0x0000000081100000, 0x0000000081200000, 0x0000000081200000|100%| O|  |TAMS 0x0000000081100000, 0x0000000081100000| Untracked 
|  18|0x0000000081200000, 0x0000000081299e00, 0x0000000081300000| 60%| O|  |TAMS 0x0000000081200000, 0x0000000081200000| Untracked 
|  19|0x0000000081300000, 0x0000000081300000, 0x0000000081400000|  0%| F|  |TAMS 0x0000000081300000, 0x0000000081300000| Untracked 
|  20|0x0000000081400000, 0x0000000081400000, 0x0000000081500000|  0%| F|  |TAMS 0x0000000081400000, 0x0000000081400000| Untracked 
|  21|0x0000000081500000, 0x0000000081500000, 0x0000000081600000|  0%| F|  |TAMS 0x0000000081500000, 0x0000000081500000| Untracked 
|  22|0x0000000081600000, 0x0000000081600000, 0x0000000081700000|  0%| F|  |TAMS 0x0000000081600000, 0x0000000081600000| Untracked 
|  23|0x0000000081700000, 0x0000000081700000, 0x0000000081800000|  0%| F|  |TAMS 0x0000000081700000, 0x0000000081700000| Untracked 
|  24|0x0000000081800000, 0x0000000081800000, 0x0000000081900000|  0%| F|  |TAMS 0x0000000081800000, 0x0000000081800000| Untracked 
|  25|0x0000000081900000, 0x0000000081900000, 0x0000000081a00000|  0%| F|  |TAMS 0x0000000081900000, 0x0000000081900000| Untracked 
|  26|0x0000000081a00000, 0x0000000081a00000, 0x0000000081b00000|  0%| F|  |TAMS 0x0000000081a00000, 0x0000000081a00000| Untracked 
|  27|0x0000000081b00000, 0x0000000081b31d00, 0x0000000081c00000| 19%| S|CS|TAMS 0x0000000081b00000, 0x0000000081b00000| Complete 
|  28|0x0000000081c00000, 0x0000000081d00000, 0x0000000081d00000|100%| S|CS|TAMS 0x0000000081c00000, 0x0000000081c00000| Complete 
|  29|0x0000000081d00000, 0x0000000081e00000, 0x0000000081e00000|100%| S|CS|TAMS 0x0000000081d00000, 0x0000000081d00000| Complete 
|  30|0x0000000081e00000, 0x0000000081e00000, 0x0000000081f00000|  0%| F|  |TAMS 0x0000000081e00000, 0x0000000081e00000| Untracked 
|  31|0x0000000081f00000, 0x0000000081f00000, 0x0000000082000000|  0%| F|  |TAMS 0x0000000081f00000, 0x0000000081f00000| Untracked 
|  32|0x0000000082000000, 0x0000000082000000, 0x0000000082100000|  0%| F|  |TAMS 0x0000000082000000, 0x0000000082000000| Untracked 
|  33|0x0000000082100000, 0x0000000082100000, 0x0000000082200000|  0%| F|  |TAMS 0x0000000082100000, 0x0000000082100000| Untracked 
|  34|0x0000000082200000, 0x0000000082200000, 0x0000000082300000|  0%| F|  |TAMS 0x0000000082200000, 0x0000000082200000| Untracked 
|  35|0x0000000082300000, 0x0000000082300000, 0x0000000082400000|  0%| F|  |TAMS 0x0000000082300000, 0x0000000082300000| Untracked 
|  36|0x0000000082400000, 0x0000000082400000, 0x0000000082500000|  0%| F|  |TAMS 0x0000000082400000, 0x0000000082400000| Untracked 
|  37|0x0000000082500000, 0x0000000082500000, 0x0000000082600000|  0%| F|  |TAMS 0x0000000082500000, 0x0000000082500000| Untracked 
|  38|0x0000000082600000, 0x0000000082600000, 0x0000000082700000|  0%| F|  |TAMS 0x0000000082600000, 0x0000000082600000| Untracked 
|  39|0x0000000082700000, 0x0000000082700000, 0x0000000082800000|  0%| F|  |TAMS 0x0000000082700000, 0x0000000082700000| Untracked 
|  40|0x0000000082800000, 0x0000000082800000, 0x0000000082900000|  0%| F|  |TAMS 0x0000000082800000, 0x0000000082800000| Untracked 
|  41|0x0000000082900000, 0x0000000082900000, 0x0000000082a00000|  0%| F|  |TAMS 0x0000000082900000, 0x0000000082900000| Untracked 
|  42|0x0000000082a00000, 0x0000000082a00000, 0x0000000082b00000|  0%| F|  |TAMS 0x0000000082a00000, 0x0000000082a00000| Untracked 
|  43|0x0000000082b00000, 0x0000000082b00000, 0x0000000082c00000|  0%| F|  |TAMS 0x0000000082b00000, 0x0000000082b00000| Untracked 
|  44|0x0000000082c00000, 0x0000000082c00000, 0x0000000082d00000|  0%| F|  |TAMS 0x0000000082c00000, 0x0000000082c00000| Untracked 
|  45|0x0000000082d00000, 0x0000000082d00000, 0x0000000082e00000|  0%| F|  |TAMS 0x0000000082d00000, 0x0000000082d00000| Untracked 
|  46|0x0000000082e00000, 0x0000000082e00000, 0x0000000082f00000|  0%| F|  |TAMS 0x0000000082e00000, 0x0000000082e00000| Untracked 
|  47|0x0000000082f00000, 0x0000000082f00000, 0x0000000083000000|  0%| F|  |TAMS 0x0000000082f00000, 0x0000000082f00000| Untracked 
|  48|0x0000000083000000, 0x0000000083000000, 0x0000000083100000|  0%| F|  |TAMS 0x0000000083000000, 0x0000000083000000| Untracked 
|  49|0x0000000083100000, 0x0000000083100000, 0x0000000083200000|  0%| F|  |TAMS 0x0000000083100000, 0x0000000083100000| Untracked 
|  50|0x0000000083200000, 0x0000000083200000, 0x0000000083300000|  0%| F|  |TAMS 0x0000000083200000, 0x0000000083200000| Untracked 
|  51|0x0000000083300000, 0x0000000083300000, 0x0000000083400000|  0%| F|  |TAMS 0x0000000083300000, 0x0000000083300000| Untracked 
|  52|0x0000000083400000, 0x00000000834a9a60, 0x0000000083500000| 66%| E|  |TAMS 0x0000000083400000, 0x0000000083400000| Complete 
|  53|0x0000000083500000, 0x0000000083600000, 0x0000000083600000|100%| E|CS|TAMS 0x0000000083500000, 0x0000000083500000| Complete 
|  54|0x0000000083600000, 0x0000000083700000, 0x0000000083700000|100%| E|CS|TAMS 0x0000000083600000, 0x0000000083600000| Complete 
|  55|0x0000000083700000, 0x0000000083800000, 0x0000000083800000|100%| E|CS|TAMS 0x0000000083700000, 0x0000000083700000| Complete 
|  56|0x0000000083800000, 0x0000000083900000, 0x0000000083900000|100%| E|CS|TAMS 0x0000000083800000, 0x0000000083800000| Complete 
|  57|0x0000000083900000, 0x0000000083a00000, 0x0000000083a00000|100%| E|CS|TAMS 0x0000000083900000, 0x0000000083900000| Complete 
|  58|0x0000000083a00000, 0x0000000083b00000, 0x0000000083b00000|100%| E|  |TAMS 0x0000000083a00000, 0x0000000083a00000| Complete 
|  59|0x0000000083b00000, 0x0000000083c00000, 0x0000000083c00000|100%| E|CS|TAMS 0x0000000083b00000, 0x0000000083b00000| Complete 
|  60|0x0000000083c00000, 0x0000000083d00000, 0x0000000083d00000|100%| E|CS|TAMS 0x0000000083c00000, 0x0000000083c00000| Complete 
|  61|0x0000000083d00000, 0x0000000083e00000, 0x0000000083e00000|100%| E|CS|TAMS 0x0000000083d00000, 0x0000000083d00000| Complete 
|  62|0x0000000083e00000, 0x0000000083f00000, 0x0000000083f00000|100%| E|CS|TAMS 0x0000000083e00000, 0x0000000083e00000| Complete 
|  63|0x0000000083f00000, 0x0000000084000000, 0x0000000084000000|100%| E|CS|TAMS 0x0000000083f00000, 0x0000000083f00000| Complete 
|  64|0x0000000084000000, 0x0000000084100000, 0x0000000084100000|100%| E|CS|TAMS 0x0000000084000000, 0x0000000084000000| Complete 
|  65|0x0000000084100000, 0x0000000084200000, 0x0000000084200000|100%| E|CS|TAMS 0x0000000084100000, 0x0000000084100000| Complete 
|  66|0x0000000084200000, 0x0000000084300000, 0x0000000084300000|100%| E|CS|TAMS 0x0000000084200000, 0x0000000084200000| Complete 
|  67|0x0000000084300000, 0x0000000084400000, 0x0000000084400000|100%| E|CS|TAMS 0x0000000084300000, 0x0000000084300000| Complete 
|  91|0x0000000085b00000, 0x0000000085c00000, 0x0000000085c00000|100%| E|CS|TAMS 0x0000000085b00000, 0x0000000085b00000| Complete 
|  93|0x0000000085d00000, 0x0000000085e00000, 0x0000000085e00000|100%| E|CS|TAMS 0x0000000085d00000, 0x0000000085d00000| Complete 

Card table byte_map: [0x000001cf19bf0000,0x000001cf19ff0000] _byte_map_base: 0x000001cf197f0000

Marking Bits (Prev, Next): (CMBitMap*) 0x000001cf070368c0, (CMBitMap*) 0x000001cf07036880
 Prev Bits: [0x000001cf1c3f0000, 0x000001cf1e3f0000)
 Next Bits: [0x000001cf1a3f0000, 0x000001cf1c3f0000)

Polling page: 0x000001cf04f50000

Metaspace:

Usage:
  Non-class:     25.04 MB used.
      Class:      3.80 MB used.
       Both:     28.84 MB used.

Virtual space:
  Non-class space:       64.00 MB reserved,      25.19 MB ( 39%) committed,  1 nodes.
      Class space:        1.00 GB reserved,       3.88 MB ( <1%) committed,  1 nodes.
             Both:        1.06 GB reserved,      29.06 MB (  3%) committed. 

Chunk freelists:
   Non-Class:  6.84 MB
       Class:  12.13 MB
        Both:  18.97 MB

MaxMetaspaceSize: unlimited
CompressedClassSpaceSize: 1.00 GB
Initial GC threshold: 21.00 MB
Current GC threshold: 35.25 MB
CDS: off
MetaspaceReclaimPolicy: balanced
 - commit_granule_bytes: 65536.
 - commit_granule_words: 8192.
 - virtual_space_node_default_size: 8388608.
 - enlarge_chunks_in_place: 1.
 - new_chunks_are_fully_committed: 0.
 - uncommit_free_chunks: 1.
 - use_allocation_guard: 0.
 - handle_deallocations: 1.


Internal statistics:

num_allocs_failed_limit: 3.
num_arena_births: 228.
num_arena_deaths: 0.
num_vsnodes_births: 2.
num_vsnodes_deaths: 0.
num_space_committed: 465.
num_space_uncommitted: 0.
num_chunks_returned_to_freelist: 3.
num_chunks_taken_from_freelist: 962.
num_chunk_merges: 3.
num_chunk_splits: 628.
num_chunks_enlarged: 460.
num_inconsistent_stats: 0.

CodeHeap 'non-profiled nmethods': size=120000Kb used=1450Kb max_used=1450Kb free=118550Kb
 bounds [0x000001cf11f80000, 0x000001cf121f0000, 0x000001cf194b0000]
CodeHeap 'profiled nmethods': size=120000Kb used=5260Kb max_used=5260Kb free=114739Kb
 bounds [0x000001cf0a4b0000, 0x000001cf0a9e0000, 0x000001cf119e0000]
CodeHeap 'non-nmethods': size=5760Kb used=1235Kb max_used=1283Kb free=4524Kb
 bounds [0x000001cf119e0000, 0x000001cf11c50000, 0x000001cf11f80000]
 total_blobs=3109 nmethods=2567 adapters=454
 compilation: enabled
              stopped_count=0, restarted_count=0
 full_count=0

Compilation events (20 events):
Event: 3.491 Thread 0x000001cf2502fba0 2559       3       org.objectweb.asm.Frame::push (59 bytes)
Event: 3.491 Thread 0x000001cf2502fba0 nmethod 2559 0x000001cf0a9cbe10 code [0x000001cf0a9cc040, 0x000001cf0a9cc798]
Event: 3.491 Thread 0x000001cf2502fba0 2558       3       org.objectweb.asm.Frame::getInputStackSize (6 bytes)
Event: 3.491 Thread 0x000001cf2502fba0 nmethod 2558 0x000001cf0a9ccb10 code [0x000001cf0a9ccca0, 0x000001cf0a9ccdb8]
Event: 3.491 Thread 0x000001cf2502fba0 2560       1       org.gradle.internal.instantiation.generator.AbstractClassGenerator$PropertyMetadata::getOverridableGetters (5 bytes)
Event: 3.491 Thread 0x000001cf2502fba0 nmethod 2560 0x000001cf120dcb10 code [0x000001cf120dcca0, 0x000001cf120dcd78]
Event: 3.493 Thread 0x000001cf2502fba0 2561       3       java.util.concurrent.locks.ReentrantLock$Sync::<init> (5 bytes)
Event: 3.493 Thread 0x000001cf2502fba0 nmethod 2561 0x000001cf0a9cce90 code [0x000001cf0a9cd040, 0x000001cf0a9cd278]
Event: 3.494 Thread 0x000001cf2502fba0 2562       3       java.util.concurrent.locks.ReentrantLock$NonfairSync::<init> (5 bytes)
Event: 3.494 Thread 0x000001cf2502fba0 nmethod 2562 0x000001cf0a9cd390 code [0x000001cf0a9cd540, 0x000001cf0a9cd7b8]
Event: 3.495 Thread 0x000001cf2502fba0 2563       3       java.lang.invoke.Invokers::checkExactType (17 bytes)
Event: 3.496 Thread 0x000001cf2502fba0 nmethod 2563 0x000001cf0a9cd910 code [0x000001cf0a9cdac0, 0x000001cf0a9cdcc8]
Event: 3.497 Thread 0x000001cf2502fba0 2564   !   3       jdk.internal.reflect.NativeMethodAccessorImpl::invoke (137 bytes)
Event: 3.499 Thread 0x000001cf2502fba0 nmethod 2564 0x000001cf0a9cde10 code [0x000001cf0a9ce060, 0x000001cf0a9cec88]
Event: 3.500 Thread 0x000001cf2502fba0 2566       3       java.util.HashMap::computeIfAbsent (330 bytes)
Event: 3.501 Thread 0x000001cf2502fba0 nmethod 2566 0x000001cf0a9cf210 code [0x000001cf0a9cf520, 0x000001cf0a9d0b48]
Event: 3.501 Thread 0x000001cf2502fba0 2567       3       jdk.internal.org.objectweb.asm.SymbolTable::addUninitializedType (103 bytes)
Event: 3.502 Thread 0x000001cf2502fba0 nmethod 2567 0x000001cf0a9d1190 code [0x000001cf0a9d13a0, 0x000001cf0a9d1958]
Event: 3.502 Thread 0x000001cf2502fba0 2568       3       jdk.internal.org.objectweb.asm.SymbolTable::putBootstrapMethods (56 bytes)
Event: 3.502 Thread 0x000001cf2502fba0 nmethod 2568 0x000001cf0a9d1c10 code [0x000001cf0a9d1e00, 0x000001cf0a9d2108]

GC Heap History (10 events):
Event: 0.619 GC heap before
{Heap before GC invocations=0 (full 0):
 garbage-first heap   total 96256K, used 26624K [0x0000000080000000, 0x0000000100000000)
  region size 1024K, 23 young (23552K), 0 survivors (0K)
 Metaspace       used 10430K, committed 10560K, reserved 1114112K
  class space    used 1078K, committed 1152K, reserved 1048576K
}
Event: 0.624 GC heap after
{Heap after GC invocations=1 (full 0):
 garbage-first heap   total 96256K, used 10372K [0x0000000080000000, 0x0000000100000000)
  region size 1024K, 3 young (3072K), 3 survivors (3072K)
 Metaspace       used 10430K, committed 10560K, reserved 1114112K
  class space    used 1078K, committed 1152K, reserved 1048576K
}
Event: 1.250 GC heap before
{Heap before GC invocations=1 (full 0):
 garbage-first heap   total 96256K, used 39044K [0x0000000080000000, 0x0000000100000000)
  region size 1024K, 31 young (31744K), 3 survivors (3072K)
 Metaspace       used 11451K, committed 11648K, reserved 1114112K
  class space    used 1196K, committed 1280K, reserved 1048576K
}
Event: 1.254 GC heap after
{Heap after GC invocations=2 (full 0):
 garbage-first heap   total 96256K, used 11454K [0x0000000080000000, 0x0000000100000000)
  region size 1024K, 1 young (1024K), 1 survivors (1024K)
 Metaspace       used 11451K, committed 11648K, reserved 1114112K
  class space    used 1196K, committed 1280K, reserved 1048576K
}
Event: 2.450 GC heap before
{Heap before GC invocations=2 (full 0):
 garbage-first heap   total 96256K, used 59582K [0x0000000080000000, 0x0000000100000000)
  region size 1024K, 47 young (48128K), 1 survivors (1024K)
 Metaspace       used 20892K, committed 21184K, reserved 1114112K
  class space    used 2450K, committed 2624K, reserved 1048576K
}
Event: 2.455 GC heap after
{Heap after GC invocations=3 (full 0):
 garbage-first heap   total 96256K, used 18982K [0x0000000080000000, 0x0000000100000000)
  region size 1024K, 6 young (6144K), 6 survivors (6144K)
 Metaspace       used 20892K, committed 21184K, reserved 1114112K
  class space    used 2450K, committed 2624K, reserved 1048576K
}
Event: 2.488 GC heap before
{Heap before GC invocations=3 (full 0):
 garbage-first heap   total 96256K, used 20006K [0x0000000080000000, 0x0000000100000000)
  region size 1024K, 8 young (8192K), 6 survivors (6144K)
 Metaspace       used 21276K, committed 21504K, reserved 1114112K
  class space    used 2497K, committed 2624K, reserved 1048576K
}
Event: 2.492 GC heap after
{Heap after GC invocations=4 (full 0):
 garbage-first heap   total 96256K, used 19526K [0x0000000080000000, 0x0000000100000000)
  region size 1024K, 1 young (1024K), 1 survivors (1024K)
 Metaspace       used 21276K, committed 21504K, reserved 1114112K
  class space    used 2497K, committed 2624K, reserved 1048576K
}
Event: 3.229 GC heap before
{Heap before GC invocations=5 (full 0):
 garbage-first heap   total 71680K, used 58438K [0x0000000080000000, 0x0000000100000000)
  region size 1024K, 40 young (40960K), 1 survivors (1024K)
 Metaspace       used 27345K, committed 27584K, reserved 1114112K
  class space    used 3533K, committed 3648K, reserved 1048576K
}
Event: 3.232 GC heap after
{Heap after GC invocations=6 (full 0):
 garbage-first heap   total 71680K, used 21294K [0x0000000080000000, 0x0000000100000000)
  region size 1024K, 3 young (3072K), 3 survivors (3072K)
 Metaspace       used 27345K, committed 27584K, reserved 1114112K
  class space    used 3533K, committed 3648K, reserved 1048576K
}

Dll operation events (3 events):
Event: 0.008 Loaded shared library C:\Program Files\Android\Android Studio\jbr\bin\java.dll
Event: 0.107 Loaded shared library C:\Program Files\Android\Android Studio\jbr\bin\zip.dll
Event: 0.409 Loaded shared library C:\Program Files\Android\Android Studio\jbr\bin\verify.dll

Deoptimization events (20 events):
Event: 2.779 Thread 0x000001cf2558a860 Uncommon trap: trap_request=0xffffff45 fr.pc=0x000001cf11fff604 relative=0x00000000000005c4
Event: 2.779 Thread 0x000001cf2558a860 Uncommon trap: reason=unstable_if action=reinterpret pc=0x000001cf11fff604 method=java.io.File.getName()Ljava/lang/String; @ 16 c2
Event: 2.779 Thread 0x000001cf2558a860 DEOPT PACKING pc=0x000001cf11fff604 sp=0x00000012269fb4f0
Event: 2.779 Thread 0x000001cf2558a860 DEOPT UNPACKING pc=0x000001cf11a369a3 sp=0x00000012269fb4c0 mode 2
Event: 2.844 Thread 0x000001cf2558a860 Uncommon trap: trap_request=0xffffff45 fr.pc=0x000001cf11fa53f4 relative=0x00000000000000d4
Event: 2.844 Thread 0x000001cf2558a860 Uncommon trap: reason=unstable_if action=reinterpret pc=0x000001cf11fa53f4 method=java.util.HashMap.hash(Ljava/lang/Object;)I @ 1 c2
Event: 2.844 Thread 0x000001cf2558a860 DEOPT PACKING pc=0x000001cf11fa53f4 sp=0x00000012269fc260
Event: 2.844 Thread 0x000001cf2558a860 DEOPT UNPACKING pc=0x000001cf11a369a3 sp=0x00000012269fc1a0 mode 2
Event: 2.871 Thread 0x000001cf2558a860 Uncommon trap: trap_request=0xffffff45 fr.pc=0x000001cf1201ef34 relative=0x0000000000000714
Event: 2.871 Thread 0x000001cf2558a860 Uncommon trap: reason=unstable_if action=reinterpret pc=0x000001cf1201ef34 method=java.util.ArrayList.grow(I)[Ljava/lang/Object; @ 17 c2
Event: 2.871 Thread 0x000001cf2558a860 DEOPT PACKING pc=0x000001cf1201ef34 sp=0x00000012269fce90
Event: 2.871 Thread 0x000001cf2558a860 DEOPT UNPACKING pc=0x000001cf11a369a3 sp=0x00000012269fcd28 mode 2
Event: 3.337 Thread 0x000001cf2558a860 Uncommon trap: trap_request=0xffffff45 fr.pc=0x000001cf1208ec70 relative=0x00000000000003b0
Event: 3.337 Thread 0x000001cf2558a860 Uncommon trap: reason=unstable_if action=reinterpret pc=0x000001cf1208ec70 method=java.util.HashMap.getNode(Ljava/lang/Object;)Ljava/util/HashMap$Node; @ 131 c2
Event: 3.337 Thread 0x000001cf2558a860 DEOPT PACKING pc=0x000001cf1208ec70 sp=0x00000012269faca0
Event: 3.337 Thread 0x000001cf2558a860 DEOPT UNPACKING pc=0x000001cf11a369a3 sp=0x00000012269fabc0 mode 2
Event: 3.450 Thread 0x000001cf2558a860 Uncommon trap: trap_request=0xffffff6e fr.pc=0x000001cf1202d1e4 relative=0x00000000000003c4
Event: 3.450 Thread 0x000001cf2558a860 Uncommon trap: reason=loop_limit_check action=maybe_recompile pc=0x000001cf1202d1e4 method=java.lang.StringLatin1.indexOf([BI[BII)I @ 37 c2
Event: 3.450 Thread 0x000001cf2558a860 DEOPT PACKING pc=0x000001cf1202d1e4 sp=0x00000012269f83c0
Event: 3.450 Thread 0x000001cf2558a860 DEOPT UNPACKING pc=0x000001cf11a369a3 sp=0x00000012269f8320 mode 2

Classes unloaded (0 events):
No events

Classes redefined (0 events):
No events

Internal exceptions (20 events):
Event: 2.532 Thread 0x000001cf2558a860 Exception <a 'java/lang/NoSuchMethodError'{0x0000000084216fd0}: 'void java.lang.invoke.DirectMethodHandle$Holder.invokeStaticInit(java.lang.Object, java.lang.Object)'> (0x0000000084216fd0) 
thrown [s\src\hotspot\share\interpreter\linkResolver.cpp, line 771]
Event: 2.581 Thread 0x000001cf2558a860 Exception <a 'java/lang/NoSuchMethodError'{0x00000000840d1c28}: 'void java.lang.invoke.DelegatingMethodHandle$Holder.reinvoke_L(java.lang.Object, java.lang.Object, java.lang.Object, java.lang.Object, java.lang.Object, java.lang.Object, java.lang.Object, java.lang.Object, java.lang.Object, java.lang.Object)'> (0x00000000840d1c28) 
thrown [s\src\hotspot\share\interpreter\linkResolver.cpp, line 771]
Event: 2.581 Thread 0x000001cf2558a860 Exception <a 'java/lang/NoSuchMethodError'{0x00000000840da1d8}: 'java.lang.Object java.lang.invoke.DirectMethodHandle$Holder.invokeSpecial(java.lang.Object, java.lang.Object, java.lang.Object, java.lang.Object, java.lang.Object, java.lang.Object, java.lang.Object, java.lang.Object, java.lang.Object, java.lang.Object)'> (0x00000000840da1d8) 
thrown [s\src\hotspot\share\interpreter\linkResolver.cpp, line 771]
Event: 2.582 Thread 0x000001cf2558a860 Exception <a 'java/lang/NoSuchMethodError'{0x00000000840deaa8}: 'java.lang.Object java.lang.invoke.Invokers$Holder.invoker(java.lang.Object, java.lang.Object, java.lang.Object, java.lang.Object, java.lang.Object, java.lang.Object, java.lang.Object, java.lang.Object, java.lang.Object, java.lang.Object)'> (0x00000000840deaa8) 
thrown [s\src\hotspot\share\interpreter\linkResolver.cpp, line 771]
Event: 2.582 Thread 0x000001cf2558a860 Exception <a 'java/lang/NoSuchMethodError'{0x00000000840e46b0}: 'java.lang.Object java.lang.invoke.DirectMethodHandle$Holder.invokeSpecial(java.lang.Object, java.lang.Object, java.lang.Object, java.lang.Object, java.lang.Object, java.lang.Object, java.lang.Object, java.lang.Object, java.lang.Object, java.lang.Object, java.lang.Object)'> (0x00000000840e46b0) 
thrown [s\src\hotspot\share\interpreter\linkResolver.cpp, line 771]
Event: 2.707 Thread 0x000001cf2558a860 Exception <a 'java/lang/NoSuchMethodError'{0x0000000083ab23f8}: 'void java.lang.invoke.DirectMethodHandle$Holder.invokeStaticInit(java.lang.Object)'> (0x0000000083ab23f8) 
thrown [s\src\hotspot\share\interpreter\linkResolver.cpp, line 771]
Event: 2.721 Thread 0x000001cf2558a860 Exception <a 'java/lang/NoSuchMethodError'{0x0000000083969d98}: 'java.lang.Object java.lang.invoke.DirectMethodHandle$Holder.newInvokeSpecial(java.lang.Object, java.lang.Object, java.lang.Object, int)'> (0x0000000083969d98) 
thrown [s\src\hotspot\share\interpreter\linkResolver.cpp, line 771]
Event: 2.721 Thread 0x000001cf2558a860 Exception <a 'java/lang/NoSuchMethodError'{0x000000008396e6c8}: 'java.lang.Object java.lang.invoke.DirectMethodHandle$Holder.invokeSpecial(java.lang.Object, java.lang.Object, java.lang.Object, java.lang.Object, int)'> (0x000000008396e6c8) 
thrown [s\src\hotspot\share\interpreter\linkResolver.cpp, line 771]
Event: 2.721 Thread 0x000001cf2558a860 Exception <a 'java/lang/NoSuchMethodError'{0x00000000839727e0}: 'java.lang.Object java.lang.invoke.Invokers$Holder.linkToTargetMethod(java.lang.Object, java.lang.Object, int, java.lang.Object)'> (0x00000000839727e0) 
thrown [s\src\hotspot\share\interpreter\linkResolver.cpp, line 771]
Event: 2.798 Thread 0x000001cf2558a860 Exception <a 'java/lang/NoSuchMethodError'{0x0000000083444428}: 'int java.lang.invoke.DirectMethodHandle$Holder.invokeVirtual(java.lang.Object, java.lang.Object, java.lang.Object)'> (0x0000000083444428) 
thrown [s\src\hotspot\share\interpreter\linkResolver.cpp, line 771]
Event: 2.819 Thread 0x000001cf2558a860 Exception <a 'java/lang/NoSuchMethodError'{0x000000008334a860}: 'int java.lang.invoke.DirectMethodHandle$Holder.invokeSpecialIFC(java.lang.Object, java.lang.Object, java.lang.Object, java.lang.Object)'> (0x000000008334a860) 
thrown [s\src\hotspot\share\interpreter\linkResolver.cpp, line 771]
Event: 2.821 Thread 0x000001cf2558a860 Exception <a 'java/lang/NoSuchMethodError'{0x0000000083359750}: 'java.lang.Object java.lang.invoke.DirectMethodHandle$Holder.invokeInterface(java.lang.Object, java.lang.Object, java.lang.Object)'> (0x0000000083359750) 
thrown [s\src\hotspot\share\interpreter\linkResolver.cpp, line 771]
Event: 2.821 Thread 0x000001cf2558a860 Exception <a 'java/lang/IncompatibleClassChangeError'{0x000000008335d368}: Found class java.lang.Object, but interface was expected> (0x000000008335d368) 
thrown [s\src\hotspot\share\interpreter\linkResolver.cpp, line 838]
Event: 2.844 Thread 0x000001cf2558a860 Implicit null exception at 0x000001cf11fa5358 to 0x000001cf11fa53ea
Event: 2.853 Thread 0x000001cf2558a860 Exception <a 'java/lang/NoSuchMethodError'{0x000000008313b3a8}: 'int java.lang.invoke.DirectMethodHandle$Holder.invokeStatic(java.lang.Object, java.lang.Object, java.lang.Object, java.lang.Object)'> (0x000000008313b3a8) 
thrown [s\src\hotspot\share\interpreter\linkResolver.cpp, line 771]
Event: 2.853 Thread 0x000001cf2558a860 Exception <a 'java/lang/NoSuchMethodError'{0x000000008313efd0}: 'java.lang.Object java.lang.invoke.Invokers$Holder.invokeExact_MT(java.lang.Object, java.lang.Object, java.lang.Object, java.lang.Object, java.lang.Object, java.lang.Object)'> (0x000000008313efd0) 
thrown [s\src\hotspot\share\interpreter\linkResolver.cpp, line 771]
Event: 2.899 Thread 0x000001cf2558a860 Exception <a 'java/lang/IncompatibleClassChangeError'{0x0000000082e29a18}: Found class java.lang.Object, but interface was expected> (0x0000000082e29a18) 
thrown [s\src\hotspot\share\interpreter\linkResolver.cpp, line 838]
Event: 3.319 Thread 0x000001cf2558a860 Exception <a 'java/lang/NoSuchMethodError'{0x0000000084026870}: 'java.lang.Object java.lang.invoke.DirectMethodHandle$Holder.invokeVirtual(java.lang.Object, java.lang.Object, java.lang.Object, java.lang.Object)'> (0x0000000084026870) 
thrown [s\src\hotspot\share\interpreter\linkResolver.cpp, line 771]
Event: 3.348 Thread 0x000001cf2558a860 Exception <a 'java/lang/NoSuchMethodError'{0x0000000083f88a90}: 'java.lang.Object java.lang.invoke.DirectMethodHandle$Holder.newInvokeSpecial(java.lang.Object, java.lang.Object, java.lang.Object, java.lang.Object, java.lang.Object, java.lang.Object, java.lang.Object)'> (0x0000000083f88a90) 
thrown [s\src\hotspot\share\interpreter\linkResolver.cpp, line 771]
Event: 3.348 Thread 0x000001cf2558a860 Exception <a 'java/lang/NoSuchMethodError'{0x0000000083f8d760}: 'java.lang.Object java.lang.invoke.Invokers$Holder.linkToTargetMethod(java.lang.Object, java.lang.Object, java.lang.Object, java.lang.Object, java.lang.Object, java.lang.Object, java.lang.Object)'> (0x0000000083f8d760) 
thrown [s\src\hotspot\share\interpreter\linkResolver.cpp, line 771]

VM Operations (20 events):
Event: 2.147 Executing VM operation: HandshakeAllThreads
Event: 2.147 Executing VM operation: HandshakeAllThreads done
Event: 2.199 Executing VM operation: HandshakeAllThreads
Event: 2.199 Executing VM operation: HandshakeAllThreads done
Event: 2.450 Executing VM operation: G1CollectForAllocation
Event: 2.455 Executing VM operation: G1CollectForAllocation done
Event: 2.488 Executing VM operation: CollectForMetadataAllocation
Event: 2.492 Executing VM operation: CollectForMetadataAllocation done
Event: 2.498 Executing VM operation: G1PauseRemark
Event: 2.500 Executing VM operation: G1PauseRemark done
Event: 2.503 Executing VM operation: G1PauseCleanup
Event: 2.503 Executing VM operation: G1PauseCleanup done
Event: 2.562 Executing VM operation: HandshakeAllThreads
Event: 2.562 Executing VM operation: HandshakeAllThreads done
Event: 2.889 Executing VM operation: HandshakeAllThreads
Event: 2.889 Executing VM operation: HandshakeAllThreads done
Event: 2.889 Executing VM operation: HandshakeAllThreads
Event: 2.889 Executing VM operation: HandshakeAllThreads done
Event: 3.229 Executing VM operation: G1CollectForAllocation
Event: 3.232 Executing VM operation: G1CollectForAllocation done

Events (20 events):
Event: 3.137 loading class java/io/ObjectOutput done
Event: 3.138 loading class java/io/ObjectStreamConstants
Event: 3.138 loading class java/io/ObjectStreamConstants done
Event: 3.138 loading class java/io/ObjectOutputStream done
Event: 3.138 loading class java/io/ObjectInputStream
Event: 3.139 loading class java/io/ObjectInput
Event: 3.139 loading class java/io/ObjectInput done
Event: 3.139 loading class java/io/ObjectInputStream done
Event: 3.284 loading class javax/xml/parsers/ParserConfigurationException
Event: 3.285 loading class javax/xml/parsers/ParserConfigurationException done
Event: 3.285 loading class org/xml/sax/SAXException
Event: 3.285 loading class org/xml/sax/SAXException done
Event: 3.285 loading class javax/xml/xpath/XPathExpressionException
Event: 3.286 loading class javax/xml/xpath/XPathException
Event: 3.286 loading class javax/xml/xpath/XPathException done
Event: 3.286 loading class javax/xml/xpath/XPathExpressionException done
Event: 3.286 loading class org/xml/sax/ErrorHandler
Event: 3.286 loading class org/xml/sax/ErrorHandler done
Event: 3.342 Thread 0x000001cf2911cb60 Thread added: 0x000001cf2911cb60
Event: 3.493 Thread 0x000001cf26daee20 Thread added: 0x000001cf26daee20


Dynamic libraries:
0x00007ff6a2640000 - 0x00007ff6a264a000 	C:\Program Files\Android\Android Studio\jbr\bin\java.exe
0x00007fffe4890000 - 0x00007fffe4aa6000 	C:\WINDOWS\SYSTEM32\ntdll.dll
0x00007fffe4020000 - 0x00007fffe40e4000 	C:\WINDOWS\System32\KERNEL32.DLL
0x00007fffe1d10000 - 0x00007fffe20b7000 	C:\WINDOWS\System32\KERNELBASE.dll
0x00007fffe2470000 - 0x00007fffe2581000 	C:\WINDOWS\System32\ucrtbase.dll
0x00007fff9c2b0000 - 0x00007fff9c2c7000 	C:\Program Files\Android\Android Studio\jbr\bin\jli.dll
0x00007fffdcee0000 - 0x00007fffdcefb000 	C:\Program Files\Android\Android Studio\jbr\bin\VCRUNTIME140.dll
0x00007fffe33a0000 - 0x00007fffe354e000 	C:\WINDOWS\System32\USER32.dll
0x00007fffe2590000 - 0x00007fffe25b6000 	C:\WINDOWS\System32\win32u.dll
0x00007fffcb0d0000 - 0x00007fffcb363000 	C:\WINDOWS\WinSxS\amd64_microsoft.windows.common-controls_6595b64144ccf1df_6.0.22621.3235_none_270f74e173860f98\COMCTL32.dll
0x00007fffe41f0000 - 0x00007fffe4219000 	C:\WINDOWS\System32\GDI32.dll
0x00007fffe2b60000 - 0x00007fffe2c07000 	C:\WINDOWS\System32\msvcrt.dll
0x00007fffe2350000 - 0x00007fffe2469000 	C:\WINDOWS\System32\gdi32full.dll
0x00007fffe2230000 - 0x00007fffe22ca000 	C:\WINDOWS\System32\msvcp_win.dll
0x00007fffe2720000 - 0x00007fffe2751000 	C:\WINDOWS\System32\IMM32.DLL
0x00007fffde280000 - 0x00007fffde28c000 	C:\Program Files\Android\Android Studio\jbr\bin\vcruntime140_1.dll
0x00007fffa9730000 - 0x00007fffa97bd000 	C:\Program Files\Android\Android Studio\jbr\bin\msvcp140.dll
0x00007fff5adc0000 - 0x00007fff5ba43000 	C:\Program Files\Android\Android Studio\jbr\bin\server\jvm.dll
0x00007fffe2aa0000 - 0x00007fffe2b52000 	C:\WINDOWS\System32\ADVAPI32.dll
0x00007fffe29d0000 - 0x00007fffe2a78000 	C:\WINDOWS\System32\sechost.dll
0x00007fffe1c70000 - 0x00007fffe1c98000 	C:\WINDOWS\System32\bcrypt.dll
0x00007fffe2c30000 - 0x00007fffe2d45000 	C:\WINDOWS\System32\RPCRT4.dll
0x00007fffe18d0000 - 0x00007fffe191d000 	C:\WINDOWS\SYSTEM32\POWRPROF.dll
0x00007fffc02d0000 - 0x00007fffc02d9000 	C:\WINDOWS\SYSTEM32\WSOCK32.dll
0x00007fffe47d0000 - 0x00007fffe4841000 	C:\WINDOWS\System32\WS2_32.dll
0x00007fffd9a50000 - 0x00007fffd9a84000 	C:\WINDOWS\SYSTEM32\WINMM.dll
0x00007fffd89f0000 - 0x00007fffd89fa000 	C:\WINDOWS\SYSTEM32\VERSION.dll
0x00007fffe18b0000 - 0x00007fffe18c3000 	C:\WINDOWS\SYSTEM32\UMPDC.dll
0x00007fffe0bd0000 - 0x00007fffe0be8000 	C:\WINDOWS\SYSTEM32\kernel.appcore.dll
0x00007fffde290000 - 0x00007fffde29a000 	C:\Program Files\Android\Android Studio\jbr\bin\jimage.dll
0x00007fffdf2f0000 - 0x00007fffdf523000 	C:\WINDOWS\SYSTEM32\DBGHELP.DLL
0x00007fffe4440000 - 0x00007fffe47c8000 	C:\WINDOWS\System32\combase.dll
0x00007fffe3e40000 - 0x00007fffe3f17000 	C:\WINDOWS\System32\OLEAUT32.dll
0x00007fffcc590000 - 0x00007fffcc5c2000 	C:\WINDOWS\SYSTEM32\dbgcore.DLL
0x00007fffe22d0000 - 0x00007fffe2349000 	C:\WINDOWS\System32\bcryptPrimitives.dll
0x00007fffb1780000 - 0x00007fffb178e000 	C:\Program Files\Android\Android Studio\jbr\bin\instrument.dll
0x00007fff9aed0000 - 0x00007fff9aef5000 	C:\Program Files\Android\Android Studio\jbr\bin\java.dll
0x00007fffaccb0000 - 0x00007fffaccc8000 	C:\Program Files\Android\Android Studio\jbr\bin\zip.dll
0x00007fffe3550000 - 0x00007fffe3dac000 	C:\WINDOWS\System32\SHELL32.dll
0x00007fffdfac0000 - 0x00007fffe03b9000 	C:\WINDOWS\SYSTEM32\windows.storage.dll
0x00007fffdf980000 - 0x00007fffdfabe000 	C:\WINDOWS\SYSTEM32\wintypes.dll
0x00007fffe40f0000 - 0x00007fffe41e3000 	C:\WINDOWS\System32\SHCORE.dll
0x00007fffe2e40000 - 0x00007fffe2e9e000 	C:\WINDOWS\System32\shlwapi.dll
0x00007fffe1ae0000 - 0x00007fffe1b01000 	C:\WINDOWS\SYSTEM32\profapi.dll
0x00007fffa55d0000 - 0x00007fffa55e9000 	C:\Program Files\Android\Android Studio\jbr\bin\net.dll
0x00007fffdb830000 - 0x00007fffdb966000 	C:\WINDOWS\SYSTEM32\WINHTTP.dll
0x00007fffe1060000 - 0x00007fffe10c9000 	C:\WINDOWS\system32\mswsock.dll
0x00007fff9c910000 - 0x00007fff9c926000 	C:\Program Files\Android\Android Studio\jbr\bin\nio.dll
0x00007fffb1f00000 - 0x00007fffb1f10000 	C:\Program Files\Android\Android Studio\jbr\bin\verify.dll
0x00007fffcd110000 - 0x00007fffcd137000 	C:\Users\LENOVO\.gradle\native\c067742578af261105cb4f569cf0c3c89f3d7b1fecec35dd04571415982c5e48\windows-amd64\native-platform.dll
0x00007fff8fde0000 - 0x00007fff8ff24000 	C:\Users\LENOVO\.gradle\native\38dada09dfb8b06ba9b0570ebf7e218e3eb74d4ef43ca46872605cf95ebc2f47\windows-amd64\native-platform-file-events.dll
0x00007fffb3670000 - 0x00007fffb3679000 	C:\Program Files\Android\Android Studio\jbr\bin\management.dll
0x00007fffb2980000 - 0x00007fffb298b000 	C:\Program Files\Android\Android Studio\jbr\bin\management_ext.dll
0x00007fffe2e10000 - 0x00007fffe2e18000 	C:\WINDOWS\System32\PSAPI.DLL
0x00007fffe12c0000 - 0x00007fffe12db000 	C:\WINDOWS\SYSTEM32\CRYPTSP.dll
0x00007fffe0b20000 - 0x00007fffe0b55000 	C:\WINDOWS\system32\rsaenh.dll
0x00007fffe1160000 - 0x00007fffe1188000 	C:\WINDOWS\SYSTEM32\USERENV.dll
0x00007fffe12e0000 - 0x00007fffe12ec000 	C:\WINDOWS\SYSTEM32\CRYPTBASE.dll
0x00007fffe0660000 - 0x00007fffe068d000 	C:\WINDOWS\SYSTEM32\IPHLPAPI.DLL
0x00007fffe2e30000 - 0x00007fffe2e39000 	C:\WINDOWS\System32\NSI.dll
0x00007fffdbf00000 - 0x00007fffdbf19000 	C:\WINDOWS\SYSTEM32\dhcpcsvc6.DLL
0x00007fffdb7d0000 - 0x00007fffdb7ef000 	C:\WINDOWS\SYSTEM32\dhcpcsvc.DLL
0x00007fffe0690000 - 0x00007fffe0789000 	C:\WINDOWS\SYSTEM32\DNSAPI.dll
0x00007fffb3ad0000 - 0x00007fffb3ad9000 	C:\Program Files\Android\Android Studio\jbr\bin\extnet.dll
0x00007fffdce40000 - 0x00007fffdce48000 	C:\WINDOWS\system32\wshunix.dll

dbghelp: loaded successfully - version: 4.0.5 - missing functions: none
symbol engine: initialized successfully - sym options: 0x614 - pdb path: .;C:\Program Files\Android\Android Studio\jbr\bin;C:\WINDOWS\SYSTEM32;C:\WINDOWS\WinSxS\amd64_microsoft.windows.common-controls_6595b64144ccf1df_6.0.22621.3235_none_270f74e173860f98;C:\Program Files\Android\Android Studio\jbr\bin\server;C:\Users\LENOVO\.gradle\native\c067742578af261105cb4f569cf0c3c89f3d7b1fecec35dd04571415982c5e48\windows-amd64;C:\Users\LENOVO\.gradle\native\38dada09dfb8b06ba9b0570ebf7e218e3eb74d4ef43ca46872605cf95ebc2f47\windows-amd64

VM Arguments:
jvm_args: --add-opens=java.base/java.util=ALL-UNNAMED --add-opens=java.base/java.lang=ALL-UNNAMED --add-opens=java.base/java.lang.invoke=ALL-UNNAMED --add-opens=java.prefs/java.util.prefs=ALL-UNNAMED --add-opens=java.base/java.nio.charset=ALL-UNNAMED --add-opens=java.base/java.net=ALL-UNNAMED --add-opens=java.base/java.util.concurrent.atomic=ALL-UNNAMED -Xmx2048m -Dfile.encoding=UTF-8 -Duser.country=US -Duser.language=en -Duser.variant -javaagent:C:\Users\LENOVO\.gradle\wrapper\dists\gradle-8.7-bin\bhs2wmbdwecv87pi65oeuq5iu\gradle-8.7\lib\agents\gradle-instrumentation-agent-8.7.jar 
java_command: org.gradle.launcher.daemon.bootstrap.GradleDaemon 8.7
java_class_path (initial): C:\Users\LENOVO\.gradle\wrapper\dists\gradle-8.7-bin\bhs2wmbdwecv87pi65oeuq5iu\gradle-8.7\lib\gradle-launcher-8.7.jar
Launcher Type: SUN_STANDARD

[Global flags]
     intx CICompilerCount                          = 4                                         {product} {ergonomic}
     uint ConcGCThreads                            = 2                                         {product} {ergonomic}
     uint G1ConcRefinementThreads                  = 8                                         {product} {ergonomic}
   size_t G1HeapRegionSize                         = 1048576                                   {product} {ergonomic}
    uintx GCDrainStackTargetSize                   = 64                                        {product} {ergonomic}
   size_t InitialHeapSize                          = 98566144                                  {product} {ergonomic}
   size_t MarkStackSize                            = 4194304                                   {product} {ergonomic}
   size_t MaxHeapSize                              = 2147483648                                {product} {command line}
   size_t MaxNewSize                               = 1287651328                                {product} {ergonomic}
   size_t MinHeapDeltaBytes                        = 1048576                                   {product} {ergonomic}
   size_t MinHeapSize                              = 8388608                                   {product} {ergonomic}
    uintx NonNMethodCodeHeapSize                   = 5839372                                {pd product} {ergonomic}
    uintx NonProfiledCodeHeapSize                  = 122909434                              {pd product} {ergonomic}
    uintx ProfiledCodeHeapSize                     = 122909434                              {pd product} {ergonomic}
    uintx ReservedCodeCacheSize                    = 251658240                              {pd product} {ergonomic}
     bool SegmentedCodeCache                       = true                                      {product} {ergonomic}
   size_t SoftMaxHeapSize                          = 2147483648                             {manageable} {ergonomic}
     bool UseCompressedClassPointers               = true                           {product lp64_product} {ergonomic}
     bool UseCompressedOops                        = true                           {product lp64_product} {ergonomic}
     bool UseG1GC                                  = true                                      {product} {ergonomic}
     bool UseLargePagesIndividualAllocation        = false                                  {pd product} {ergonomic}

Logging:
Log output configuration:
 #0: stdout all=warning uptime,level,tags
 #1: stderr all=off uptime,level,tags

Environment Variables:
PATH=C:\Program Files\Common Files\Oracle\Java\javapath;C:\Program Files (x86)\Common Files\Oracle\Java\javapath;C:\WINDOWS\system32;C:\WINDOWS;C:\WINDOWS\System32\Wbem;C:\WINDOWS\System32\WindowsPowerShell\v1.0\;C:\WINDOWS\System32\OpenSSH\;C:\xampp\php;C:\ProgramData\ComposerSetup\bin;C:\Program Files\Git\cmd;C:\Program Files\nodejs\;C:\Program Files\dotnet\;C:\Microsoft VS Code\bin;C:\Users\LENOVO\AppData\Local\Microsoft\WindowsApps;C:\Microsoft VS Code\bin;C:\Users\LENOVO\AppData\Local\GitHubDesktop\bin;C:\Users\LENOVO\AppData\Roaming\Composer\vendor\bin;C:\Users\LENOVO\AppData\Roaming\npm;C:\Users\LENOVO\Downloads\Microsoft VS Code\bin
USERNAME=LENOVO
OS=Windows_NT
PROCESSOR_IDENTIFIER=AMD64 Family 23 Model 104 Stepping 1, AuthenticAMD
TMP=C:\Users\LENOVO\AppData\Local\Temp
TEMP=C:\Users\LENOVO\AppData\Local\Temp



Periodic native trim disabled

JNI global refs:
JNI global refs: 23, weak refs: 1

JNI global refs memory usage: 843, weak refs: 841

Process memory usage:
Resident Set Size: 197740K (3% of 6150136K total physical memory with 944216K free physical memory)

OOME stack traces (most recent first):
Classloader memory used:
Loader bootstrap                                                                       : 1907K
Loader org.gradle.internal.classloader.VisitableURLClassLoader                         : 1509K
Loader org.gradle.initialization.MixInLegacyTypesClassLoader                           : 235K
Loader jdk.internal.loader.ClassLoaders$AppClassLoader                                 : 28747B
Loader jdk.internal.loader.ClassLoaders$PlatformClassLoader                            : 14832B
Loader jdk.internal.reflect.DelegatingClassLoader                                      : 2599B

Classes loaded by more than one classloader:
Class org.gradle.internal.installation.GradleInstallation                             : loaded 2 times (x 73B)
Class org.gradle.internal.classpath.ClassPath                                         : loaded 2 times (x 68B)
Class org.gradle.api.internal.classpath.DefaultModuleRegistry                         : loaded 2 times (x 84B)
Class org.gradle.api.Action                                                           : loaded 2 times (x 68B)
Class org.gradle.api.internal.DefaultClassPathProvider                                : loaded 2 times (x 74B)
Class org.gradle.internal.installation.GradleInstallation$1                           : loaded 2 times (x 73B)
Class org.gradle.internal.classloader.FilteringClassLoader                            : loaded 2 times (x 103B)
Class org.gradle.internal.classpath.DefaultClassPath$ImmutableUniqueList$Builder      : loaded 2 times (x 73B)
Class org.gradle.internal.classloader.ClassLoaderVisitor                              : loaded 2 times (x 74B)
Class org.gradle.internal.service.DefaultServiceLocator                               : loaded 2 times (x 81B)
Class org.gradle.internal.service.UnknownServiceException                             : loaded 2 times (x 81B)
Class org.gradle.internal.classloader.DefaultClassLoaderFactory                       : loaded 2 times (x 80B)
Class org.gradle.internal.classloader.VisitableURLClassLoader$Spec                    : loaded 2 times (x 72B)
Class org.gradle.api.GradleException                                                  : loaded 2 times (x 80B)
Class org.gradle.api.internal.classpath.ModuleRegistry                                : loaded 2 times (x 68B)
Class org.gradle.api.internal.ClassPathProvider                                       : loaded 2 times (x 68B)
Class org.gradle.internal.classloader.ClasspathUtil$1                                 : loaded 2 times (x 74B)
Class org.gradle.internal.classloader.ClassLoaderFactory                              : loaded 2 times (x 68B)
Class org.gradle.api.internal.classpath.ManifestUtil                                  : loaded 2 times (x 69B)
Class org.gradle.api.specs.Spec                                                       : loaded 2 times (x 68B)
Class org.gradle.internal.IoActions                                                   : loaded 2 times (x 69B)
Class org.gradle.api.internal.classpath.EffectiveClassPath                            : loaded 2 times (x 88B)
Class org.gradle.internal.installation.CurrentGradleInstallation                      : loaded 2 times (x 71B)
Class org.gradle.internal.agents.InstrumentingClassLoader                             : loaded 2 times (x 68B)
Class org.gradle.internal.installation.CurrentGradleInstallationLocator               : loaded 2 times (x 69B)
Class org.gradle.api.internal.classpath.Module                                        : loaded 2 times (x 68B)
Class org.gradle.internal.service.CachingServiceLocator                               : loaded 2 times (x 80B)
Class org.gradle.internal.classpath.DefaultClassPath                                  : loaded 2 times (x 88B)
Class org.gradle.internal.classloader.SystemClassLoaderSpec                           : loaded 2 times (x 69B)
Class org.gradle.api.UncheckedIOException                                             : loaded 2 times (x 80B)
Class org.gradle.internal.classloader.ClasspathUtil                                   : loaded 2 times (x 69B)
Class org.gradle.api.internal.DefaultClassPathRegistry                                : loaded 2 times (x 74B)
Class org.gradle.api.internal.classpath.DefaultModuleRegistry$DefaultModule           : loaded 2 times (x 84B)
Class org.gradle.api.internal.classpath.UnknownModuleException                        : loaded 2 times (x 80B)
Class org.gradle.internal.service.ServiceLookupException                              : loaded 2 times (x 80B)
Class org.gradle.cache.GlobalCache                                                    : loaded 2 times (x 68B)
Class [Lorg.gradle.api.internal.ClassPathProvider;                                    : loaded 2 times (x 67B)
Class org.gradle.util.internal.GUtil                                                  : loaded 2 times (x 69B)
Class org.gradle.internal.classloader.ClassLoaderSpec                                 : loaded 2 times (x 69B)
Class org.gradle.internal.classloader.VisitableURLClassLoader                         : loaded 2 times (x 115B)
Class org.gradle.internal.Cast                                                        : loaded 2 times (x 69B)
Class org.gradle.api.internal.ClassPathRegistry                                       : loaded 2 times (x 68B)
Class org.gradle.internal.classloader.VisitableURLClassLoader$InstrumentingVisitableURLClassLoader: loaded 2 times (x 121B)
Class org.gradle.internal.classloader.ClassLoaderHierarchy                            : loaded 2 times (x 68B)
Class org.gradle.internal.InternalTransformer                                         : loaded 2 times (x 68B)
Class org.gradle.internal.service.ServiceLocator                                      : loaded 2 times (x 68B)
Class org.gradle.internal.classpath.DefaultClassPath$ImmutableUniqueList              : loaded 2 times (x 159B)
Class org.gradle.internal.classpath.TransformedClassPath                              : loaded 2 times (x 94B)


---------------  S Y S T E M  ---------------

OS:
 Windows 11 , 64 bit Build 22621 (10.0.22621.3374)
OS uptime: 0 days 4:37 hours
Hyper-V role detected

CPU: total 8 (initial active 8) (8 cores per cpu, 2 threads per core) family 23 model 104 stepping 1 microcode 0x0, cx8, cmov, fxsr, ht, mmx, 3dnowpref, sse, sse2, sse3, ssse3, sse4a, sse4.1, sse4.2, popcnt, lzcnt, tsc, tscinvbit, avx, avx2, aes, clmul, bmi1, bmi2, adx, sha, fma, vzeroupper, clflush, clflushopt, hv
Processor Information for processor 0
  Max Mhz: 2600, Current Mhz: 2080, Mhz Limit: 2600
Processor Information for processor 1
  Max Mhz: 2600, Current Mhz: 2600, Mhz Limit: 2600
Processor Information for processor 2
  Max Mhz: 2600, Current Mhz: 2600, Mhz Limit: 2600
Processor Information for processor 3
  Max Mhz: 2600, Current Mhz: 2080, Mhz Limit: 2600
Processor Information for processor 4
  Max Mhz: 2600, Current Mhz: 2600, Mhz Limit: 2600
Processor Information for processor 5
  Max Mhz: 2600, Current Mhz: 2080, Mhz Limit: 2600
Processor Information for processor 6
  Max Mhz: 2600, Current Mhz: 2600, Mhz Limit: 2600
Processor Information for processor 7
  Max Mhz: 2600, Current Mhz: 2080, Mhz Limit: 2600

Memory: 4k page, system-wide physical 6005M (924M free)
TotalPageFile size 17331M (AvailPageFile size 18M)
current process WorkingSet (physical memory assigned to process): 193M, peak: 197M
current process commit charge ("private bytes"): 241M, peak: 246M

vm_info: OpenJDK 64-Bit Server VM (17.0.11+0--11852314) for windows-amd64 JRE (17.0.11+0--11852314), built on May 16 2024 21:29:20 by "androidbuild" with MS VC++ 16.10 / 16.11 (VS2019)

END.
