#
# There is insufficient memory for the Java Runtime Environment to continue.
# Native memory allocation (malloc) failed to allocate 1529456 bytes. Error detail: Chunk::new
# Possible reasons:
#   The system is out of physical RAM or swap space
#   This process is running with CompressedOops enabled, and the Java Heap may be blocking the growth of the native heap
# Possible solutions:
#   Reduce memory load on the system
#   Increase physical memory or swap space
#   Check if swap backing store is full
#   Decrease Java heap size (-Xmx/-Xms)
#   Decrease number of Java threads
#   Decrease Java thread stack sizes (-Xss)
#   Set larger code cache with -XX:ReservedCodeCacheSize=
#   JVM is running with Unscaled Compressed Oops mode in which the Java heap is
#     placed in the first 4GB address space. The Java Heap base address is the
#     maximum limit for the native heap growth. Please use -XX:HeapBaseMinAddress
#     to set the Java Heap base and to place the Java Heap above 4GB virtual address.
# This output file may be truncated or incomplete.
#
#  Out of Memory Error (arena.cpp:191), pid=23888, tid=5536
#
# JRE version: OpenJDK Runtime Environment (17.0.11) (build 17.0.11+0--11852314)
# Java VM: OpenJDK 64-Bit Server VM (17.0.11+0--11852314, mixed mode, tiered, compressed oops, compressed class ptrs, g1 gc, windows-amd64)
# No core dump will be written. Minidumps are not enabled by default on client versions of Windows
#

---------------  S U M M A R Y ------------

Command Line: --add-opens=java.base/java.util=ALL-UNNAMED --add-opens=java.base/java.lang=ALL-UNNAMED --add-opens=java.base/java.lang.invoke=ALL-UNNAMED --add-opens=java.prefs/java.util.prefs=ALL-UNNAMED --add-opens=java.base/java.nio.charset=ALL-UNNAMED --add-opens=java.base/java.net=ALL-UNNAMED --add-opens=java.base/java.util.concurrent.atomic=ALL-UNNAMED -Xmx2048m -Dfile.encoding=UTF-8 -Duser.country=US -Duser.language=en -Duser.variant -javaagent:C:\Users\LENOVO\.gradle\wrapper\dists\gradle-8.7-bin\bhs2wmbdwecv87pi65oeuq5iu\gradle-8.7\lib\agents\gradle-instrumentation-agent-8.7.jar org.gradle.launcher.daemon.bootstrap.GradleDaemon 8.7

Host: AMD Ryzen 3 5300U with Radeon Graphics         , 8 cores, 5G,  Windows 11 , 64 bit Build 22621 (10.0.22621.3374)
Time: Mon Feb 24 09:56:07 2025 SE Asia Standard Time elapsed time: 8.819385 seconds (0d 0h 0m 8s)

---------------  T H R E A D  ---------------

Current thread (0x0000019539a4f000):  JavaThread "C2 CompilerThread1" daemon [_thread_in_native, id=5536, stack(0x0000001e08500000,0x0000001e08600000)]


Current CompileTask:
C2:   8819 4973   !   4       java.net.URLClassLoader$1::run (81 bytes)

Stack: [0x0000001e08500000,0x0000001e08600000]
Native frames: (J=compiled Java code, j=interpreted, Vv=VM code, C=native code)
V  [jvm.dll+0x687bb9]
V  [jvm.dll+0x84142a]
V  [jvm.dll+0x8430ae]
V  [jvm.dll+0x843713]
V  [jvm.dll+0x24a35f]
V  [jvm.dll+0xac544]
V  [jvm.dll+0xacb8c]
V  [jvm.dll+0x369c37]
V  [jvm.dll+0x33416a]
V  [jvm.dll+0x33360a]
V  [jvm.dll+0x21bed1]
V  [jvm.dll+0x21b311]
V  [jvm.dll+0x1a63ed]
V  [jvm.dll+0x22b1ee]
V  [jvm.dll+0x229375]
V  [jvm.dll+0x7f5647]
V  [jvm.dll+0x7efa4a]
V  [jvm.dll+0x686a35]
C  [ucrtbase.dll+0x29333]
C  [KERNEL32.DLL+0x1257d]
C  [ntdll.dll+0x5aa48]


---------------  P R O C E S S  ---------------

Threads class SMR info:
_java_thread_list=0x000001953b1d00f0, length=50, elements={
0x000001951934b090, 0x00000195331db020, 0x00000195331dbea0, 0x00000195331c7410,
0x00000195331c7ee0, 0x0000019533328120, 0x000001953332aaf0, 0x000001953332b7e0,
0x000001953332c290, 0x000001953332f0a0, 0x000001953314a1b0, 0x00000195335a6e80,
0x0000019539bd5040, 0x000001953974ba50, 0x0000019539b700e0, 0x0000019539849210,
0x0000019539841160, 0x00000195398c58e0, 0x00000195398ce070, 0x00000195398ce550,
0x0000019539d29460, 0x0000019539d2adb0, 0x0000019539d28530, 0x0000019539d29e80,
0x0000019539d28020, 0x0000019539d2a390, 0x0000019539d28f50, 0x0000019539d2a8a0,
0x0000019539a4f000, 0x0000019539d29970, 0x0000019539d2b2c0, 0x0000019539d2b7d0,
0x0000019539e283a0, 0x0000019539e27470, 0x0000019539e232a0, 0x0000019539e288b0,
0x0000019539e25100, 0x0000019539e21440, 0x0000019539e25610, 0x0000019539e27e90,
0x0000019539e27980, 0x0000019539e237b0, 0x0000019539e26f60, 0x0000019539e25b20,
0x0000019539e241d0, 0x0000019539e26a50, 0x0000019539e21950, 0x0000019539e21e60,
0x0000019539e22370, 0x0000019539e26030
}

Java Threads: ( => current thread )
  0x000001951934b090 JavaThread "main" [_thread_blocked, id=8104, stack(0x0000001e06000000,0x0000001e06100000)]
  0x00000195331db020 JavaThread "Reference Handler" daemon [_thread_blocked, id=19400, stack(0x0000001e06700000,0x0000001e06800000)]
  0x00000195331dbea0 JavaThread "Finalizer" daemon [_thread_blocked, id=20324, stack(0x0000001e06800000,0x0000001e06900000)]
  0x00000195331c7410 JavaThread "Signal Dispatcher" daemon [_thread_blocked, id=21756, stack(0x0000001e06900000,0x0000001e06a00000)]
  0x00000195331c7ee0 JavaThread "Attach Listener" daemon [_thread_blocked, id=6464, stack(0x0000001e06a00000,0x0000001e06b00000)]
  0x0000019533328120 JavaThread "Service Thread" daemon [_thread_blocked, id=2116, stack(0x0000001e06b00000,0x0000001e06c00000)]
  0x000001953332aaf0 JavaThread "Monitor Deflation Thread" daemon [_thread_blocked, id=1660, stack(0x0000001e06c00000,0x0000001e06d00000)]
  0x000001953332b7e0 JavaThread "C2 CompilerThread0" daemon [_thread_in_native, id=13404, stack(0x0000001e06d00000,0x0000001e06e00000)]
  0x000001953332c290 JavaThread "C1 CompilerThread0" daemon [_thread_blocked, id=17948, stack(0x0000001e06e00000,0x0000001e06f00000)]
  0x000001953332f0a0 JavaThread "Sweeper thread" daemon [_thread_blocked, id=7696, stack(0x0000001e06f00000,0x0000001e07000000)]
  0x000001953314a1b0 JavaThread "Common-Cleaner" daemon [_thread_blocked, id=15160, stack(0x0000001e07000000,0x0000001e07100000)]
  0x00000195335a6e80 JavaThread "Notification Thread" daemon [_thread_blocked, id=16436, stack(0x0000001e07100000,0x0000001e07200000)]
  0x0000019539bd5040 JavaThread "Daemon health stats" [_thread_blocked, id=7364, stack(0x0000001e07700000,0x0000001e07800000)]
  0x000001953974ba50 JavaThread "Incoming local TCP Connector on port 52649" [_thread_in_native, id=23672, stack(0x0000001e07800000,0x0000001e07900000)]
  0x0000019539b700e0 JavaThread "Daemon periodic checks" [_thread_blocked, id=6852, stack(0x0000001e07900000,0x0000001e07a00000)]
  0x0000019539849210 JavaThread "Daemon" [_thread_blocked, id=2632, stack(0x0000001e07a00000,0x0000001e07b00000)]
  0x0000019539841160 JavaThread "Handler for socket connection from /127.0.0.1:52649 to /127.0.0.1:52650" [_thread_in_native, id=23344, stack(0x0000001e07b00000,0x0000001e07c00000)]
  0x00000195398c58e0 JavaThread "Cancel handler" [_thread_blocked, id=23644, stack(0x0000001e07c00000,0x0000001e07d00000)]
  0x00000195398ce070 JavaThread "Daemon worker" [_thread_in_vm, id=5844, stack(0x0000001e07d00000,0x0000001e07e00000)]
  0x00000195398ce550 JavaThread "Asynchronous log dispatcher for DefaultDaemonConnection: socket connection from /127.0.0.1:52649 to /127.0.0.1:52650" [_thread_blocked, id=3604, stack(0x0000001e07e00000,0x0000001e07f00000)]
  0x0000019539d29460 JavaThread "Stdin handler" [_thread_blocked, id=19268, stack(0x0000001e07f00000,0x0000001e08000000)]
  0x0000019539d2adb0 JavaThread "Daemon client event forwarder" [_thread_blocked, id=22588, stack(0x0000001e08000000,0x0000001e08100000)]
  0x0000019539d28530 JavaThread "Cache worker for journal cache (C:\Users\LENOVO\.gradle\caches\journal-1)" [_thread_blocked, id=23372, stack(0x0000001e08600000,0x0000001e08700000)]
  0x0000019539d29e80 JavaThread "File lock request listener" [_thread_in_native, id=1396, stack(0x0000001e08700000,0x0000001e08800000)]
  0x0000019539d28020 JavaThread "Cache worker for file hash cache (C:\Users\LENOVO\.gradle\caches\8.7\fileHashes)" [_thread_blocked, id=20748, stack(0x0000001e08800000,0x0000001e08900000)]
  0x0000019539d2a390 JavaThread "Cache worker for file hash cache (D:\Catering Ukom\.gradle\8.7\fileHashes)" [_thread_blocked, id=10892, stack(0x0000001e08900000,0x0000001e08a00000)]
  0x0000019539d28f50 JavaThread "File watcher server" daemon [_thread_in_native, id=19832, stack(0x0000001e08a00000,0x0000001e08b00000)]
  0x0000019539d2a8a0 JavaThread "File watcher consumer" daemon [_thread_blocked, id=24256, stack(0x0000001e08b00000,0x0000001e08c00000)]
=>0x0000019539a4f000 JavaThread "C2 CompilerThread1" daemon [_thread_in_native, id=5536, stack(0x0000001e08500000,0x0000001e08600000)]
  0x0000019539d29970 JavaThread "jar transforms" [_thread_blocked, id=1892, stack(0x0000001e08c00000,0x0000001e08d00000)]
  0x0000019539d2b2c0 JavaThread "jar transforms Thread 2" [_thread_blocked, id=10092, stack(0x0000001e08d00000,0x0000001e08e00000)]
  0x0000019539d2b7d0 JavaThread "jar transforms Thread 3" [_thread_blocked, id=9672, stack(0x0000001e08e00000,0x0000001e08f00000)]
  0x0000019539e283a0 JavaThread "jar transforms Thread 4" [_thread_blocked, id=18712, stack(0x0000001e08f00000,0x0000001e09000000)]
  0x0000019539e27470 JavaThread "jar transforms Thread 5" [_thread_blocked, id=7380, stack(0x0000001e09000000,0x0000001e09100000)]
  0x0000019539e232a0 JavaThread "jar transforms Thread 6" [_thread_blocked, id=11748, stack(0x0000001e09100000,0x0000001e09200000)]
  0x0000019539e288b0 JavaThread "jar transforms Thread 7" [_thread_blocked, id=23416, stack(0x0000001e09200000,0x0000001e09300000)]
  0x0000019539e25100 JavaThread "jar transforms Thread 8" [_thread_blocked, id=20556, stack(0x0000001e09300000,0x0000001e09400000)]
  0x0000019539e21440 JavaThread "Cache worker for checksums cache (D:\Catering Ukom\.gradle\8.7\checksums)" [_thread_blocked, id=19592, stack(0x0000001e09400000,0x0000001e09500000)]
  0x0000019539e25610 JavaThread "Cache worker for cache directory md-supplier (C:\Users\LENOVO\.gradle\caches\8.7\md-supplier)" [_thread_blocked, id=12228, stack(0x0000001e09500000,0x0000001e09600000)]
  0x0000019539e27e90 JavaThread "Cache worker for cache directory md-rule (C:\Users\LENOVO\.gradle\caches\8.7\md-rule)" [_thread_blocked, id=22740, stack(0x0000001e09600000,0x0000001e09700000)]
  0x0000019539e27980 JavaThread "Cache worker for file content cache (C:\Users\LENOVO\.gradle\caches\8.7\fileContent)" [_thread_blocked, id=21184, stack(0x0000001e09700000,0x0000001e09800000)]
  0x0000019539e237b0 JavaThread "Unconstrained build operations" [_thread_blocked, id=20312, stack(0x0000001e09800000,0x0000001e09900000)]
  0x0000019539e26f60 JavaThread "Unconstrained build operations Thread 2" [_thread_blocked, id=19168, stack(0x0000001e09900000,0x0000001e09a00000)]
  0x0000019539e25b20 JavaThread "Unconstrained build operations Thread 3" [_thread_blocked, id=6444, stack(0x0000001e09a00000,0x0000001e09b00000)]
  0x0000019539e241d0 JavaThread "Unconstrained build operations Thread 4" [_thread_blocked, id=4832, stack(0x0000001e09b00000,0x0000001e09c00000)]
  0x0000019539e26a50 JavaThread "Unconstrained build operations Thread 5" [_thread_blocked, id=9288, stack(0x0000001e09c00000,0x0000001e09d00000)]
  0x0000019539e21950 JavaThread "Unconstrained build operations Thread 6" [_thread_blocked, id=21516, stack(0x0000001e09d00000,0x0000001e09e00000)]
  0x0000019539e21e60 JavaThread "Unconstrained build operations Thread 7" [_thread_blocked, id=23964, stack(0x0000001e09e00000,0x0000001e09f00000)]
  0x0000019539e22370 JavaThread "Unconstrained build operations Thread 8" [_thread_blocked, id=8064, stack(0x0000001e09f00000,0x0000001e0a000000)]
  0x0000019539e26030 JavaThread "Unconstrained build operations Thread 9" [_thread_blocked, id=12524, stack(0x0000001e0a000000,0x0000001e0a100000)]

Other Threads:
  0x00000195331b8730 VMThread "VM Thread" [stack: 0x0000001e06600000,0x0000001e06700000] [id=23496]
  0x000001951934bf10 WatcherThread [stack: 0x0000001e07200000,0x0000001e07300000] [id=23988]
  0x00000195193a6230 GCTaskThread "GC Thread#0" [stack: 0x0000001e06100000,0x0000001e06200000] [id=7556]
  0x00000195386a4420 GCTaskThread "GC Thread#1" [stack: 0x0000001e07300000,0x0000001e07400000] [id=24480]
  0x0000019538a8dc80 GCTaskThread "GC Thread#2" [stack: 0x0000001e07400000,0x0000001e07500000] [id=7368]
  0x000001953870e0a0 GCTaskThread "GC Thread#3" [stack: 0x0000001e07500000,0x0000001e07600000] [id=20268]
  0x0000019538de45a0 GCTaskThread "GC Thread#4" [stack: 0x0000001e07600000,0x0000001e07700000] [id=9476]
  0x000001953986f540 GCTaskThread "GC Thread#5" [stack: 0x0000001e08100000,0x0000001e08200000] [id=15764]
  0x0000019539884230 GCTaskThread "GC Thread#6" [stack: 0x0000001e08200000,0x0000001e08300000] [id=23996]
  0x0000019539896c40 GCTaskThread "GC Thread#7" [stack: 0x0000001e08300000,0x0000001e08400000] [id=20540]
  0x00000195193b7180 ConcurrentGCThread "G1 Main Marker" [stack: 0x0000001e06200000,0x0000001e06300000] [id=22560]
  0x00000195193b7ba0 ConcurrentGCThread "G1 Conc#0" [stack: 0x0000001e06300000,0x0000001e06400000] [id=17040]
  0x0000019539c5d9a0 ConcurrentGCThread "G1 Conc#1" [stack: 0x0000001e08400000,0x0000001e08500000] [id=4392]
  0x00000195193fe6b0 ConcurrentGCThread "G1 Refine#0" [stack: 0x0000001e06400000,0x0000001e06500000] [id=24388]
  0x0000019533012220 ConcurrentGCThread "G1 Service" [stack: 0x0000001e06500000,0x0000001e06600000] [id=10624]

Threads with active compile tasks:
C2 CompilerThread0     8850 4972       4       java.net.URLClassLoader$1::run (5 bytes)
C2 CompilerThread1     8850 4973   !   4       java.net.URLClassLoader$1::run (81 bytes)

VM state: not at safepoint (normal execution)

VM Mutex/Monitor currently owned by a thread: None

Heap address: 0x0000000080000000, size: 2048 MB, Compressed Oops mode: 32-bit

CDS archive(s) not mapped
Compressed class space mapped at: 0x0000000100000000-0x0000000140000000, reserved size: 1073741824
Narrow klass base: 0x0000000000000000, Narrow klass shift: 3, Narrow klass range: 0x140000000

GC Precious Log:
 CPUs: 8 total, 8 available
 Memory: 6005M
 Large Page Support: Disabled
 NUMA Support: Disabled
 Compressed Oops: Enabled (32-bit)
 Heap Region Size: 1M
 Heap Min Capacity: 8M
 Heap Initial Capacity: 94M
 Heap Max Capacity: 2G
 Pre-touch: Disabled
 Parallel Workers: 8
 Concurrent Workers: 2
 Concurrent Refinement Workers: 8
 Periodic GC: Disabled

Heap:
 garbage-first heap   total 150528K, used 73496K [0x0000000080000000, 0x0000000100000000)
  region size 1024K, 6 young (6144K), 3 survivors (3072K)
 Metaspace       used 56689K, committed 57280K, reserved 1114112K
  class space    used 7681K, committed 8000K, reserved 1048576K

Heap Regions: E=young(eden), S=young(survivor), O=old, HS=humongous(starts), HC=humongous(continues), CS=collection set, F=free, OA=open archive, CA=closed archive, TAMS=top-at-mark-start (previous, next)
|   0|0x0000000080000000, 0x0000000080100000, 0x0000000080100000|100%|HS|  |TAMS 0x0000000080100000, 0x0000000080000000| Complete 
|   1|0x0000000080100000, 0x0000000080200000, 0x0000000080200000|100%|HC|  |TAMS 0x0000000080200000, 0x0000000080100000| Complete 
|   2|0x0000000080200000, 0x0000000080300000, 0x0000000080300000|100%|HC|  |TAMS 0x0000000080300000, 0x0000000080200000| Complete 
|   3|0x0000000080300000, 0x0000000080400000, 0x0000000080400000|100%|HC|  |TAMS 0x0000000080400000, 0x0000000080300000| Complete 
|   4|0x0000000080400000, 0x0000000080500000, 0x0000000080500000|100%| O|  |TAMS 0x0000000080500000, 0x0000000080400000| Untracked 
|   5|0x0000000080500000, 0x0000000080600000, 0x0000000080600000|100%| O|  |TAMS 0x0000000080600000, 0x0000000080500000| Untracked 
|   6|0x0000000080600000, 0x0000000080700000, 0x0000000080700000|100%| O|  |TAMS 0x0000000080700000, 0x0000000080600000| Untracked 
|   7|0x0000000080700000, 0x0000000080800000, 0x0000000080800000|100%| O|  |TAMS 0x0000000080800000, 0x0000000080700000| Untracked 
|   8|0x0000000080800000, 0x0000000080900000, 0x0000000080900000|100%| O|  |TAMS 0x0000000080900000, 0x0000000080800000| Untracked 
|   9|0x0000000080900000, 0x0000000080a00000, 0x0000000080a00000|100%| O|  |TAMS 0x0000000080a00000, 0x0000000080900000| Untracked 
|  10|0x0000000080a00000, 0x0000000080b00000, 0x0000000080b00000|100%| O|  |TAMS 0x0000000080b00000, 0x0000000080a00000| Untracked 
|  11|0x0000000080b00000, 0x0000000080c00000, 0x0000000080c00000|100%| O|  |TAMS 0x0000000080c00000, 0x0000000080b00000| Untracked 
|  12|0x0000000080c00000, 0x0000000080d00000, 0x0000000080d00000|100%| O|  |TAMS 0x0000000080d00000, 0x0000000080c00000| Untracked 
|  13|0x0000000080d00000, 0x0000000080e00000, 0x0000000080e00000|100%| O|  |TAMS 0x0000000080e00000, 0x0000000080d00000| Untracked 
|  14|0x0000000080e00000, 0x0000000080f00000, 0x0000000080f00000|100%| O|  |TAMS 0x0000000080f00000, 0x0000000080e00000| Untracked 
|  15|0x0000000080f00000, 0x0000000081000000, 0x0000000081000000|100%| O|  |TAMS 0x0000000081000000, 0x0000000080f00000| Untracked 
|  16|0x0000000081000000, 0x0000000081100000, 0x0000000081100000|100%| O|  |TAMS 0x0000000081100000, 0x0000000081000000| Untracked 
|  17|0x0000000081100000, 0x0000000081200000, 0x0000000081200000|100%| O|  |TAMS 0x0000000081200000, 0x0000000081100000| Untracked 
|  18|0x0000000081200000, 0x0000000081300000, 0x0000000081300000|100%| O|  |TAMS 0x0000000081300000, 0x0000000081200000| Untracked 
|  19|0x0000000081300000, 0x000000008130bc00, 0x0000000081400000|  4%| O|  |TAMS 0x000000008130bc00, 0x0000000081300000| Complete 
|  20|0x0000000081400000, 0x0000000081500000, 0x0000000081500000|100%|HS|  |TAMS 0x0000000081500000, 0x0000000081400000| Complete 
|  21|0x0000000081500000, 0x0000000081600000, 0x0000000081600000|100%|HC|  |TAMS 0x0000000081600000, 0x0000000081500000| Complete 
|  22|0x0000000081600000, 0x0000000081700000, 0x0000000081700000|100%|HC|  |TAMS 0x0000000081700000, 0x0000000081600000| Complete 
|  23|0x0000000081700000, 0x0000000081800000, 0x0000000081800000|100%|HC|  |TAMS 0x0000000081800000, 0x0000000081700000| Complete 
|  24|0x0000000081800000, 0x0000000081900000, 0x0000000081900000|100%|HC|  |TAMS 0x0000000081900000, 0x0000000081800000| Complete 
|  25|0x0000000081900000, 0x0000000081a00000, 0x0000000081a00000|100%|HS|  |TAMS 0x0000000081a00000, 0x0000000081900000| Complete 
|  26|0x0000000081a00000, 0x0000000081b00000, 0x0000000081b00000|100%|HC|  |TAMS 0x0000000081b00000, 0x0000000081a00000| Complete 
|  27|0x0000000081b00000, 0x0000000081c00000, 0x0000000081c00000|100%|HC|  |TAMS 0x0000000081c00000, 0x0000000081b00000| Complete 
|  28|0x0000000081c00000, 0x0000000081d00000, 0x0000000081d00000|100%| O|  |TAMS 0x0000000081d00000, 0x0000000081c00000| Untracked 
|  29|0x0000000081d00000, 0x0000000081e00000, 0x0000000081e00000|100%|HS|  |TAMS 0x0000000081e00000, 0x0000000081d00000| Complete 
|  30|0x0000000081e00000, 0x0000000081f00000, 0x0000000081f00000|100%|HC|  |TAMS 0x0000000081f00000, 0x0000000081e00000| Complete 
|  31|0x0000000081f00000, 0x0000000082000000, 0x0000000082000000|100%|HC|  |TAMS 0x0000000082000000, 0x0000000081f00000| Complete 
|  32|0x0000000082000000, 0x0000000082100000, 0x0000000082100000|100%|HS|  |TAMS 0x0000000082100000, 0x0000000082000000| Complete 
|  33|0x0000000082100000, 0x0000000082200000, 0x0000000082200000|100%| O|  |TAMS 0x0000000082200000, 0x0000000082100000| Untracked 
|  34|0x0000000082200000, 0x0000000082300000, 0x0000000082300000|100%| O|  |TAMS 0x0000000082300000, 0x0000000082200000| Untracked 
|  35|0x0000000082300000, 0x0000000082400000, 0x0000000082400000|100%| O|  |TAMS 0x0000000082400000, 0x0000000082300000| Untracked 
|  36|0x0000000082400000, 0x0000000082500000, 0x0000000082500000|100%| O|  |TAMS 0x0000000082500000, 0x0000000082400000| Untracked 
|  37|0x0000000082500000, 0x0000000082600000, 0x0000000082600000|100%| O|  |TAMS 0x0000000082600000, 0x0000000082500000| Untracked 
|  38|0x0000000082600000, 0x0000000082700000, 0x0000000082700000|100%| O|  |TAMS 0x0000000082700000, 0x0000000082600000| Untracked 
|  39|0x0000000082700000, 0x0000000082800000, 0x0000000082800000|100%| O|  |TAMS 0x0000000082800000, 0x0000000082700000| Untracked 
|  40|0x0000000082800000, 0x0000000082900000, 0x0000000082900000|100%| O|  |TAMS 0x0000000082900000, 0x0000000082800000| Untracked 
|  41|0x0000000082900000, 0x0000000082a00000, 0x0000000082a00000|100%| O|  |TAMS 0x0000000082a00000, 0x0000000082900000| Untracked 
|  42|0x0000000082a00000, 0x0000000082b00000, 0x0000000082b00000|100%| O|  |TAMS 0x0000000082b00000, 0x0000000082a00000| Untracked 
|  43|0x0000000082b00000, 0x0000000082c00000, 0x0000000082c00000|100%| O|  |TAMS 0x0000000082c00000, 0x0000000082b00000| Untracked 
|  44|0x0000000082c00000, 0x0000000082d00000, 0x0000000082d00000|100%| O|  |TAMS 0x0000000082d00000, 0x0000000082c00000| Untracked 
|  45|0x0000000082d00000, 0x0000000082e00000, 0x0000000082e00000|100%| O|  |TAMS 0x0000000082e00000, 0x0000000082d00000| Untracked 
|  46|0x0000000082e00000, 0x0000000082f00000, 0x0000000082f00000|100%|HS|  |TAMS 0x0000000082f00000, 0x0000000082e00000| Complete 
|  47|0x0000000082f00000, 0x0000000083000000, 0x0000000083000000|100%|HC|  |TAMS 0x0000000083000000, 0x0000000082f00000| Complete 
|  48|0x0000000083000000, 0x0000000083100000, 0x0000000083100000|100%|HC|  |TAMS 0x0000000083100000, 0x0000000083000000| Complete 
|  49|0x0000000083100000, 0x0000000083200000, 0x0000000083200000|100%| O|  |TAMS 0x0000000083200000, 0x0000000083100000| Untracked 
|  50|0x0000000083200000, 0x00000000832ffff8, 0x0000000083300000| 99%| O|  |TAMS 0x00000000832ffff8, 0x0000000083200000| Untracked 
|  51|0x0000000083300000, 0x0000000083400000, 0x0000000083400000|100%| O|  |TAMS 0x0000000083400000, 0x0000000083300000| Untracked 
|  52|0x0000000083400000, 0x0000000083500000, 0x0000000083500000|100%|HS|  |TAMS 0x0000000083500000, 0x0000000083400000| Complete 
|  53|0x0000000083500000, 0x0000000083600000, 0x0000000083600000|100%|HC|  |TAMS 0x0000000083600000, 0x0000000083500000| Complete 
|  54|0x0000000083600000, 0x0000000083700000, 0x0000000083700000|100%|HC|  |TAMS 0x0000000083700000, 0x0000000083600000| Complete 
|  55|0x0000000083700000, 0x0000000083800000, 0x0000000083800000|100%|HC|  |TAMS 0x0000000083800000, 0x0000000083700000| Complete 
|  56|0x0000000083800000, 0x0000000083900000, 0x0000000083900000|100%|HC|  |TAMS 0x0000000083900000, 0x0000000083800000| Complete 
|  57|0x0000000083900000, 0x0000000083a00000, 0x0000000083a00000|100%| O|  |TAMS 0x0000000083a00000, 0x0000000083900000| Untracked 
|  58|0x0000000083a00000, 0x0000000083b00000, 0x0000000083b00000|100%| O|  |TAMS 0x0000000083b00000, 0x0000000083a00000| Untracked 
|  59|0x0000000083b00000, 0x0000000083c00000, 0x0000000083c00000|100%| O|  |TAMS 0x0000000083c00000, 0x0000000083b00000| Untracked 
|  60|0x0000000083c00000, 0x0000000083d00000, 0x0000000083d00000|100%|HS|  |TAMS 0x0000000083d00000, 0x0000000083c00000| Complete 
|  61|0x0000000083d00000, 0x0000000083e00000, 0x0000000083e00000|100%|HC|  |TAMS 0x0000000083e00000, 0x0000000083d00000| Complete 
|  62|0x0000000083e00000, 0x0000000083f00000, 0x0000000083f00000|100%|HC|  |TAMS 0x0000000083f00000, 0x0000000083e00000| Complete 
|  63|0x0000000083f00000, 0x0000000084000000, 0x0000000084000000|100%|HC|  |TAMS 0x0000000084000000, 0x0000000083f00000| Complete 
|  64|0x0000000084000000, 0x0000000084100000, 0x0000000084100000|100%|HC|  |TAMS 0x0000000084100000, 0x0000000084000000| Complete 
|  65|0x0000000084100000, 0x0000000084200000, 0x0000000084200000|100%| O|  |TAMS 0x0000000084200000, 0x0000000084100000| Untracked 
|  66|0x0000000084200000, 0x0000000084300000, 0x0000000084300000|100%| O|  |TAMS 0x000000008424bc00, 0x0000000084200000| Untracked 
|  67|0x0000000084300000, 0x0000000084400000, 0x0000000084400000|100%| O|  |TAMS 0x0000000084300000, 0x0000000084300000| Untracked 
|  68|0x0000000084400000, 0x0000000084470200, 0x0000000084500000| 43%| O|  |TAMS 0x0000000084400000, 0x0000000084400000| Untracked 
|  69|0x0000000084500000, 0x0000000084500000, 0x0000000084600000|  0%| F|  |TAMS 0x0000000084500000, 0x0000000084500000| Untracked 
|  70|0x0000000084600000, 0x0000000084600000, 0x0000000084700000|  0%| F|  |TAMS 0x0000000084600000, 0x0000000084600000| Untracked 
|  71|0x0000000084700000, 0x0000000084700000, 0x0000000084800000|  0%| F|  |TAMS 0x0000000084700000, 0x0000000084700000| Untracked 
|  72|0x0000000084800000, 0x0000000084800000, 0x0000000084900000|  0%| F|  |TAMS 0x0000000084800000, 0x0000000084800000| Untracked 
|  73|0x0000000084900000, 0x0000000084900000, 0x0000000084a00000|  0%| F|  |TAMS 0x0000000084900000, 0x0000000084900000| Untracked 
|  74|0x0000000084a00000, 0x0000000084a00000, 0x0000000084b00000|  0%| F|  |TAMS 0x0000000084a00000, 0x0000000084a00000| Untracked 
|  75|0x0000000084b00000, 0x0000000084b00000, 0x0000000084c00000|  0%| F|  |TAMS 0x0000000084b00000, 0x0000000084b00000| Untracked 
|  76|0x0000000084c00000, 0x0000000084c00000, 0x0000000084d00000|  0%| F|  |TAMS 0x0000000084c00000, 0x0000000084c00000| Untracked 
|  77|0x0000000084d00000, 0x0000000084d00000, 0x0000000084e00000|  0%| F|  |TAMS 0x0000000084d00000, 0x0000000084d00000| Untracked 
|  78|0x0000000084e00000, 0x0000000084e00000, 0x0000000084f00000|  0%| F|  |TAMS 0x0000000084e00000, 0x0000000084e00000| Untracked 
|  79|0x0000000084f00000, 0x0000000084f00000, 0x0000000085000000|  0%| F|  |TAMS 0x0000000084f00000, 0x0000000084f00000| Untracked 
|  80|0x0000000085000000, 0x0000000085000000, 0x0000000085100000|  0%| F|  |TAMS 0x0000000085000000, 0x0000000085000000| Untracked 
|  81|0x0000000085100000, 0x0000000085100000, 0x0000000085200000|  0%| F|  |TAMS 0x0000000085100000, 0x0000000085100000| Untracked 
|  82|0x0000000085200000, 0x0000000085200000, 0x0000000085300000|  0%| F|  |TAMS 0x0000000085200000, 0x0000000085200000| Untracked 
|  83|0x0000000085300000, 0x0000000085300000, 0x0000000085400000|  0%| F|  |TAMS 0x0000000085300000, 0x0000000085300000| Untracked 
|  84|0x0000000085400000, 0x0000000085400000, 0x0000000085500000|  0%| F|  |TAMS 0x0000000085400000, 0x0000000085400000| Untracked 
|  85|0x0000000085500000, 0x0000000085500000, 0x0000000085600000|  0%| F|  |TAMS 0x0000000085500000, 0x0000000085500000| Untracked 
|  86|0x0000000085600000, 0x0000000085600000, 0x0000000085700000|  0%| F|  |TAMS 0x0000000085600000, 0x0000000085600000| Untracked 
|  87|0x0000000085700000, 0x0000000085700000, 0x0000000085800000|  0%| F|  |TAMS 0x0000000085700000, 0x0000000085700000| Untracked 
|  88|0x0000000085800000, 0x0000000085800000, 0x0000000085900000|  0%| F|  |TAMS 0x0000000085800000, 0x0000000085800000| Untracked 
|  89|0x0000000085900000, 0x0000000085900000, 0x0000000085a00000|  0%| F|  |TAMS 0x0000000085900000, 0x0000000085900000| Untracked 
|  90|0x0000000085a00000, 0x0000000085a00000, 0x0000000085b00000|  0%| F|  |TAMS 0x0000000085a00000, 0x0000000085a00000| Untracked 
|  91|0x0000000085b00000, 0x0000000085b00000, 0x0000000085c00000|  0%| F|  |TAMS 0x0000000085b00000, 0x0000000085b00000| Untracked 
|  92|0x0000000085c00000, 0x0000000085c00000, 0x0000000085d00000|  0%| F|  |TAMS 0x0000000085c00000, 0x0000000085c00000| Untracked 
|  93|0x0000000085d00000, 0x0000000085d00000, 0x0000000085e00000|  0%| F|  |TAMS 0x0000000085d00000, 0x0000000085d00000| Untracked 
|  94|0x0000000085e00000, 0x0000000085e00000, 0x0000000085f00000|  0%| F|  |TAMS 0x0000000085e00000, 0x0000000085e00000| Untracked 
|  95|0x0000000085f00000, 0x0000000085f00000, 0x0000000086000000|  0%| F|  |TAMS 0x0000000085f00000, 0x0000000085f00000| Untracked 
|  96|0x0000000086000000, 0x0000000086000000, 0x0000000086100000|  0%| F|  |TAMS 0x0000000086000000, 0x0000000086000000| Untracked 
|  97|0x0000000086100000, 0x0000000086100000, 0x0000000086200000|  0%| F|  |TAMS 0x0000000086100000, 0x0000000086100000| Untracked 
|  98|0x0000000086200000, 0x0000000086200000, 0x0000000086300000|  0%| F|  |TAMS 0x0000000086200000, 0x0000000086200000| Untracked 
|  99|0x0000000086300000, 0x000000008634a328, 0x0000000086400000| 28%| S|CS|TAMS 0x0000000086300000, 0x0000000086300000| Complete 
| 100|0x0000000086400000, 0x0000000086500000, 0x0000000086500000|100%| S|CS|TAMS 0x0000000086400000, 0x0000000086400000| Complete 
| 101|0x0000000086500000, 0x0000000086600000, 0x0000000086600000|100%| S|CS|TAMS 0x0000000086500000, 0x0000000086500000| Complete 
| 102|0x0000000086600000, 0x0000000086600000, 0x0000000086700000|  0%| F|  |TAMS 0x0000000086600000, 0x0000000086600000| Untracked 
| 103|0x0000000086700000, 0x0000000086700000, 0x0000000086800000|  0%| F|  |TAMS 0x0000000086700000, 0x0000000086700000| Untracked 
| 104|0x0000000086800000, 0x0000000086800000, 0x0000000086900000|  0%| F|  |TAMS 0x0000000086800000, 0x0000000086800000| Untracked 
| 105|0x0000000086900000, 0x0000000086900000, 0x0000000086a00000|  0%| F|  |TAMS 0x0000000086900000, 0x0000000086900000| Untracked 
| 106|0x0000000086a00000, 0x0000000086a00000, 0x0000000086b00000|  0%| F|  |TAMS 0x0000000086a00000, 0x0000000086a00000| Untracked 
| 107|0x0000000086b00000, 0x0000000086b00000, 0x0000000086c00000|  0%| F|  |TAMS 0x0000000086b00000, 0x0000000086b00000| Untracked 
| 108|0x0000000086c00000, 0x0000000086c00000, 0x0000000086d00000|  0%| F|  |TAMS 0x0000000086c00000, 0x0000000086c00000| Untracked 
| 109|0x0000000086d00000, 0x0000000086d00000, 0x0000000086e00000|  0%| F|  |TAMS 0x0000000086d00000, 0x0000000086d00000| Untracked 
| 110|0x0000000086e00000, 0x0000000086e00000, 0x0000000086f00000|  0%| F|  |TAMS 0x0000000086e00000, 0x0000000086e00000| Untracked 
| 111|0x0000000086f00000, 0x0000000086f00000, 0x0000000087000000|  0%| F|  |TAMS 0x0000000086f00000, 0x0000000086f00000| Untracked 
| 112|0x0000000087000000, 0x0000000087000000, 0x0000000087100000|  0%| F|  |TAMS 0x0000000087000000, 0x0000000087000000| Untracked 
| 113|0x0000000087100000, 0x0000000087100000, 0x0000000087200000|  0%| F|  |TAMS 0x0000000087100000, 0x0000000087100000| Untracked 
| 114|0x0000000087200000, 0x0000000087200000, 0x0000000087300000|  0%| F|  |TAMS 0x0000000087200000, 0x0000000087200000| Untracked 
| 115|0x0000000087300000, 0x0000000087300000, 0x0000000087400000|  0%| F|  |TAMS 0x0000000087300000, 0x0000000087300000| Untracked 
| 116|0x0000000087400000, 0x0000000087400000, 0x0000000087500000|  0%| F|  |TAMS 0x0000000087400000, 0x0000000087400000| Untracked 
| 117|0x0000000087500000, 0x0000000087500000, 0x0000000087600000|  0%| F|  |TAMS 0x0000000087500000, 0x0000000087500000| Untracked 
| 118|0x0000000087600000, 0x0000000087600000, 0x0000000087700000|  0%| F|  |TAMS 0x0000000087600000, 0x0000000087600000| Untracked 
| 119|0x0000000087700000, 0x0000000087700000, 0x0000000087800000|  0%| F|  |TAMS 0x0000000087700000, 0x0000000087700000| Untracked 
| 120|0x0000000087800000, 0x0000000087800000, 0x0000000087900000|  0%| F|  |TAMS 0x0000000087800000, 0x0000000087800000| Untracked 
| 121|0x0000000087900000, 0x0000000087900000, 0x0000000087a00000|  0%| F|  |TAMS 0x0000000087900000, 0x0000000087900000| Untracked 
| 122|0x0000000087a00000, 0x0000000087a00000, 0x0000000087b00000|  0%| F|  |TAMS 0x0000000087a00000, 0x0000000087a00000| Untracked 
| 123|0x0000000087b00000, 0x0000000087b00000, 0x0000000087c00000|  0%| F|  |TAMS 0x0000000087b00000, 0x0000000087b00000| Untracked 
| 124|0x0000000087c00000, 0x0000000087c00000, 0x0000000087d00000|  0%| F|  |TAMS 0x0000000087c00000, 0x0000000087c00000| Untracked 
| 125|0x0000000087d00000, 0x0000000087d00000, 0x0000000087e00000|  0%| F|  |TAMS 0x0000000087d00000, 0x0000000087d00000| Untracked 
| 126|0x0000000087e00000, 0x0000000087e00000, 0x0000000087f00000|  0%| F|  |TAMS 0x0000000087e00000, 0x0000000087e00000| Untracked 
| 127|0x0000000087f00000, 0x0000000087f00000, 0x0000000088000000|  0%| F|  |TAMS 0x0000000087f00000, 0x0000000087f00000| Untracked 
| 128|0x0000000088000000, 0x0000000088000000, 0x0000000088100000|  0%| F|  |TAMS 0x0000000088000000, 0x0000000088000000| Untracked 
| 129|0x0000000088100000, 0x0000000088100000, 0x0000000088200000|  0%| F|  |TAMS 0x0000000088100000, 0x0000000088100000| Untracked 
| 130|0x0000000088200000, 0x0000000088200000, 0x0000000088300000|  0%| F|  |TAMS 0x0000000088200000, 0x0000000088200000| Untracked 
| 131|0x0000000088300000, 0x0000000088300000, 0x0000000088400000|  0%| F|  |TAMS 0x0000000088300000, 0x0000000088300000| Untracked 
| 132|0x0000000088400000, 0x0000000088400000, 0x0000000088500000|  0%| F|  |TAMS 0x0000000088400000, 0x0000000088400000| Untracked 
| 133|0x0000000088500000, 0x0000000088500000, 0x0000000088600000|  0%| F|  |TAMS 0x0000000088500000, 0x0000000088500000| Untracked 
| 134|0x0000000088600000, 0x0000000088600000, 0x0000000088700000|  0%| F|  |TAMS 0x0000000088600000, 0x0000000088600000| Untracked 
| 135|0x0000000088700000, 0x0000000088700000, 0x0000000088800000|  0%| F|  |TAMS 0x0000000088700000, 0x0000000088700000| Untracked 
| 136|0x0000000088800000, 0x0000000088800000, 0x0000000088900000|  0%| F|  |TAMS 0x0000000088800000, 0x0000000088800000| Untracked 
| 137|0x0000000088900000, 0x0000000088900000, 0x0000000088a00000|  0%| F|  |TAMS 0x0000000088900000, 0x0000000088900000| Untracked 
| 138|0x0000000088a00000, 0x0000000088a00000, 0x0000000088b00000|  0%| F|  |TAMS 0x0000000088a00000, 0x0000000088a00000| Untracked 
| 139|0x0000000088b00000, 0x0000000088b00000, 0x0000000088c00000|  0%| F|  |TAMS 0x0000000088b00000, 0x0000000088b00000| Untracked 
| 140|0x0000000088c00000, 0x0000000088c00000, 0x0000000088d00000|  0%| F|  |TAMS 0x0000000088c00000, 0x0000000088c00000| Untracked 
| 141|0x0000000088d00000, 0x0000000088d00000, 0x0000000088e00000|  0%| F|  |TAMS 0x0000000088d00000, 0x0000000088d00000| Untracked 
| 142|0x0000000088e00000, 0x0000000088e00000, 0x0000000088f00000|  0%| F|  |TAMS 0x0000000088e00000, 0x0000000088e00000| Untracked 
| 143|0x0000000088f00000, 0x0000000088f00000, 0x0000000089000000|  0%| F|  |TAMS 0x0000000088f00000, 0x0000000088f00000| Untracked 
| 144|0x0000000089000000, 0x00000000890908a0, 0x0000000089100000| 56%| E|  |TAMS 0x0000000089000000, 0x0000000089000000| Complete 
| 145|0x0000000089100000, 0x0000000089200000, 0x0000000089200000|100%| E|CS|TAMS 0x0000000089100000, 0x0000000089100000| Complete 
| 146|0x0000000089200000, 0x0000000089300000, 0x0000000089300000|100%| E|CS|TAMS 0x0000000089200000, 0x0000000089200000| Complete 

Card table byte_map: [0x000001952bf60000,0x000001952c360000] _byte_map_base: 0x000001952bb60000

Marking Bits (Prev, Next): (CMBitMap*) 0x00000195193a6850, (CMBitMap*) 0x00000195193a6890
 Prev Bits: [0x000001952c760000, 0x000001952e760000)
 Next Bits: [0x000001952e760000, 0x0000019530760000)

Polling page: 0x0000019518b00000

Metaspace:

Usage:
  Non-class:     47.86 MB used.
      Class:      7.50 MB used.
       Both:     55.36 MB used.

Virtual space:
  Non-class space:       64.00 MB reserved,      48.12 MB ( 75%) committed,  1 nodes.
      Class space:        1.00 GB reserved,       7.81 MB ( <1%) committed,  1 nodes.
             Both:        1.06 GB reserved,      55.94 MB (  5%) committed. 

Chunk freelists:
   Non-Class:  15.06 MB
       Class:  8.23 MB
        Both:  23.30 MB

MaxMetaspaceSize: unlimited
CompressedClassSpaceSize: 1.00 GB
Initial GC threshold: 21.00 MB
Current GC threshold: 88.75 MB
CDS: off
MetaspaceReclaimPolicy: balanced
 - commit_granule_bytes: 65536.
 - commit_granule_words: 8192.
 - virtual_space_node_default_size: 8388608.
 - enlarge_chunks_in_place: 1.
 - new_chunks_are_fully_committed: 0.
 - uncommit_free_chunks: 1.
 - use_allocation_guard: 0.
 - handle_deallocations: 1.


Internal statistics:

num_allocs_failed_limit: 6.
num_arena_births: 640.
num_arena_deaths: 0.
num_vsnodes_births: 2.
num_vsnodes_deaths: 0.
num_space_committed: 895.
num_space_uncommitted: 0.
num_chunks_returned_to_freelist: 6.
num_chunks_taken_from_freelist: 2547.
num_chunk_merges: 6.
num_chunk_splits: 1659.
num_chunks_enlarged: 1109.
num_inconsistent_stats: 0.

CodeHeap 'non-profiled nmethods': size=120000Kb used=2130Kb max_used=3166Kb free=117869Kb
 bounds [0x00000195242f0000, 0x0000019524610000, 0x000001952b820000]
CodeHeap 'profiled nmethods': size=120000Kb used=8978Kb max_used=10523Kb free=111021Kb
 bounds [0x000001951c820000, 0x000001951d270000, 0x0000019523d50000]
CodeHeap 'non-nmethods': size=5760Kb used=2316Kb max_used=2373Kb free=3443Kb
 bounds [0x0000019523d50000, 0x0000019523fc0000, 0x00000195242f0000]
 total_blobs=5266 nmethods=4438 adapters=740
 compilation: enabled
              stopped_count=0, restarted_count=0
 full_count=0

Compilation events (20 events):
Event: 8.810 Thread 0x000001953332c290 5068       1       org.antlr.v4.runtime.atn.ActionTransition::getSerializationType (3 bytes)
Event: 8.811 Thread 0x000001953332c290 nmethod 5068 0x000001952436b810 code [0x000001952436b9a0, 0x000001952436ba78]
Event: 8.811 Thread 0x000001953332c290 5089       1       org.antlr.v4.runtime.Lexer::mode (6 bytes)
Event: 8.811 Thread 0x000001953332c290 nmethod 5089 0x00000195244e6f90 code [0x00000195244e7120, 0x00000195244e71f8]
Event: 8.811 Thread 0x000001953332c290 5063       1       org.antlr.v4.runtime.atn.ATNConfigSet::isReadonly (5 bytes)
Event: 8.811 Thread 0x000001953332c290 nmethod 5063 0x00000195244e6c90 code [0x00000195244e6e20, 0x00000195244e6ef8]
Event: 8.811 Thread 0x000001953332c290 5091       1       org.antlr.v4.runtime.atn.LexerChannelAction::isPositionDependent (2 bytes)
Event: 8.811 Thread 0x000001953332c290 nmethod 5091 0x00000195244e6990 code [0x00000195244e6b20, 0x00000195244e6bf8]
Event: 8.811 Thread 0x000001953332c290 5092       1       org.antlr.v4.runtime.Lexer::setChannel (6 bytes)
Event: 8.811 Thread 0x000001953332c290 nmethod 5092 0x000001952431f590 code [0x000001952431f720, 0x000001952431f7f8]
Event: 8.815 Thread 0x000001953332c290 5109       1       org.antlr.v4.runtime.tree.AbstractParseTreeVisitor::shouldVisitNextChild (2 bytes)
Event: 8.815 Thread 0x000001953332c290 nmethod 5109 0x000001952431f290 code [0x000001952431f420, 0x000001952431f4f8]
Event: 8.815 Thread 0x000001953332c290 5110       3       org.antlr.v4.runtime.ParserRuleContext::getChildCount (21 bytes)
Event: 8.815 Thread 0x000001953332c290 nmethod 5110 0x000001951cc87990 code [0x000001951cc87b40, 0x000001951cc87d88]
Event: 8.815 Thread 0x000001953332c290 5113       3       org.antlr.v4.runtime.ParserRuleContext::getChild (42 bytes)
Event: 8.815 Thread 0x000001953332c290 nmethod 5113 0x000001951c882390 code [0x000001951c882560, 0x000001951c8829d8]
Event: 8.815 Thread 0x000001953332c290 5111       3       org.antlr.v4.runtime.misc.Interval::of (54 bytes)
Event: 8.816 Thread 0x000001953332c290 nmethod 5111 0x000001951ccfc290 code [0x000001951ccfc480, 0x000001951ccfca98]
Event: 8.816 Thread 0x000001953332c290 5112       1       org.tomlj.QuotedStringVisitor::defaultResult (5 bytes)
Event: 8.816 Thread 0x000001953332c290 nmethod 5112 0x000001952431ef10 code [0x000001952431f0a0, 0x000001952431f178]

GC Heap History (20 events):
Event: 6.558 GC heap before
{Heap before GC invocations=11 (full 0):
 garbage-first heap   total 75776K, used 60239K [0x0000000080000000, 0x0000000100000000)
  region size 1024K, 20 young (20480K), 2 survivors (2048K)
 Metaspace       used 42596K, committed 43008K, reserved 1114112K
  class space    used 5801K, committed 6016K, reserved 1048576K
}
Event: 6.561 GC heap after
{Heap after GC invocations=12 (full 0):
 garbage-first heap   total 75776K, used 44005K [0x0000000080000000, 0x0000000100000000)
  region size 1024K, 3 young (3072K), 3 survivors (3072K)
 Metaspace       used 42596K, committed 43008K, reserved 1114112K
  class space    used 5801K, committed 6016K, reserved 1048576K
}
Event: 6.771 GC heap before
{Heap before GC invocations=13 (full 0):
 garbage-first heap   total 76800K, used 60389K [0x0000000080000000, 0x0000000100000000)
  region size 1024K, 20 young (20480K), 3 survivors (3072K)
 Metaspace       used 44545K, committed 44928K, reserved 1114112K
  class space    used 6016K, committed 6208K, reserved 1048576K
}
Event: 6.775 GC heap after
{Heap after GC invocations=14 (full 0):
 garbage-first heap   total 76800K, used 46506K [0x0000000080000000, 0x0000000100000000)
  region size 1024K, 3 young (3072K), 3 survivors (3072K)
 Metaspace       used 44545K, committed 44928K, reserved 1114112K
  class space    used 6016K, committed 6208K, reserved 1048576K
}
Event: 6.877 GC heap before
{Heap before GC invocations=14 (full 0):
 garbage-first heap   total 76800K, used 61866K [0x0000000080000000, 0x0000000100000000)
  region size 1024K, 18 young (18432K), 3 survivors (3072K)
 Metaspace       used 44915K, committed 45312K, reserved 1114112K
  class space    used 6056K, committed 6272K, reserved 1048576K
}
Event: 6.880 GC heap after
{Heap after GC invocations=15 (full 0):
 garbage-first heap   total 76800K, used 46934K [0x0000000080000000, 0x0000000100000000)
  region size 1024K, 2 young (2048K), 2 survivors (2048K)
 Metaspace       used 44915K, committed 45312K, reserved 1114112K
  class space    used 6056K, committed 6272K, reserved 1048576K
}
Event: 7.139 GC heap before
{Heap before GC invocations=16 (full 0):
 garbage-first heap   total 94208K, used 65366K [0x0000000080000000, 0x0000000100000000)
  region size 1024K, 16 young (16384K), 2 survivors (2048K)
 Metaspace       used 47244K, committed 47744K, reserved 1114112K
  class space    used 6288K, committed 6528K, reserved 1048576K
}
Event: 7.141 GC heap after
{Heap after GC invocations=17 (full 0):
 garbage-first heap   total 113664K, used 48243K [0x0000000080000000, 0x0000000100000000)
  region size 1024K, 2 young (2048K), 2 survivors (2048K)
 Metaspace       used 47244K, committed 47744K, reserved 1114112K
  class space    used 6288K, committed 6528K, reserved 1048576K
}
Event: 7.666 GC heap before
{Heap before GC invocations=17 (full 0):
 garbage-first heap   total 113664K, used 81011K [0x0000000080000000, 0x0000000100000000)
  region size 1024K, 33 young (33792K), 2 survivors (2048K)
 Metaspace       used 50126K, committed 50624K, reserved 1114112K
  class space    used 6773K, committed 6976K, reserved 1048576K
}
Event: 7.671 GC heap after
{Heap after GC invocations=18 (full 0):
 garbage-first heap   total 113664K, used 54438K [0x0000000080000000, 0x0000000100000000)
  region size 1024K, 5 young (5120K), 5 survivors (5120K)
 Metaspace       used 50126K, committed 50624K, reserved 1114112K
  class space    used 6773K, committed 6976K, reserved 1048576K
}
Event: 7.778 GC heap before
{Heap before GC invocations=19 (full 0):
 garbage-first heap   total 113664K, used 65702K [0x0000000080000000, 0x0000000100000000)
  region size 1024K, 12 young (12288K), 5 survivors (5120K)
 Metaspace       used 50374K, committed 50816K, reserved 1114112K
  class space    used 6820K, committed 7040K, reserved 1048576K
}
Event: 7.782 GC heap after
{Heap after GC invocations=20 (full 0):
 garbage-first heap   total 113664K, used 61493K [0x0000000080000000, 0x0000000100000000)
  region size 1024K, 2 young (2048K), 2 survivors (2048K)
 Metaspace       used 50374K, committed 50816K, reserved 1114112K
  class space    used 6820K, committed 7040K, reserved 1048576K
}
Event: 7.893 GC heap before
{Heap before GC invocations=21 (full 0):
 garbage-first heap   total 116736K, used 70709K [0x0000000080000000, 0x0000000100000000)
  region size 1024K, 8 young (8192K), 2 survivors (2048K)
 Metaspace       used 50730K, committed 51200K, reserved 1114112K
  class space    used 6845K, committed 7040K, reserved 1048576K
}
Event: 7.895 GC heap after
{Heap after GC invocations=22 (full 0):
 garbage-first heap   total 116736K, used 68479K [0x0000000080000000, 0x0000000100000000)
  region size 1024K, 2 young (2048K), 2 survivors (2048K)
 Metaspace       used 50730K, committed 51200K, reserved 1114112K
  class space    used 6845K, committed 7040K, reserved 1048576K
}
Event: 8.168 GC heap before
{Heap before GC invocations=23 (full 0):
 garbage-first heap   total 122880K, used 85887K [0x0000000080000000, 0x0000000100000000)
  region size 1024K, 17 young (17408K), 2 survivors (2048K)
 Metaspace       used 52865K, committed 53376K, reserved 1114112K
  class space    used 7062K, committed 7296K, reserved 1048576K
}
Event: 8.170 GC heap after
{Heap after GC invocations=24 (full 0):
 garbage-first heap   total 122880K, used 68796K [0x0000000080000000, 0x0000000100000000)
  region size 1024K, 2 young (2048K), 2 survivors (2048K)
 Metaspace       used 52865K, committed 53376K, reserved 1114112K
  class space    used 7062K, committed 7296K, reserved 1048576K
}
Event: 8.414 GC heap before
{Heap before GC invocations=24 (full 0):
 garbage-first heap   total 122880K, used 88252K [0x0000000080000000, 0x0000000100000000)
  region size 1024K, 22 young (22528K), 2 survivors (2048K)
 Metaspace       used 53730K, committed 54336K, reserved 1114112K
  class space    used 7216K, committed 7552K, reserved 1048576K
}
Event: 8.416 GC heap after
{Heap after GC invocations=25 (full 0):
 garbage-first heap   total 122880K, used 70168K [0x0000000080000000, 0x0000000100000000)
  region size 1024K, 3 young (3072K), 3 survivors (3072K)
 Metaspace       used 53730K, committed 54336K, reserved 1114112K
  class space    used 7216K, committed 7552K, reserved 1048576K
}
Event: 8.801 GC heap before
{Heap before GC invocations=26 (full 0):
 garbage-first heap   total 124928K, used 90648K [0x0000000080000000, 0x0000000100000000)
  region size 1024K, 23 young (23552K), 3 survivors (3072K)
 Metaspace       used 56389K, committed 56960K, reserved 1114112K
  class space    used 7641K, committed 7936K, reserved 1048576K
}
Event: 8.804 GC heap after
{Heap after GC invocations=27 (full 0):
 garbage-first heap   total 150528K, used 71448K [0x0000000080000000, 0x0000000100000000)
  region size 1024K, 3 young (3072K), 3 survivors (3072K)
 Metaspace       used 56389K, committed 56960K, reserved 1114112K
  class space    used 7641K, committed 7936K, reserved 1048576K
}

Dll operation events (3 events):
Event: 0.024 Loaded shared library C:\Program Files\Android\Android Studio\jbr\bin\java.dll
Event: 0.212 Loaded shared library C:\Program Files\Android\Android Studio\jbr\bin\zip.dll
Event: 0.616 Loaded shared library C:\Program Files\Android\Android Studio\jbr\bin\verify.dll

Deoptimization events (20 events):
Event: 8.636 Thread 0x00000195398ce070 Uncommon trap: trap_request=0xffffffbe fr.pc=0x00000195245f60dc relative=0x000000000000029c
Event: 8.636 Thread 0x00000195398ce070 Uncommon trap: reason=profile_predicate action=maybe_recompile pc=0x00000195245f60dc method=sun.instrument.TransformerManager.transform(Ljava/lang/Module;Ljava/lang/ClassLoader;Ljava/lang/String;Ljava/lang/Class;Ljava/security/ProtectionDomain;[B)[B @ 21 
Event: 8.636 Thread 0x00000195398ce070 DEOPT PACKING pc=0x00000195245f60dc sp=0x0000001e07df7370
Event: 8.636 Thread 0x00000195398ce070 DEOPT UNPACKING pc=0x0000019523da69a3 sp=0x0000001e07df7280 mode 2
Event: 8.636 Thread 0x00000195398ce070 Uncommon trap: trap_request=0xffffffbe fr.pc=0x00000195245f60dc relative=0x000000000000029c
Event: 8.636 Thread 0x00000195398ce070 Uncommon trap: reason=profile_predicate action=maybe_recompile pc=0x00000195245f60dc method=sun.instrument.TransformerManager.transform(Ljava/lang/Module;Ljava/lang/ClassLoader;Ljava/lang/String;Ljava/lang/Class;Ljava/security/ProtectionDomain;[B)[B @ 21 
Event: 8.636 Thread 0x00000195398ce070 DEOPT PACKING pc=0x00000195245f60dc sp=0x0000001e07df7360
Event: 8.636 Thread 0x00000195398ce070 DEOPT UNPACKING pc=0x0000019523da69a3 sp=0x0000001e07df7270 mode 2
Event: 8.637 Thread 0x00000195398ce070 Uncommon trap: trap_request=0xffffffbe fr.pc=0x00000195245f60dc relative=0x000000000000029c
Event: 8.637 Thread 0x00000195398ce070 Uncommon trap: reason=profile_predicate action=maybe_recompile pc=0x00000195245f60dc method=sun.instrument.TransformerManager.transform(Ljava/lang/Module;Ljava/lang/ClassLoader;Ljava/lang/String;Ljava/lang/Class;Ljava/security/ProtectionDomain;[B)[B @ 21 
Event: 8.637 Thread 0x00000195398ce070 DEOPT PACKING pc=0x00000195245f60dc sp=0x0000001e07df72d0
Event: 8.637 Thread 0x00000195398ce070 DEOPT UNPACKING pc=0x0000019523da69a3 sp=0x0000001e07df71e0 mode 2
Event: 8.654 Thread 0x00000195398ce070 Uncommon trap: trap_request=0xffffff45 fr.pc=0x0000019524372084 relative=0x00000000000001e4
Event: 8.654 Thread 0x00000195398ce070 Uncommon trap: reason=unstable_if action=reinterpret pc=0x0000019524372084 method=java.net.URI$Parser.scan(IILjava/lang/String;)I @ 26 c2
Event: 8.654 Thread 0x00000195398ce070 DEOPT PACKING pc=0x0000019524372084 sp=0x0000001e07df9180
Event: 8.654 Thread 0x00000195398ce070 DEOPT UNPACKING pc=0x0000019523da69a3 sp=0x0000001e07df9130 mode 2
Event: 8.660 Thread 0x00000195398ce070 Uncommon trap: trap_request=0xffffffc6 fr.pc=0x00000195244e78cc relative=0x000000000000044c
Event: 8.660 Thread 0x00000195398ce070 Uncommon trap: reason=bimorphic_or_optimized_type_check action=maybe_recompile pc=0x00000195244e78cc method=java.util.Spliterators$IteratorSpliterator.tryAdvance(Ljava/util/function/Consumer;)Z @ 50 c2
Event: 8.660 Thread 0x00000195398ce070 DEOPT PACKING pc=0x00000195244e78cc sp=0x0000001e07dfa8d0
Event: 8.660 Thread 0x00000195398ce070 DEOPT UNPACKING pc=0x0000019523da69a3 sp=0x0000001e07dfa870 mode 2

Classes unloaded (0 events):
No events

Classes redefined (0 events):
No events

Internal exceptions (20 events):
Event: 8.145 Thread 0x00000195398ce070 Exception <a 'java/lang/NoSuchMethodError'{0x000000008683e4f0}: 'java.lang.Object java.lang.invoke.DirectMethodHandle$Holder.invokeStatic(java.lang.Object, java.lang.Object, java.lang.Object, java.lang.Object, java.lang.Object, java.lang.Object, java.lang.Object, java.lang.Object, java.lang.Object, java.lang.Object, java.lang.Object, java.lang.Object, java.lang.Object, java.lang.Object, java.lang.Object, java.lang.Object, java.lang.Object, java.lang.Object)'> (0x000000008683e4f0) 
thrown [s\src\hotspot\sha
Event: 8.147 Thread 0x00000195398ce070 Exception <a 'java/lang/NoSuchMethodError'{0x0000000086869160}: 'java.lang.Object java.lang.invoke.DirectMethodHandle$Holder.invokeStatic(java.lang.Object, java.lang.Object, java.lang.Object, java.lang.Object, java.lang.Object, java.lang.Object, java.lang.Object, java.lang.Object, java.lang.Object, java.lang.Object, java.lang.Object, java.lang.Object, java.lang.Object, java.lang.Object, java.lang.Object, java.lang.Object, java.lang.Object, java.lang.Object, java.lang.Object)'> (0x0000000086869160) 
thrown 
Event: 8.150 Thread 0x00000195398ce070 Exception <a 'java/lang/NoSuchMethodError'{0x0000000086895ab8}: 'java.lang.Object java.lang.invoke.DirectMethodHandle$Holder.invokeStatic(java.lang.Object, java.lang.Object, java.lang.Object, java.lang.Object, java.lang.Object, java.lang.Object, java.lang.Object, java.lang.Object, java.lang.Object, java.lang.Object, java.lang.Object, java.lang.Object, java.lang.Object, java.lang.Object, java.lang.Object, java.lang.Object, java.lang.Object, java.lang.Object, java.lang.Object, java.lang.Object)'> (0x00000000
Event: 8.152 Thread 0x00000195398ce070 Exception <a 'java/lang/NoSuchMethodError'{0x00000000868c2148}: 'java.lang.Object java.lang.invoke.DirectMethodHandle$Holder.invokeStatic(java.lang.Object, java.lang.Object, java.lang.Object, java.lang.Object, java.lang.Object, java.lang.Object, java.lang.Object, java.lang.Object, java.lang.Object, java.lang.Object, java.lang.Object, java.lang.Object, java.lang.Object, java.lang.Object, java.lang.Object, java.lang.Object, java.lang.Object, java.lang.Object, java.lang.Object, java.lang.Object, java.lang.Obj
Event: 8.154 Thread 0x00000195398ce070 Exception <a 'java/lang/NoSuchMethodError'{0x00000000868efb18}: 'java.lang.Object java.lang.invoke.DirectMethodHandle$Holder.invokeStatic(java.lang.Object, java.lang.Object, java.lang.Object, java.lang.Object, java.lang.Object, java.lang.Object, java.lang.Object, java.lang.Object, java.lang.Object, java.lang.Object, java.lang.Object, java.lang.Object, java.lang.Object, java.lang.Object, java.lang.Object, java.lang.Object, java.lang.Object, java.lang.Object, java.lang.Object, java.lang.Object, java.lang.Obj
Event: 8.156 Thread 0x00000195398ce070 Exception <a 'java/lang/NoSuchMethodError'{0x000000008671e800}: 'java.lang.Object java.lang.invoke.DirectMethodHandle$Holder.invokeStatic(java.lang.Object, java.lang.Object, java.lang.Object, java.lang.Object, java.lang.Object, java.lang.Object, java.lang.Object, java.lang.Object, java.lang.Object, java.lang.Object, java.lang.Object, java.lang.Object, java.lang.Object, java.lang.Object, java.lang.Object, java.lang.Object, java.lang.Object, java.lang.Object, java.lang.Object, java.lang.Object, java.lang.Obj
Event: 8.159 Thread 0x00000195398ce070 Exception <a 'java/lang/NoSuchMethodError'{0x000000008674dd18}: 'java.lang.Object java.lang.invoke.DirectMethodHandle$Holder.invokeStatic(java.lang.Object, java.lang.Object, java.lang.Object, java.lang.Object, java.lang.Object, java.lang.Object, java.lang.Object, java.lang.Object, java.lang.Object, java.lang.Object, java.lang.Object, java.lang.Object, java.lang.Object, java.lang.Object, java.lang.Object, java.lang.Object, java.lang.Object, java.lang.Object, java.lang.Object, java.lang.Object, java.lang.Obj
Event: 8.162 Thread 0x00000195398ce070 Exception <a 'java/lang/NoSuchMethodError'{0x000000008677edb8}: 'java.lang.Object java.lang.invoke.DirectMethodHandle$Holder.invokeStatic(java.lang.Object, java.lang.Object, java.lang.Object, java.lang.Object, java.lang.Object, java.lang.Object, java.lang.Object, java.lang.Object, java.lang.Object, java.lang.Object, java.lang.Object, java.lang.Object, java.lang.Object, java.lang.Object, java.lang.Object, java.lang.Object, java.lang.Object, java.lang.Object, java.lang.Object, java.lang.Object, java.lang.Obj
Event: 8.164 Thread 0x00000195398ce070 Exception <a 'java/lang/NoSuchMethodError'{0x00000000867b1770}: 'java.lang.Object java.lang.invoke.DirectMethodHandle$Holder.invokeStatic(java.lang.Object, java.lang.Object, java.lang.Object, java.lang.Object, java.lang.Object, java.lang.Object, java.lang.Object, java.lang.Object, java.lang.Object, java.lang.Object, java.lang.Object, java.lang.Object, java.lang.Object, java.lang.Object, java.lang.Object, java.lang.Object, java.lang.Object, java.lang.Object, java.lang.Object, java.lang.Object, java.lang.Obj
Event: 8.455 Thread 0x00000195398ce070 Exception <a 'java/lang/IncompatibleClassChangeError'{0x0000000087908da0}: Found class java.lang.Object, but interface was expected> (0x0000000087908da0) 
thrown [s\src\hotspot\share\interpreter\linkResolver.cpp, line 838]
Event: 8.554 Thread 0x00000195398ce070 Exception <a 'java/lang/ClassNotFoundException'{0x000000008738e138}: org/jetbrains/plugins/gradle/model/web/WebConfigurationBeanInfo> (0x000000008738e138) 
thrown [s\src\hotspot\share\classfile\systemDictionary.cpp, line 256]
Event: 8.555 Thread 0x00000195398ce070 Exception <a 'java/lang/ClassNotFoundException'{0x0000000087396720}: org/jetbrains/plugins/gradle/model/web/WebConfigurationCustomizer> (0x0000000087396720) 
thrown [s\src\hotspot\share\classfile\systemDictionary.cpp, line 256]
Event: 8.560 Thread 0x00000195398ce070 Exception <a 'java/lang/ClassNotFoundException'{0x00000000872b32b0}: java/lang/StringBeanInfo> (0x00000000872b32b0) 
thrown [s\src\hotspot\share\classfile\systemDictionary.cpp, line 256]
Event: 8.560 Thread 0x00000195398ce070 Exception <a 'java/lang/ClassNotFoundException'{0x00000000872b7970}: java/lang/StringCustomizer> (0x00000000872b7970) 
thrown [s\src\hotspot\share\classfile\systemDictionary.cpp, line 256]
Event: 8.656 Thread 0x00000195398ce070 Exception <a 'sun/nio/fs/WindowsException'{0x0000000086c87830}> (0x0000000086c87830) 
thrown [s\src\hotspot\share\prims\jni.cpp, line 531]
Event: 8.656 Thread 0x00000195398ce070 Exception <a 'sun/nio/fs/WindowsException'{0x0000000086c87a60}> (0x0000000086c87a60) 
thrown [s\src\hotspot\share\prims\jni.cpp, line 531]
Event: 8.657 Thread 0x00000195398ce070 Exception <a 'sun/nio/fs/WindowsException'{0x0000000086c8a448}> (0x0000000086c8a448) 
thrown [s\src\hotspot\share\prims\jni.cpp, line 531]
Event: 8.657 Thread 0x00000195398ce070 Exception <a 'sun/nio/fs/WindowsException'{0x0000000086c8a768}> (0x0000000086c8a768) 
thrown [s\src\hotspot\share\prims\jni.cpp, line 531]
Event: 8.659 Thread 0x00000195398ce070 Exception <a 'sun/nio/fs/WindowsException'{0x0000000086c9abd0}> (0x0000000086c9abd0) 
thrown [s\src\hotspot\share\prims\jni.cpp, line 531]
Event: 8.659 Thread 0x00000195398ce070 Exception <a 'sun/nio/fs/WindowsException'{0x0000000086c9aef0}> (0x0000000086c9aef0) 
thrown [s\src\hotspot\share\prims\jni.cpp, line 531]

VM Operations (20 events):
Event: 7.920 Executing VM operation: G1PauseRemark
Event: 7.923 Executing VM operation: G1PauseRemark done
Event: 7.935 Executing VM operation: G1PauseCleanup
Event: 7.935 Executing VM operation: G1PauseCleanup done
Event: 8.168 Executing VM operation: G1CollectForAllocation
Event: 8.170 Executing VM operation: G1CollectForAllocation done
Event: 8.414 Executing VM operation: G1CollectForAllocation
Event: 8.416 Executing VM operation: G1CollectForAllocation done
Event: 8.444 Executing VM operation: G1PauseRemark
Event: 8.447 Executing VM operation: G1PauseRemark done
Event: 8.458 Executing VM operation: G1PauseCleanup
Event: 8.458 Executing VM operation: G1PauseCleanup done
Event: 8.660 Executing VM operation: HandshakeAllThreads
Event: 8.660 Executing VM operation: HandshakeAllThreads done
Event: 8.678 Executing VM operation: HandshakeAllThreads
Event: 8.678 Executing VM operation: HandshakeAllThreads done
Event: 8.693 Executing VM operation: HandshakeAllThreads
Event: 8.693 Executing VM operation: HandshakeAllThreads done
Event: 8.801 Executing VM operation: G1CollectForAllocation
Event: 8.804 Executing VM operation: G1CollectForAllocation done

Events (20 events):
Event: 8.699 Thread 0x000001953332f0a0 flushing nmethod 0x000001951cf69010
Event: 8.699 Thread 0x000001953332f0a0 flushing nmethod 0x000001951cf81990
Event: 8.699 Thread 0x000001953332f0a0 flushing nmethod 0x000001951cf90910
Event: 8.699 Thread 0x000001953332f0a0 flushing nmethod 0x000001951cf91110
Event: 8.699 Thread 0x000001953332f0a0 flushing nmethod 0x000001951cf96310
Event: 8.699 Thread 0x000001953332f0a0 flushing nmethod 0x000001951cf96e90
Event: 8.699 Thread 0x000001953332f0a0 flushing nmethod 0x000001951cf97690
Event: 8.699 Thread 0x000001953332f0a0 flushing nmethod 0x000001951cf98090
Event: 8.699 Thread 0x000001953332f0a0 flushing nmethod 0x000001951cf98610
Event: 8.699 Thread 0x000001953332f0a0 flushing nmethod 0x000001951cfa0410
Event: 8.699 Thread 0x000001953332f0a0 flushing nmethod 0x000001951cfa8e90
Event: 8.699 Thread 0x000001953332f0a0 flushing nmethod 0x000001951cfbe490
Event: 8.699 Thread 0x000001953332f0a0 flushing nmethod 0x000001951cff8590
Event: 8.699 Thread 0x000001953332f0a0 flushing nmethod 0x000001951d04a410
Event: 8.700 Thread 0x000001953332f0a0 flushing nmethod 0x000001951d063790
Event: 8.700 Thread 0x000001953332f0a0 flushing nmethod 0x000001951d0eed10
Event: 8.700 Thread 0x000001953332f0a0 flushing nmethod 0x000001951d0fea10
Event: 8.701 Thread 0x000001953332f0a0 flushing nmethod 0x000001951d1f9010
Event: 8.703 loading class java/io/InvalidClassException
Event: 8.703 loading class java/io/InvalidClassException done


Dynamic libraries:
0x00007ff7d2700000 - 0x00007ff7d270a000 	C:\Program Files\Android\Android Studio\jbr\bin\java.exe
0x00007ffd84490000 - 0x00007ffd846a6000 	C:\WINDOWS\SYSTEM32\ntdll.dll
0x00007ffd82d60000 - 0x00007ffd82e24000 	C:\WINDOWS\System32\KERNEL32.DLL
0x00007ffd81e10000 - 0x00007ffd821b7000 	C:\WINDOWS\System32\KERNELBASE.dll
0x00007ffd81a30000 - 0x00007ffd81b41000 	C:\WINDOWS\System32\ucrtbase.dll
0x00007ffcffee0000 - 0x00007ffcffef7000 	C:\Program Files\Android\Android Studio\jbr\bin\jli.dll
0x00007ffd74350000 - 0x00007ffd7436b000 	C:\Program Files\Android\Android Studio\jbr\bin\VCRUNTIME140.dll
0x00007ffd832a0000 - 0x00007ffd8344e000 	C:\WINDOWS\System32\USER32.dll
0x00007ffd81a00000 - 0x00007ffd81a26000 	C:\WINDOWS\System32\win32u.dll
0x00007ffd84270000 - 0x00007ffd84299000 	C:\WINDOWS\System32\GDI32.dll
0x00007ffd80b50000 - 0x00007ffd80de3000 	C:\WINDOWS\WinSxS\amd64_microsoft.windows.common-controls_6595b64144ccf1df_6.0.22621.3235_none_270f74e173860f98\COMCTL32.dll
0x00007ffd817b0000 - 0x00007ffd818c9000 	C:\WINDOWS\System32\gdi32full.dll
0x00007ffd82c50000 - 0x00007ffd82cf7000 	C:\WINDOWS\System32\msvcrt.dll
0x00007ffd81c00000 - 0x00007ffd81c9a000 	C:\WINDOWS\System32\msvcp_win.dll
0x00007ffd83da0000 - 0x00007ffd83dd1000 	C:\WINDOWS\System32\IMM32.DLL
0x00007ffd7c0c0000 - 0x00007ffd7c0cc000 	C:\Program Files\Android\Android Studio\jbr\bin\vcruntime140_1.dll
0x00007ffd5b340000 - 0x00007ffd5b3cd000 	C:\Program Files\Android\Android Studio\jbr\bin\msvcp140.dll
0x00007ffcdb8b0000 - 0x00007ffcdc533000 	C:\Program Files\Android\Android Studio\jbr\bin\server\jvm.dll
0x00007ffd82650000 - 0x00007ffd82702000 	C:\WINDOWS\System32\ADVAPI32.dll
0x00007ffd82a80000 - 0x00007ffd82b28000 	C:\WINDOWS\System32\sechost.dll
0x00007ffd81bd0000 - 0x00007ffd81bf8000 	C:\WINDOWS\System32\bcrypt.dll
0x00007ffd82710000 - 0x00007ffd82825000 	C:\WINDOWS\System32\RPCRT4.dll
0x00007ffd78b20000 - 0x00007ffd78b54000 	C:\WINDOWS\SYSTEM32\WINMM.dll
0x00007ffd814d0000 - 0x00007ffd8151d000 	C:\WINDOWS\SYSTEM32\POWRPROF.dll
0x00007ffd77a70000 - 0x00007ffd77a7a000 	C:\WINDOWS\SYSTEM32\VERSION.dll
0x00007ffd60c90000 - 0x00007ffd60c99000 	C:\WINDOWS\SYSTEM32\WSOCK32.dll
0x00007ffd83e90000 - 0x00007ffd83f01000 	C:\WINDOWS\System32\ws2_32.DLL
0x00007ffd81400000 - 0x00007ffd81413000 	C:\WINDOWS\SYSTEM32\UMPDC.dll
0x00007ffd7ff70000 - 0x00007ffd7ff88000 	C:\WINDOWS\SYSTEM32\kernel.appcore.dll
0x00007ffd4e3f0000 - 0x00007ffd4e3fa000 	C:\Program Files\Android\Android Studio\jbr\bin\jimage.dll
0x00007ffd810a0000 - 0x00007ffd812d3000 	C:\WINDOWS\SYSTEM32\DBGHELP.DLL
0x00007ffd82f10000 - 0x00007ffd83298000 	C:\WINDOWS\System32\combase.dll
0x00007ffd82e30000 - 0x00007ffd82f07000 	C:\WINDOWS\System32\OLEAUT32.dll
0x00007ffd80f90000 - 0x00007ffd80fc2000 	C:\WINDOWS\SYSTEM32\dbgcore.DLL
0x00007ffd81b50000 - 0x00007ffd81bc9000 	C:\WINDOWS\System32\bcryptPrimitives.dll
0x00007ffd3a550000 - 0x00007ffd3a55e000 	C:\Program Files\Android\Android Studio\jbr\bin\instrument.dll
0x00007ffd3c3c0000 - 0x00007ffd3c3e5000 	C:\Program Files\Android\Android Studio\jbr\bin\java.dll
0x00007ffd3c6e0000 - 0x00007ffd3c6f8000 	C:\Program Files\Android\Android Studio\jbr\bin\zip.dll
0x00007ffd83540000 - 0x00007ffd83d9c000 	C:\WINDOWS\System32\SHELL32.dll
0x00007ffd7ecb0000 - 0x00007ffd7f5a9000 	C:\WINDOWS\SYSTEM32\windows.storage.dll
0x00007ffd7eb50000 - 0x00007ffd7ec8e000 	C:\WINDOWS\SYSTEM32\wintypes.dll
0x00007ffd83f50000 - 0x00007ffd84043000 	C:\WINDOWS\System32\SHCORE.dll
0x00007ffd82d00000 - 0x00007ffd82d5e000 	C:\WINDOWS\System32\shlwapi.dll
0x00007ffd816e0000 - 0x00007ffd81701000 	C:\WINDOWS\SYSTEM32\profapi.dll
0x00007ffd014f0000 - 0x00007ffd01509000 	C:\Program Files\Android\Android Studio\jbr\bin\net.dll
0x00007ffd7a880000 - 0x00007ffd7a9b6000 	C:\WINDOWS\SYSTEM32\WINHTTP.dll
0x00007ffd80540000 - 0x00007ffd805a9000 	C:\WINDOWS\system32\mswsock.dll
0x00007ffcfff00000 - 0x00007ffcfff16000 	C:\Program Files\Android\Android Studio\jbr\bin\nio.dll
0x00007ffd42510000 - 0x00007ffd42520000 	C:\Program Files\Android\Android Studio\jbr\bin\verify.dll
0x00007ffd7c110000 - 0x00007ffd7c137000 	C:\Users\LENOVO\.gradle\native\c067742578af261105cb4f569cf0c3c89f3d7b1fecec35dd04571415982c5e48\windows-amd64\native-platform.dll
0x00007ffcd95d0000 - 0x00007ffcd9714000 	C:\Users\LENOVO\.gradle\native\38dada09dfb8b06ba9b0570ebf7e218e3eb74d4ef43ca46872605cf95ebc2f47\windows-amd64\native-platform-file-events.dll
0x00007ffd465a0000 - 0x00007ffd465a9000 	C:\Program Files\Android\Android Studio\jbr\bin\management.dll
0x00007ffd463e0000 - 0x00007ffd463eb000 	C:\Program Files\Android\Android Studio\jbr\bin\management_ext.dll
0x00007ffd821c0000 - 0x00007ffd821c8000 	C:\WINDOWS\System32\PSAPI.DLL
0x00007ffd813e0000 - 0x00007ffd813fb000 	C:\WINDOWS\SYSTEM32\CRYPTSP.dll
0x00007ffd7fed0000 - 0x00007ffd7ff05000 	C:\WINDOWS\system32\rsaenh.dll
0x00007ffd80640000 - 0x00007ffd80668000 	C:\WINDOWS\SYSTEM32\USERENV.dll
0x00007ffd807a0000 - 0x00007ffd807ac000 	C:\WINDOWS\SYSTEM32\CRYPTBASE.dll
0x00007ffd7f9e0000 - 0x00007ffd7fa0d000 	C:\WINDOWS\SYSTEM32\IPHLPAPI.DLL
0x00007ffd83f10000 - 0x00007ffd83f19000 	C:\WINDOWS\System32\NSI.dll
0x00007ffd7af90000 - 0x00007ffd7afa9000 	C:\WINDOWS\SYSTEM32\dhcpcsvc6.DLL
0x00007ffd7a780000 - 0x00007ffd7a79f000 	C:\WINDOWS\SYSTEM32\dhcpcsvc.DLL
0x00007ffd7fa10000 - 0x00007ffd7fb09000 	C:\WINDOWS\SYSTEM32\DNSAPI.dll
0x00007ffd4e030000 - 0x00007ffd4e039000 	C:\Program Files\Android\Android Studio\jbr\bin\extnet.dll
0x00007ffd46c90000 - 0x00007ffd46c98000 	C:\WINDOWS\system32\wshunix.dll

dbghelp: loaded successfully - version: 4.0.5 - missing functions: none
symbol engine: initialized successfully - sym options: 0x614 - pdb path: .;C:\Program Files\Android\Android Studio\jbr\bin;C:\WINDOWS\SYSTEM32;C:\WINDOWS\WinSxS\amd64_microsoft.windows.common-controls_6595b64144ccf1df_6.0.22621.3235_none_270f74e173860f98;C:\Program Files\Android\Android Studio\jbr\bin\server;C:\Users\LENOVO\.gradle\native\c067742578af261105cb4f569cf0c3c89f3d7b1fecec35dd04571415982c5e48\windows-amd64;C:\Users\LENOVO\.gradle\native\38dada09dfb8b06ba9b0570ebf7e218e3eb74d4ef43ca46872605cf95ebc2f47\windows-amd64

VM Arguments:
jvm_args: --add-opens=java.base/java.util=ALL-UNNAMED --add-opens=java.base/java.lang=ALL-UNNAMED --add-opens=java.base/java.lang.invoke=ALL-UNNAMED --add-opens=java.prefs/java.util.prefs=ALL-UNNAMED --add-opens=java.base/java.nio.charset=ALL-UNNAMED --add-opens=java.base/java.net=ALL-UNNAMED --add-opens=java.base/java.util.concurrent.atomic=ALL-UNNAMED -Xmx2048m -Dfile.encoding=UTF-8 -Duser.country=US -Duser.language=en -Duser.variant -javaagent:C:\Users\LENOVO\.gradle\wrapper\dists\gradle-8.7-bin\bhs2wmbdwecv87pi65oeuq5iu\gradle-8.7\lib\agents\gradle-instrumentation-agent-8.7.jar 
java_command: org.gradle.launcher.daemon.bootstrap.GradleDaemon 8.7
java_class_path (initial): C:\Users\LENOVO\.gradle\wrapper\dists\gradle-8.7-bin\bhs2wmbdwecv87pi65oeuq5iu\gradle-8.7\lib\gradle-launcher-8.7.jar
Launcher Type: SUN_STANDARD

[Global flags]
     intx CICompilerCount                          = 4                                         {product} {ergonomic}
     uint ConcGCThreads                            = 2                                         {product} {ergonomic}
     uint G1ConcRefinementThreads                  = 8                                         {product} {ergonomic}
   size_t G1HeapRegionSize                         = 1048576                                   {product} {ergonomic}
    uintx GCDrainStackTargetSize                   = 64                                        {product} {ergonomic}
   size_t InitialHeapSize                          = 98566144                                  {product} {ergonomic}
   size_t MarkStackSize                            = 4194304                                   {product} {ergonomic}
   size_t MaxHeapSize                              = 2147483648                                {product} {command line}
   size_t MaxNewSize                               = 1287651328                                {product} {ergonomic}
   size_t MinHeapDeltaBytes                        = 1048576                                   {product} {ergonomic}
   size_t MinHeapSize                              = 8388608                                   {product} {ergonomic}
    uintx NonNMethodCodeHeapSize                   = 5839372                                {pd product} {ergonomic}
    uintx NonProfiledCodeHeapSize                  = 122909434                              {pd product} {ergonomic}
    uintx ProfiledCodeHeapSize                     = 122909434                              {pd product} {ergonomic}
    uintx ReservedCodeCacheSize                    = 251658240                              {pd product} {ergonomic}
     bool SegmentedCodeCache                       = true                                      {product} {ergonomic}
   size_t SoftMaxHeapSize                          = 2147483648                             {manageable} {ergonomic}
     bool UseCompressedClassPointers               = true                           {product lp64_product} {ergonomic}
     bool UseCompressedOops                        = true                           {product lp64_product} {ergonomic}
     bool UseG1GC                                  = true                                      {product} {ergonomic}
     bool UseLargePagesIndividualAllocation        = false                                  {pd product} {ergonomic}

Logging:
Log output configuration:
 #0: stdout all=warning uptime,level,tags
 #1: stderr all=off uptime,level,tags

Environment Variables:
PATH=C:\Program Files\Common Files\Oracle\Java\javapath;C:\Program Files (x86)\Common Files\Oracle\Java\javapath;C:\WINDOWS\system32;C:\WINDOWS;C:\WINDOWS\System32\Wbem;C:\WINDOWS\System32\WindowsPowerShell\v1.0\;C:\WINDOWS\System32\OpenSSH\;C:\xampp\php;C:\ProgramData\ComposerSetup\bin;C:\Program Files\Git\cmd;C:\Program Files\nodejs\;C:\Program Files\dotnet\;C:\Microsoft VS Code\bin;C:\Users\LENOVO\AppData\Local\Microsoft\WindowsApps;C:\Microsoft VS Code\bin;C:\Users\LENOVO\AppData\Local\GitHubDesktop\bin;C:\Users\LENOVO\AppData\Roaming\Composer\vendor\bin;C:\Users\LENOVO\AppData\Roaming\npm;C:\Users\LENOVO\Downloads\Microsoft VS Code\bin
USERNAME=LENOVO
OS=Windows_NT
PROCESSOR_IDENTIFIER=AMD64 Family 23 Model 104 Stepping 1, AuthenticAMD
TMP=C:\Users\LENOVO\AppData\Local\Temp
TEMP=C:\Users\LENOVO\AppData\Local\Temp



Periodic native trim disabled

JNI global refs:
JNI global refs: 27, weak refs: 8

JNI global refs memory usage: 843, weak refs: 841

Process memory usage:
Resident Set Size: 309988K (5% of 6150136K total physical memory with 388028K free physical memory)

OOME stack traces (most recent first):
Classloader memory used:
Loader org.gradle.internal.classloader.VisitableURLClassLoader                         : 3458K
Loader bootstrap                                                                       : 2430K
Loader org.gradle.initialization.MixInLegacyTypesClassLoader                           : 876K
Loader org.gradle.internal.classloader.VisitableURLClassLoader                         : 106K
Loader org.gradle.internal.classloader.VisitableURLClassLoader$InstrumentingVisitableURLClassLoader: 81646B
Loader jdk.internal.loader.ClassLoaders$PlatformClassLoader                            : 65013B
Loader jdk.internal.loader.ClassLoaders$AppClassLoader                                 : 28715B
Loader jdk.internal.reflect.DelegatingClassLoader                                      : 27585B
Loader org.gradle.groovy.scripts.internal.DefaultScriptCompilationHandler$ScriptClassLoader: 10876B
Loader org.codehaus.groovy.runtime.callsite.CallSiteClassLoader                        : 5965B

Classes loaded by more than one classloader:
Class org.gradle.internal.Cast                                                        : loaded 3 times (x 69B)
Class org.gradle.api.GradleException                                                  : loaded 3 times (x 80B)
Class org.jetbrains.plugins.gradle.model.MavenRepositoryModel                         : loaded 2 times (x 68B)
Class org.gradle.internal.classpath.ClassPath                                         : loaded 2 times (x 68B)
Class org.gradle.api.internal.classpath.DefaultModuleRegistry                         : loaded 2 times (x 84B)
Class org.gradle.internal.exceptions.NonGradleCauseExceptionsHolder                   : loaded 2 times (x 68B)
Class Settings_gradle$1$1                                                             : loaded 2 times (x 72B)
Class org.gradle.api.Action                                                           : loaded 2 times (x 68B)
Class org.jetbrains.kotlin.idea.gradleTooling.model.samWithReceiver.SamWithReceiverModel: loaded 2 times (x 68B)
Class org.jetbrains.plugins.gradle.model.ExternalProject                              : loaded 2 times (x 68B)
Class org.jetbrains.plugins.gradle.model.IntelliJSettings                             : loaded 2 times (x 68B)
Class org.jetbrains.kotlin.idea.gradleTooling.KotlinMPPGradleModel                    : loaded 2 times (x 68B)
Class org.gradle.api.internal.DefaultClassPathProvider                                : loaded 2 times (x 74B)
Class org.gradle.internal.installation.GradleInstallation$1                           : loaded 2 times (x 73B)
Class org.gradle.internal.exceptions.DefaultMultiCauseException                       : loaded 2 times (x 93B)
Class org.gradle.tooling.model.UnsupportedMethodException                             : loaded 2 times (x 80B)
Class org.gradle.util.GradleVersion                                                   : loaded 2 times (x 81B)
Class org.gradle.internal.classloader.FilteringClassLoader                            : loaded 2 times (x 103B)
Class org.gradle.tooling.model.Model                                                  : loaded 2 times (x 68B)
Class org.gradle.internal.classpath.DefaultClassPath$ImmutableUniqueList$Builder      : loaded 2 times (x 73B)
Class org.jetbrains.kotlin.idea.gradleTooling.KotlinSourceSetContainer                : loaded 2 times (x 68B)
Class org.gradle.internal.classloader.ClassLoaderVisitor                              : loaded 2 times (x 74B)
Class org.gradle.internal.time.DefaultCountdownTimer                                  : loaded 2 times (x 86B)
Class org.gradle.internal.service.DefaultServiceLocator                               : loaded 2 times (x 81B)
Class org.jetbrains.plugins.gradle.model.jar.JarTaskManifestConfiguration             : loaded 2 times (x 68B)
Class org.gradle.internal.service.UnknownServiceException                             : loaded 2 times (x 81B)
Class org.jetbrains.plugins.gradle.model.DependencyAccessorsModel                     : loaded 2 times (x 68B)
Class org.gradle.internal.classloader.DefaultClassLoaderFactory                       : loaded 2 times (x 80B)
Class org.jetbrains.plugins.gradle.model.GradleExtensions                             : loaded 2 times (x 68B)
Class org.jetbrains.plugins.gradle.model.VersionCatalogsModel                         : loaded 2 times (x 68B)
Class org.gradle.internal.classloader.VisitableURLClassLoader$Spec                    : loaded 2 times (x 72B)
Class org.gradle.tooling.model.ProjectModel                                           : loaded 2 times (x 68B)
Class org.gradle.internal.time.MonotonicClock                                         : loaded 2 times (x 75B)
Class org.gradle.tooling.internal.gradle.DefaultProjectIdentifier                     : loaded 2 times (x 84B)
Class org.gradle.api.internal.classpath.ModuleRegistry                                : loaded 2 times (x 68B)
Class org.jetbrains.plugins.gradle.model.RepositoriesModel                            : loaded 2 times (x 68B)
Class kotlin.jvm.internal.markers.KMappedMarker                                       : loaded 2 times (x 68B)
Class org.gradle.api.internal.ClassPathProvider                                       : loaded 2 times (x 68B)
Class org.gradle.internal.classloader.ClasspathUtil$1                                 : loaded 2 times (x 74B)
Class org.gradle.internal.classloader.ClassLoaderFactory                              : loaded 2 times (x 68B)
Class org.gradle.api.internal.classpath.ManifestUtil                                  : loaded 2 times (x 69B)
Class org.gradle.api.specs.Spec                                                       : loaded 2 times (x 68B)
Class ijInit1_8w0z37xcfji5fdcaxaciv8rk7                                               : loaded 2 times (x 177B)
Class org.gradle.tooling.internal.gradle.GradleBuildIdentity                          : loaded 2 times (x 68B)
Class org.gradle.internal.IoActions                                                   : loaded 2 times (x 69B)
Class sync_studio_tooling_84aqdk1i4zaiw2g60jvaufumg$_run_closure1                     : loaded 2 times (x 137B)
Class org.gradle.api.internal.classpath.EffectiveClassPath                            : loaded 2 times (x 88B)
Class kotlin.jvm.internal.DefaultConstructorMarker                                    : loaded 2 times (x 69B)
Class org.gradle.internal.exceptions.ResolutionProvider                               : loaded 2 times (x 68B)
Class org.jetbrains.kotlin.idea.gradleTooling.model.annotation.AnnotationBasedPluginModel: loaded 2 times (x 68B)
Class org.jetbrains.kotlin.idea.gradleTooling.model.assignment.AssignmentModel        : loaded 2 times (x 68B)
Class org.gradle.internal.installation.CurrentGradleInstallation                      : loaded 2 times (x 71B)
Class org.gradle.internal.agents.InstrumentingClassLoader                             : loaded 2 times (x 68B)
Class org.gradle.internal.installation.CurrentGradleInstallationLocator               : loaded 2 times (x 69B)
Class org.gradle.api.internal.classpath.Module                                        : loaded 2 times (x 68B)
Class org.gradle.internal.service.CachingServiceLocator                               : loaded 2 times (x 80B)
Class org.gradle.internal.time.Timer                                                  : loaded 2 times (x 68B)
Class org.jetbrains.plugins.gradle.model.tests.ExternalTestsModel                     : loaded 2 times (x 68B)
Class org.jetbrains.kotlin.idea.gradleTooling.KotlinDslScriptAdditionalTask           : loaded 2 times (x 68B)
Class sync_studio_tooling_84aqdk1i4zaiw2g60jvaufumg                                   : loaded 2 times (x 177B)
Class org.gradle.internal.classpath.DefaultClassPath                                  : loaded 2 times (x 88B)
Class com.intellij.openapi.externalSystem.model.project.dependencies.ProjectDependencies: loaded 2 times (x 68B)
Class org.jetbrains.kotlin.idea.gradleTooling.PrepareKotlinIdeImportTaskModel         : loaded 2 times (x 68B)
Class org.gradle.internal.impldep.com.google.common.base.Preconditions                : loaded 2 times (x 69B)
Class kotlin.jvm.functions.Function1                                                  : loaded 2 times (x 68B)
Class org.gradle.internal.time.Time                                                   : loaded 2 times (x 69B)
Class org.gradle.internal.time.TimeSource$1                                           : loaded 2 times (x 75B)
Class org.gradle.internal.classloader.SystemClassLoaderSpec                           : loaded 2 times (x 69B)
Class kotlin.Function                                                                 : loaded 2 times (x 68B)
Class org.gradle.api.UncheckedIOException                                             : loaded 2 times (x 80B)
Class Program                                                                         : loaded 2 times (x 70B)
Class org.gradle.tooling.internal.gradle.GradleProjectIdentity                        : loaded 2 times (x 68B)
Class org.gradle.internal.time.CountdownTimer                                         : loaded 2 times (x 68B)
Class org.gradle.internal.time.Clock                                                  : loaded 2 times (x 68B)
Class org.gradle.internal.classloader.ClasspathUtil                                   : loaded 2 times (x 69B)
Class org.gradle.tooling.model.BuildIdentifier                                        : loaded 2 times (x 68B)
Class org.gradle.api.internal.DefaultClassPathRegistry                                : loaded 2 times (x 74B)
Class org.gradle.api.internal.classpath.DefaultModuleRegistry$DefaultModule           : loaded 2 times (x 84B)
Class org.gradle.internal.time.TimeSource                                             : loaded 2 times (x 68B)
Class org.jetbrains.kotlin.android.synthetic.idea.AndroidExtensionsGradleModel        : loaded 2 times (x 68B)
Class org.gradle.api.internal.classpath.UnknownModuleException                        : loaded 2 times (x 80B)
Class org.jetbrains.plugins.gradle.model.IntelliJProjectSettings                      : loaded 2 times (x 68B)
Class org.gradle.internal.service.ServiceLookupException                              : loaded 2 times (x 80B)
Class org.gradle.cache.GlobalCache                                                    : loaded 2 times (x 68B)
Class org.jetbrains.kotlin.idea.gradleTooling.model.lombok.LombokModel                : loaded 2 times (x 68B)
Class org.gradle.tooling.model.ProjectIdentifier                                      : loaded 2 times (x 68B)
Class [Lorg.gradle.api.internal.ClassPathProvider;                                    : loaded 2 times (x 67B)
Class org.gradle.internal.operations.MultipleBuildOperationFailures                   : loaded 2 times (x 93B)
Class org.gradle.util.internal.GUtil                                                  : loaded 2 times (x 69B)
Class org.jetbrains.plugins.gradle.model.AnnotationProcessingModel                    : loaded 2 times (x 68B)
Class org.gradle.internal.classloader.ClassLoaderSpec                                 : loaded 2 times (x 69B)
Class org.gradle.internal.classloader.VisitableURLClassLoader                         : loaded 2 times (x 115B)
Class org.gradle.internal.installation.GradleInstallation                             : loaded 2 times (x 73B)
Class org.gradle.api.internal.ClassPathRegistry                                       : loaded 2 times (x 68B)
Class org.gradle.internal.classloader.VisitableURLClassLoader$InstrumentingVisitableURLClassLoader: loaded 2 times (x 121B)
Class org.gradle.internal.classloader.ClassLoaderHierarchy                            : loaded 2 times (x 68B)
Class org.gradle.internal.exceptions.MultiCauseException                              : loaded 2 times (x 68B)
Class org.jetbrains.kotlin.idea.gradleTooling.model.parcelize.ParcelizeGradleModel    : loaded 2 times (x 68B)
Class org.gradle.internal.InternalTransformer                                         : loaded 2 times (x 68B)
Class org.jetbrains.kotlin.idea.gradleTooling.model.noarg.NoArgModel                  : loaded 2 times (x 68B)
Class org.jetbrains.kotlin.idea.gradleTooling.KotlinGradleModel                       : loaded 2 times (x 68B)
Class org.gradle.tooling.internal.gradle.DefaultBuildIdentifier                       : loaded 2 times (x 77B)
Class org.gradle.internal.service.ServiceLocator                                      : loaded 2 times (x 68B)
Class Settings_gradle$1                                                               : loaded 2 times (x 72B)
Class org.jetbrains.kotlin.idea.gradleTooling.model.allopen.AllOpenModel              : loaded 2 times (x 68B)
Class org.gradle.internal.classpath.DefaultClassPath$ImmutableUniqueList              : loaded 2 times (x 159B)
Class org.gradle.internal.time.DefaultTimer                                           : loaded 2 times (x 78B)
Class org.gradle.internal.classpath.TransformedClassPath                              : loaded 2 times (x 94B)
Class Settings_gradle                                                                 : loaded 2 times (x 126B)


---------------  S Y S T E M  ---------------

OS:
 Windows 11 , 64 bit Build 22621 (10.0.22621.3374)
OS uptime: 0 days 1:17 hours
Hyper-V role detected

CPU: total 8 (initial active 8) (8 cores per cpu, 2 threads per core) family 23 model 104 stepping 1 microcode 0x0, cx8, cmov, fxsr, ht, mmx, 3dnowpref, sse, sse2, sse3, ssse3, sse4a, sse4.1, sse4.2, popcnt, lzcnt, tsc, tscinvbit, avx, avx2, aes, clmul, bmi1, bmi2, adx, sha, fma, vzeroupper, clflush, clflushopt, hv
Processor Information for processor 0
  Max Mhz: 2600, Current Mhz: 2600, Mhz Limit: 2600
Processor Information for processor 1
  Max Mhz: 2600, Current Mhz: 2600, Mhz Limit: 2600
Processor Information for processor 2
  Max Mhz: 2600, Current Mhz: 2600, Mhz Limit: 2600
Processor Information for processor 3
  Max Mhz: 2600, Current Mhz: 2600, Mhz Limit: 2600
Processor Information for processor 4
  Max Mhz: 2600, Current Mhz: 2600, Mhz Limit: 2600
Processor Information for processor 5
  Max Mhz: 2600, Current Mhz: 2600, Mhz Limit: 2600
Processor Information for processor 6
  Max Mhz: 2600, Current Mhz: 1789, Mhz Limit: 2600
Processor Information for processor 7
  Max Mhz: 2600, Current Mhz: 2600, Mhz Limit: 2600

Memory: 4k page, system-wide physical 6005M (373M free)
TotalPageFile size 17626M (AvailPageFile size 4M)
current process WorkingSet (physical memory assigned to process): 303M, peak: 303M
current process commit charge ("private bytes"): 363M, peak: 366M

vm_info: OpenJDK 64-Bit Server VM (17.0.11+0--11852314) for windows-amd64 JRE (17.0.11+0--11852314), built on May 16 2024 21:29:20 by "androidbuild" with MS VC++ 16.10 / 16.11 (VS2019)

END.
