#
# There is insufficient memory for the Java Runtime Environment to continue.
# Native memory allocation (malloc) failed to allocate 463536 bytes. Error detail: Chunk::new
# Possible reasons:
#   The system is out of physical RAM or swap space
#   This process is running with CompressedOops enabled, and the Java Heap may be blocking the growth of the native heap
# Possible solutions:
#   Reduce memory load on the system
#   Increase physical memory or swap space
#   Check if swap backing store is full
#   Decrease Java heap size (-Xmx/-Xms)
#   Decrease number of Java threads
#   Decrease Java thread stack sizes (-Xss)
#   Set larger code cache with -XX:ReservedCodeCacheSize=
#   JVM is running with Unscaled Compressed Oops mode in which the Java heap is
#     placed in the first 4GB address space. The Java Heap base address is the
#     maximum limit for the native heap growth. Please use -XX:HeapBaseMinAddress
#     to set the Java Heap base and to place the Java Heap above 4GB virtual address.
# This output file may be truncated or incomplete.
#
#  Out of Memory Error (arena.cpp:191), pid=11704, tid=12876
#
# JRE version: OpenJDK Runtime Environment (17.0.11) (build 17.0.11+0--11852314)
# Java VM: OpenJDK 64-Bit Server VM (17.0.11+0--11852314, mixed mode, tiered, compressed oops, compressed class ptrs, g1 gc, windows-amd64)
# No core dump will be written. Minidumps are not enabled by default on client versions of Windows
#

---------------  S U M M A R Y ------------

Command Line: --add-opens=java.base/java.util=ALL-UNNAMED --add-opens=java.base/java.lang=ALL-UNNAMED --add-opens=java.base/java.lang.invoke=ALL-UNNAMED --add-opens=java.prefs/java.util.prefs=ALL-UNNAMED --add-opens=java.base/java.nio.charset=ALL-UNNAMED --add-opens=java.base/java.net=ALL-UNNAMED --add-opens=java.base/java.util.concurrent.atomic=ALL-UNNAMED -Xmx2048m -Dfile.encoding=UTF-8 -Duser.country=US -Duser.language=en -Duser.variant -javaagent:C:\Users\LENOVO\.gradle\wrapper\dists\gradle-8.7-bin\bhs2wmbdwecv87pi65oeuq5iu\gradle-8.7\lib\agents\gradle-instrumentation-agent-8.7.jar org.gradle.launcher.daemon.bootstrap.GradleDaemon 8.7

Host: AMD Ryzen 3 5300U with Radeon Graphics         , 8 cores, 5G,  Windows 11 , 64 bit Build 22621 (10.0.22621.3374)
Time: Tue Feb 25 14:20:42 2025 SE Asia Standard Time elapsed time: 10.631842 seconds (0d 0h 0m 10s)

---------------  T H R E A D  ---------------

Current thread (0x000001b243707d10):  JavaThread "C2 CompilerThread0" daemon [_thread_in_native, id=12876, stack(0x00000028fc500000,0x00000028fc600000)]


Current CompileTask:
C2:  10632 6677       4       java.net.URLClassLoader$1::run (5 bytes)

Stack: [0x00000028fc500000,0x00000028fc600000]
Native frames: (J=compiled Java code, j=interpreted, Vv=VM code, C=native code)
V  [jvm.dll+0x687bb9]
V  [jvm.dll+0x84142a]
V  [jvm.dll+0x8430ae]
V  [jvm.dll+0x843713]
V  [jvm.dll+0x24a35f]
V  [jvm.dll+0xac544]
V  [jvm.dll+0xacb8c]
V  [jvm.dll+0x2b194f]
V  [jvm.dll+0x58eba7]
V  [jvm.dll+0x2247e2]
V  [jvm.dll+0x21d99f]
V  [jvm.dll+0x21b201]
V  [jvm.dll+0x1a63ed]
V  [jvm.dll+0x22b1ee]
V  [jvm.dll+0x229375]
V  [jvm.dll+0x7f5647]
V  [jvm.dll+0x7efa4a]
V  [jvm.dll+0x686a35]
C  [ucrtbase.dll+0x29333]
C  [KERNEL32.DLL+0x1257d]
C  [ntdll.dll+0x5aa48]


---------------  P R O C E S S  ---------------

Threads class SMR info:
_java_thread_list=0x000001b24c282de0, length=47, elements={
0x000001b2296fa580, 0x000001b2436e3020, 0x000001b2436e7eb0, 0x000001b243703010,
0x000001b2437038e0, 0x000001b2437044a0, 0x000001b243706f70, 0x000001b243707d10,
0x000001b2437162f0, 0x000001b24371f4c0, 0x000001b243813df0, 0x000001b243a0e8a0,
0x000001b24970d9a0, 0x000001b249c68920, 0x000001b249c4a040, 0x000001b249ab4410,
0x000001b249b044c0, 0x000001b249b22f90, 0x000001b249b243d0, 0x000001b249b22a80,
0x000001b249b234a0, 0x000001b249b22060, 0x000001b249b23ec0, 0x000001b249b248e0,
0x000001b249b24df0, 0x000001b249b22570, 0x000001b249b25300, 0x000001b249b25810,
0x000001b24a2714a0, 0x000001b24a274740, 0x000001b24a276090, 0x000001b24a276fc0,
0x000001b24a276ab0, 0x000001b24a2723d0, 0x000001b24a2728e0, 0x000001b24a275160,
0x000001b24a2719b0, 0x000001b24a2774d0, 0x000001b24a270570, 0x000001b24a274c50,
0x000001b24a273810, 0x000001b24a275670, 0x000001b24a272df0, 0x000001b24a275b80,
0x000001b24a2765a0, 0x000001b24a270060, 0x000001b24a2779e0
}

Java Threads: ( => current thread )
  0x000001b2296fa580 JavaThread "main" [_thread_blocked, id=18656, stack(0x00000028fb800000,0x00000028fb900000)]
  0x000001b2436e3020 JavaThread "Reference Handler" daemon [_thread_blocked, id=20652, stack(0x00000028fbf00000,0x00000028fc000000)]
  0x000001b2436e7eb0 JavaThread "Finalizer" daemon [_thread_blocked, id=19560, stack(0x00000028fc000000,0x00000028fc100000)]
  0x000001b243703010 JavaThread "Signal Dispatcher" daemon [_thread_blocked, id=22788, stack(0x00000028fc100000,0x00000028fc200000)]
  0x000001b2437038e0 JavaThread "Attach Listener" daemon [_thread_blocked, id=14644, stack(0x00000028fc200000,0x00000028fc300000)]
  0x000001b2437044a0 JavaThread "Service Thread" daemon [_thread_blocked, id=17664, stack(0x00000028fc300000,0x00000028fc400000)]
  0x000001b243706f70 JavaThread "Monitor Deflation Thread" daemon [_thread_blocked, id=7616, stack(0x00000028fc400000,0x00000028fc500000)]
=>0x000001b243707d10 JavaThread "C2 CompilerThread0" daemon [_thread_in_native, id=12876, stack(0x00000028fc500000,0x00000028fc600000)]
  0x000001b2437162f0 JavaThread "C1 CompilerThread0" daemon [_thread_blocked, id=11584, stack(0x00000028fc600000,0x00000028fc700000)]
  0x000001b24371f4c0 JavaThread "Sweeper thread" daemon [_thread_blocked, id=21272, stack(0x00000028fc700000,0x00000028fc800000)]
  0x000001b243813df0 JavaThread "Common-Cleaner" daemon [_thread_blocked, id=14716, stack(0x00000028fc800000,0x00000028fc900000)]
  0x000001b243a0e8a0 JavaThread "Notification Thread" daemon [_thread_blocked, id=16184, stack(0x00000028fc900000,0x00000028fca00000)]
  0x000001b24970d9a0 JavaThread "Daemon health stats" [_thread_blocked, id=14740, stack(0x00000028fcf00000,0x00000028fd000000)]
  0x000001b249c68920 JavaThread "Incoming local TCP Connector on port 54286" [_thread_in_native, id=23352, stack(0x00000028fd000000,0x00000028fd100000)]
  0x000001b249c4a040 JavaThread "Daemon periodic checks" [_thread_blocked, id=8916, stack(0x00000028fd100000,0x00000028fd200000)]
  0x000001b249ab4410 JavaThread "Daemon" [_thread_blocked, id=22256, stack(0x00000028fd200000,0x00000028fd300000)]
  0x000001b249b044c0 JavaThread "Handler for socket connection from /127.0.0.1:54286 to /127.0.0.1:54287" [_thread_in_native, id=18316, stack(0x00000028fd300000,0x00000028fd400000)]
  0x000001b249b22f90 JavaThread "Cancel handler" [_thread_blocked, id=7028, stack(0x00000028fd400000,0x00000028fd500000)]
  0x000001b249b243d0 JavaThread "Daemon worker" [_thread_in_native, id=12252, stack(0x00000028fd500000,0x00000028fd600000)]
  0x000001b249b22a80 JavaThread "Asynchronous log dispatcher for DefaultDaemonConnection: socket connection from /127.0.0.1:54286 to /127.0.0.1:54287" [_thread_blocked, id=20748, stack(0x00000028fd600000,0x00000028fd700000)]
  0x000001b249b234a0 JavaThread "Stdin handler" [_thread_blocked, id=7632, stack(0x00000028fd700000,0x00000028fd800000)]
  0x000001b249b22060 JavaThread "Daemon client event forwarder" [_thread_blocked, id=1504, stack(0x00000028fd800000,0x00000028fd900000)]
  0x000001b249b23ec0 JavaThread "Cache worker for journal cache (C:\Users\LENOVO\.gradle\caches\journal-1)" [_thread_blocked, id=3332, stack(0x00000028fdd00000,0x00000028fde00000)]
  0x000001b249b248e0 JavaThread "File lock request listener" [_thread_in_native, id=9108, stack(0x00000028fde00000,0x00000028fdf00000)]
  0x000001b249b24df0 JavaThread "Cache worker for file hash cache (C:\Users\LENOVO\.gradle\caches\8.7\fileHashes)" [_thread_blocked, id=18420, stack(0x00000028fdf00000,0x00000028fe000000)]
  0x000001b249b22570 JavaThread "Cache worker for file hash cache (D:\Catering Ukom\.gradle\8.7\fileHashes)" [_thread_blocked, id=8164, stack(0x00000028fe000000,0x00000028fe100000)]
  0x000001b249b25300 JavaThread "File watcher server" daemon [_thread_in_native, id=4688, stack(0x00000028fe100000,0x00000028fe200000)]
  0x000001b249b25810 JavaThread "File watcher consumer" daemon [_thread_blocked, id=21372, stack(0x00000028fe200000,0x00000028fe300000)]
  0x000001b24a2714a0 JavaThread "Cache worker for checksums cache (D:\Catering Ukom\.gradle\8.7\checksums)" [_thread_blocked, id=1104, stack(0x00000028fe300000,0x00000028fe400000)]
  0x000001b24a274740 JavaThread "Cache worker for cache directory md-supplier (C:\Users\LENOVO\.gradle\caches\8.7\md-supplier)" [_thread_blocked, id=2372, stack(0x00000028fe400000,0x00000028fe500000)]
  0x000001b24a276090 JavaThread "Cache worker for cache directory md-rule (C:\Users\LENOVO\.gradle\caches\8.7\md-rule)" [_thread_blocked, id=15208, stack(0x00000028fe500000,0x00000028fe600000)]
  0x000001b24a276fc0 JavaThread "Cache worker for file content cache (C:\Users\LENOVO\.gradle\caches\8.7\fileContent)" [_thread_blocked, id=21588, stack(0x00000028fe600000,0x00000028fe700000)]
  0x000001b24a276ab0 JavaThread "Cache worker for Build Output Cleanup Cache (D:\Catering Ukom\.gradle\buildOutputCleanup)" [_thread_blocked, id=12088, stack(0x00000028fe900000,0x00000028fea00000)]
  0x000001b24a2723d0 JavaThread "Unconstrained build operations" [_thread_blocked, id=15528, stack(0x00000028feb00000,0x00000028fec00000)]
  0x000001b24a2728e0 JavaThread "Unconstrained build operations Thread 2" [_thread_blocked, id=12408, stack(0x00000028fec00000,0x00000028fed00000)]
  0x000001b24a275160 JavaThread "Unconstrained build operations Thread 3" [_thread_blocked, id=13492, stack(0x00000028fed00000,0x00000028fee00000)]
  0x000001b24a2719b0 JavaThread "Unconstrained build operations Thread 4" [_thread_blocked, id=23100, stack(0x00000028fee00000,0x00000028fef00000)]
  0x000001b24a2774d0 JavaThread "Unconstrained build operations Thread 5" [_thread_blocked, id=2700, stack(0x00000028fef00000,0x00000028ff000000)]
  0x000001b24a270570 JavaThread "Unconstrained build operations Thread 6" [_thread_blocked, id=4620, stack(0x00000028ff000000,0x00000028ff100000)]
  0x000001b24a274c50 JavaThread "Unconstrained build operations Thread 7" [_thread_blocked, id=15700, stack(0x00000028ff100000,0x00000028ff200000)]
  0x000001b24a273810 JavaThread "Unconstrained build operations Thread 8" [_thread_blocked, id=22832, stack(0x00000028ff200000,0x00000028ff300000)]
  0x000001b24a275670 JavaThread "Unconstrained build operations Thread 9" [_thread_blocked, id=23216, stack(0x00000028ff300000,0x00000028ff400000)]
  0x000001b24a272df0 JavaThread "Unconstrained build operations Thread 10" [_thread_blocked, id=2092, stack(0x00000028ff400000,0x00000028ff500000)]
  0x000001b24a275b80 JavaThread "Unconstrained build operations Thread 11" [_thread_blocked, id=7664, stack(0x00000028ff500000,0x00000028ff600000)]
  0x000001b24a2765a0 JavaThread "Unconstrained build operations Thread 12" [_thread_blocked, id=11604, stack(0x00000028ff600000,0x00000028ff700000)]
  0x000001b24a270060 JavaThread "Unconstrained build operations Thread 13" [_thread_blocked, id=3328, stack(0x00000028ff700000,0x00000028ff800000)]
  0x000001b24a2779e0 JavaThread "Unconstrained build operations Thread 14" [_thread_blocked, id=8236, stack(0x00000028ff800000,0x00000028ff900000)]

Other Threads:
  0x000001b2436d0430 VMThread "VM Thread" [stack: 0x00000028fbe00000,0x00000028fbf00000] [id=13092]
  0x000001b243a0ed80 WatcherThread [stack: 0x00000028fca00000,0x00000028fcb00000] [id=13096]
  0x000001b229755720 GCTaskThread "GC Thread#0" [stack: 0x00000028fb900000,0x00000028fba00000] [id=20264]
  0x000001b2488b2d90 GCTaskThread "GC Thread#1" [stack: 0x00000028fcb00000,0x00000028fcc00000] [id=23224]
  0x000001b248c3ef20 GCTaskThread "GC Thread#2" [stack: 0x00000028fcc00000,0x00000028fcd00000] [id=5852]
  0x000001b24894b510 GCTaskThread "GC Thread#3" [stack: 0x00000028fcd00000,0x00000028fce00000] [id=14748]
  0x000001b248d70690 GCTaskThread "GC Thread#4" [stack: 0x00000028fce00000,0x00000028fcf00000] [id=19336]
  0x000001b24988dbc0 GCTaskThread "GC Thread#5" [stack: 0x00000028fd900000,0x00000028fda00000] [id=18300]
  0x000001b24988c880 GCTaskThread "GC Thread#6" [stack: 0x00000028fda00000,0x00000028fdb00000] [id=10628]
  0x000001b24988d900 GCTaskThread "GC Thread#7" [stack: 0x00000028fdb00000,0x00000028fdc00000] [id=2016]
  0x000001b229766670 ConcurrentGCThread "G1 Main Marker" [stack: 0x00000028fba00000,0x00000028fbb00000] [id=8152]
  0x000001b229767830 ConcurrentGCThread "G1 Conc#0" [stack: 0x00000028fbb00000,0x00000028fbc00000] [id=11224]
  0x000001b24988ce00 ConcurrentGCThread "G1 Conc#1" [stack: 0x00000028fdc00000,0x00000028fdd00000] [id=7020]
  0x000001b2297ae840 ConcurrentGCThread "G1 Refine#0" [stack: 0x00000028fbc00000,0x00000028fbd00000] [id=14380]
  0x000001b24ae11640 ConcurrentGCThread "G1 Refine#1" [stack: 0x00000028fe700000,0x00000028fe800000] [id=23160]
  0x000001b242d84260 ConcurrentGCThread "G1 Service" [stack: 0x00000028fbd00000,0x00000028fbe00000] [id=19676]

Threads with active compile tasks:
C2 CompilerThread0    10654 6677       4       java.net.URLClassLoader$1::run (5 bytes)

VM state: not at safepoint (normal execution)

VM Mutex/Monitor currently owned by a thread: None

Heap address: 0x0000000080000000, size: 2048 MB, Compressed Oops mode: 32-bit

CDS archive(s) not mapped
Compressed class space mapped at: 0x0000000100000000-0x0000000140000000, reserved size: 1073741824
Narrow klass base: 0x0000000000000000, Narrow klass shift: 3, Narrow klass range: 0x140000000

GC Precious Log:
 CPUs: 8 total, 8 available
 Memory: 6005M
 Large Page Support: Disabled
 NUMA Support: Disabled
 Compressed Oops: Enabled (32-bit)
 Heap Region Size: 1M
 Heap Min Capacity: 8M
 Heap Initial Capacity: 94M
 Heap Max Capacity: 2G
 Pre-touch: Disabled
 Parallel Workers: 8
 Concurrent Workers: 2
 Concurrent Refinement Workers: 8
 Periodic GC: Disabled

Heap:
 garbage-first heap   total 96256K, used 60650K [0x0000000080000000, 0x0000000100000000)
  region size 1024K, 10 young (10240K), 1 survivors (1024K)
 Metaspace       used 58615K, committed 59200K, reserved 1114112K
  class space    used 8053K, committed 8320K, reserved 1048576K

Heap Regions: E=young(eden), S=young(survivor), O=old, HS=humongous(starts), HC=humongous(continues), CS=collection set, F=free, OA=open archive, CA=closed archive, TAMS=top-at-mark-start (previous, next)
|   0|0x0000000080000000, 0x0000000080100000, 0x0000000080100000|100%|HS|  |TAMS 0x0000000080100000, 0x0000000080000000| Complete 
|   1|0x0000000080100000, 0x0000000080200000, 0x0000000080200000|100%|HC|  |TAMS 0x0000000080200000, 0x0000000080100000| Complete 
|   2|0x0000000080200000, 0x0000000080300000, 0x0000000080300000|100%|HC|  |TAMS 0x0000000080300000, 0x0000000080200000| Complete 
|   3|0x0000000080300000, 0x0000000080400000, 0x0000000080400000|100%|HC|  |TAMS 0x0000000080400000, 0x0000000080300000| Complete 
|   4|0x0000000080400000, 0x0000000080500000, 0x0000000080500000|100%| O|  |TAMS 0x0000000080500000, 0x0000000080400000| Untracked 
|   5|0x0000000080500000, 0x0000000080600000, 0x0000000080600000|100%| O|  |TAMS 0x0000000080600000, 0x0000000080500000| Untracked 
|   6|0x0000000080600000, 0x0000000080700000, 0x0000000080700000|100%| O|  |TAMS 0x0000000080700000, 0x0000000080600000| Untracked 
|   7|0x0000000080700000, 0x0000000080800000, 0x0000000080800000|100%| O|  |TAMS 0x0000000080800000, 0x0000000080700000| Untracked 
|   8|0x0000000080800000, 0x0000000080900000, 0x0000000080900000|100%| O|  |TAMS 0x0000000080900000, 0x0000000080800000| Untracked 
|   9|0x0000000080900000, 0x0000000080a00000, 0x0000000080a00000|100%| O|  |TAMS 0x0000000080a00000, 0x0000000080900000| Untracked 
|  10|0x0000000080a00000, 0x0000000080b00000, 0x0000000080b00000|100%| O|  |TAMS 0x0000000080b00000, 0x0000000080a00000| Untracked 
|  11|0x0000000080b00000, 0x0000000080c00000, 0x0000000080c00000|100%| O|  |TAMS 0x0000000080c00000, 0x0000000080b00000| Untracked 
|  12|0x0000000080c00000, 0x0000000080d00000, 0x0000000080d00000|100%| O|  |TAMS 0x0000000080d00000, 0x0000000080c00000| Untracked 
|  13|0x0000000080d00000, 0x0000000080e00000, 0x0000000080e00000|100%| O|  |TAMS 0x0000000080e00000, 0x0000000080d00000| Untracked 
|  14|0x0000000080e00000, 0x0000000080f00000, 0x0000000080f00000|100%| O|  |TAMS 0x0000000080f00000, 0x0000000080e00000| Untracked 
|  15|0x0000000080f00000, 0x0000000081000000, 0x0000000081000000|100%| O|  |TAMS 0x0000000081000000, 0x0000000080f00000| Untracked 
|  16|0x0000000081000000, 0x0000000081100000, 0x0000000081100000|100%| O|  |TAMS 0x0000000081100000, 0x0000000081000000| Untracked 
|  17|0x0000000081100000, 0x0000000081200000, 0x0000000081200000|100%| O|  |TAMS 0x0000000081200000, 0x0000000081100000| Untracked 
|  18|0x0000000081200000, 0x00000000812e5600, 0x0000000081300000| 89%| O|  |TAMS 0x00000000812e5600, 0x0000000081200000| Untracked 
|  19|0x0000000081300000, 0x0000000081400000, 0x0000000081400000|100%| O|  |TAMS 0x0000000081400000, 0x0000000081300000| Untracked 
|  20|0x0000000081400000, 0x0000000081500000, 0x0000000081500000|100%| O|  |TAMS 0x0000000081500000, 0x0000000081400000| Untracked 
|  21|0x0000000081500000, 0x0000000081600000, 0x0000000081600000|100%| O|  |TAMS 0x0000000081600000, 0x0000000081500000| Untracked 
|  22|0x0000000081600000, 0x0000000081700000, 0x0000000081700000|100%| O|  |TAMS 0x0000000081700000, 0x0000000081600000| Untracked 
|  23|0x0000000081700000, 0x0000000081800000, 0x0000000081800000|100%| O|  |TAMS 0x0000000081800000, 0x0000000081700000| Complete 
|  24|0x0000000081800000, 0x0000000081900000, 0x0000000081900000|100%| O|  |TAMS 0x0000000081900000, 0x0000000081800000| Untracked 
|  25|0x0000000081900000, 0x0000000081a00000, 0x0000000081a00000|100%| O|  |TAMS 0x0000000081a00000, 0x0000000081900000| Untracked 
|  26|0x0000000081a00000, 0x0000000081b00000, 0x0000000081b00000|100%| O|  |TAMS 0x0000000081b00000, 0x0000000081a00000| Untracked 
|  27|0x0000000081b00000, 0x0000000081c00000, 0x0000000081c00000|100%| O|  |TAMS 0x0000000081c00000, 0x0000000081b00000| Untracked 
|  28|0x0000000081c00000, 0x0000000081d00000, 0x0000000081d00000|100%| O|  |TAMS 0x0000000081d00000, 0x0000000081c00000| Untracked 
|  29|0x0000000081d00000, 0x0000000081e00000, 0x0000000081e00000|100%| O|  |TAMS 0x0000000081e00000, 0x0000000081d00000| Untracked 
|  30|0x0000000081e00000, 0x0000000081f00000, 0x0000000081f00000|100%|HS|  |TAMS 0x0000000081e00000, 0x0000000081e00000| Complete 
|  31|0x0000000081f00000, 0x0000000082000000, 0x0000000082000000|100%| O|  |TAMS 0x0000000082000000, 0x0000000081f00000| Untracked 
|  32|0x0000000082000000, 0x0000000082100000, 0x0000000082100000|100%| O|  |TAMS 0x0000000082100000, 0x0000000082000000| Untracked 
|  33|0x0000000082100000, 0x0000000082200000, 0x0000000082200000|100%| O|  |TAMS 0x0000000082200000, 0x0000000082100000| Untracked 
|  34|0x0000000082200000, 0x0000000082300000, 0x0000000082300000|100%| O|  |TAMS 0x0000000082300000, 0x0000000082200000| Untracked 
|  35|0x0000000082300000, 0x0000000082400000, 0x0000000082400000|100%| O|  |TAMS 0x0000000082400000, 0x0000000082300000| Untracked 
|  36|0x0000000082400000, 0x0000000082500000, 0x0000000082500000|100%| O|  |TAMS 0x0000000082500000, 0x0000000082400000| Untracked 
|  37|0x0000000082500000, 0x0000000082600000, 0x0000000082600000|100%| O|  |TAMS 0x0000000082600000, 0x0000000082500000| Untracked 
|  38|0x0000000082600000, 0x0000000082700000, 0x0000000082700000|100%| O|  |TAMS 0x0000000082700000, 0x0000000082600000| Untracked 
|  39|0x0000000082700000, 0x0000000082800000, 0x0000000082800000|100%| O|  |TAMS 0x0000000082800000, 0x0000000082700000| Untracked 
|  40|0x0000000082800000, 0x0000000082900000, 0x0000000082900000|100%|HS|  |TAMS 0x0000000082900000, 0x0000000082800000| Complete 
|  41|0x0000000082900000, 0x0000000082a00000, 0x0000000082a00000|100%|HS|  |TAMS 0x0000000082a00000, 0x0000000082900000| Complete 
|  42|0x0000000082a00000, 0x0000000082b00000, 0x0000000082b00000|100%|HS|  |TAMS 0x0000000082b00000, 0x0000000082a00000| Complete 
|  43|0x0000000082b00000, 0x0000000082c00000, 0x0000000082c00000|100%|HS|  |TAMS 0x0000000082c00000, 0x0000000082b00000| Complete 
|  44|0x0000000082c00000, 0x0000000082d00000, 0x0000000082d00000|100%| O|  |TAMS 0x0000000082d00000, 0x0000000082c00000| Untracked 
|  45|0x0000000082d00000, 0x0000000082e00000, 0x0000000082e00000|100%|HS|  |TAMS 0x0000000082e00000, 0x0000000082d00000| Complete 
|  46|0x0000000082e00000, 0x0000000082f00000, 0x0000000082f00000|100%| O|  |TAMS 0x0000000082f00000, 0x0000000082e00000| Untracked 
|  47|0x0000000082f00000, 0x0000000083000000, 0x0000000083000000|100%| O|  |TAMS 0x0000000083000000, 0x0000000082f00000| Untracked 
|  48|0x0000000083000000, 0x0000000083100000, 0x0000000083100000|100%| O|  |TAMS 0x0000000083100000, 0x0000000083000000| Untracked 
|  49|0x0000000083100000, 0x0000000083200000, 0x0000000083200000|100%| O|  |TAMS 0x0000000083200000, 0x0000000083100000| Untracked 
|  50|0x0000000083200000, 0x0000000083300000, 0x0000000083300000|100%| O|  |TAMS 0x0000000083300000, 0x0000000083200000| Untracked 
|  51|0x0000000083300000, 0x0000000083400000, 0x0000000083400000|100%| O|  |TAMS 0x0000000083400000, 0x0000000083300000| Untracked 
|  52|0x0000000083400000, 0x000000008340c000, 0x0000000083500000|  4%| O|  |TAMS 0x000000008340c000, 0x0000000083400000| Untracked 
|  53|0x0000000083500000, 0x0000000083500000, 0x0000000083600000|  0%| F|  |TAMS 0x0000000083500000, 0x0000000083500000| Untracked 
|  54|0x0000000083600000, 0x0000000083600000, 0x0000000083700000|  0%| F|  |TAMS 0x0000000083600000, 0x0000000083600000| Untracked 
|  55|0x0000000083700000, 0x0000000083700000, 0x0000000083800000|  0%| F|  |TAMS 0x0000000083700000, 0x0000000083700000| Untracked 
|  56|0x0000000083800000, 0x0000000083800000, 0x0000000083900000|  0%| F|  |TAMS 0x0000000083800000, 0x0000000083800000| Untracked 
|  57|0x0000000083900000, 0x0000000083900000, 0x0000000083a00000|  0%| F|  |TAMS 0x0000000083900000, 0x0000000083900000| Untracked 
|  58|0x0000000083a00000, 0x0000000083a00000, 0x0000000083b00000|  0%| F|  |TAMS 0x0000000083a00000, 0x0000000083a00000| Untracked 
|  59|0x0000000083b00000, 0x0000000083b00000, 0x0000000083c00000|  0%| F|  |TAMS 0x0000000083b00000, 0x0000000083b00000| Untracked 
|  60|0x0000000083c00000, 0x0000000083c00000, 0x0000000083d00000|  0%| F|  |TAMS 0x0000000083c00000, 0x0000000083c00000| Untracked 
|  61|0x0000000083d00000, 0x0000000083d00000, 0x0000000083e00000|  0%| F|  |TAMS 0x0000000083d00000, 0x0000000083d00000| Untracked 
|  62|0x0000000083e00000, 0x0000000083e00000, 0x0000000083f00000|  0%| F|  |TAMS 0x0000000083e00000, 0x0000000083e00000| Untracked 
|  63|0x0000000083f00000, 0x0000000083f00000, 0x0000000084000000|  0%| F|  |TAMS 0x0000000083f00000, 0x0000000083f00000| Untracked 
|  64|0x0000000084000000, 0x0000000084000000, 0x0000000084100000|  0%| F|  |TAMS 0x0000000084000000, 0x0000000084000000| Untracked 
|  65|0x0000000084100000, 0x0000000084100000, 0x0000000084200000|  0%| F|  |TAMS 0x0000000084100000, 0x0000000084100000| Untracked 
|  66|0x0000000084200000, 0x0000000084249538, 0x0000000084300000| 28%| S|CS|TAMS 0x0000000084200000, 0x0000000084200000| Complete 
|  67|0x0000000084300000, 0x0000000084300000, 0x0000000084400000|  0%| F|  |TAMS 0x0000000084300000, 0x0000000084300000| Untracked 
|  68|0x0000000084400000, 0x0000000084400000, 0x0000000084500000|  0%| F|  |TAMS 0x0000000084400000, 0x0000000084400000| Untracked 
|  69|0x0000000084500000, 0x0000000084500000, 0x0000000084600000|  0%| F|  |TAMS 0x0000000084500000, 0x0000000084500000| Untracked 
|  70|0x0000000084600000, 0x0000000084600000, 0x0000000084700000|  0%| F|  |TAMS 0x0000000084600000, 0x0000000084600000| Untracked 
|  71|0x0000000084700000, 0x0000000084700000, 0x0000000084800000|  0%| F|  |TAMS 0x0000000084700000, 0x0000000084700000| Untracked 
|  72|0x0000000084800000, 0x0000000084800000, 0x0000000084900000|  0%| F|  |TAMS 0x0000000084800000, 0x0000000084800000| Untracked 
|  73|0x0000000084900000, 0x0000000084900000, 0x0000000084a00000|  0%| F|  |TAMS 0x0000000084900000, 0x0000000084900000| Untracked 
|  74|0x0000000084a00000, 0x0000000084b00000, 0x0000000084b00000|100%| E|CS|TAMS 0x0000000084a00000, 0x0000000084a00000| Complete 
|  75|0x0000000084b00000, 0x0000000084b00000, 0x0000000084c00000|  0%| F|  |TAMS 0x0000000084b00000, 0x0000000084b00000| Untracked 
|  76|0x0000000084c00000, 0x0000000084c00000, 0x0000000084d00000|  0%| F|  |TAMS 0x0000000084c00000, 0x0000000084c00000| Untracked 
|  77|0x0000000084d00000, 0x0000000084d00000, 0x0000000084e00000|  0%| F|  |TAMS 0x0000000084d00000, 0x0000000084d00000| Untracked 
|  78|0x0000000084e00000, 0x0000000084e00000, 0x0000000084f00000|  0%| F|  |TAMS 0x0000000084e00000, 0x0000000084e00000| Untracked 
|  79|0x0000000084f00000, 0x0000000084f00000, 0x0000000085000000|  0%| F|  |TAMS 0x0000000084f00000, 0x0000000084f00000| Untracked 
|  80|0x0000000085000000, 0x0000000085000000, 0x0000000085100000|  0%| F|  |TAMS 0x0000000085000000, 0x0000000085000000| Untracked 
|  81|0x0000000085100000, 0x0000000085100000, 0x0000000085200000|  0%| F|  |TAMS 0x0000000085100000, 0x0000000085100000| Untracked 
|  82|0x0000000085200000, 0x0000000085200000, 0x0000000085300000|  0%| F|  |TAMS 0x0000000085200000, 0x0000000085200000| Untracked 
|  83|0x0000000085300000, 0x0000000085300000, 0x0000000085400000|  0%| F|  |TAMS 0x0000000085300000, 0x0000000085300000| Untracked 
|  84|0x0000000085400000, 0x0000000085400000, 0x0000000085500000|  0%| F|  |TAMS 0x0000000085400000, 0x0000000085400000| Untracked 
|  85|0x0000000085500000, 0x0000000085500000, 0x0000000085600000|  0%| F|  |TAMS 0x0000000085500000, 0x0000000085500000| Untracked 
|  86|0x0000000085600000, 0x00000000856370f0, 0x0000000085700000| 21%| E|  |TAMS 0x0000000085600000, 0x0000000085600000| Complete 
|  87|0x0000000085700000, 0x0000000085800000, 0x0000000085800000|100%| E|  |TAMS 0x0000000085700000, 0x0000000085700000| Complete 
|  88|0x0000000085800000, 0x0000000085900000, 0x0000000085900000|100%| E|CS|TAMS 0x0000000085800000, 0x0000000085800000| Complete 
|  89|0x0000000085900000, 0x0000000085a00000, 0x0000000085a00000|100%| E|CS|TAMS 0x0000000085900000, 0x0000000085900000| Complete 
|  90|0x0000000085a00000, 0x0000000085b00000, 0x0000000085b00000|100%| E|CS|TAMS 0x0000000085a00000, 0x0000000085a00000| Complete 
|  91|0x0000000085b00000, 0x0000000085c00000, 0x0000000085c00000|100%| E|CS|TAMS 0x0000000085b00000, 0x0000000085b00000| Complete 
|  92|0x0000000085c00000, 0x0000000085d00000, 0x0000000085d00000|100%| E|CS|TAMS 0x0000000085c00000, 0x0000000085c00000| Complete 
|  93|0x0000000085d00000, 0x0000000085e00000, 0x0000000085e00000|100%| E|CS|TAMS 0x0000000085d00000, 0x0000000085d00000| Complete 

Card table byte_map: [0x000001b23c300000,0x000001b23c700000] _byte_map_base: 0x000001b23bf00000

Marking Bits (Prev, Next): (CMBitMap*) 0x000001b229755d40, (CMBitMap*) 0x000001b229755d80
 Prev Bits: [0x000001b23cb00000, 0x000001b23eb00000)
 Next Bits: [0x000001b23eb00000, 0x000001b240b00000)

Polling page: 0x000001b227640000

Metaspace:

Usage:
  Non-class:     49.41 MB used.
      Class:      7.87 MB used.
       Both:     57.27 MB used.

Virtual space:
  Non-class space:       64.00 MB reserved,      49.69 MB ( 78%) committed,  1 nodes.
      Class space:        1.00 GB reserved,       8.12 MB ( <1%) committed,  1 nodes.
             Both:        1.06 GB reserved,      57.81 MB (  5%) committed. 

Chunk freelists:
   Non-Class:  14.25 MB
       Class:  7.75 MB
        Both:  22.00 MB

MaxMetaspaceSize: unlimited
CompressedClassSpaceSize: 1.00 GB
Initial GC threshold: 21.00 MB
Current GC threshold: 95.75 MB
CDS: off
MetaspaceReclaimPolicy: balanced
 - commit_granule_bytes: 65536.
 - commit_granule_words: 8192.
 - virtual_space_node_default_size: 8388608.
 - enlarge_chunks_in_place: 1.
 - new_chunks_are_fully_committed: 0.
 - uncommit_free_chunks: 1.
 - use_allocation_guard: 0.
 - handle_deallocations: 1.


Internal statistics:

num_allocs_failed_limit: 6.
num_arena_births: 660.
num_arena_deaths: 0.
num_vsnodes_births: 2.
num_vsnodes_deaths: 0.
num_space_committed: 925.
num_space_uncommitted: 0.
num_chunks_returned_to_freelist: 6.
num_chunks_taken_from_freelist: 2655.
num_chunk_merges: 6.
num_chunk_splits: 1741.
num_chunks_enlarged: 1174.
num_inconsistent_stats: 0.

CodeHeap 'non-profiled nmethods': size=120000Kb used=2778Kb max_used=3330Kb free=117221Kb
 bounds [0x000001b2346a0000, 0x000001b2349f0000, 0x000001b23bbd0000]
CodeHeap 'profiled nmethods': size=120000Kb used=10616Kb max_used=11320Kb free=109384Kb
 bounds [0x000001b22cbd0000, 0x000001b22d6e0000, 0x000001b234100000]
CodeHeap 'non-nmethods': size=5760Kb used=1631Kb max_used=1687Kb free=4128Kb
 bounds [0x000001b234100000, 0x000001b234370000, 0x000001b2346a0000]
 total_blobs=6539 nmethods=5837 adapters=613
 compilation: enabled
              stopped_count=0, restarted_count=0
 full_count=0

Compilation events (20 events):
Event: 10.584 Thread 0x000001b2437162f0 nmethod 6676 0x000001b22cc84b10 code [0x000001b22cc84cc0, 0x000001b22cc84fd8]
Event: 10.585 Thread 0x000001b243707d10 6677       4       java.net.URLClassLoader$1::run (5 bytes)
Event: 10.612 Thread 0x000001b2437162f0 6680       3       java.lang.ClassLoader::findClass (9 bytes)
Event: 10.612 Thread 0x000001b2437162f0 nmethod 6680 0x000001b22cc84710 code [0x000001b22cc848a0, 0x000001b22cc84a28]
Event: 10.614 Thread 0x000001b2437162f0 6681       1       sun.reflect.generics.tree.FormalTypeParameter::getName (5 bytes)
Event: 10.614 Thread 0x000001b2437162f0 nmethod 6681 0x000001b2346fc010 code [0x000001b2346fc1a0, 0x000001b2346fc278]
Event: 10.614 Thread 0x000001b2437162f0 6682       1       sun.reflect.generics.tree.FormalTypeParameter::getBounds (5 bytes)
Event: 10.614 Thread 0x000001b2437162f0 nmethod 6682 0x000001b2346fbd10 code [0x000001b2346fbea0, 0x000001b2346fbf78]
Event: 10.614 Thread 0x000001b2437162f0 6683       1       sun.reflect.generics.factory.CoreReflectionFactory::getDecl (5 bytes)
Event: 10.614 Thread 0x000001b2437162f0 nmethod 6683 0x000001b234755710 code [0x000001b2347558a0, 0x000001b234755978]
Event: 10.618 Thread 0x000001b2437162f0 6684       3       sun.reflect.annotation.AnnotationParser::skipMemberValue (11 bytes)
Event: 10.618 Thread 0x000001b2437162f0 nmethod 6684 0x000001b22cf77090 code [0x000001b22cf77240, 0x000001b22cf77418]
Event: 10.626 Thread 0x000001b2437162f0 6685       3       com.google.common.collect.MapMakerInternalMap$StrongKeyWeakValueEntry$Helper::newEntry (16 bytes)
Event: 10.626 Thread 0x000001b2437162f0 nmethod 6685 0x000001b22cf76b10 code [0x000001b22cf76cc0, 0x000001b22cf76fc8]
Event: 10.626 Thread 0x000001b2437162f0 6686       3       com.google.common.collect.MapMakerInternalMap$StrongKeyWeakValueEntry$Helper::setValue (14 bytes)
Event: 10.626 Thread 0x000001b2437162f0 nmethod 6686 0x000001b22cf76590 code [0x000001b22cf76740, 0x000001b22cf76a48]
Event: 10.626 Thread 0x000001b2437162f0 6687       3       com.google.common.collect.MapMakerInternalMap$StrongKeyWeakValueEntry$Helper::setValue (32 bytes)
Event: 10.626 Thread 0x000001b2437162f0 nmethod 6687 0x000001b22d47ff10 code [0x000001b22d480100, 0x000001b22d480708]
Event: 10.626 Thread 0x000001b2437162f0 6688       3       com.google.common.collect.MapMakerInternalMap$1::clear (1 bytes)
Event: 10.626 Thread 0x000001b2437162f0 nmethod 6688 0x000001b22cc84390 code [0x000001b22cc84520, 0x000001b22cc84638]

GC Heap History (20 events):
Event: 8.154 GC heap before
{Heap before GC invocations=12 (full 0):
 garbage-first heap   total 71680K, used 56007K [0x0000000080000000, 0x0000000100000000)
  region size 1024K, 28 young (28672K), 4 survivors (4096K)
 Metaspace       used 48145K, committed 48576K, reserved 1114112K
  class space    used 6589K, committed 6784K, reserved 1048576K
}
Event: 8.157 GC heap after
{Heap after GC invocations=13 (full 0):
 garbage-first heap   total 71680K, used 32725K [0x0000000080000000, 0x0000000100000000)
  region size 1024K, 4 young (4096K), 4 survivors (4096K)
 Metaspace       used 48145K, committed 48576K, reserved 1114112K
  class space    used 6589K, committed 6784K, reserved 1048576K
}
Event: 8.613 GC heap before
{Heap before GC invocations=13 (full 0):
 garbage-first heap   total 71680K, used 57301K [0x0000000080000000, 0x0000000100000000)
  region size 1024K, 28 young (28672K), 4 survivors (4096K)
 Metaspace       used 51476K, committed 51904K, reserved 1114112K
  class space    used 7120K, committed 7296K, reserved 1048576K
}
Event: 8.617 GC heap after
{Heap after GC invocations=14 (full 0):
 garbage-first heap   total 71680K, used 34370K [0x0000000080000000, 0x0000000100000000)
  region size 1024K, 3 young (3072K), 3 survivors (3072K)
 Metaspace       used 51476K, committed 51904K, reserved 1114112K
  class space    used 7120K, committed 7296K, reserved 1048576K
}
Event: 8.760 GC heap before
{Heap before GC invocations=14 (full 0):
 garbage-first heap   total 71680K, used 41538K [0x0000000080000000, 0x0000000100000000)
  region size 1024K, 12 young (12288K), 3 survivors (3072K)
 Metaspace       used 52377K, committed 52864K, reserved 1114112K
  class space    used 7267K, committed 7488K, reserved 1048576K
}
Event: 8.764 GC heap after
{Heap after GC invocations=15 (full 0):
 garbage-first heap   total 71680K, used 35208K [0x0000000080000000, 0x0000000100000000)
  region size 1024K, 3 young (3072K), 3 survivors (3072K)
 Metaspace       used 52377K, committed 52864K, reserved 1114112K
  class space    used 7267K, committed 7488K, reserved 1048576K
}
Event: 9.280 GC heap before
{Heap before GC invocations=16 (full 0):
 garbage-first heap   total 71680K, used 59784K [0x0000000080000000, 0x0000000100000000)
  region size 1024K, 25 young (25600K), 3 survivors (3072K)
 Metaspace       used 55423K, committed 55936K, reserved 1114112K
  class space    used 7631K, committed 7872K, reserved 1048576K
}
Event: 9.284 GC heap after
{Heap after GC invocations=17 (full 0):
 garbage-first heap   total 71680K, used 36585K [0x0000000080000000, 0x0000000100000000)
  region size 1024K, 3 young (3072K), 3 survivors (3072K)
 Metaspace       used 55423K, committed 55936K, reserved 1114112K
  class space    used 7631K, committed 7872K, reserved 1048576K
}
Event: 9.809 GC heap before
{Heap before GC invocations=17 (full 0):
 garbage-first heap   total 71680K, used 57065K [0x0000000080000000, 0x0000000100000000)
  region size 1024K, 24 young (24576K), 3 survivors (3072K)
 Metaspace       used 56274K, committed 56768K, reserved 1114112K
  class space    used 7738K, committed 8000K, reserved 1048576K
}
Event: 9.813 GC heap after
{Heap after GC invocations=18 (full 0):
 garbage-first heap   total 71680K, used 40111K [0x0000000080000000, 0x0000000100000000)
  region size 1024K, 3 young (3072K), 3 survivors (3072K)
 Metaspace       used 56274K, committed 56768K, reserved 1114112K
  class space    used 7738K, committed 8000K, reserved 1048576K
}
Event: 9.974 GC heap before
{Heap before GC invocations=19 (full 0):
 garbage-first heap   total 73728K, used 56495K [0x0000000080000000, 0x0000000100000000)
  region size 1024K, 20 young (20480K), 3 survivors (3072K)
 Metaspace       used 56434K, committed 56960K, reserved 1114112K
  class space    used 7738K, committed 8000K, reserved 1048576K
}
Event: 9.977 GC heap after
{Heap after GC invocations=20 (full 0):
 garbage-first heap   total 73728K, used 41715K [0x0000000080000000, 0x0000000100000000)
  region size 1024K, 3 young (3072K), 3 survivors (3072K)
 Metaspace       used 56434K, committed 56960K, reserved 1114112K
  class space    used 7738K, committed 8000K, reserved 1048576K
}
Event: 10.096 GC heap before
{Heap before GC invocations=20 (full 0):
 garbage-first heap   total 73728K, used 51955K [0x0000000080000000, 0x0000000100000000)
  region size 1024K, 14 young (14336K), 3 survivors (3072K)
 Metaspace       used 56726K, committed 57280K, reserved 1114112K
  class space    used 7776K, committed 8064K, reserved 1048576K
}
Event: 10.098 GC heap after
{Heap after GC invocations=21 (full 0):
 garbage-first heap   total 73728K, used 42443K [0x0000000080000000, 0x0000000100000000)
  region size 1024K, 3 young (3072K), 3 survivors (3072K)
 Metaspace       used 56726K, committed 57280K, reserved 1114112K
  class space    used 7776K, committed 8064K, reserved 1048576K
}
Event: 10.403 GC heap before
{Heap before GC invocations=22 (full 0):
 garbage-first heap   total 78848K, used 61899K [0x0000000080000000, 0x0000000100000000)
  region size 1024K, 17 young (17408K), 3 survivors (3072K)
 Metaspace       used 57390K, committed 58048K, reserved 1114112K
  class space    used 7890K, committed 8192K, reserved 1048576K
}
Event: 10.406 GC heap after
{Heap after GC invocations=23 (full 0):
 garbage-first heap   total 78848K, used 52846K [0x0000000080000000, 0x0000000100000000)
  region size 1024K, 3 young (3072K), 3 survivors (3072K)
 Metaspace       used 57390K, committed 58048K, reserved 1114112K
  class space    used 7890K, committed 8192K, reserved 1048576K
}
Event: 10.430 GC heap before
{Heap before GC invocations=23 (full 0):
 garbage-first heap   total 78848K, used 53870K [0x0000000080000000, 0x0000000100000000)
  region size 1024K, 4 young (4096K), 3 survivors (3072K)
 Metaspace       used 57471K, committed 58048K, reserved 1114112K
  class space    used 7906K, committed 8192K, reserved 1048576K
}
Event: 10.432 GC heap after
{Heap after GC invocations=24 (full 0):
 garbage-first heap   total 78848K, used 52394K [0x0000000080000000, 0x0000000100000000)
  region size 1024K, 1 young (1024K), 1 survivors (1024K)
 Metaspace       used 57471K, committed 58048K, reserved 1114112K
  class space    used 7906K, committed 8192K, reserved 1048576K
}
Event: 10.536 GC heap before
{Heap before GC invocations=24 (full 0):
 garbage-first heap   total 78848K, used 60586K [0x0000000080000000, 0x0000000100000000)
  region size 1024K, 10 young (10240K), 1 survivors (1024K)
 Metaspace       used 58132K, committed 58688K, reserved 1114112K
  class space    used 7986K, committed 8256K, reserved 1048576K
}
Event: 10.537 GC heap after
{Heap after GC invocations=25 (full 0):
 garbage-first heap   total 78848K, used 52458K [0x0000000080000000, 0x0000000100000000)
  region size 1024K, 1 young (1024K), 1 survivors (1024K)
 Metaspace       used 58132K, committed 58688K, reserved 1114112K
  class space    used 7986K, committed 8256K, reserved 1048576K
}

Dll operation events (3 events):
Event: 0.015 Loaded shared library C:\Program Files\Android\Android Studio\jbr\bin\java.dll
Event: 0.185 Loaded shared library C:\Program Files\Android\Android Studio\jbr\bin\zip.dll
Event: 0.603 Loaded shared library C:\Program Files\Android\Android Studio\jbr\bin\verify.dll

Deoptimization events (20 events):
Event: 10.465 Thread 0x000001b249b243d0 Uncommon trap: trap_request=0xffffffde fr.pc=0x000001b234960284 relative=0x0000000000002764
Event: 10.465 Thread 0x000001b249b243d0 Uncommon trap: reason=class_check action=maybe_recompile pc=0x000001b234960284 method=java.util.jar.JarFile.getManifestFromReference()Ljava/util/jar/Manifest; @ 152 c2
Event: 10.465 Thread 0x000001b249b243d0 DEOPT PACKING pc=0x000001b234960284 sp=0x00000028fd5f6720
Event: 10.465 Thread 0x000001b249b243d0 DEOPT UNPACKING pc=0x000001b2341569a3 sp=0x00000028fd5f6690 mode 2
Event: 10.467 Thread 0x000001b249b243d0 Uncommon trap: trap_request=0xffffffde fr.pc=0x000001b23487c0fc relative=0x00000000000001bc
Event: 10.467 Thread 0x000001b249b243d0 Uncommon trap: reason=class_check action=maybe_recompile pc=0x000001b23487c0fc method=java.io.BufferedInputStream.read1([BII)I @ 39 c2
Event: 10.467 Thread 0x000001b249b243d0 DEOPT PACKING pc=0x000001b23487c0fc sp=0x00000028fd5f6810
Event: 10.467 Thread 0x000001b249b243d0 DEOPT UNPACKING pc=0x000001b2341569a3 sp=0x00000028fd5f67b8 mode 2
Event: 10.467 Thread 0x000001b249b243d0 Uncommon trap: trap_request=0xffffffde fr.pc=0x000001b23487c0fc relative=0x00000000000001bc
Event: 10.467 Thread 0x000001b249b243d0 Uncommon trap: reason=class_check action=maybe_recompile pc=0x000001b23487c0fc method=java.io.BufferedInputStream.read1([BII)I @ 39 c2
Event: 10.467 Thread 0x000001b249b243d0 DEOPT PACKING pc=0x000001b23487c0fc sp=0x00000028fd5f6810
Event: 10.467 Thread 0x000001b249b243d0 DEOPT UNPACKING pc=0x000001b2341569a3 sp=0x00000028fd5f67b8 mode 2
Event: 10.467 Thread 0x000001b249b243d0 Uncommon trap: trap_request=0xffffffde fr.pc=0x000001b23487c0fc relative=0x00000000000001bc
Event: 10.467 Thread 0x000001b249b243d0 Uncommon trap: reason=class_check action=maybe_recompile pc=0x000001b23487c0fc method=java.io.BufferedInputStream.read1([BII)I @ 39 c2
Event: 10.467 Thread 0x000001b249b243d0 DEOPT PACKING pc=0x000001b23487c0fc sp=0x00000028fd5f6810
Event: 10.467 Thread 0x000001b249b243d0 DEOPT UNPACKING pc=0x000001b2341569a3 sp=0x00000028fd5f67b8 mode 2
Event: 10.535 Thread 0x000001b249b243d0 Uncommon trap: trap_request=0xffffffde fr.pc=0x000001b234960284 relative=0x0000000000002764
Event: 10.535 Thread 0x000001b249b243d0 Uncommon trap: reason=class_check action=maybe_recompile pc=0x000001b234960284 method=java.util.jar.JarFile.getManifestFromReference()Ljava/util/jar/Manifest; @ 152 c2
Event: 10.535 Thread 0x000001b249b243d0 DEOPT PACKING pc=0x000001b234960284 sp=0x00000028fd5f5ff0
Event: 10.535 Thread 0x000001b249b243d0 DEOPT UNPACKING pc=0x000001b2341569a3 sp=0x00000028fd5f5f60 mode 2

Classes unloaded (0 events):
No events

Classes redefined (0 events):
No events

Internal exceptions (20 events):
Event: 9.169 Thread 0x000001b249b243d0 Exception <a 'java/lang/NoSuchMethodError'{0x00000000831ed968}: 'java.lang.Object java.lang.invoke.DirectMethodHandle$Holder.invokeSpecial(java.lang.Object, java.lang.Object, java.lang.Object, java.lang.Object, java.lang.Object, long)'> (0x00000000831ed968) 
thrown [s\src\hotspot\share\interpreter\linkResolver.cpp, line 771]
Event: 9.170 Thread 0x000001b249b243d0 Exception <a 'java/lang/NoSuchMethodError'{0x0000000083012438}: 'void java.lang.invoke.DirectMethodHandle$Holder.invokeStatic(java.lang.Object, java.lang.Object, java.lang.Object, int, java.lang.Object)'> (0x0000000083012438) 
thrown [s\src\hotspot\share\interpreter\linkResolver.cpp, line 771]
Event: 9.676 Thread 0x000001b249b243d0 Exception <a 'java/lang/NoSuchMethodError'{0x00000000839b55b0}: 'java.lang.Object java.lang.invoke.DirectMethodHandle$Holder.newInvokeSpecial(java.lang.Object, java.lang.Object, java.lang.Object, java.lang.Object, int, java.lang.Object)'> (0x00000000839b55b0) 
thrown [s\src\hotspot\share\interpreter\linkResolver.cpp, line 771]
Event: 9.676 Thread 0x000001b249b243d0 Exception <a 'java/lang/NoSuchMethodError'{0x00000000839ba908}: 'java.lang.Object java.lang.invoke.Invokers$Holder.linkToTargetMethod(java.lang.Object, java.lang.Object, java.lang.Object, int, java.lang.Object, java.lang.Object)'> (0x00000000839ba908) 
thrown [s\src\hotspot\share\interpreter\linkResolver.cpp, line 771]
Event: 10.022 Thread 0x000001b249b243d0 Exception <a 'java/lang/NoSuchMethodError'{0x000000008423cb70}: 'long java.lang.invoke.DirectMethodHandle$Holder.invokeVirtual(java.lang.Object, java.lang.Object)'> (0x000000008423cb70) 
thrown [s\src\hotspot\share\interpreter\linkResolver.cpp, line 771]
Event: 10.025 Thread 0x000001b249b22060 Exception <a 'java/lang/NoSuchMethodError'{0x0000000084293718}: static Lorg/gradle/internal/build/event/types/DefaultOperationFinishedProgressEvent;.<clinit>()V> (0x0000000084293718) 
thrown [s\src\hotspot\share\prims\jni.cpp, line 1127]
Event: 10.028 Thread 0x000001b249b22060 Exception <a 'java/lang/NoSuchMethodError'{0x00000000842bdff0}: static Lorg/gradle/internal/build/event/types/DefaultProjectConfigurationSuccessResult;.<clinit>()V> (0x00000000842bdff0) 
thrown [s\src\hotspot\share\prims\jni.cpp, line 1127]
Event: 10.029 Thread 0x000001b249b22060 Exception <a 'java/lang/NoSuchMethodError'{0x00000000842c29d0}: static Lorg/gradle/internal/build/event/types/AbstractProjectConfigurationResult;.<clinit>()V> (0x00000000842c29d0) 
thrown [s\src\hotspot\share\prims\jni.cpp, line 1127]
Event: 10.029 Thread 0x000001b249b22060 Exception <a 'java/lang/NoSuchMethodError'{0x00000000842c4118}: static Lorg/gradle/internal/build/event/types/AbstractOperationResult;.<clinit>()V> (0x00000000842c4118) 
thrown [s\src\hotspot\share\prims\jni.cpp, line 1127]
Event: 10.029 Thread 0x000001b249b22060 Exception <a 'java/lang/NoSuchMethodError'{0x00000000842c5568}: static Lorg/gradle/internal/build/event/types/AbstractResult;.<clinit>()V> (0x00000000842c5568) 
thrown [s\src\hotspot\share\prims\jni.cpp, line 1127]
Event: 10.031 Thread 0x000001b249b22060 Exception <a 'java/lang/NoSuchMethodError'{0x00000000842de490}: static Lorg/gradle/internal/build/event/types/DefaultPluginApplicationResult;.<clinit>()V> (0x00000000842de490) 
thrown [s\src\hotspot\share\prims\jni.cpp, line 1127]
Event: 10.032 Thread 0x000001b249b22060 Exception <a 'java/lang/NoSuchMethodError'{0x00000000842eae80}: static Lorg/gradle/internal/build/event/types/DefaultBinaryPluginIdentifier;.<clinit>()V> (0x00000000842eae80) 
thrown [s\src\hotspot\share\prims\jni.cpp, line 1127]
Event: 10.034 Thread 0x000001b249b22060 Exception <a 'java/lang/NoSuchMethodError'{0x000000008415cb50}: static Lorg/gradle/internal/build/event/types/DefaultScriptPluginIdentifier;.<clinit>()V> (0x000000008415cb50) 
thrown [s\src\hotspot\share\prims\jni.cpp, line 1127]
Event: 10.088 Thread 0x000001b249b243d0 Implicit null exception at 0x000001b23499df12 to 0x000001b23499e574
Event: 10.089 Thread 0x000001b249b243d0 Implicit null exception at 0x000001b2349a0594 to 0x000001b2349a0c08
Event: 10.144 Thread 0x000001b249b243d0 Exception <a 'java/lang/NoSuchMethodError'{0x0000000085a1c630}: 'void java.lang.invoke.Invokers$Holder.invoke_MT(java.lang.Object, java.lang.Object, java.lang.Object, java.lang.Object)'> (0x0000000085a1c630) 
thrown [s\src\hotspot\share\interpreter\linkResolver.cpp, line 771]
Event: 10.152 Thread 0x000001b249b243d0 Exception <a 'java/lang/NoSuchMethodError'{0x0000000085a9e048}: 'java.lang.Object java.lang.invoke.DirectMethodHandle$Holder.invokeSpecial(java.lang.Object, java.lang.Object, java.lang.Object, int, java.lang.Object, java.lang.Object)'> (0x0000000085a9e048) 
thrown [s\src\hotspot\share\interpreter\linkResolver.cpp, line 771]
Event: 10.333 Thread 0x000001b249b243d0 Exception <a 'java/lang/ClassNotFoundException'{0x0000000084213808}: sun/misc/SharedSecrets> (0x0000000084213808) 
thrown [s\src\hotspot\share\classfile\systemDictionary.cpp, line 256]
Event: 10.333 Thread 0x000001b249b243d0 Exception <a 'java/lang/ClassNotFoundException'{0x0000000084214de0}: org/gradle/api/internal/plugins/DefaultObjectConfigurationActionBeanInfo> (0x0000000084214de0) 
thrown [s\src\hotspot\share\classfile\systemDictionary.cpp, line 256]
Event: 10.334 Thread 0x000001b249b243d0 Exception <a 'java/lang/ClassNotFoundException'{0x000000008422b000}: org/gradle/api/internal/plugins/DefaultObjectConfigurationActionCustomizer> (0x000000008422b000) 
thrown [s\src\hotspot\share\classfile\systemDictionary.cpp, line 256]

VM Operations (20 events):
Event: 9.859 Executing VM operation: G1PauseCleanup
Event: 9.860 Executing VM operation: G1PauseCleanup done
Event: 9.974 Executing VM operation: G1CollectForAllocation
Event: 9.978 Executing VM operation: G1CollectForAllocation done
Event: 10.096 Executing VM operation: G1TryInitiateConcMark
Event: 10.098 Executing VM operation: G1TryInitiateConcMark done
Event: 10.122 Executing VM operation: G1PauseRemark
Event: 10.124 Executing VM operation: G1PauseRemark done
Event: 10.137 Executing VM operation: G1PauseCleanup
Event: 10.137 Executing VM operation: G1PauseCleanup done
Event: 10.403 Executing VM operation: G1CollectForAllocation
Event: 10.406 Executing VM operation: G1CollectForAllocation done
Event: 10.430 Executing VM operation: G1CollectForAllocation
Event: 10.432 Executing VM operation: G1CollectForAllocation done
Event: 10.536 Executing VM operation: G1CollectForAllocation
Event: 10.537 Executing VM operation: G1CollectForAllocation done
Event: 10.558 Executing VM operation: G1PauseRemark
Event: 10.561 Executing VM operation: G1PauseRemark done
Event: 10.572 Executing VM operation: G1PauseCleanup
Event: 10.573 Executing VM operation: G1PauseCleanup done

Events (20 events):
Event: 9.788 Thread 0x000001b24371f4c0 flushing nmethod 0x000001b22d547f90
Event: 9.788 Thread 0x000001b24371f4c0 flushing nmethod 0x000001b22d548e10
Event: 9.788 Thread 0x000001b24371f4c0 flushing nmethod 0x000001b22d549610
Event: 9.788 Thread 0x000001b24371f4c0 flushing nmethod 0x000001b22d557b90
Event: 9.788 Thread 0x000001b24371f4c0 flushing nmethod 0x000001b22d58ee10
Event: 9.788 Thread 0x000001b24371f4c0 flushing nmethod 0x000001b22d5d3290
Event: 9.789 Thread 0x000001b24371f4c0 flushing nmethod 0x000001b22d676810
Event: 9.789 Thread 0x000001b24371f4c0 flushing nmethod 0x000001b22d676f90
Event: 10.023 loading class java/util/stream/SortedOps$RefSortingSink
Event: 10.024 loading class java/util/stream/SortedOps$RefSortingSink done
Event: 10.033 loading class java/time/Ser
Event: 10.033 loading class java/time/Ser done
Event: 10.150 loading class java/lang/ProcessBuilder
Event: 10.150 loading class java/lang/ProcessBuilder done
Event: 10.269 Thread 0x000001b24a2c8c00 Thread exited: 0x000001b24a2c8c00
Event: 10.333 loading class sun/misc/SharedSecrets
Event: 10.333 loading class sun/misc/SharedSecrets done
Event: 10.335 loading class jdk/internal/reflect/UnsafeObjectFieldAccessorImpl
Event: 10.335 loading class jdk/internal/reflect/UnsafeObjectFieldAccessorImpl done
Event: 10.575 Thread 0x000001b248e02840 Thread exited: 0x000001b248e02840


Dynamic libraries:
0x00007ff7091a0000 - 0x00007ff7091aa000 	C:\Program Files\Android\Android Studio\jbr\bin\java.exe
0x00007fffe4890000 - 0x00007fffe4aa6000 	C:\WINDOWS\SYSTEM32\ntdll.dll
0x00007fffe4020000 - 0x00007fffe40e4000 	C:\WINDOWS\System32\KERNEL32.DLL
0x00007fffe1d10000 - 0x00007fffe20b7000 	C:\WINDOWS\System32\KERNELBASE.dll
0x00007fffe2470000 - 0x00007fffe2581000 	C:\WINDOWS\System32\ucrtbase.dll
0x00007fffdcee0000 - 0x00007fffdcefb000 	C:\Program Files\Android\Android Studio\jbr\bin\VCRUNTIME140.dll
0x00007fff9c2b0000 - 0x00007fff9c2c7000 	C:\Program Files\Android\Android Studio\jbr\bin\jli.dll
0x00007fffe33a0000 - 0x00007fffe354e000 	C:\WINDOWS\System32\USER32.dll
0x00007fffcb0d0000 - 0x00007fffcb363000 	C:\WINDOWS\WinSxS\amd64_microsoft.windows.common-controls_6595b64144ccf1df_6.0.22621.3235_none_270f74e173860f98\COMCTL32.dll
0x00007fffe2590000 - 0x00007fffe25b6000 	C:\WINDOWS\System32\win32u.dll
0x00007fffe41f0000 - 0x00007fffe4219000 	C:\WINDOWS\System32\GDI32.dll
0x00007fffe2b60000 - 0x00007fffe2c07000 	C:\WINDOWS\System32\msvcrt.dll
0x00007fffe2350000 - 0x00007fffe2469000 	C:\WINDOWS\System32\gdi32full.dll
0x00007fffe2230000 - 0x00007fffe22ca000 	C:\WINDOWS\System32\msvcp_win.dll
0x00007fffe2720000 - 0x00007fffe2751000 	C:\WINDOWS\System32\IMM32.DLL
0x00007fffde280000 - 0x00007fffde28c000 	C:\Program Files\Android\Android Studio\jbr\bin\vcruntime140_1.dll
0x00007fffa9730000 - 0x00007fffa97bd000 	C:\Program Files\Android\Android Studio\jbr\bin\msvcp140.dll
0x00007fff5adc0000 - 0x00007fff5ba43000 	C:\Program Files\Android\Android Studio\jbr\bin\server\jvm.dll
0x00007fffe2aa0000 - 0x00007fffe2b52000 	C:\WINDOWS\System32\ADVAPI32.dll
0x00007fffe29d0000 - 0x00007fffe2a78000 	C:\WINDOWS\System32\sechost.dll
0x00007fffe1c70000 - 0x00007fffe1c98000 	C:\WINDOWS\System32\bcrypt.dll
0x00007fffe2c30000 - 0x00007fffe2d45000 	C:\WINDOWS\System32\RPCRT4.dll
0x00007fffd9a50000 - 0x00007fffd9a84000 	C:\WINDOWS\SYSTEM32\WINMM.dll
0x00007fffe18d0000 - 0x00007fffe191d000 	C:\WINDOWS\SYSTEM32\POWRPROF.dll
0x00007fffc02d0000 - 0x00007fffc02d9000 	C:\WINDOWS\SYSTEM32\WSOCK32.dll
0x00007fffe47d0000 - 0x00007fffe4841000 	C:\WINDOWS\System32\WS2_32.dll
0x00007fffd89f0000 - 0x00007fffd89fa000 	C:\WINDOWS\SYSTEM32\VERSION.dll
0x00007fffe18b0000 - 0x00007fffe18c3000 	C:\WINDOWS\SYSTEM32\UMPDC.dll
0x00007fffe0bd0000 - 0x00007fffe0be8000 	C:\WINDOWS\SYSTEM32\kernel.appcore.dll
0x00007fffde290000 - 0x00007fffde29a000 	C:\Program Files\Android\Android Studio\jbr\bin\jimage.dll
0x00007fffdf2f0000 - 0x00007fffdf523000 	C:\WINDOWS\SYSTEM32\DBGHELP.DLL
0x00007fffe4440000 - 0x00007fffe47c8000 	C:\WINDOWS\System32\combase.dll
0x00007fffe3e40000 - 0x00007fffe3f17000 	C:\WINDOWS\System32\OLEAUT32.dll
0x00007fffcc590000 - 0x00007fffcc5c2000 	C:\WINDOWS\SYSTEM32\dbgcore.DLL
0x00007fffe22d0000 - 0x00007fffe2349000 	C:\WINDOWS\System32\bcryptPrimitives.dll
0x00007fffb1780000 - 0x00007fffb178e000 	C:\Program Files\Android\Android Studio\jbr\bin\instrument.dll
0x00007fff9aed0000 - 0x00007fff9aef5000 	C:\Program Files\Android\Android Studio\jbr\bin\java.dll
0x00007fffaccb0000 - 0x00007fffaccc8000 	C:\Program Files\Android\Android Studio\jbr\bin\zip.dll
0x00007fffe3550000 - 0x00007fffe3dac000 	C:\WINDOWS\System32\SHELL32.dll
0x00007fffdfac0000 - 0x00007fffe03b9000 	C:\WINDOWS\SYSTEM32\windows.storage.dll
0x00007fffdf980000 - 0x00007fffdfabe000 	C:\WINDOWS\SYSTEM32\wintypes.dll
0x00007fffe40f0000 - 0x00007fffe41e3000 	C:\WINDOWS\System32\SHCORE.dll
0x00007fffe2e40000 - 0x00007fffe2e9e000 	C:\WINDOWS\System32\shlwapi.dll
0x00007fffe1ae0000 - 0x00007fffe1b01000 	C:\WINDOWS\SYSTEM32\profapi.dll
0x00007fffa55d0000 - 0x00007fffa55e9000 	C:\Program Files\Android\Android Studio\jbr\bin\net.dll
0x00007fffdb830000 - 0x00007fffdb966000 	C:\WINDOWS\SYSTEM32\WINHTTP.dll
0x00007fffe1060000 - 0x00007fffe10c9000 	C:\WINDOWS\system32\mswsock.dll
0x00007fff9c910000 - 0x00007fff9c926000 	C:\Program Files\Android\Android Studio\jbr\bin\nio.dll
0x00007fffb1f00000 - 0x00007fffb1f10000 	C:\Program Files\Android\Android Studio\jbr\bin\verify.dll
0x00007fffcd110000 - 0x00007fffcd137000 	C:\Users\LENOVO\.gradle\native\c067742578af261105cb4f569cf0c3c89f3d7b1fecec35dd04571415982c5e48\windows-amd64\native-platform.dll
0x00007fff66a70000 - 0x00007fff66bb4000 	C:\Users\LENOVO\.gradle\native\38dada09dfb8b06ba9b0570ebf7e218e3eb74d4ef43ca46872605cf95ebc2f47\windows-amd64\native-platform-file-events.dll
0x00007fffb3670000 - 0x00007fffb3679000 	C:\Program Files\Android\Android Studio\jbr\bin\management.dll
0x00007fffb2980000 - 0x00007fffb298b000 	C:\Program Files\Android\Android Studio\jbr\bin\management_ext.dll
0x00007fffe2e10000 - 0x00007fffe2e18000 	C:\WINDOWS\System32\PSAPI.DLL
0x00007fffe12c0000 - 0x00007fffe12db000 	C:\WINDOWS\SYSTEM32\CRYPTSP.dll
0x00007fffe0b20000 - 0x00007fffe0b55000 	C:\WINDOWS\system32\rsaenh.dll
0x00007fffe1160000 - 0x00007fffe1188000 	C:\WINDOWS\SYSTEM32\USERENV.dll
0x00007fffe12e0000 - 0x00007fffe12ec000 	C:\WINDOWS\SYSTEM32\CRYPTBASE.dll
0x00007fffe0660000 - 0x00007fffe068d000 	C:\WINDOWS\SYSTEM32\IPHLPAPI.DLL
0x00007fffe2e30000 - 0x00007fffe2e39000 	C:\WINDOWS\System32\NSI.dll
0x00007fffdbf00000 - 0x00007fffdbf19000 	C:\WINDOWS\SYSTEM32\dhcpcsvc6.DLL
0x00007fffdb7d0000 - 0x00007fffdb7ef000 	C:\WINDOWS\SYSTEM32\dhcpcsvc.DLL
0x00007fffe0690000 - 0x00007fffe0789000 	C:\WINDOWS\SYSTEM32\DNSAPI.dll
0x00007fffb3ad0000 - 0x00007fffb3ad9000 	C:\Program Files\Android\Android Studio\jbr\bin\extnet.dll
0x00007fffdce40000 - 0x00007fffdce48000 	C:\WINDOWS\system32\wshunix.dll

dbghelp: loaded successfully - version: 4.0.5 - missing functions: none
symbol engine: initialized successfully - sym options: 0x614 - pdb path: .;C:\Program Files\Android\Android Studio\jbr\bin;C:\WINDOWS\SYSTEM32;C:\WINDOWS\WinSxS\amd64_microsoft.windows.common-controls_6595b64144ccf1df_6.0.22621.3235_none_270f74e173860f98;C:\Program Files\Android\Android Studio\jbr\bin\server;C:\Users\LENOVO\.gradle\native\c067742578af261105cb4f569cf0c3c89f3d7b1fecec35dd04571415982c5e48\windows-amd64;C:\Users\LENOVO\.gradle\native\38dada09dfb8b06ba9b0570ebf7e218e3eb74d4ef43ca46872605cf95ebc2f47\windows-amd64

VM Arguments:
jvm_args: --add-opens=java.base/java.util=ALL-UNNAMED --add-opens=java.base/java.lang=ALL-UNNAMED --add-opens=java.base/java.lang.invoke=ALL-UNNAMED --add-opens=java.prefs/java.util.prefs=ALL-UNNAMED --add-opens=java.base/java.nio.charset=ALL-UNNAMED --add-opens=java.base/java.net=ALL-UNNAMED --add-opens=java.base/java.util.concurrent.atomic=ALL-UNNAMED -Xmx2048m -Dfile.encoding=UTF-8 -Duser.country=US -Duser.language=en -Duser.variant -javaagent:C:\Users\LENOVO\.gradle\wrapper\dists\gradle-8.7-bin\bhs2wmbdwecv87pi65oeuq5iu\gradle-8.7\lib\agents\gradle-instrumentation-agent-8.7.jar 
java_command: org.gradle.launcher.daemon.bootstrap.GradleDaemon 8.7
java_class_path (initial): C:\Users\LENOVO\.gradle\wrapper\dists\gradle-8.7-bin\bhs2wmbdwecv87pi65oeuq5iu\gradle-8.7\lib\gradle-launcher-8.7.jar
Launcher Type: SUN_STANDARD

[Global flags]
     intx CICompilerCount                          = 4                                         {product} {ergonomic}
     uint ConcGCThreads                            = 2                                         {product} {ergonomic}
     uint G1ConcRefinementThreads                  = 8                                         {product} {ergonomic}
   size_t G1HeapRegionSize                         = 1048576                                   {product} {ergonomic}
    uintx GCDrainStackTargetSize                   = 64                                        {product} {ergonomic}
   size_t InitialHeapSize                          = 98566144                                  {product} {ergonomic}
   size_t MarkStackSize                            = 4194304                                   {product} {ergonomic}
   size_t MaxHeapSize                              = 2147483648                                {product} {command line}
   size_t MaxNewSize                               = 1287651328                                {product} {ergonomic}
   size_t MinHeapDeltaBytes                        = 1048576                                   {product} {ergonomic}
   size_t MinHeapSize                              = 8388608                                   {product} {ergonomic}
    uintx NonNMethodCodeHeapSize                   = 5839372                                {pd product} {ergonomic}
    uintx NonProfiledCodeHeapSize                  = 122909434                              {pd product} {ergonomic}
    uintx ProfiledCodeHeapSize                     = 122909434                              {pd product} {ergonomic}
    uintx ReservedCodeCacheSize                    = 251658240                              {pd product} {ergonomic}
     bool SegmentedCodeCache                       = true                                      {product} {ergonomic}
   size_t SoftMaxHeapSize                          = 2147483648                             {manageable} {ergonomic}
     bool UseCompressedClassPointers               = true                           {product lp64_product} {ergonomic}
     bool UseCompressedOops                        = true                           {product lp64_product} {ergonomic}
     bool UseG1GC                                  = true                                      {product} {ergonomic}
     bool UseLargePagesIndividualAllocation        = false                                  {pd product} {ergonomic}

Logging:
Log output configuration:
 #0: stdout all=warning uptime,level,tags
 #1: stderr all=off uptime,level,tags

Environment Variables:
PATH=C:\Program Files\Common Files\Oracle\Java\javapath;C:\Program Files (x86)\Common Files\Oracle\Java\javapath;C:\WINDOWS\system32;C:\WINDOWS;C:\WINDOWS\System32\Wbem;C:\WINDOWS\System32\WindowsPowerShell\v1.0\;C:\WINDOWS\System32\OpenSSH\;C:\xampp\php;C:\ProgramData\ComposerSetup\bin;C:\Program Files\Git\cmd;C:\Program Files\nodejs\;C:\Program Files\dotnet\;C:\Microsoft VS Code\bin;C:\Users\LENOVO\AppData\Local\Microsoft\WindowsApps;C:\Microsoft VS Code\bin;C:\Users\LENOVO\AppData\Local\GitHubDesktop\bin;C:\Users\LENOVO\AppData\Roaming\Composer\vendor\bin;C:\Users\LENOVO\AppData\Roaming\npm;C:\Users\LENOVO\Downloads\Microsoft VS Code\bin
USERNAME=LENOVO
OS=Windows_NT
PROCESSOR_IDENTIFIER=AMD64 Family 23 Model 104 Stepping 1, AuthenticAMD
TMP=C:\Users\LENOVO\AppData\Local\Temp
TEMP=C:\Users\LENOVO\AppData\Local\Temp



Periodic native trim disabled

JNI global refs:
JNI global refs: 26, weak refs: 0

JNI global refs memory usage: 843, weak refs: 841

Process memory usage:
Resident Set Size: 249480K (4% of 6150136K total physical memory with 541116K free physical memory)

OOME stack traces (most recent first):
Classloader memory used:
Loader org.gradle.internal.classloader.VisitableURLClassLoader                         : 3484K
Loader bootstrap                                                                       : 2454K
Loader org.gradle.initialization.MixInLegacyTypesClassLoader                           : 1098K
Loader org.gradle.internal.classloader.VisitableURLClassLoader$InstrumentingVisitableURLClassLoader: 168K
Loader jdk.internal.loader.ClassLoaders$PlatformClassLoader                            : 65608B
Loader jdk.internal.loader.ClassLoaders$AppClassLoader                                 : 28714B
Loader jdk.internal.reflect.DelegatingClassLoader                                      : 22113B
Loader org.gradle.internal.classloader.VisitableURLClassLoader                         : 16818B

Classes loaded by more than one classloader:
Class Program                                                                         : loaded 4 times (x 72B)
Class com.google.common.collect.SingletonImmutableList                                : loaded 2 times (x 167B)
Class org.gradle.internal.classpath.ClassPath                                         : loaded 2 times (x 68B)
Class org.gradle.api.internal.classpath.DefaultModuleRegistry                         : loaded 2 times (x 84B)
Class Settings_gradle$1$1                                                             : loaded 2 times (x 72B)
Class com.google.common.collect.ListMultimap                                          : loaded 2 times (x 68B)
Class com.google.common.base.CharMatcher$JavaDigit                                    : loaded 2 times (x 109B)
Class com.google.common.base.CharMatcher$Digit                                        : loaded 2 times (x 110B)
Class org.gradle.api.Action                                                           : loaded 2 times (x 68B)
Class com.google.common.collect.Lists$StringAsImmutableList                           : loaded 2 times (x 167B)
Class com.google.common.base.CharMatcher                                              : loaded 2 times (x 109B)
Class com.google.common.base.CharMatcher$IsNot                                        : loaded 2 times (x 109B)
Class com.google.common.base.Splitter                                                 : loaded 2 times (x 70B)
Class org.gradle.api.internal.DefaultClassPathProvider                                : loaded 2 times (x 74B)
Class org.gradle.internal.installation.GradleInstallation$1                           : loaded 2 times (x 73B)
Class com.google.common.base.CharMatcher$BitSetMatcher                                : loaded 2 times (x 110B)
Class com.google.common.collect.ImmutableMap                                          : loaded 2 times (x 118B)
Class com.google.common.base.Predicate                                                : loaded 2 times (x 68B)
Class org.gradle.internal.classloader.FilteringClassLoader                            : loaded 2 times (x 103B)
Class org.gradle.internal.classpath.DefaultClassPath$ImmutableUniqueList$Builder      : loaded 2 times (x 73B)
Class com.google.common.collect.Maps$8                                                : loaded 2 times (x 80B)
Class com.google.common.base.CharMatcher$InRange                                      : loaded 2 times (x 109B)
Class com.google.common.collect.Lists                                                 : loaded 2 times (x 69B)
Class org.gradle.internal.classloader.ClassLoaderVisitor                              : loaded 2 times (x 74B)
Class org.gradle.internal.service.DefaultServiceLocator                               : loaded 2 times (x 81B)
Class org.gradle.internal.service.UnknownServiceException                             : loaded 2 times (x 81B)
Class org.gradle.internal.classloader.DefaultClassLoaderFactory                       : loaded 2 times (x 80B)
Class com.google.common.collect.UnmodifiableIterator                                  : loaded 2 times (x 78B)
Class com.google.common.base.CharMatcher$SingleWidth                                  : loaded 2 times (x 110B)
Class com.google.common.base.JdkPattern                                               : loaded 2 times (x 73B)
Class com.google.common.collect.Multimap                                              : loaded 2 times (x 68B)
Class org.gradle.internal.classloader.VisitableURLClassLoader$Spec                    : loaded 2 times (x 72B)
Class org.gradle.api.GradleException                                                  : loaded 2 times (x 80B)
Class com.google.common.base.CharMatcher$JavaLetterOrDigit                            : loaded 2 times (x 109B)
Class org.gradle.api.internal.classpath.ModuleRegistry                                : loaded 2 times (x 68B)
Class com.google.common.collect.ImmutableCollection                                   : loaded 2 times (x 123B)
Class org.gradle.api.internal.ClassPathProvider                                       : loaded 2 times (x 68B)
Class org.gradle.internal.classloader.ClasspathUtil$1                                 : loaded 2 times (x 74B)
Class com.google.common.collect.ImmutableList$ReverseImmutableList                    : loaded 2 times (x 168B)
Class org.gradle.internal.classloader.ClassLoaderFactory                              : loaded 2 times (x 68B)
Class com.google.common.collect.ObjectArrays                                          : loaded 2 times (x 69B)
Class com.google.common.collect.ImmutableList                                         : loaded 2 times (x 166B)
Class org.gradle.api.internal.classpath.ManifestUtil                                  : loaded 2 times (x 69B)
Class org.gradle.api.specs.Spec                                                       : loaded 2 times (x 68B)
Class com.google.common.base.CharMatcher$Whitespace                                   : loaded 2 times (x 110B)
Class com.google.common.base.Preconditions                                            : loaded 2 times (x 69B)
Class com.google.common.base.Function                                                 : loaded 2 times (x 68B)
Class org.gradle.internal.IoActions                                                   : loaded 2 times (x 69B)
Class com.google.common.collect.CollectPreconditions                                  : loaded 2 times (x 69B)
Class com.google.common.collect.Maps                                                  : loaded 2 times (x 69B)
Class com.google.common.collect.AbstractIndexedListIterator                           : loaded 2 times (x 94B)
Class com.google.common.base.CharMatcher$None                                         : loaded 2 times (x 110B)
Class org.gradle.api.internal.classpath.EffectiveClassPath                            : loaded 2 times (x 88B)
Class com.google.common.collect.UnmodifiableListIterator                              : loaded 2 times (x 93B)
Class com.google.common.collect.ImmutableList$1                                       : loaded 2 times (x 95B)
Class com.google.common.base.Splitter$Strategy                                        : loaded 2 times (x 68B)
Class org.gradle.internal.installation.CurrentGradleInstallation                      : loaded 2 times (x 71B)
Class org.gradle.internal.agents.InstrumentingClassLoader                             : loaded 2 times (x 68B)
Class org.gradle.internal.installation.CurrentGradleInstallationLocator               : loaded 2 times (x 69B)
Class org.gradle.api.internal.classpath.Module                                        : loaded 2 times (x 68B)
Class com.google.common.base.Splitter$1$1                                             : loaded 2 times (x 84B)
Class org.gradle.internal.service.CachingServiceLocator                               : loaded 2 times (x 80B)
Class org.gradle.internal.classpath.DefaultClassPath                                  : loaded 2 times (x 88B)
Class com.google.common.base.Splitter$SplittingIterator                               : loaded 2 times (x 82B)
Class Build_gradle$1                                                                  : loaded 2 times (x 76B)
Class com.google.common.base.CharMatcher$Is                                           : loaded 2 times (x 109B)
Class com.google.common.collect.RegularImmutableAsList                                : loaded 2 times (x 176B)
Class org.gradle.internal.classloader.SystemClassLoaderSpec                           : loaded 2 times (x 69B)
Class [Lcom.google.common.base.AbstractIterator$State;                                : loaded 2 times (x 67B)
Class com.google.common.base.AbstractIterator                                         : loaded 2 times (x 78B)
Class com.google.common.base.AbstractIterator$1                                       : loaded 2 times (x 69B)
Class com.google.common.base.CharMatcher$1                                            : loaded 2 times (x 111B)
Class com.google.common.base.CharMatcher$Ascii                                        : loaded 2 times (x 110B)
Class org.gradle.api.UncheckedIOException                                             : loaded 2 times (x 80B)
Class com.google.common.base.CharMatcher$And                                          : loaded 2 times (x 110B)
Class com.google.common.base.CharMatcher$Any                                          : loaded 2 times (x 110B)
Class org.gradle.internal.installation.GradleInstallation                             : loaded 2 times (x 73B)
Class com.google.common.base.CharMatcher$RangesMatcher                                : loaded 2 times (x 110B)
Class com.google.common.collect.ImmutableList$SubList                                 : loaded 2 times (x 168B)
Class org.gradle.internal.classloader.ClasspathUtil                                   : loaded 2 times (x 69B)
Class com.google.common.base.Splitter$1                                               : loaded 2 times (x 75B)
Class org.gradle.api.internal.DefaultClassPathRegistry                                : loaded 2 times (x 74B)
Class org.gradle.api.internal.classpath.DefaultModuleRegistry$DefaultModule           : loaded 2 times (x 84B)
Class com.google.common.base.CharMatcher$JavaIsoControl                               : loaded 2 times (x 110B)
Class com.google.common.base.CharMatcher$Or                                           : loaded 2 times (x 110B)
Class org.gradle.kotlin.dsl.VersionCatalogAccessorsKt                                 : loaded 2 times (x 69B)
Class com.google.common.base.CharMatcher$JavaLowerCase                                : loaded 2 times (x 109B)
Class org.gradle.api.internal.classpath.UnknownModuleException                        : loaded 2 times (x 80B)
Class com.google.common.base.CommonPattern                                            : loaded 2 times (x 72B)
Class org.gradle.internal.service.ServiceLookupException                              : loaded 2 times (x 80B)
Class org.gradle.cache.GlobalCache                                                    : loaded 2 times (x 68B)
Class com.google.common.base.CharMatcher$NegatedFastMatcher                           : loaded 2 times (x 111B)
Class [Lorg.gradle.api.internal.ClassPathProvider;                                    : loaded 2 times (x 67B)
Class org.gradle.util.internal.GUtil                                                  : loaded 2 times (x 69B)
Class org.gradle.internal.classloader.ClassLoaderSpec                                 : loaded 2 times (x 69B)
Class com.google.common.base.NullnessCasts                                            : loaded 2 times (x 69B)
Class com.google.common.base.CharMatcher$Negated                                      : loaded 2 times (x 111B)
Class com.google.common.base.CharMatcher$ForPredicate                                 : loaded 2 times (x 110B)
Class com.google.common.collect.SortedMapDifference                                   : loaded 2 times (x 68B)
Class org.gradle.internal.classloader.VisitableURLClassLoader                         : loaded 2 times (x 115B)
Class org.gradle.internal.Cast                                                        : loaded 2 times (x 69B)
Class Build_gradle                                                                    : loaded 2 times (x 70B)
Class org.gradle.api.internal.ClassPathRegistry                                       : loaded 2 times (x 68B)
Class org.gradle.internal.classloader.VisitableURLClassLoader$InstrumentingVisitableURLClassLoader: loaded 2 times (x 121B)
Class org.gradle.internal.classloader.ClassLoaderHierarchy                            : loaded 2 times (x 68B)
Class com.google.common.base.AbstractIterator$State                                   : loaded 2 times (x 77B)
Class com.google.common.base.CharMatcher$NamedFastMatcher                             : loaded 2 times (x 110B)
Class org.gradle.internal.InternalTransformer                                         : loaded 2 times (x 68B)
Class org.gradle.internal.service.ServiceLocator                                      : loaded 2 times (x 68B)
Class Settings_gradle$1                                                               : loaded 2 times (x 72B)
Class com.google.common.base.CharMatcher$Invisible                                    : loaded 2 times (x 110B)
Class com.google.common.base.CharMatcher$FastMatcher                                  : loaded 2 times (x 109B)
Class org.gradle.internal.classpath.DefaultClassPath$ImmutableUniqueList              : loaded 2 times (x 159B)
Class com.google.common.base.CharMatcher$JavaLetter                                   : loaded 2 times (x 109B)
Class org.gradle.internal.classpath.TransformedClassPath                              : loaded 2 times (x 94B)
Class com.google.common.collect.MapDifference                                         : loaded 2 times (x 68B)
Class Settings_gradle                                                                 : loaded 2 times (x 126B)
Class com.google.common.collect.ImmutableAsList                                       : loaded 2 times (x 169B)
Class com.google.common.base.CharMatcher$AnyOf                                        : loaded 2 times (x 110B)
Class com.google.common.base.CharMatcher$IsEither                                     : loaded 2 times (x 109B)
Class com.google.common.collect.RegularImmutableList                                  : loaded 2 times (x 172B)
Class com.google.common.base.CharMatcher$JavaUpperCase                                : loaded 2 times (x 109B)


---------------  S Y S T E M  ---------------

OS:
 Windows 11 , 64 bit Build 22621 (10.0.22621.3374)
OS uptime: 0 days 4:36 hours
Hyper-V role detected

CPU: total 8 (initial active 8) (8 cores per cpu, 2 threads per core) family 23 model 104 stepping 1 microcode 0x0, cx8, cmov, fxsr, ht, mmx, 3dnowpref, sse, sse2, sse3, ssse3, sse4a, sse4.1, sse4.2, popcnt, lzcnt, tsc, tscinvbit, avx, avx2, aes, clmul, bmi1, bmi2, adx, sha, fma, vzeroupper, clflush, clflushopt, hv
Processor Information for processor 0
  Max Mhz: 2600, Current Mhz: 2600, Mhz Limit: 2600
Processor Information for processor 1
  Max Mhz: 2600, Current Mhz: 2600, Mhz Limit: 2600
Processor Information for processor 2
  Max Mhz: 2600, Current Mhz: 2600, Mhz Limit: 2600
Processor Information for processor 3
  Max Mhz: 2600, Current Mhz: 2080, Mhz Limit: 2600
Processor Information for processor 4
  Max Mhz: 2600, Current Mhz: 2600, Mhz Limit: 2600
Processor Information for processor 5
  Max Mhz: 2600, Current Mhz: 2600, Mhz Limit: 2600
Processor Information for processor 6
  Max Mhz: 2600, Current Mhz: 2600, Mhz Limit: 2600
Processor Information for processor 7
  Max Mhz: 2600, Current Mhz: 2600, Mhz Limit: 2600

Memory: 4k page, system-wide physical 6005M (529M free)
TotalPageFile size 17331M (AvailPageFile size 4M)
current process WorkingSet (physical memory assigned to process): 245M, peak: 252M
current process commit charge ("private bytes"): 298M, peak: 299M

vm_info: OpenJDK 64-Bit Server VM (17.0.11+0--11852314) for windows-amd64 JRE (17.0.11+0--11852314), built on May 16 2024 21:29:20 by "androidbuild" with MS VC++ 16.10 / 16.11 (VS2019)

END.
